out/soong/.intermediates/system/apex/apexd/apex_aidl_interface-cpp-source/gen/android/apex/ApexInfo.cpp
out/soong/.intermediates/system/apex/apexd/apex_aidl_interface-cpp-source/gen/android/apex/ApexInfoList.cpp
out/soong/.intermediates/system/apex/apexd/apex_aidl_interface-cpp-source/gen/android/apex/ApexSessionInfo.cpp
out/soong/.intermediates/system/apex/apexd/apex_aidl_interface-cpp-source/gen/android/apex/ApexSessionParams.cpp
out/soong/.intermediates/system/apex/apexd/apex_aidl_interface-cpp-source/gen/android/apex/CompressedApexInfo.cpp
out/soong/.intermediates/system/apex/apexd/apex_aidl_interface-cpp-source/gen/android/apex/CompressedApexInfoList.cpp
out/soong/.intermediates/system/apex/apexd/apex_aidl_interface-cpp-source/gen/android/apex/IApexService.cpp
out/soong/.intermediates/system/apex/apexd/apex_aidl_interface-cpp-source/gen/include/android/apex/ApexInfo.h
out/soong/.intermediates/system/apex/apexd/apex_aidl_interface-cpp-source/gen/include/android/apex/ApexInfoList.h
out/soong/.intermediates/system/apex/apexd/apex_aidl_interface-cpp-source/gen/include/android/apex/ApexSessionInfo.h
out/soong/.intermediates/system/apex/apexd/apex_aidl_interface-cpp-source/gen/include/android/apex/ApexSessionParams.h
out/soong/.intermediates/system/apex/apexd/apex_aidl_interface-cpp-source/gen/include/android/apex/BnApexInfo.h
out/soong/.intermediates/system/apex/apexd/apex_aidl_interface-cpp-source/gen/include/android/apex/BnApexInfoList.h
out/soong/.intermediates/system/apex/apexd/apex_aidl_interface-cpp-source/gen/include/android/apex/BnApexService.h
out/soong/.intermediates/system/apex/apexd/apex_aidl_interface-cpp-source/gen/include/android/apex/BnApexSessionInfo.h
out/soong/.intermediates/system/apex/apexd/apex_aidl_interface-cpp-source/gen/include/android/apex/BnApexSessionParams.h
out/soong/.intermediates/system/apex/apexd/apex_aidl_interface-cpp-source/gen/include/android/apex/BnCompressedApexInfo.h
out/soong/.intermediates/system/apex/apexd/apex_aidl_interface-cpp-source/gen/include/android/apex/BnCompressedApexInfoList.h
out/soong/.intermediates/system/apex/apexd/apex_aidl_interface-cpp-source/gen/include/android/apex/BpApexInfo.h
out/soong/.intermediates/system/apex/apexd/apex_aidl_interface-cpp-source/gen/include/android/apex/BpApexInfoList.h
out/soong/.intermediates/system/apex/apexd/apex_aidl_interface-cpp-source/gen/include/android/apex/BpApexService.h
out/soong/.intermediates/system/apex/apexd/apex_aidl_interface-cpp-source/gen/include/android/apex/BpApexSessionInfo.h
out/soong/.intermediates/system/apex/apexd/apex_aidl_interface-cpp-source/gen/include/android/apex/BpApexSessionParams.h
out/soong/.intermediates/system/apex/apexd/apex_aidl_interface-cpp-source/gen/include/android/apex/BpCompressedApexInfo.h
out/soong/.intermediates/system/apex/apexd/apex_aidl_interface-cpp-source/gen/include/android/apex/BpCompressedApexInfoList.h
out/soong/.intermediates/system/apex/apexd/apex_aidl_interface-cpp-source/gen/include/android/apex/CompressedApexInfo.h
out/soong/.intermediates/system/apex/apexd/apex_aidl_interface-cpp-source/gen/include/android/apex/CompressedApexInfoList.h
out/soong/.intermediates/system/apex/apexd/apex_aidl_interface-cpp-source/gen/include/android/apex/IApexService.h