out/soong/ndk/platforms/android-21/arch-x86/usr/lib/libmediandk.so
out/soong/ndk/platforms/android-21/arch-x86_64/usr/lib64/libmediandk.so
out/soong/ndk/platforms/android-22/arch-x86/usr/lib/libmediandk.so
out/soong/ndk/platforms/android-22/arch-x86_64/usr/lib64/libmediandk.so
out/soong/ndk/platforms/android-23/arch-x86/usr/lib/libmediandk.so
out/soong/ndk/platforms/android-23/arch-x86_64/usr/lib64/libmediandk.so
out/soong/ndk/platforms/android-24/arch-x86/usr/lib/libmediandk.so
out/soong/ndk/platforms/android-24/arch-x86_64/usr/lib64/libmediandk.so
out/soong/ndk/platforms/android-25/arch-x86/usr/lib/libmediandk.so
out/soong/ndk/platforms/android-25/arch-x86_64/usr/lib64/libmediandk.so
out/soong/ndk/platforms/android-26/arch-x86/usr/lib/libmediandk.so
out/soong/ndk/platforms/android-26/arch-x86_64/usr/lib64/libmediandk.so
out/soong/ndk/platforms/android-27/arch-x86/usr/lib/libmediandk.so
out/soong/ndk/platforms/android-27/arch-x86_64/usr/lib64/libmediandk.so
out/soong/ndk/platforms/android-28/arch-x86/usr/lib/libmediandk.so
out/soong/ndk/platforms/android-28/arch-x86_64/usr/lib64/libmediandk.so
out/soong/ndk/platforms/android-29/arch-x86/usr/lib/libmediandk.so
out/soong/ndk/platforms/android-29/arch-x86_64/usr/lib64/libmediandk.so
out/soong/ndk/platforms/android-30/arch-x86/usr/lib/libmediandk.so
out/soong/ndk/platforms/android-30/arch-x86_64/usr/lib64/libmediandk.so
out/soong/ndk/platforms/android-31/arch-x86/usr/lib/libmediandk.so
out/soong/ndk/platforms/android-31/arch-x86_64/usr/lib64/libmediandk.so
out/soong/ndk/platforms/android-REL/arch-x86/usr/lib/libmediandk.so
out/soong/ndk/platforms/android-REL/arch-x86_64/usr/lib64/libmediandk.so
out/soong/ndk/platforms/android-current/arch-x86/usr/lib/libmediandk.so
out/soong/ndk/platforms/android-current/arch-x86_64/usr/lib64/libmediandk.so
