out/target/common/obj/APPS/Launcher3QuickStep_intermediates/flat-res/packages/apps/Launcher3/quickstep/res/drawable-v28_gesture_tutorial_action_button_background.xml.flat
out/target/common/obj/APPS/Launcher3QuickStep_intermediates/flat-res/packages/apps/Launcher3/quickstep/res/drawable_all_apps_edu_circle.xml.flat
out/target/common/obj/APPS/Launcher3QuickStep_intermediates/flat-res/packages/apps/Launcher3/quickstep/res/drawable_assistant_gesture.xml.flat
out/target/common/obj/APPS/Launcher3QuickStep_intermediates/flat-res/packages/apps/Launcher3/quickstep/res/drawable_back_gesture.xml.flat
out/target/common/obj/APPS/Launcher3QuickStep_intermediates/flat-res/packages/apps/Launcher3/quickstep/res/drawable_bg_circle.xml.flat
out/target/common/obj/APPS/Launcher3QuickStep_intermediates/flat-res/packages/apps/Launcher3/quickstep/res/drawable_bg_sandbox_close_button.xml.flat
out/target/common/obj/APPS/Launcher3QuickStep_intermediates/flat-res/packages/apps/Launcher3/quickstep/res/drawable_bg_sandbox_feedback.xml.flat
out/target/common/obj/APPS/Launcher3QuickStep_intermediates/flat-res/packages/apps/Launcher3/quickstep/res/drawable_bg_wellbeing_toast.xml.flat
out/target/common/obj/APPS/Launcher3QuickStep_intermediates/flat-res/packages/apps/Launcher3/quickstep/res/drawable_bg_workspace_card_button.xml.flat
out/target/common/obj/APPS/Launcher3QuickStep_intermediates/flat-res/packages/apps/Launcher3/quickstep/res/drawable_chip_hint_background_light.xml.flat
out/target/common/obj/APPS/Launcher3QuickStep_intermediates/flat-res/packages/apps/Launcher3/quickstep/res/drawable_close_icon.xml.flat
out/target/common/obj/APPS/Launcher3QuickStep_intermediates/flat-res/packages/apps/Launcher3/quickstep/res/drawable_default_sandbox_app_icon.xml.flat
out/target/common/obj/APPS/Launcher3QuickStep_intermediates/flat-res/packages/apps/Launcher3/quickstep/res/drawable_default_sandbox_app_previous_task_thumbnail.xml.flat
out/target/common/obj/APPS/Launcher3QuickStep_intermediates/flat-res/packages/apps/Launcher3/quickstep/res/drawable_default_sandbox_app_task_thumbnail.xml.flat
out/target/common/obj/APPS/Launcher3QuickStep_intermediates/flat-res/packages/apps/Launcher3/quickstep/res/drawable_default_sandbox_mock_launcher.xml.flat
out/target/common/obj/APPS/Launcher3QuickStep_intermediates/flat-res/packages/apps/Launcher3/quickstep/res/drawable_default_sandbox_wallpaper.xml.flat
out/target/common/obj/APPS/Launcher3QuickStep_intermediates/flat-res/packages/apps/Launcher3/quickstep/res/drawable_gesture_tutorial_action_button_background.xml.flat
out/target/common/obj/APPS/Launcher3QuickStep_intermediates/flat-res/packages/apps/Launcher3/quickstep/res/drawable_gesture_tutorial_cancel_button_background.xml.flat
out/target/common/obj/APPS/Launcher3QuickStep_intermediates/flat-res/packages/apps/Launcher3/quickstep/res/drawable_gesture_tutorial_close_button.xml.flat
out/target/common/obj/APPS/Launcher3QuickStep_intermediates/flat-res/packages/apps/Launcher3/quickstep/res/drawable_gesture_tutorial_loop_back.xml.flat
out/target/common/obj/APPS/Launcher3QuickStep_intermediates/flat-res/packages/apps/Launcher3/quickstep/res/drawable_gesture_tutorial_loop_home.xml.flat
out/target/common/obj/APPS/Launcher3QuickStep_intermediates/flat-res/packages/apps/Launcher3/quickstep/res/drawable_gesture_tutorial_loop_overview.xml.flat
out/target/common/obj/APPS/Launcher3QuickStep_intermediates/flat-res/packages/apps/Launcher3/quickstep/res/drawable_gesture_tutorial_motion_back.xml.flat
out/target/common/obj/APPS/Launcher3QuickStep_intermediates/flat-res/packages/apps/Launcher3/quickstep/res/drawable_gesture_tutorial_motion_home_dark_mode.xml.flat
out/target/common/obj/APPS/Launcher3QuickStep_intermediates/flat-res/packages/apps/Launcher3/quickstep/res/drawable_gesture_tutorial_motion_home_light_mode.xml.flat
out/target/common/obj/APPS/Launcher3QuickStep_intermediates/flat-res/packages/apps/Launcher3/quickstep/res/drawable_gesture_tutorial_motion_overview_dark_mode.xml.flat
out/target/common/obj/APPS/Launcher3QuickStep_intermediates/flat-res/packages/apps/Launcher3/quickstep/res/drawable_home_gesture.xml.flat
out/target/common/obj/APPS/Launcher3QuickStep_intermediates/flat-res/packages/apps/Launcher3/quickstep/res/drawable_hotseat_edu_notification_icon.xml.flat
out/target/common/obj/APPS/Launcher3QuickStep_intermediates/flat-res/packages/apps/Launcher3/quickstep/res/drawable_ic_all_set.xml.flat
out/target/common/obj/APPS/Launcher3QuickStep_intermediates/flat-res/packages/apps/Launcher3/quickstep/res/drawable_ic_empty_recents.xml.flat
out/target/common/obj/APPS/Launcher3QuickStep_intermediates/flat-res/packages/apps/Launcher3/quickstep/res/drawable_ic_hourglass_top.xml.flat
out/target/common/obj/APPS/Launcher3QuickStep_intermediates/flat-res/packages/apps/Launcher3/quickstep/res/drawable_ic_ime_switcher.xml.flat
out/target/common/obj/APPS/Launcher3QuickStep_intermediates/flat-res/packages/apps/Launcher3/quickstep/res/drawable_ic_screenshot.xml.flat
out/target/common/obj/APPS/Launcher3QuickStep_intermediates/flat-res/packages/apps/Launcher3/quickstep/res/drawable_ic_share.xml.flat
out/target/common/obj/APPS/Launcher3QuickStep_intermediates/flat-res/packages/apps/Launcher3/quickstep/res/drawable_ic_sysbar_back.xml.flat
out/target/common/obj/APPS/Launcher3QuickStep_intermediates/flat-res/packages/apps/Launcher3/quickstep/res/drawable_ic_sysbar_home.xml.flat
out/target/common/obj/APPS/Launcher3QuickStep_intermediates/flat-res/packages/apps/Launcher3/quickstep/res/drawable_ic_sysbar_recent.xml.flat
out/target/common/obj/APPS/Launcher3QuickStep_intermediates/flat-res/packages/apps/Launcher3/quickstep/res/drawable_mock_conversation.xml.flat
out/target/common/obj/APPS/Launcher3QuickStep_intermediates/flat-res/packages/apps/Launcher3/quickstep/res/drawable_mock_conversations_list.xml.flat
out/target/common/obj/APPS/Launcher3QuickStep_intermediates/flat-res/packages/apps/Launcher3/quickstep/res/drawable_mock_webpage_dark_mode.xml.flat
out/target/common/obj/APPS/Launcher3QuickStep_intermediates/flat-res/packages/apps/Launcher3/quickstep/res/drawable_mock_webpage_light_mode.xml.flat
out/target/common/obj/APPS/Launcher3QuickStep_intermediates/flat-res/packages/apps/Launcher3/quickstep/res/drawable_overview_gesture.xml.flat
out/target/common/obj/APPS/Launcher3QuickStep_intermediates/flat-res/packages/apps/Launcher3/quickstep/res/drawable_task_menu_bg.xml.flat
out/target/common/obj/APPS/Launcher3QuickStep_intermediates/flat-res/packages/apps/Launcher3/quickstep/res/drawable_task_menu_item_bg.xml.flat
out/target/common/obj/APPS/Launcher3QuickStep_intermediates/flat-res/packages/apps/Launcher3/quickstep/res/drawable_taskbar_icon_click_feedback_roundrect.xml.flat
out/target/common/obj/APPS/Launcher3QuickStep_intermediates/flat-res/packages/apps/Launcher3/quickstep/res/drawable_tutorial_step_indicator_pill.xml.flat
out/target/common/obj/APPS/Launcher3QuickStep_intermediates/flat-res/packages/apps/Launcher3/quickstep/res/interpolator_app_open_x.xml.flat
out/target/common/obj/APPS/Launcher3QuickStep_intermediates/flat-res/packages/apps/Launcher3/quickstep/res/interpolator_three_point_fast_out_extra_slow_in.xml.flat
out/target/common/obj/APPS/Launcher3QuickStep_intermediates/flat-res/packages/apps/Launcher3/quickstep/res/layout_activity_allset.xml.flat
out/target/common/obj/APPS/Launcher3QuickStep_intermediates/flat-res/packages/apps/Launcher3/quickstep/res/layout_all_apps_edu_view.xml.flat
out/target/common/obj/APPS/Launcher3QuickStep_intermediates/flat-res/packages/apps/Launcher3/quickstep/res/layout_digital_wellbeing_toast.xml.flat
out/target/common/obj/APPS/Launcher3QuickStep_intermediates/flat-res/packages/apps/Launcher3/quickstep/res/layout_fallback_recents_activity.xml.flat
out/target/common/obj/APPS/Launcher3QuickStep_intermediates/flat-res/packages/apps/Launcher3/quickstep/res/layout_floating_header_content.xml.flat
out/target/common/obj/APPS/Launcher3QuickStep_intermediates/flat-res/packages/apps/Launcher3/quickstep/res/layout_gesture_tutorial_activity.xml.flat
out/target/common/obj/APPS/Launcher3QuickStep_intermediates/flat-res/packages/apps/Launcher3/quickstep/res/layout_gesture_tutorial_dialog.xml.flat
out/target/common/obj/APPS/Launcher3QuickStep_intermediates/flat-res/packages/apps/Launcher3/quickstep/res/layout_gesture_tutorial_fragment.xml.flat
out/target/common/obj/APPS/Launcher3QuickStep_intermediates/flat-res/packages/apps/Launcher3/quickstep/res/layout_overview_actions_container.xml.flat
out/target/common/obj/APPS/Launcher3QuickStep_intermediates/flat-res/packages/apps/Launcher3/quickstep/res/layout_overview_clear_all_button.xml.flat
out/target/common/obj/APPS/Launcher3QuickStep_intermediates/flat-res/packages/apps/Launcher3/quickstep/res/layout_overview_panel.xml.flat
out/target/common/obj/APPS/Launcher3QuickStep_intermediates/flat-res/packages/apps/Launcher3/quickstep/res/layout_predicted_app_icon.xml.flat
out/target/common/obj/APPS/Launcher3QuickStep_intermediates/flat-res/packages/apps/Launcher3/quickstep/res/layout_predicted_hotseat_edu.xml.flat
out/target/common/obj/APPS/Launcher3QuickStep_intermediates/flat-res/packages/apps/Launcher3/quickstep/res/layout_task.xml.flat
out/target/common/obj/APPS/Launcher3QuickStep_intermediates/flat-res/packages/apps/Launcher3/quickstep/res/layout_task_menu.xml.flat
out/target/common/obj/APPS/Launcher3QuickStep_intermediates/flat-res/packages/apps/Launcher3/quickstep/res/layout_task_view_menu_option.xml.flat
out/target/common/obj/APPS/Launcher3QuickStep_intermediates/flat-res/packages/apps/Launcher3/quickstep/res/layout_taskbar.xml.flat
out/target/common/obj/APPS/Launcher3QuickStep_intermediates/flat-res/packages/apps/Launcher3/quickstep/res/layout_taskbar_app_icon.xml.flat
out/target/common/obj/APPS/Launcher3QuickStep_intermediates/flat-res/packages/apps/Launcher3/quickstep/res/layout_taskbar_predicted_app_icon.xml.flat
out/target/common/obj/APPS/Launcher3QuickStep_intermediates/flat-res/packages/apps/Launcher3/quickstep/res/values-af_strings.arsc.flat
out/target/common/obj/APPS/Launcher3QuickStep_intermediates/flat-res/packages/apps/Launcher3/quickstep/res/values-am_strings.arsc.flat
out/target/common/obj/APPS/Launcher3QuickStep_intermediates/flat-res/packages/apps/Launcher3/quickstep/res/values-ar_strings.arsc.flat
out/target/common/obj/APPS/Launcher3QuickStep_intermediates/flat-res/packages/apps/Launcher3/quickstep/res/values-as_strings.arsc.flat
out/target/common/obj/APPS/Launcher3QuickStep_intermediates/flat-res/packages/apps/Launcher3/quickstep/res/values-az_strings.arsc.flat
out/target/common/obj/APPS/Launcher3QuickStep_intermediates/flat-res/packages/apps/Launcher3/quickstep/res/values-b+sr+Latn_strings.arsc.flat
out/target/common/obj/APPS/Launcher3QuickStep_intermediates/flat-res/packages/apps/Launcher3/quickstep/res/values-be_strings.arsc.flat
out/target/common/obj/APPS/Launcher3QuickStep_intermediates/flat-res/packages/apps/Launcher3/quickstep/res/values-bg_strings.arsc.flat
out/target/common/obj/APPS/Launcher3QuickStep_intermediates/flat-res/packages/apps/Launcher3/quickstep/res/values-bn_strings.arsc.flat
out/target/common/obj/APPS/Launcher3QuickStep_intermediates/flat-res/packages/apps/Launcher3/quickstep/res/values-bs_strings.arsc.flat
out/target/common/obj/APPS/Launcher3QuickStep_intermediates/flat-res/packages/apps/Launcher3/quickstep/res/values-ca_strings.arsc.flat
out/target/common/obj/APPS/Launcher3QuickStep_intermediates/flat-res/packages/apps/Launcher3/quickstep/res/values-cs_strings.arsc.flat
out/target/common/obj/APPS/Launcher3QuickStep_intermediates/flat-res/packages/apps/Launcher3/quickstep/res/values-da_strings.arsc.flat
out/target/common/obj/APPS/Launcher3QuickStep_intermediates/flat-res/packages/apps/Launcher3/quickstep/res/values-de_strings.arsc.flat
out/target/common/obj/APPS/Launcher3QuickStep_intermediates/flat-res/packages/apps/Launcher3/quickstep/res/values-el_strings.arsc.flat
out/target/common/obj/APPS/Launcher3QuickStep_intermediates/flat-res/packages/apps/Launcher3/quickstep/res/values-en-rAU_strings.arsc.flat
out/target/common/obj/APPS/Launcher3QuickStep_intermediates/flat-res/packages/apps/Launcher3/quickstep/res/values-en-rCA_strings.arsc.flat
out/target/common/obj/APPS/Launcher3QuickStep_intermediates/flat-res/packages/apps/Launcher3/quickstep/res/values-en-rGB_strings.arsc.flat
out/target/common/obj/APPS/Launcher3QuickStep_intermediates/flat-res/packages/apps/Launcher3/quickstep/res/values-en-rIN_strings.arsc.flat
out/target/common/obj/APPS/Launcher3QuickStep_intermediates/flat-res/packages/apps/Launcher3/quickstep/res/values-en-rXC_strings.arsc.flat
out/target/common/obj/APPS/Launcher3QuickStep_intermediates/flat-res/packages/apps/Launcher3/quickstep/res/values-es-rUS_strings.arsc.flat
out/target/common/obj/APPS/Launcher3QuickStep_intermediates/flat-res/packages/apps/Launcher3/quickstep/res/values-es_strings.arsc.flat
out/target/common/obj/APPS/Launcher3QuickStep_intermediates/flat-res/packages/apps/Launcher3/quickstep/res/values-et_strings.arsc.flat
out/target/common/obj/APPS/Launcher3QuickStep_intermediates/flat-res/packages/apps/Launcher3/quickstep/res/values-eu_strings.arsc.flat
out/target/common/obj/APPS/Launcher3QuickStep_intermediates/flat-res/packages/apps/Launcher3/quickstep/res/values-fa_strings.arsc.flat
out/target/common/obj/APPS/Launcher3QuickStep_intermediates/flat-res/packages/apps/Launcher3/quickstep/res/values-fi_strings.arsc.flat
out/target/common/obj/APPS/Launcher3QuickStep_intermediates/flat-res/packages/apps/Launcher3/quickstep/res/values-fr-rCA_strings.arsc.flat
out/target/common/obj/APPS/Launcher3QuickStep_intermediates/flat-res/packages/apps/Launcher3/quickstep/res/values-fr_strings.arsc.flat
out/target/common/obj/APPS/Launcher3QuickStep_intermediates/flat-res/packages/apps/Launcher3/quickstep/res/values-gl_strings.arsc.flat
out/target/common/obj/APPS/Launcher3QuickStep_intermediates/flat-res/packages/apps/Launcher3/quickstep/res/values-gu_strings.arsc.flat
out/target/common/obj/APPS/Launcher3QuickStep_intermediates/flat-res/packages/apps/Launcher3/quickstep/res/values-hi_strings.arsc.flat
out/target/common/obj/APPS/Launcher3QuickStep_intermediates/flat-res/packages/apps/Launcher3/quickstep/res/values-hr_strings.arsc.flat
out/target/common/obj/APPS/Launcher3QuickStep_intermediates/flat-res/packages/apps/Launcher3/quickstep/res/values-hu_strings.arsc.flat
out/target/common/obj/APPS/Launcher3QuickStep_intermediates/flat-res/packages/apps/Launcher3/quickstep/res/values-hy_strings.arsc.flat
out/target/common/obj/APPS/Launcher3QuickStep_intermediates/flat-res/packages/apps/Launcher3/quickstep/res/values-in_strings.arsc.flat
out/target/common/obj/APPS/Launcher3QuickStep_intermediates/flat-res/packages/apps/Launcher3/quickstep/res/values-is_strings.arsc.flat
out/target/common/obj/APPS/Launcher3QuickStep_intermediates/flat-res/packages/apps/Launcher3/quickstep/res/values-it_strings.arsc.flat
out/target/common/obj/APPS/Launcher3QuickStep_intermediates/flat-res/packages/apps/Launcher3/quickstep/res/values-iw_strings.arsc.flat
out/target/common/obj/APPS/Launcher3QuickStep_intermediates/flat-res/packages/apps/Launcher3/quickstep/res/values-ja_strings.arsc.flat
out/target/common/obj/APPS/Launcher3QuickStep_intermediates/flat-res/packages/apps/Launcher3/quickstep/res/values-ka_strings.arsc.flat
out/target/common/obj/APPS/Launcher3QuickStep_intermediates/flat-res/packages/apps/Launcher3/quickstep/res/values-kk_strings.arsc.flat
out/target/common/obj/APPS/Launcher3QuickStep_intermediates/flat-res/packages/apps/Launcher3/quickstep/res/values-km_strings.arsc.flat
out/target/common/obj/APPS/Launcher3QuickStep_intermediates/flat-res/packages/apps/Launcher3/quickstep/res/values-kn_strings.arsc.flat
out/target/common/obj/APPS/Launcher3QuickStep_intermediates/flat-res/packages/apps/Launcher3/quickstep/res/values-ko_strings.arsc.flat
out/target/common/obj/APPS/Launcher3QuickStep_intermediates/flat-res/packages/apps/Launcher3/quickstep/res/values-ky_strings.arsc.flat
out/target/common/obj/APPS/Launcher3QuickStep_intermediates/flat-res/packages/apps/Launcher3/quickstep/res/values-land_dimens.arsc.flat
out/target/common/obj/APPS/Launcher3QuickStep_intermediates/flat-res/packages/apps/Launcher3/quickstep/res/values-lo_strings.arsc.flat
out/target/common/obj/APPS/Launcher3QuickStep_intermediates/flat-res/packages/apps/Launcher3/quickstep/res/values-lt_strings.arsc.flat
out/target/common/obj/APPS/Launcher3QuickStep_intermediates/flat-res/packages/apps/Launcher3/quickstep/res/values-lv_strings.arsc.flat
out/target/common/obj/APPS/Launcher3QuickStep_intermediates/flat-res/packages/apps/Launcher3/quickstep/res/values-mk_strings.arsc.flat
out/target/common/obj/APPS/Launcher3QuickStep_intermediates/flat-res/packages/apps/Launcher3/quickstep/res/values-ml_strings.arsc.flat
out/target/common/obj/APPS/Launcher3QuickStep_intermediates/flat-res/packages/apps/Launcher3/quickstep/res/values-mn_strings.arsc.flat
out/target/common/obj/APPS/Launcher3QuickStep_intermediates/flat-res/packages/apps/Launcher3/quickstep/res/values-mr_strings.arsc.flat
out/target/common/obj/APPS/Launcher3QuickStep_intermediates/flat-res/packages/apps/Launcher3/quickstep/res/values-ms_strings.arsc.flat
out/target/common/obj/APPS/Launcher3QuickStep_intermediates/flat-res/packages/apps/Launcher3/quickstep/res/values-my_strings.arsc.flat
out/target/common/obj/APPS/Launcher3QuickStep_intermediates/flat-res/packages/apps/Launcher3/quickstep/res/values-nb_strings.arsc.flat
out/target/common/obj/APPS/Launcher3QuickStep_intermediates/flat-res/packages/apps/Launcher3/quickstep/res/values-ne_strings.arsc.flat
out/target/common/obj/APPS/Launcher3QuickStep_intermediates/flat-res/packages/apps/Launcher3/quickstep/res/values-night_styles.arsc.flat
out/target/common/obj/APPS/Launcher3QuickStep_intermediates/flat-res/packages/apps/Launcher3/quickstep/res/values-nl_strings.arsc.flat
out/target/common/obj/APPS/Launcher3QuickStep_intermediates/flat-res/packages/apps/Launcher3/quickstep/res/values-or_strings.arsc.flat
out/target/common/obj/APPS/Launcher3QuickStep_intermediates/flat-res/packages/apps/Launcher3/quickstep/res/values-pa_strings.arsc.flat
out/target/common/obj/APPS/Launcher3QuickStep_intermediates/flat-res/packages/apps/Launcher3/quickstep/res/values-pl_strings.arsc.flat
out/target/common/obj/APPS/Launcher3QuickStep_intermediates/flat-res/packages/apps/Launcher3/quickstep/res/values-pt-rPT_strings.arsc.flat
out/target/common/obj/APPS/Launcher3QuickStep_intermediates/flat-res/packages/apps/Launcher3/quickstep/res/values-pt_strings.arsc.flat
out/target/common/obj/APPS/Launcher3QuickStep_intermediates/flat-res/packages/apps/Launcher3/quickstep/res/values-ro_strings.arsc.flat
out/target/common/obj/APPS/Launcher3QuickStep_intermediates/flat-res/packages/apps/Launcher3/quickstep/res/values-ru_strings.arsc.flat
out/target/common/obj/APPS/Launcher3QuickStep_intermediates/flat-res/packages/apps/Launcher3/quickstep/res/values-si_strings.arsc.flat
out/target/common/obj/APPS/Launcher3QuickStep_intermediates/flat-res/packages/apps/Launcher3/quickstep/res/values-sk_strings.arsc.flat
out/target/common/obj/APPS/Launcher3QuickStep_intermediates/flat-res/packages/apps/Launcher3/quickstep/res/values-sl_strings.arsc.flat
out/target/common/obj/APPS/Launcher3QuickStep_intermediates/flat-res/packages/apps/Launcher3/quickstep/res/values-sq_strings.arsc.flat
out/target/common/obj/APPS/Launcher3QuickStep_intermediates/flat-res/packages/apps/Launcher3/quickstep/res/values-sr_strings.arsc.flat
out/target/common/obj/APPS/Launcher3QuickStep_intermediates/flat-res/packages/apps/Launcher3/quickstep/res/values-sv_strings.arsc.flat
out/target/common/obj/APPS/Launcher3QuickStep_intermediates/flat-res/packages/apps/Launcher3/quickstep/res/values-sw_strings.arsc.flat
out/target/common/obj/APPS/Launcher3QuickStep_intermediates/flat-res/packages/apps/Launcher3/quickstep/res/values-ta_strings.arsc.flat
out/target/common/obj/APPS/Launcher3QuickStep_intermediates/flat-res/packages/apps/Launcher3/quickstep/res/values-te_strings.arsc.flat
out/target/common/obj/APPS/Launcher3QuickStep_intermediates/flat-res/packages/apps/Launcher3/quickstep/res/values-th_strings.arsc.flat
out/target/common/obj/APPS/Launcher3QuickStep_intermediates/flat-res/packages/apps/Launcher3/quickstep/res/values-tl_strings.arsc.flat
out/target/common/obj/APPS/Launcher3QuickStep_intermediates/flat-res/packages/apps/Launcher3/quickstep/res/values-tr_strings.arsc.flat
out/target/common/obj/APPS/Launcher3QuickStep_intermediates/flat-res/packages/apps/Launcher3/quickstep/res/values-uk_strings.arsc.flat
out/target/common/obj/APPS/Launcher3QuickStep_intermediates/flat-res/packages/apps/Launcher3/quickstep/res/values-ur_strings.arsc.flat
out/target/common/obj/APPS/Launcher3QuickStep_intermediates/flat-res/packages/apps/Launcher3/quickstep/res/values-uz_strings.arsc.flat
out/target/common/obj/APPS/Launcher3QuickStep_intermediates/flat-res/packages/apps/Launcher3/quickstep/res/values-vi_strings.arsc.flat
out/target/common/obj/APPS/Launcher3QuickStep_intermediates/flat-res/packages/apps/Launcher3/quickstep/res/values-zh-rCN_strings.arsc.flat
out/target/common/obj/APPS/Launcher3QuickStep_intermediates/flat-res/packages/apps/Launcher3/quickstep/res/values-zh-rHK_strings.arsc.flat
out/target/common/obj/APPS/Launcher3QuickStep_intermediates/flat-res/packages/apps/Launcher3/quickstep/res/values-zh-rTW_strings.arsc.flat
out/target/common/obj/APPS/Launcher3QuickStep_intermediates/flat-res/packages/apps/Launcher3/quickstep/res/values-zu_strings.arsc.flat
out/target/common/obj/APPS/Launcher3QuickStep_intermediates/flat-res/packages/apps/Launcher3/quickstep/res/values_attrs.arsc.flat
out/target/common/obj/APPS/Launcher3QuickStep_intermediates/flat-res/packages/apps/Launcher3/quickstep/res/values_colors.arsc.flat
out/target/common/obj/APPS/Launcher3QuickStep_intermediates/flat-res/packages/apps/Launcher3/quickstep/res/values_config.arsc.flat
out/target/common/obj/APPS/Launcher3QuickStep_intermediates/flat-res/packages/apps/Launcher3/quickstep/res/values_dimens.arsc.flat
out/target/common/obj/APPS/Launcher3QuickStep_intermediates/flat-res/packages/apps/Launcher3/quickstep/res/values_override.arsc.flat
out/target/common/obj/APPS/Launcher3QuickStep_intermediates/flat-res/packages/apps/Launcher3/quickstep/res/values_strings.arsc.flat
out/target/common/obj/APPS/Launcher3QuickStep_intermediates/flat-res/packages/apps/Launcher3/quickstep/res/values_styles.arsc.flat
out/target/common/obj/APPS/Launcher3QuickStep_intermediates/flat-res/packages/apps/Launcher3/quickstep/res/xml_indexable_launcher_prefs.xml.flat
out/target/common/obj/APPS/Launcher3QuickStep_intermediates/flat-res/packages/apps/Launcher3/quickstep/res/xml_overview_file_provider_paths.xml.flat
out/target/common/obj/APPS/Launcher3QuickStep_intermediates/manifest/AndroidManifest.xml
out/target/common/obj/JAVA_LIBRARIES/Launcher3QuickStepLib_intermediates/aapt2.srcjar
out/target/common/obj/JAVA_LIBRARIES/Launcher3QuickStepLib_intermediates/classes-combined.jar
out/target/common/obj/JAVA_LIBRARIES/Launcher3QuickStepLib_intermediates/flat-res/res/packages/apps/Launcher3/quickstep/res/drawable-v28_gesture_tutorial_action_button_background.xml.flat
out/target/common/obj/JAVA_LIBRARIES/Launcher3QuickStepLib_intermediates/flat-res/res/packages/apps/Launcher3/quickstep/res/drawable_all_apps_edu_circle.xml.flat
out/target/common/obj/JAVA_LIBRARIES/Launcher3QuickStepLib_intermediates/flat-res/res/packages/apps/Launcher3/quickstep/res/drawable_assistant_gesture.xml.flat
out/target/common/obj/JAVA_LIBRARIES/Launcher3QuickStepLib_intermediates/flat-res/res/packages/apps/Launcher3/quickstep/res/drawable_back_gesture.xml.flat
out/target/common/obj/JAVA_LIBRARIES/Launcher3QuickStepLib_intermediates/flat-res/res/packages/apps/Launcher3/quickstep/res/drawable_bg_circle.xml.flat
out/target/common/obj/JAVA_LIBRARIES/Launcher3QuickStepLib_intermediates/flat-res/res/packages/apps/Launcher3/quickstep/res/drawable_bg_sandbox_close_button.xml.flat
out/target/common/obj/JAVA_LIBRARIES/Launcher3QuickStepLib_intermediates/flat-res/res/packages/apps/Launcher3/quickstep/res/drawable_bg_sandbox_feedback.xml.flat
out/target/common/obj/JAVA_LIBRARIES/Launcher3QuickStepLib_intermediates/flat-res/res/packages/apps/Launcher3/quickstep/res/drawable_bg_wellbeing_toast.xml.flat
out/target/common/obj/JAVA_LIBRARIES/Launcher3QuickStepLib_intermediates/flat-res/res/packages/apps/Launcher3/quickstep/res/drawable_bg_workspace_card_button.xml.flat
out/target/common/obj/JAVA_LIBRARIES/Launcher3QuickStepLib_intermediates/flat-res/res/packages/apps/Launcher3/quickstep/res/drawable_chip_hint_background_light.xml.flat
out/target/common/obj/JAVA_LIBRARIES/Launcher3QuickStepLib_intermediates/flat-res/res/packages/apps/Launcher3/quickstep/res/drawable_close_icon.xml.flat
out/target/common/obj/JAVA_LIBRARIES/Launcher3QuickStepLib_intermediates/flat-res/res/packages/apps/Launcher3/quickstep/res/drawable_default_sandbox_app_icon.xml.flat
out/target/common/obj/JAVA_LIBRARIES/Launcher3QuickStepLib_intermediates/flat-res/res/packages/apps/Launcher3/quickstep/res/drawable_default_sandbox_app_previous_task_thumbnail.xml.flat
out/target/common/obj/JAVA_LIBRARIES/Launcher3QuickStepLib_intermediates/flat-res/res/packages/apps/Launcher3/quickstep/res/drawable_default_sandbox_app_task_thumbnail.xml.flat
out/target/common/obj/JAVA_LIBRARIES/Launcher3QuickStepLib_intermediates/flat-res/res/packages/apps/Launcher3/quickstep/res/drawable_default_sandbox_mock_launcher.xml.flat
out/target/common/obj/JAVA_LIBRARIES/Launcher3QuickStepLib_intermediates/flat-res/res/packages/apps/Launcher3/quickstep/res/drawable_default_sandbox_wallpaper.xml.flat
out/target/common/obj/JAVA_LIBRARIES/Launcher3QuickStepLib_intermediates/flat-res/res/packages/apps/Launcher3/quickstep/res/drawable_gesture_tutorial_action_button_background.xml.flat
out/target/common/obj/JAVA_LIBRARIES/Launcher3QuickStepLib_intermediates/flat-res/res/packages/apps/Launcher3/quickstep/res/drawable_gesture_tutorial_cancel_button_background.xml.flat
out/target/common/obj/JAVA_LIBRARIES/Launcher3QuickStepLib_intermediates/flat-res/res/packages/apps/Launcher3/quickstep/res/drawable_gesture_tutorial_close_button.xml.flat
out/target/common/obj/JAVA_LIBRARIES/Launcher3QuickStepLib_intermediates/flat-res/res/packages/apps/Launcher3/quickstep/res/drawable_gesture_tutorial_loop_back.xml.flat
out/target/common/obj/JAVA_LIBRARIES/Launcher3QuickStepLib_intermediates/flat-res/res/packages/apps/Launcher3/quickstep/res/drawable_gesture_tutorial_loop_home.xml.flat
out/target/common/obj/JAVA_LIBRARIES/Launcher3QuickStepLib_intermediates/flat-res/res/packages/apps/Launcher3/quickstep/res/drawable_gesture_tutorial_loop_overview.xml.flat
out/target/common/obj/JAVA_LIBRARIES/Launcher3QuickStepLib_intermediates/flat-res/res/packages/apps/Launcher3/quickstep/res/drawable_gesture_tutorial_motion_back.xml.flat
out/target/common/obj/JAVA_LIBRARIES/Launcher3QuickStepLib_intermediates/flat-res/res/packages/apps/Launcher3/quickstep/res/drawable_gesture_tutorial_motion_home_dark_mode.xml.flat
out/target/common/obj/JAVA_LIBRARIES/Launcher3QuickStepLib_intermediates/flat-res/res/packages/apps/Launcher3/quickstep/res/drawable_gesture_tutorial_motion_home_light_mode.xml.flat
out/target/common/obj/JAVA_LIBRARIES/Launcher3QuickStepLib_intermediates/flat-res/res/packages/apps/Launcher3/quickstep/res/drawable_gesture_tutorial_motion_overview_dark_mode.xml.flat
out/target/common/obj/JAVA_LIBRARIES/Launcher3QuickStepLib_intermediates/flat-res/res/packages/apps/Launcher3/quickstep/res/drawable_home_gesture.xml.flat
out/target/common/obj/JAVA_LIBRARIES/Launcher3QuickStepLib_intermediates/flat-res/res/packages/apps/Launcher3/quickstep/res/drawable_hotseat_edu_notification_icon.xml.flat
out/target/common/obj/JAVA_LIBRARIES/Launcher3QuickStepLib_intermediates/flat-res/res/packages/apps/Launcher3/quickstep/res/drawable_ic_all_set.xml.flat
out/target/common/obj/JAVA_LIBRARIES/Launcher3QuickStepLib_intermediates/flat-res/res/packages/apps/Launcher3/quickstep/res/drawable_ic_empty_recents.xml.flat
out/target/common/obj/JAVA_LIBRARIES/Launcher3QuickStepLib_intermediates/flat-res/res/packages/apps/Launcher3/quickstep/res/drawable_ic_hourglass_top.xml.flat
out/target/common/obj/JAVA_LIBRARIES/Launcher3QuickStepLib_intermediates/flat-res/res/packages/apps/Launcher3/quickstep/res/drawable_ic_ime_switcher.xml.flat
out/target/common/obj/JAVA_LIBRARIES/Launcher3QuickStepLib_intermediates/flat-res/res/packages/apps/Launcher3/quickstep/res/drawable_ic_screenshot.xml.flat
out/target/common/obj/JAVA_LIBRARIES/Launcher3QuickStepLib_intermediates/flat-res/res/packages/apps/Launcher3/quickstep/res/drawable_ic_share.xml.flat
out/target/common/obj/JAVA_LIBRARIES/Launcher3QuickStepLib_intermediates/flat-res/res/packages/apps/Launcher3/quickstep/res/drawable_ic_sysbar_back.xml.flat
out/target/common/obj/JAVA_LIBRARIES/Launcher3QuickStepLib_intermediates/flat-res/res/packages/apps/Launcher3/quickstep/res/drawable_ic_sysbar_home.xml.flat
out/target/common/obj/JAVA_LIBRARIES/Launcher3QuickStepLib_intermediates/flat-res/res/packages/apps/Launcher3/quickstep/res/drawable_ic_sysbar_recent.xml.flat
out/target/common/obj/JAVA_LIBRARIES/Launcher3QuickStepLib_intermediates/flat-res/res/packages/apps/Launcher3/quickstep/res/drawable_mock_conversation.xml.flat
out/target/common/obj/JAVA_LIBRARIES/Launcher3QuickStepLib_intermediates/flat-res/res/packages/apps/Launcher3/quickstep/res/drawable_mock_conversations_list.xml.flat
out/target/common/obj/JAVA_LIBRARIES/Launcher3QuickStepLib_intermediates/flat-res/res/packages/apps/Launcher3/quickstep/res/drawable_mock_webpage_dark_mode.xml.flat
out/target/common/obj/JAVA_LIBRARIES/Launcher3QuickStepLib_intermediates/flat-res/res/packages/apps/Launcher3/quickstep/res/drawable_mock_webpage_light_mode.xml.flat
out/target/common/obj/JAVA_LIBRARIES/Launcher3QuickStepLib_intermediates/flat-res/res/packages/apps/Launcher3/quickstep/res/drawable_overview_gesture.xml.flat
out/target/common/obj/JAVA_LIBRARIES/Launcher3QuickStepLib_intermediates/flat-res/res/packages/apps/Launcher3/quickstep/res/drawable_task_menu_bg.xml.flat
out/target/common/obj/JAVA_LIBRARIES/Launcher3QuickStepLib_intermediates/flat-res/res/packages/apps/Launcher3/quickstep/res/drawable_task_menu_item_bg.xml.flat
out/target/common/obj/JAVA_LIBRARIES/Launcher3QuickStepLib_intermediates/flat-res/res/packages/apps/Launcher3/quickstep/res/drawable_taskbar_icon_click_feedback_roundrect.xml.flat
out/target/common/obj/JAVA_LIBRARIES/Launcher3QuickStepLib_intermediates/flat-res/res/packages/apps/Launcher3/quickstep/res/drawable_tutorial_step_indicator_pill.xml.flat
out/target/common/obj/JAVA_LIBRARIES/Launcher3QuickStepLib_intermediates/flat-res/res/packages/apps/Launcher3/quickstep/res/interpolator_app_open_x.xml.flat
out/target/common/obj/JAVA_LIBRARIES/Launcher3QuickStepLib_intermediates/flat-res/res/packages/apps/Launcher3/quickstep/res/interpolator_three_point_fast_out_extra_slow_in.xml.flat
out/target/common/obj/JAVA_LIBRARIES/Launcher3QuickStepLib_intermediates/flat-res/res/packages/apps/Launcher3/quickstep/res/layout_activity_allset.xml.flat
out/target/common/obj/JAVA_LIBRARIES/Launcher3QuickStepLib_intermediates/flat-res/res/packages/apps/Launcher3/quickstep/res/layout_all_apps_edu_view.xml.flat
out/target/common/obj/JAVA_LIBRARIES/Launcher3QuickStepLib_intermediates/flat-res/res/packages/apps/Launcher3/quickstep/res/layout_digital_wellbeing_toast.xml.flat
out/target/common/obj/JAVA_LIBRARIES/Launcher3QuickStepLib_intermediates/flat-res/res/packages/apps/Launcher3/quickstep/res/layout_fallback_recents_activity.xml.flat
out/target/common/obj/JAVA_LIBRARIES/Launcher3QuickStepLib_intermediates/flat-res/res/packages/apps/Launcher3/quickstep/res/layout_floating_header_content.xml.flat
out/target/common/obj/JAVA_LIBRARIES/Launcher3QuickStepLib_intermediates/flat-res/res/packages/apps/Launcher3/quickstep/res/layout_gesture_tutorial_activity.xml.flat
out/target/common/obj/JAVA_LIBRARIES/Launcher3QuickStepLib_intermediates/flat-res/res/packages/apps/Launcher3/quickstep/res/layout_gesture_tutorial_dialog.xml.flat
out/target/common/obj/JAVA_LIBRARIES/Launcher3QuickStepLib_intermediates/flat-res/res/packages/apps/Launcher3/quickstep/res/layout_gesture_tutorial_fragment.xml.flat
out/target/common/obj/JAVA_LIBRARIES/Launcher3QuickStepLib_intermediates/flat-res/res/packages/apps/Launcher3/quickstep/res/layout_overview_actions_container.xml.flat
out/target/common/obj/JAVA_LIBRARIES/Launcher3QuickStepLib_intermediates/flat-res/res/packages/apps/Launcher3/quickstep/res/layout_overview_clear_all_button.xml.flat
out/target/common/obj/JAVA_LIBRARIES/Launcher3QuickStepLib_intermediates/flat-res/res/packages/apps/Launcher3/quickstep/res/layout_overview_panel.xml.flat
out/target/common/obj/JAVA_LIBRARIES/Launcher3QuickStepLib_intermediates/flat-res/res/packages/apps/Launcher3/quickstep/res/layout_predicted_app_icon.xml.flat
out/target/common/obj/JAVA_LIBRARIES/Launcher3QuickStepLib_intermediates/flat-res/res/packages/apps/Launcher3/quickstep/res/layout_predicted_hotseat_edu.xml.flat
out/target/common/obj/JAVA_LIBRARIES/Launcher3QuickStepLib_intermediates/flat-res/res/packages/apps/Launcher3/quickstep/res/layout_task.xml.flat
out/target/common/obj/JAVA_LIBRARIES/Launcher3QuickStepLib_intermediates/flat-res/res/packages/apps/Launcher3/quickstep/res/layout_task_menu.xml.flat
out/target/common/obj/JAVA_LIBRARIES/Launcher3QuickStepLib_intermediates/flat-res/res/packages/apps/Launcher3/quickstep/res/layout_task_view_menu_option.xml.flat
out/target/common/obj/JAVA_LIBRARIES/Launcher3QuickStepLib_intermediates/flat-res/res/packages/apps/Launcher3/quickstep/res/layout_taskbar.xml.flat
out/target/common/obj/JAVA_LIBRARIES/Launcher3QuickStepLib_intermediates/flat-res/res/packages/apps/Launcher3/quickstep/res/layout_taskbar_app_icon.xml.flat
out/target/common/obj/JAVA_LIBRARIES/Launcher3QuickStepLib_intermediates/flat-res/res/packages/apps/Launcher3/quickstep/res/layout_taskbar_predicted_app_icon.xml.flat
out/target/common/obj/JAVA_LIBRARIES/Launcher3QuickStepLib_intermediates/flat-res/res/packages/apps/Launcher3/quickstep/res/values-af_strings.arsc.flat
out/target/common/obj/JAVA_LIBRARIES/Launcher3QuickStepLib_intermediates/flat-res/res/packages/apps/Launcher3/quickstep/res/values-am_strings.arsc.flat
out/target/common/obj/JAVA_LIBRARIES/Launcher3QuickStepLib_intermediates/flat-res/res/packages/apps/Launcher3/quickstep/res/values-ar_strings.arsc.flat
out/target/common/obj/JAVA_LIBRARIES/Launcher3QuickStepLib_intermediates/flat-res/res/packages/apps/Launcher3/quickstep/res/values-as_strings.arsc.flat
out/target/common/obj/JAVA_LIBRARIES/Launcher3QuickStepLib_intermediates/flat-res/res/packages/apps/Launcher3/quickstep/res/values-az_strings.arsc.flat
out/target/common/obj/JAVA_LIBRARIES/Launcher3QuickStepLib_intermediates/flat-res/res/packages/apps/Launcher3/quickstep/res/values-b+sr+Latn_strings.arsc.flat
out/target/common/obj/JAVA_LIBRARIES/Launcher3QuickStepLib_intermediates/flat-res/res/packages/apps/Launcher3/quickstep/res/values-be_strings.arsc.flat
out/target/common/obj/JAVA_LIBRARIES/Launcher3QuickStepLib_intermediates/flat-res/res/packages/apps/Launcher3/quickstep/res/values-bg_strings.arsc.flat
out/target/common/obj/JAVA_LIBRARIES/Launcher3QuickStepLib_intermediates/flat-res/res/packages/apps/Launcher3/quickstep/res/values-bn_strings.arsc.flat
out/target/common/obj/JAVA_LIBRARIES/Launcher3QuickStepLib_intermediates/flat-res/res/packages/apps/Launcher3/quickstep/res/values-bs_strings.arsc.flat
out/target/common/obj/JAVA_LIBRARIES/Launcher3QuickStepLib_intermediates/flat-res/res/packages/apps/Launcher3/quickstep/res/values-ca_strings.arsc.flat
out/target/common/obj/JAVA_LIBRARIES/Launcher3QuickStepLib_intermediates/flat-res/res/packages/apps/Launcher3/quickstep/res/values-cs_strings.arsc.flat
out/target/common/obj/JAVA_LIBRARIES/Launcher3QuickStepLib_intermediates/flat-res/res/packages/apps/Launcher3/quickstep/res/values-da_strings.arsc.flat
out/target/common/obj/JAVA_LIBRARIES/Launcher3QuickStepLib_intermediates/flat-res/res/packages/apps/Launcher3/quickstep/res/values-de_strings.arsc.flat
out/target/common/obj/JAVA_LIBRARIES/Launcher3QuickStepLib_intermediates/flat-res/res/packages/apps/Launcher3/quickstep/res/values-el_strings.arsc.flat
out/target/common/obj/JAVA_LIBRARIES/Launcher3QuickStepLib_intermediates/flat-res/res/packages/apps/Launcher3/quickstep/res/values-en-rAU_strings.arsc.flat
out/target/common/obj/JAVA_LIBRARIES/Launcher3QuickStepLib_intermediates/flat-res/res/packages/apps/Launcher3/quickstep/res/values-en-rCA_strings.arsc.flat
out/target/common/obj/JAVA_LIBRARIES/Launcher3QuickStepLib_intermediates/flat-res/res/packages/apps/Launcher3/quickstep/res/values-en-rGB_strings.arsc.flat
out/target/common/obj/JAVA_LIBRARIES/Launcher3QuickStepLib_intermediates/flat-res/res/packages/apps/Launcher3/quickstep/res/values-en-rIN_strings.arsc.flat
out/target/common/obj/JAVA_LIBRARIES/Launcher3QuickStepLib_intermediates/flat-res/res/packages/apps/Launcher3/quickstep/res/values-en-rXC_strings.arsc.flat
out/target/common/obj/JAVA_LIBRARIES/Launcher3QuickStepLib_intermediates/flat-res/res/packages/apps/Launcher3/quickstep/res/values-es-rUS_strings.arsc.flat
out/target/common/obj/JAVA_LIBRARIES/Launcher3QuickStepLib_intermediates/flat-res/res/packages/apps/Launcher3/quickstep/res/values-es_strings.arsc.flat
out/target/common/obj/JAVA_LIBRARIES/Launcher3QuickStepLib_intermediates/flat-res/res/packages/apps/Launcher3/quickstep/res/values-et_strings.arsc.flat
out/target/common/obj/JAVA_LIBRARIES/Launcher3QuickStepLib_intermediates/flat-res/res/packages/apps/Launcher3/quickstep/res/values-eu_strings.arsc.flat
out/target/common/obj/JAVA_LIBRARIES/Launcher3QuickStepLib_intermediates/flat-res/res/packages/apps/Launcher3/quickstep/res/values-fa_strings.arsc.flat
out/target/common/obj/JAVA_LIBRARIES/Launcher3QuickStepLib_intermediates/flat-res/res/packages/apps/Launcher3/quickstep/res/values-fi_strings.arsc.flat
out/target/common/obj/JAVA_LIBRARIES/Launcher3QuickStepLib_intermediates/flat-res/res/packages/apps/Launcher3/quickstep/res/values-fr-rCA_strings.arsc.flat
out/target/common/obj/JAVA_LIBRARIES/Launcher3QuickStepLib_intermediates/flat-res/res/packages/apps/Launcher3/quickstep/res/values-fr_strings.arsc.flat
out/target/common/obj/JAVA_LIBRARIES/Launcher3QuickStepLib_intermediates/flat-res/res/packages/apps/Launcher3/quickstep/res/values-gl_strings.arsc.flat
out/target/common/obj/JAVA_LIBRARIES/Launcher3QuickStepLib_intermediates/flat-res/res/packages/apps/Launcher3/quickstep/res/values-gu_strings.arsc.flat
out/target/common/obj/JAVA_LIBRARIES/Launcher3QuickStepLib_intermediates/flat-res/res/packages/apps/Launcher3/quickstep/res/values-hi_strings.arsc.flat
out/target/common/obj/JAVA_LIBRARIES/Launcher3QuickStepLib_intermediates/flat-res/res/packages/apps/Launcher3/quickstep/res/values-hr_strings.arsc.flat
out/target/common/obj/JAVA_LIBRARIES/Launcher3QuickStepLib_intermediates/flat-res/res/packages/apps/Launcher3/quickstep/res/values-hu_strings.arsc.flat
out/target/common/obj/JAVA_LIBRARIES/Launcher3QuickStepLib_intermediates/flat-res/res/packages/apps/Launcher3/quickstep/res/values-hy_strings.arsc.flat
out/target/common/obj/JAVA_LIBRARIES/Launcher3QuickStepLib_intermediates/flat-res/res/packages/apps/Launcher3/quickstep/res/values-in_strings.arsc.flat
out/target/common/obj/JAVA_LIBRARIES/Launcher3QuickStepLib_intermediates/flat-res/res/packages/apps/Launcher3/quickstep/res/values-is_strings.arsc.flat
out/target/common/obj/JAVA_LIBRARIES/Launcher3QuickStepLib_intermediates/flat-res/res/packages/apps/Launcher3/quickstep/res/values-it_strings.arsc.flat
out/target/common/obj/JAVA_LIBRARIES/Launcher3QuickStepLib_intermediates/flat-res/res/packages/apps/Launcher3/quickstep/res/values-iw_strings.arsc.flat
out/target/common/obj/JAVA_LIBRARIES/Launcher3QuickStepLib_intermediates/flat-res/res/packages/apps/Launcher3/quickstep/res/values-ja_strings.arsc.flat
out/target/common/obj/JAVA_LIBRARIES/Launcher3QuickStepLib_intermediates/flat-res/res/packages/apps/Launcher3/quickstep/res/values-ka_strings.arsc.flat
out/target/common/obj/JAVA_LIBRARIES/Launcher3QuickStepLib_intermediates/flat-res/res/packages/apps/Launcher3/quickstep/res/values-kk_strings.arsc.flat
out/target/common/obj/JAVA_LIBRARIES/Launcher3QuickStepLib_intermediates/flat-res/res/packages/apps/Launcher3/quickstep/res/values-km_strings.arsc.flat
out/target/common/obj/JAVA_LIBRARIES/Launcher3QuickStepLib_intermediates/flat-res/res/packages/apps/Launcher3/quickstep/res/values-kn_strings.arsc.flat
out/target/common/obj/JAVA_LIBRARIES/Launcher3QuickStepLib_intermediates/flat-res/res/packages/apps/Launcher3/quickstep/res/values-ko_strings.arsc.flat
out/target/common/obj/JAVA_LIBRARIES/Launcher3QuickStepLib_intermediates/flat-res/res/packages/apps/Launcher3/quickstep/res/values-ky_strings.arsc.flat
out/target/common/obj/JAVA_LIBRARIES/Launcher3QuickStepLib_intermediates/flat-res/res/packages/apps/Launcher3/quickstep/res/values-land_dimens.arsc.flat
out/target/common/obj/JAVA_LIBRARIES/Launcher3QuickStepLib_intermediates/flat-res/res/packages/apps/Launcher3/quickstep/res/values-lo_strings.arsc.flat
out/target/common/obj/JAVA_LIBRARIES/Launcher3QuickStepLib_intermediates/flat-res/res/packages/apps/Launcher3/quickstep/res/values-lt_strings.arsc.flat
out/target/common/obj/JAVA_LIBRARIES/Launcher3QuickStepLib_intermediates/flat-res/res/packages/apps/Launcher3/quickstep/res/values-lv_strings.arsc.flat
out/target/common/obj/JAVA_LIBRARIES/Launcher3QuickStepLib_intermediates/flat-res/res/packages/apps/Launcher3/quickstep/res/values-mk_strings.arsc.flat
out/target/common/obj/JAVA_LIBRARIES/Launcher3QuickStepLib_intermediates/flat-res/res/packages/apps/Launcher3/quickstep/res/values-ml_strings.arsc.flat
out/target/common/obj/JAVA_LIBRARIES/Launcher3QuickStepLib_intermediates/flat-res/res/packages/apps/Launcher3/quickstep/res/values-mn_strings.arsc.flat
out/target/common/obj/JAVA_LIBRARIES/Launcher3QuickStepLib_intermediates/flat-res/res/packages/apps/Launcher3/quickstep/res/values-mr_strings.arsc.flat
out/target/common/obj/JAVA_LIBRARIES/Launcher3QuickStepLib_intermediates/flat-res/res/packages/apps/Launcher3/quickstep/res/values-ms_strings.arsc.flat
out/target/common/obj/JAVA_LIBRARIES/Launcher3QuickStepLib_intermediates/flat-res/res/packages/apps/Launcher3/quickstep/res/values-my_strings.arsc.flat
out/target/common/obj/JAVA_LIBRARIES/Launcher3QuickStepLib_intermediates/flat-res/res/packages/apps/Launcher3/quickstep/res/values-nb_strings.arsc.flat
out/target/common/obj/JAVA_LIBRARIES/Launcher3QuickStepLib_intermediates/flat-res/res/packages/apps/Launcher3/quickstep/res/values-ne_strings.arsc.flat
out/target/common/obj/JAVA_LIBRARIES/Launcher3QuickStepLib_intermediates/flat-res/res/packages/apps/Launcher3/quickstep/res/values-night_styles.arsc.flat
out/target/common/obj/JAVA_LIBRARIES/Launcher3QuickStepLib_intermediates/flat-res/res/packages/apps/Launcher3/quickstep/res/values-nl_strings.arsc.flat
out/target/common/obj/JAVA_LIBRARIES/Launcher3QuickStepLib_intermediates/flat-res/res/packages/apps/Launcher3/quickstep/res/values-or_strings.arsc.flat
out/target/common/obj/JAVA_LIBRARIES/Launcher3QuickStepLib_intermediates/flat-res/res/packages/apps/Launcher3/quickstep/res/values-pa_strings.arsc.flat
out/target/common/obj/JAVA_LIBRARIES/Launcher3QuickStepLib_intermediates/flat-res/res/packages/apps/Launcher3/quickstep/res/values-pl_strings.arsc.flat
out/target/common/obj/JAVA_LIBRARIES/Launcher3QuickStepLib_intermediates/flat-res/res/packages/apps/Launcher3/quickstep/res/values-pt-rPT_strings.arsc.flat
out/target/common/obj/JAVA_LIBRARIES/Launcher3QuickStepLib_intermediates/flat-res/res/packages/apps/Launcher3/quickstep/res/values-pt_strings.arsc.flat
out/target/common/obj/JAVA_LIBRARIES/Launcher3QuickStepLib_intermediates/flat-res/res/packages/apps/Launcher3/quickstep/res/values-ro_strings.arsc.flat
out/target/common/obj/JAVA_LIBRARIES/Launcher3QuickStepLib_intermediates/flat-res/res/packages/apps/Launcher3/quickstep/res/values-ru_strings.arsc.flat
out/target/common/obj/JAVA_LIBRARIES/Launcher3QuickStepLib_intermediates/flat-res/res/packages/apps/Launcher3/quickstep/res/values-si_strings.arsc.flat
out/target/common/obj/JAVA_LIBRARIES/Launcher3QuickStepLib_intermediates/flat-res/res/packages/apps/Launcher3/quickstep/res/values-sk_strings.arsc.flat
out/target/common/obj/JAVA_LIBRARIES/Launcher3QuickStepLib_intermediates/flat-res/res/packages/apps/Launcher3/quickstep/res/values-sl_strings.arsc.flat
out/target/common/obj/JAVA_LIBRARIES/Launcher3QuickStepLib_intermediates/flat-res/res/packages/apps/Launcher3/quickstep/res/values-sq_strings.arsc.flat
out/target/common/obj/JAVA_LIBRARIES/Launcher3QuickStepLib_intermediates/flat-res/res/packages/apps/Launcher3/quickstep/res/values-sr_strings.arsc.flat
out/target/common/obj/JAVA_LIBRARIES/Launcher3QuickStepLib_intermediates/flat-res/res/packages/apps/Launcher3/quickstep/res/values-sv_strings.arsc.flat
out/target/common/obj/JAVA_LIBRARIES/Launcher3QuickStepLib_intermediates/flat-res/res/packages/apps/Launcher3/quickstep/res/values-sw_strings.arsc.flat
out/target/common/obj/JAVA_LIBRARIES/Launcher3QuickStepLib_intermediates/flat-res/res/packages/apps/Launcher3/quickstep/res/values-ta_strings.arsc.flat
out/target/common/obj/JAVA_LIBRARIES/Launcher3QuickStepLib_intermediates/flat-res/res/packages/apps/Launcher3/quickstep/res/values-te_strings.arsc.flat
out/target/common/obj/JAVA_LIBRARIES/Launcher3QuickStepLib_intermediates/flat-res/res/packages/apps/Launcher3/quickstep/res/values-th_strings.arsc.flat
out/target/common/obj/JAVA_LIBRARIES/Launcher3QuickStepLib_intermediates/flat-res/res/packages/apps/Launcher3/quickstep/res/values-tl_strings.arsc.flat
out/target/common/obj/JAVA_LIBRARIES/Launcher3QuickStepLib_intermediates/flat-res/res/packages/apps/Launcher3/quickstep/res/values-tr_strings.arsc.flat
out/target/common/obj/JAVA_LIBRARIES/Launcher3QuickStepLib_intermediates/flat-res/res/packages/apps/Launcher3/quickstep/res/values-uk_strings.arsc.flat
out/target/common/obj/JAVA_LIBRARIES/Launcher3QuickStepLib_intermediates/flat-res/res/packages/apps/Launcher3/quickstep/res/values-ur_strings.arsc.flat
out/target/common/obj/JAVA_LIBRARIES/Launcher3QuickStepLib_intermediates/flat-res/res/packages/apps/Launcher3/quickstep/res/values-uz_strings.arsc.flat
out/target/common/obj/JAVA_LIBRARIES/Launcher3QuickStepLib_intermediates/flat-res/res/packages/apps/Launcher3/quickstep/res/values-vi_strings.arsc.flat
out/target/common/obj/JAVA_LIBRARIES/Launcher3QuickStepLib_intermediates/flat-res/res/packages/apps/Launcher3/quickstep/res/values-zh-rCN_strings.arsc.flat
out/target/common/obj/JAVA_LIBRARIES/Launcher3QuickStepLib_intermediates/flat-res/res/packages/apps/Launcher3/quickstep/res/values-zh-rHK_strings.arsc.flat
out/target/common/obj/JAVA_LIBRARIES/Launcher3QuickStepLib_intermediates/flat-res/res/packages/apps/Launcher3/quickstep/res/values-zh-rTW_strings.arsc.flat
out/target/common/obj/JAVA_LIBRARIES/Launcher3QuickStepLib_intermediates/flat-res/res/packages/apps/Launcher3/quickstep/res/values-zu_strings.arsc.flat
out/target/common/obj/JAVA_LIBRARIES/Launcher3QuickStepLib_intermediates/flat-res/res/packages/apps/Launcher3/quickstep/res/values_attrs.arsc.flat
out/target/common/obj/JAVA_LIBRARIES/Launcher3QuickStepLib_intermediates/flat-res/res/packages/apps/Launcher3/quickstep/res/values_colors.arsc.flat
out/target/common/obj/JAVA_LIBRARIES/Launcher3QuickStepLib_intermediates/flat-res/res/packages/apps/Launcher3/quickstep/res/values_config.arsc.flat
out/target/common/obj/JAVA_LIBRARIES/Launcher3QuickStepLib_intermediates/flat-res/res/packages/apps/Launcher3/quickstep/res/values_dimens.arsc.flat
out/target/common/obj/JAVA_LIBRARIES/Launcher3QuickStepLib_intermediates/flat-res/res/packages/apps/Launcher3/quickstep/res/values_override.arsc.flat
out/target/common/obj/JAVA_LIBRARIES/Launcher3QuickStepLib_intermediates/flat-res/res/packages/apps/Launcher3/quickstep/res/values_strings.arsc.flat
out/target/common/obj/JAVA_LIBRARIES/Launcher3QuickStepLib_intermediates/flat-res/res/packages/apps/Launcher3/quickstep/res/values_styles.arsc.flat
out/target/common/obj/JAVA_LIBRARIES/Launcher3QuickStepLib_intermediates/flat-res/res/packages/apps/Launcher3/quickstep/res/xml_indexable_launcher_prefs.xml.flat
out/target/common/obj/JAVA_LIBRARIES/Launcher3QuickStepLib_intermediates/flat-res/res/packages/apps/Launcher3/quickstep/res/xml_overview_file_provider_paths.xml.flat
out/target/common/obj/JAVA_LIBRARIES/Launcher3QuickStepLib_intermediates/java-source-list
out/target/common/obj/JAVA_LIBRARIES/Launcher3QuickStepLib_intermediates/manifest/AndroidManifest.xml
out/target/common/obj/JAVA_LIBRARIES/Launcher3QuickStepLib_intermediates/src/R.stamp
