out/soong/.intermediates/system/netd/libnetdutils/libnetdutils/android_x86_64_static_cfi/obj/system/netd/libnetdutils/DumpWriter.o
out/soong/.intermediates/system/netd/libnetdutils/libnetdutils/android_x86_64_static_cfi/obj/system/netd/libnetdutils/DumpWriter.tidy
out/soong/.intermediates/system/netd/libnetdutils/libnetdutils/android_x86_64_static_cfi/obj/system/netd/libnetdutils/Fd.o
out/soong/.intermediates/system/netd/libnetdutils/libnetdutils/android_x86_64_static_cfi/obj/system/netd/libnetdutils/Fd.tidy
out/soong/.intermediates/system/netd/libnetdutils/libnetdutils/android_x86_64_static_cfi/obj/system/netd/libnetdutils/InternetAddresses.o
out/soong/.intermediates/system/netd/libnetdutils/libnetdutils/android_x86_64_static_cfi/obj/system/netd/libnetdutils/InternetAddresses.tidy
out/soong/.intermediates/system/netd/libnetdutils/libnetdutils/android_x86_64_static_cfi/obj/system/netd/libnetdutils/Log.o
out/soong/.intermediates/system/netd/libnetdutils/libnetdutils/android_x86_64_static_cfi/obj/system/netd/libnetdutils/Log.tidy
out/soong/.intermediates/system/netd/libnetdutils/libnetdutils/android_x86_64_static_cfi/obj/system/netd/libnetdutils/Netfilter.o
out/soong/.intermediates/system/netd/libnetdutils/libnetdutils/android_x86_64_static_cfi/obj/system/netd/libnetdutils/Netfilter.tidy
out/soong/.intermediates/system/netd/libnetdutils/libnetdutils/android_x86_64_static_cfi/obj/system/netd/libnetdutils/Netlink.o
out/soong/.intermediates/system/netd/libnetdutils/libnetdutils/android_x86_64_static_cfi/obj/system/netd/libnetdutils/Netlink.tidy
out/soong/.intermediates/system/netd/libnetdutils/libnetdutils/android_x86_64_static_cfi/obj/system/netd/libnetdutils/Slice.o
out/soong/.intermediates/system/netd/libnetdutils/libnetdutils/android_x86_64_static_cfi/obj/system/netd/libnetdutils/Slice.tidy
out/soong/.intermediates/system/netd/libnetdutils/libnetdutils/android_x86_64_static_cfi/obj/system/netd/libnetdutils/Socket.o
out/soong/.intermediates/system/netd/libnetdutils/libnetdutils/android_x86_64_static_cfi/obj/system/netd/libnetdutils/Socket.tidy
out/soong/.intermediates/system/netd/libnetdutils/libnetdutils/android_x86_64_static_cfi/obj/system/netd/libnetdutils/SocketOption.o
out/soong/.intermediates/system/netd/libnetdutils/libnetdutils/android_x86_64_static_cfi/obj/system/netd/libnetdutils/SocketOption.tidy
out/soong/.intermediates/system/netd/libnetdutils/libnetdutils/android_x86_64_static_cfi/obj/system/netd/libnetdutils/Status.o
out/soong/.intermediates/system/netd/libnetdutils/libnetdutils/android_x86_64_static_cfi/obj/system/netd/libnetdutils/Status.tidy
out/soong/.intermediates/system/netd/libnetdutils/libnetdutils/android_x86_64_static_cfi/obj/system/netd/libnetdutils/Syscalls.o
out/soong/.intermediates/system/netd/libnetdutils/libnetdutils/android_x86_64_static_cfi/obj/system/netd/libnetdutils/Syscalls.tidy
out/soong/.intermediates/system/netd/libnetdutils/libnetdutils/android_x86_64_static_cfi/obj/system/netd/libnetdutils/UniqueFd.o
out/soong/.intermediates/system/netd/libnetdutils/libnetdutils/android_x86_64_static_cfi/obj/system/netd/libnetdutils/UniqueFd.tidy
out/soong/.intermediates/system/netd/libnetdutils/libnetdutils/android_x86_64_static_cfi/obj/system/netd/libnetdutils/UniqueFile.o
out/soong/.intermediates/system/netd/libnetdutils/libnetdutils/android_x86_64_static_cfi/obj/system/netd/libnetdutils/UniqueFile.tidy