out/soong/.intermediates/system/netd/server/netd_aidl_interface-V6-cpp-source/gen/android/net/INetd.cpp
out/soong/.intermediates/system/netd/server/netd_aidl_interface-V6-cpp-source/gen/android/net/INetdUnsolicitedEventListener.cpp
out/soong/.intermediates/system/netd/server/netd_aidl_interface-V6-cpp-source/gen/android/net/InterfaceConfigurationParcel.cpp
out/soong/.intermediates/system/netd/server/netd_aidl_interface-V6-cpp-source/gen/android/net/MarkMaskParcel.cpp
out/soong/.intermediates/system/netd/server/netd_aidl_interface-V6-cpp-source/gen/android/net/NativeNetworkConfig.cpp
out/soong/.intermediates/system/netd/server/netd_aidl_interface-V6-cpp-source/gen/android/net/NativeNetworkType.cpp
out/soong/.intermediates/system/netd/server/netd_aidl_interface-V6-cpp-source/gen/android/net/NativeVpnType.cpp
out/soong/.intermediates/system/netd/server/netd_aidl_interface-V6-cpp-source/gen/android/net/RouteInfoParcel.cpp
out/soong/.intermediates/system/netd/server/netd_aidl_interface-V6-cpp-source/gen/android/net/TetherConfigParcel.cpp
out/soong/.intermediates/system/netd/server/netd_aidl_interface-V6-cpp-source/gen/android/net/TetherOffloadRuleParcel.cpp
out/soong/.intermediates/system/netd/server/netd_aidl_interface-V6-cpp-source/gen/android/net/TetherStatsParcel.cpp
out/soong/.intermediates/system/netd/server/netd_aidl_interface-V6-cpp-source/gen/android/net/UidRangeParcel.cpp
out/soong/.intermediates/system/netd/server/netd_aidl_interface-V6-cpp-source/gen/include/android/net/BnInterfaceConfigurationParcel.h
out/soong/.intermediates/system/netd/server/netd_aidl_interface-V6-cpp-source/gen/include/android/net/BnMarkMaskParcel.h
out/soong/.intermediates/system/netd/server/netd_aidl_interface-V6-cpp-source/gen/include/android/net/BnNativeNetworkConfig.h
out/soong/.intermediates/system/netd/server/netd_aidl_interface-V6-cpp-source/gen/include/android/net/BnNativeNetworkType.h
out/soong/.intermediates/system/netd/server/netd_aidl_interface-V6-cpp-source/gen/include/android/net/BnNativeVpnType.h
out/soong/.intermediates/system/netd/server/netd_aidl_interface-V6-cpp-source/gen/include/android/net/BnNetd.h
out/soong/.intermediates/system/netd/server/netd_aidl_interface-V6-cpp-source/gen/include/android/net/BnNetdUnsolicitedEventListener.h
out/soong/.intermediates/system/netd/server/netd_aidl_interface-V6-cpp-source/gen/include/android/net/BnRouteInfoParcel.h
out/soong/.intermediates/system/netd/server/netd_aidl_interface-V6-cpp-source/gen/include/android/net/BnTetherConfigParcel.h
out/soong/.intermediates/system/netd/server/netd_aidl_interface-V6-cpp-source/gen/include/android/net/BnTetherOffloadRuleParcel.h
out/soong/.intermediates/system/netd/server/netd_aidl_interface-V6-cpp-source/gen/include/android/net/BnTetherStatsParcel.h
out/soong/.intermediates/system/netd/server/netd_aidl_interface-V6-cpp-source/gen/include/android/net/BnUidRangeParcel.h
out/soong/.intermediates/system/netd/server/netd_aidl_interface-V6-cpp-source/gen/include/android/net/BpInterfaceConfigurationParcel.h
out/soong/.intermediates/system/netd/server/netd_aidl_interface-V6-cpp-source/gen/include/android/net/BpMarkMaskParcel.h
out/soong/.intermediates/system/netd/server/netd_aidl_interface-V6-cpp-source/gen/include/android/net/BpNativeNetworkConfig.h
out/soong/.intermediates/system/netd/server/netd_aidl_interface-V6-cpp-source/gen/include/android/net/BpNativeNetworkType.h
out/soong/.intermediates/system/netd/server/netd_aidl_interface-V6-cpp-source/gen/include/android/net/BpNativeVpnType.h
out/soong/.intermediates/system/netd/server/netd_aidl_interface-V6-cpp-source/gen/include/android/net/BpNetd.h
out/soong/.intermediates/system/netd/server/netd_aidl_interface-V6-cpp-source/gen/include/android/net/BpNetdUnsolicitedEventListener.h
out/soong/.intermediates/system/netd/server/netd_aidl_interface-V6-cpp-source/gen/include/android/net/BpRouteInfoParcel.h
out/soong/.intermediates/system/netd/server/netd_aidl_interface-V6-cpp-source/gen/include/android/net/BpTetherConfigParcel.h
out/soong/.intermediates/system/netd/server/netd_aidl_interface-V6-cpp-source/gen/include/android/net/BpTetherOffloadRuleParcel.h
out/soong/.intermediates/system/netd/server/netd_aidl_interface-V6-cpp-source/gen/include/android/net/BpTetherStatsParcel.h
out/soong/.intermediates/system/netd/server/netd_aidl_interface-V6-cpp-source/gen/include/android/net/BpUidRangeParcel.h
out/soong/.intermediates/system/netd/server/netd_aidl_interface-V6-cpp-source/gen/include/android/net/INetd.h
out/soong/.intermediates/system/netd/server/netd_aidl_interface-V6-cpp-source/gen/include/android/net/INetdUnsolicitedEventListener.h
out/soong/.intermediates/system/netd/server/netd_aidl_interface-V6-cpp-source/gen/include/android/net/InterfaceConfigurationParcel.h
out/soong/.intermediates/system/netd/server/netd_aidl_interface-V6-cpp-source/gen/include/android/net/MarkMaskParcel.h
out/soong/.intermediates/system/netd/server/netd_aidl_interface-V6-cpp-source/gen/include/android/net/NativeNetworkConfig.h
out/soong/.intermediates/system/netd/server/netd_aidl_interface-V6-cpp-source/gen/include/android/net/NativeNetworkType.h
out/soong/.intermediates/system/netd/server/netd_aidl_interface-V6-cpp-source/gen/include/android/net/NativeVpnType.h
out/soong/.intermediates/system/netd/server/netd_aidl_interface-V6-cpp-source/gen/include/android/net/RouteInfoParcel.h
out/soong/.intermediates/system/netd/server/netd_aidl_interface-V6-cpp-source/gen/include/android/net/TetherConfigParcel.h
out/soong/.intermediates/system/netd/server/netd_aidl_interface-V6-cpp-source/gen/include/android/net/TetherOffloadRuleParcel.h
out/soong/.intermediates/system/netd/server/netd_aidl_interface-V6-cpp-source/gen/include/android/net/TetherStatsParcel.h
out/soong/.intermediates/system/netd/server/netd_aidl_interface-V6-cpp-source/gen/include/android/net/UidRangeParcel.h