out/soong/.intermediates/system/gsid/gsi_aidl_interface-cpp-source/gen/android/gsi/AvbPublicKey.cpp
out/soong/.intermediates/system/gsid/gsi_aidl_interface-cpp-source/gen/android/gsi/GsiProgress.cpp
out/soong/.intermediates/system/gsid/gsi_aidl_interface-cpp-source/gen/android/gsi/IGsiService.cpp
out/soong/.intermediates/system/gsid/gsi_aidl_interface-cpp-source/gen/android/gsi/IGsiServiceCallback.cpp
out/soong/.intermediates/system/gsid/gsi_aidl_interface-cpp-source/gen/android/gsi/IImageService.cpp
out/soong/.intermediates/system/gsid/gsi_aidl_interface-cpp-source/gen/android/gsi/IProgressCallback.cpp
out/soong/.intermediates/system/gsid/gsi_aidl_interface-cpp-source/gen/android/gsi/MappedImage.cpp
out/soong/.intermediates/system/gsid/gsi_aidl_interface-cpp-source/gen/include/android/gsi/AvbPublicKey.h
out/soong/.intermediates/system/gsid/gsi_aidl_interface-cpp-source/gen/include/android/gsi/BnAvbPublicKey.h
out/soong/.intermediates/system/gsid/gsi_aidl_interface-cpp-source/gen/include/android/gsi/BnGsiProgress.h
out/soong/.intermediates/system/gsid/gsi_aidl_interface-cpp-source/gen/include/android/gsi/BnGsiService.h
out/soong/.intermediates/system/gsid/gsi_aidl_interface-cpp-source/gen/include/android/gsi/BnGsiServiceCallback.h
out/soong/.intermediates/system/gsid/gsi_aidl_interface-cpp-source/gen/include/android/gsi/BnImageService.h
out/soong/.intermediates/system/gsid/gsi_aidl_interface-cpp-source/gen/include/android/gsi/BnMappedImage.h
out/soong/.intermediates/system/gsid/gsi_aidl_interface-cpp-source/gen/include/android/gsi/BnProgressCallback.h
out/soong/.intermediates/system/gsid/gsi_aidl_interface-cpp-source/gen/include/android/gsi/BpAvbPublicKey.h
out/soong/.intermediates/system/gsid/gsi_aidl_interface-cpp-source/gen/include/android/gsi/BpGsiProgress.h
out/soong/.intermediates/system/gsid/gsi_aidl_interface-cpp-source/gen/include/android/gsi/BpGsiService.h
out/soong/.intermediates/system/gsid/gsi_aidl_interface-cpp-source/gen/include/android/gsi/BpGsiServiceCallback.h
out/soong/.intermediates/system/gsid/gsi_aidl_interface-cpp-source/gen/include/android/gsi/BpImageService.h
out/soong/.intermediates/system/gsid/gsi_aidl_interface-cpp-source/gen/include/android/gsi/BpMappedImage.h
out/soong/.intermediates/system/gsid/gsi_aidl_interface-cpp-source/gen/include/android/gsi/BpProgressCallback.h
out/soong/.intermediates/system/gsid/gsi_aidl_interface-cpp-source/gen/include/android/gsi/GsiProgress.h
out/soong/.intermediates/system/gsid/gsi_aidl_interface-cpp-source/gen/include/android/gsi/IGsiService.h
out/soong/.intermediates/system/gsid/gsi_aidl_interface-cpp-source/gen/include/android/gsi/IGsiServiceCallback.h
out/soong/.intermediates/system/gsid/gsi_aidl_interface-cpp-source/gen/include/android/gsi/IImageService.h
out/soong/.intermediates/system/gsid/gsi_aidl_interface-cpp-source/gen/include/android/gsi/IProgressCallback.h
out/soong/.intermediates/system/gsid/gsi_aidl_interface-cpp-source/gen/include/android/gsi/MappedImage.h