out/soong/.intermediates/frameworks/base/core/java/libdataloader_aidl-cpp/android_x86_x86_64_static/gen/aidl/android/content/pm/BnDataLoader.h
out/soong/.intermediates/frameworks/base/core/java/libdataloader_aidl-cpp/android_x86_x86_64_static/gen/aidl/android/content/pm/BnDataLoaderManager.h
out/soong/.intermediates/frameworks/base/core/java/libdataloader_aidl-cpp/android_x86_x86_64_static/gen/aidl/android/content/pm/BnDataLoaderParamsParcel.h
out/soong/.intermediates/frameworks/base/core/java/libdataloader_aidl-cpp/android_x86_x86_64_static/gen/aidl/android/content/pm/BnDataLoaderStatusListener.h
out/soong/.intermediates/frameworks/base/core/java/libdataloader_aidl-cpp/android_x86_x86_64_static/gen/aidl/android/content/pm/BnDataLoaderType.h
out/soong/.intermediates/frameworks/base/core/java/libdataloader_aidl-cpp/android_x86_x86_64_static/gen/aidl/android/content/pm/BnFileSystemControlParcel.h
out/soong/.intermediates/frameworks/base/core/java/libdataloader_aidl-cpp/android_x86_x86_64_static/gen/aidl/android/content/pm/BnInstallationFileLocation.h
out/soong/.intermediates/frameworks/base/core/java/libdataloader_aidl-cpp/android_x86_x86_64_static/gen/aidl/android/content/pm/BnInstallationFileParcel.h
out/soong/.intermediates/frameworks/base/core/java/libdataloader_aidl-cpp/android_x86_x86_64_static/gen/aidl/android/content/pm/BnPackageInstallerSessionFileSystemConnector.h
out/soong/.intermediates/frameworks/base/core/java/libdataloader_aidl-cpp/android_x86_x86_64_static/gen/aidl/android/content/pm/BpDataLoader.h
out/soong/.intermediates/frameworks/base/core/java/libdataloader_aidl-cpp/android_x86_x86_64_static/gen/aidl/android/content/pm/BpDataLoaderManager.h
out/soong/.intermediates/frameworks/base/core/java/libdataloader_aidl-cpp/android_x86_x86_64_static/gen/aidl/android/content/pm/BpDataLoaderParamsParcel.h
out/soong/.intermediates/frameworks/base/core/java/libdataloader_aidl-cpp/android_x86_x86_64_static/gen/aidl/android/content/pm/BpDataLoaderStatusListener.h
out/soong/.intermediates/frameworks/base/core/java/libdataloader_aidl-cpp/android_x86_x86_64_static/gen/aidl/android/content/pm/BpDataLoaderType.h
out/soong/.intermediates/frameworks/base/core/java/libdataloader_aidl-cpp/android_x86_x86_64_static/gen/aidl/android/content/pm/BpFileSystemControlParcel.h
out/soong/.intermediates/frameworks/base/core/java/libdataloader_aidl-cpp/android_x86_x86_64_static/gen/aidl/android/content/pm/BpInstallationFileLocation.h
out/soong/.intermediates/frameworks/base/core/java/libdataloader_aidl-cpp/android_x86_x86_64_static/gen/aidl/android/content/pm/BpInstallationFileParcel.h
out/soong/.intermediates/frameworks/base/core/java/libdataloader_aidl-cpp/android_x86_x86_64_static/gen/aidl/android/content/pm/BpPackageInstallerSessionFileSystemConnector.h
out/soong/.intermediates/frameworks/base/core/java/libdataloader_aidl-cpp/android_x86_x86_64_static/gen/aidl/android/content/pm/DataLoaderParamsParcel.h
out/soong/.intermediates/frameworks/base/core/java/libdataloader_aidl-cpp/android_x86_x86_64_static/gen/aidl/android/content/pm/DataLoaderType.h
out/soong/.intermediates/frameworks/base/core/java/libdataloader_aidl-cpp/android_x86_x86_64_static/gen/aidl/android/content/pm/FileSystemControlParcel.h
out/soong/.intermediates/frameworks/base/core/java/libdataloader_aidl-cpp/android_x86_x86_64_static/gen/aidl/android/content/pm/IDataLoader.h
out/soong/.intermediates/frameworks/base/core/java/libdataloader_aidl-cpp/android_x86_x86_64_static/gen/aidl/android/content/pm/IDataLoaderManager.h
out/soong/.intermediates/frameworks/base/core/java/libdataloader_aidl-cpp/android_x86_x86_64_static/gen/aidl/android/content/pm/IDataLoaderStatusListener.h
out/soong/.intermediates/frameworks/base/core/java/libdataloader_aidl-cpp/android_x86_x86_64_static/gen/aidl/android/content/pm/IPackageInstallerSessionFileSystemConnector.h
out/soong/.intermediates/frameworks/base/core/java/libdataloader_aidl-cpp/android_x86_x86_64_static/gen/aidl/android/content/pm/InstallationFileLocation.h
out/soong/.intermediates/frameworks/base/core/java/libdataloader_aidl-cpp/android_x86_x86_64_static/gen/aidl/android/content/pm/InstallationFileParcel.h
out/soong/.intermediates/frameworks/base/core/java/libdataloader_aidl-cpp/android_x86_x86_64_static/libdataloader_aidl-cpp.a