out/soong/.intermediates/frameworks/native/libs/binder/libbinder/android_vendor.31_x86_x86_64_shared/gen/aidl/android/content/pm/BnPackageChangeEvent.h
out/soong/.intermediates/frameworks/native/libs/binder/libbinder/android_vendor.31_x86_x86_64_shared/gen/aidl/android/content/pm/BnPackageChangeObserver.h
out/soong/.intermediates/frameworks/native/libs/binder/libbinder/android_vendor.31_x86_x86_64_shared/gen/aidl/android/content/pm/BnPackageManagerNative.h
out/soong/.intermediates/frameworks/native/libs/binder/libbinder/android_vendor.31_x86_x86_64_shared/gen/aidl/android/content/pm/BpPackageChangeEvent.h
out/soong/.intermediates/frameworks/native/libs/binder/libbinder/android_vendor.31_x86_x86_64_shared/gen/aidl/android/content/pm/BpPackageChangeObserver.h
out/soong/.intermediates/frameworks/native/libs/binder/libbinder/android_vendor.31_x86_x86_64_shared/gen/aidl/android/content/pm/BpPackageManagerNative.h
out/soong/.intermediates/frameworks/native/libs/binder/libbinder/android_vendor.31_x86_x86_64_shared/gen/aidl/android/content/pm/IPackageChangeObserver.h
out/soong/.intermediates/frameworks/native/libs/binder/libbinder/android_vendor.31_x86_x86_64_shared/gen/aidl/android/content/pm/IPackageManagerNative.h
out/soong/.intermediates/frameworks/native/libs/binder/libbinder/android_vendor.31_x86_x86_64_shared/gen/aidl/android/content/pm/PackageChangeEvent.h
out/soong/.intermediates/frameworks/native/libs/binder/libbinder/android_vendor.31_x86_x86_64_shared/gen/aidl/android/os/BnClientCallback.h
out/soong/.intermediates/frameworks/native/libs/binder/libbinder/android_vendor.31_x86_x86_64_shared/gen/aidl/android/os/BnServiceCallback.h
out/soong/.intermediates/frameworks/native/libs/binder/libbinder/android_vendor.31_x86_x86_64_shared/gen/aidl/android/os/BnServiceDebugInfo.h
out/soong/.intermediates/frameworks/native/libs/binder/libbinder/android_vendor.31_x86_x86_64_shared/gen/aidl/android/os/BnServiceManager.h
out/soong/.intermediates/frameworks/native/libs/binder/libbinder/android_vendor.31_x86_x86_64_shared/gen/aidl/android/os/BpClientCallback.h
out/soong/.intermediates/frameworks/native/libs/binder/libbinder/android_vendor.31_x86_x86_64_shared/gen/aidl/android/os/BpServiceCallback.h
out/soong/.intermediates/frameworks/native/libs/binder/libbinder/android_vendor.31_x86_x86_64_shared/gen/aidl/android/os/BpServiceDebugInfo.h
out/soong/.intermediates/frameworks/native/libs/binder/libbinder/android_vendor.31_x86_x86_64_shared/gen/aidl/android/os/BpServiceManager.h
out/soong/.intermediates/frameworks/native/libs/binder/libbinder/android_vendor.31_x86_x86_64_shared/gen/aidl/android/os/IClientCallback.h
out/soong/.intermediates/frameworks/native/libs/binder/libbinder/android_vendor.31_x86_x86_64_shared/gen/aidl/android/os/IServiceCallback.h
out/soong/.intermediates/frameworks/native/libs/binder/libbinder/android_vendor.31_x86_x86_64_shared/gen/aidl/android/os/IServiceManager.h
out/soong/.intermediates/frameworks/native/libs/binder/libbinder/android_vendor.31_x86_x86_64_shared/gen/aidl/android/os/ServiceDebugInfo.h
out/soong/.intermediates/frameworks/native/libs/binder/libbinder/android_vendor.31_x86_x86_64_shared/libbinder.so
out/soong/.intermediates/frameworks/native/libs/binder/libbinder/android_vendor.31_x86_x86_64_shared/libbinder.so.toc