out/soong/.intermediates/frameworks/native/libs/input/libinput/android_x86_x86_64_static/gen/aidl/android/BnFocusRequest.h
out/soong/.intermediates/frameworks/native/libs/input/libinput/android_x86_x86_64_static/gen/aidl/android/BnInputApplicationInfo.h
out/soong/.intermediates/frameworks/native/libs/input/libinput/android_x86_x86_64_static/gen/aidl/android/BpFocusRequest.h
out/soong/.intermediates/frameworks/native/libs/input/libinput/android_x86_x86_64_static/gen/aidl/android/BpInputApplicationInfo.h
out/soong/.intermediates/frameworks/native/libs/input/libinput/android_x86_x86_64_static/gen/aidl/android/FocusRequest.h
out/soong/.intermediates/frameworks/native/libs/input/libinput/android_x86_x86_64_static/gen/aidl/android/InputApplicationInfo.h
out/soong/.intermediates/frameworks/native/libs/input/libinput/android_x86_x86_64_static/gen/aidl/android/os/BlockUntrustedTouchesMode.h
out/soong/.intermediates/frameworks/native/libs/input/libinput/android_x86_x86_64_static/gen/aidl/android/os/BnBlockUntrustedTouchesMode.h
out/soong/.intermediates/frameworks/native/libs/input/libinput/android_x86_x86_64_static/gen/aidl/android/os/BnInputConstants.h
out/soong/.intermediates/frameworks/native/libs/input/libinput/android_x86_x86_64_static/gen/aidl/android/os/BnInputEventInjectionResult.h
out/soong/.intermediates/frameworks/native/libs/input/libinput/android_x86_x86_64_static/gen/aidl/android/os/BnInputEventInjectionSync.h
out/soong/.intermediates/frameworks/native/libs/input/libinput/android_x86_x86_64_static/gen/aidl/android/os/BnInputFlinger.h
out/soong/.intermediates/frameworks/native/libs/input/libinput/android_x86_x86_64_static/gen/aidl/android/os/BnSetInputWindowsListener.h
out/soong/.intermediates/frameworks/native/libs/input/libinput/android_x86_x86_64_static/gen/aidl/android/os/BnTouchOcclusionMode.h
out/soong/.intermediates/frameworks/native/libs/input/libinput/android_x86_x86_64_static/gen/aidl/android/os/BpBlockUntrustedTouchesMode.h
out/soong/.intermediates/frameworks/native/libs/input/libinput/android_x86_x86_64_static/gen/aidl/android/os/BpInputConstants.h
out/soong/.intermediates/frameworks/native/libs/input/libinput/android_x86_x86_64_static/gen/aidl/android/os/BpInputEventInjectionResult.h
out/soong/.intermediates/frameworks/native/libs/input/libinput/android_x86_x86_64_static/gen/aidl/android/os/BpInputEventInjectionSync.h
out/soong/.intermediates/frameworks/native/libs/input/libinput/android_x86_x86_64_static/gen/aidl/android/os/BpInputFlinger.h
out/soong/.intermediates/frameworks/native/libs/input/libinput/android_x86_x86_64_static/gen/aidl/android/os/BpSetInputWindowsListener.h
out/soong/.intermediates/frameworks/native/libs/input/libinput/android_x86_x86_64_static/gen/aidl/android/os/BpTouchOcclusionMode.h
out/soong/.intermediates/frameworks/native/libs/input/libinput/android_x86_x86_64_static/gen/aidl/android/os/IInputConstants.h
out/soong/.intermediates/frameworks/native/libs/input/libinput/android_x86_x86_64_static/gen/aidl/android/os/IInputFlinger.h
out/soong/.intermediates/frameworks/native/libs/input/libinput/android_x86_x86_64_static/gen/aidl/android/os/ISetInputWindowsListener.h
out/soong/.intermediates/frameworks/native/libs/input/libinput/android_x86_x86_64_static/gen/aidl/android/os/InputEventInjectionResult.h
out/soong/.intermediates/frameworks/native/libs/input/libinput/android_x86_x86_64_static/gen/aidl/android/os/InputEventInjectionSync.h
out/soong/.intermediates/frameworks/native/libs/input/libinput/android_x86_x86_64_static/gen/aidl/android/os/TouchOcclusionMode.h
out/soong/.intermediates/frameworks/native/libs/input/libinput/android_x86_x86_64_static/obj/.intermediates/frameworks/native/libs/input/libinput/android_x86_x86_64_static/gen/aidl/android/FocusRequest.o
out/soong/.intermediates/frameworks/native/libs/input/libinput/android_x86_x86_64_static/obj/.intermediates/frameworks/native/libs/input/libinput/android_x86_x86_64_static/gen/aidl/android/InputApplicationInfo.o
out/soong/.intermediates/frameworks/native/libs/input/libinput/android_x86_x86_64_static/obj/.intermediates/frameworks/native/libs/input/libinput/android_x86_x86_64_static/gen/aidl/android/os/BlockUntrustedTouchesMode.o
out/soong/.intermediates/frameworks/native/libs/input/libinput/android_x86_x86_64_static/obj/.intermediates/frameworks/native/libs/input/libinput/android_x86_x86_64_static/gen/aidl/android/os/IInputConstants.o
out/soong/.intermediates/frameworks/native/libs/input/libinput/android_x86_x86_64_static/obj/.intermediates/frameworks/native/libs/input/libinput/android_x86_x86_64_static/gen/aidl/android/os/IInputFlinger.o
out/soong/.intermediates/frameworks/native/libs/input/libinput/android_x86_x86_64_static/obj/.intermediates/frameworks/native/libs/input/libinput/android_x86_x86_64_static/gen/aidl/android/os/ISetInputWindowsListener.o
out/soong/.intermediates/frameworks/native/libs/input/libinput/android_x86_x86_64_static/obj/.intermediates/frameworks/native/libs/input/libinput/android_x86_x86_64_static/gen/aidl/android/os/InputEventInjectionResult.o
out/soong/.intermediates/frameworks/native/libs/input/libinput/android_x86_x86_64_static/obj/.intermediates/frameworks/native/libs/input/libinput/android_x86_x86_64_static/gen/aidl/android/os/InputEventInjectionSync.o
out/soong/.intermediates/frameworks/native/libs/input/libinput/android_x86_x86_64_static/obj/.intermediates/frameworks/native/libs/input/libinput/android_x86_x86_64_static/gen/aidl/android/os/TouchOcclusionMode.o
out/soong/.intermediates/frameworks/native/libs/input/libinput/android_x86_x86_64_static/obj/frameworks/native/libs/input/Input.o
out/soong/.intermediates/frameworks/native/libs/input/libinput/android_x86_x86_64_static/obj/frameworks/native/libs/input/InputDevice.o
out/soong/.intermediates/frameworks/native/libs/input/libinput/android_x86_x86_64_static/obj/frameworks/native/libs/input/InputEventLabels.o
out/soong/.intermediates/frameworks/native/libs/input/libinput/android_x86_x86_64_static/obj/frameworks/native/libs/input/InputTransport.o
out/soong/.intermediates/frameworks/native/libs/input/libinput/android_x86_x86_64_static/obj/frameworks/native/libs/input/InputWindow.o
out/soong/.intermediates/frameworks/native/libs/input/libinput/android_x86_x86_64_static/obj/frameworks/native/libs/input/KeyCharacterMap.o
out/soong/.intermediates/frameworks/native/libs/input/libinput/android_x86_x86_64_static/obj/frameworks/native/libs/input/KeyLayoutMap.o
out/soong/.intermediates/frameworks/native/libs/input/libinput/android_x86_x86_64_static/obj/frameworks/native/libs/input/Keyboard.o
out/soong/.intermediates/frameworks/native/libs/input/libinput/android_x86_x86_64_static/obj/frameworks/native/libs/input/PropertyMap.o
out/soong/.intermediates/frameworks/native/libs/input/libinput/android_x86_x86_64_static/obj/frameworks/native/libs/input/TouchVideoFrame.o
out/soong/.intermediates/frameworks/native/libs/input/libinput/android_x86_x86_64_static/obj/frameworks/native/libs/input/VelocityControl.o
out/soong/.intermediates/frameworks/native/libs/input/libinput/android_x86_x86_64_static/obj/frameworks/native/libs/input/VelocityTracker.o
out/soong/.intermediates/frameworks/native/libs/input/libinput/android_x86_x86_64_static/obj/frameworks/native/libs/input/VirtualKeyMap.o