out/soong/.intermediates/frameworks/av/media/libaudioclient/audioclient-types-aidl-cpp/android_x86_64_static/obj/.intermediates/frameworks/av/media/libaudioclient/audioclient-types-aidl-cpp-source/gen/android/media/AudioAttributesInternal.o
out/soong/.intermediates/frameworks/av/media/libaudioclient/audioclient-types-aidl-cpp/android_x86_64_static/obj/.intermediates/frameworks/av/media/libaudioclient/audioclient-types-aidl-cpp-source/gen/android/media/AudioAttributesInternal.tidy
out/soong/.intermediates/frameworks/av/media/libaudioclient/audioclient-types-aidl-cpp/android_x86_64_static/obj/.intermediates/frameworks/av/media/libaudioclient/audioclient-types-aidl-cpp-source/gen/android/media/AudioClient.o
out/soong/.intermediates/frameworks/av/media/libaudioclient/audioclient-types-aidl-cpp/android_x86_64_static/obj/.intermediates/frameworks/av/media/libaudioclient/audioclient-types-aidl-cpp-source/gen/android/media/AudioClient.tidy
out/soong/.intermediates/frameworks/av/media/libaudioclient/audioclient-types-aidl-cpp/android_x86_64_static/obj/.intermediates/frameworks/av/media/libaudioclient/audioclient-types-aidl-cpp-source/gen/android/media/AudioConfig.o
out/soong/.intermediates/frameworks/av/media/libaudioclient/audioclient-types-aidl-cpp/android_x86_64_static/obj/.intermediates/frameworks/av/media/libaudioclient/audioclient-types-aidl-cpp-source/gen/android/media/AudioConfig.tidy
out/soong/.intermediates/frameworks/av/media/libaudioclient/audioclient-types-aidl-cpp/android_x86_64_static/obj/.intermediates/frameworks/av/media/libaudioclient/audioclient-types-aidl-cpp-source/gen/android/media/AudioConfigBase.o
out/soong/.intermediates/frameworks/av/media/libaudioclient/audioclient-types-aidl-cpp/android_x86_64_static/obj/.intermediates/frameworks/av/media/libaudioclient/audioclient-types-aidl-cpp-source/gen/android/media/AudioConfigBase.tidy
out/soong/.intermediates/frameworks/av/media/libaudioclient/audioclient-types-aidl-cpp/android_x86_64_static/obj/.intermediates/frameworks/av/media/libaudioclient/audioclient-types-aidl-cpp-source/gen/android/media/AudioContentType.o
out/soong/.intermediates/frameworks/av/media/libaudioclient/audioclient-types-aidl-cpp/android_x86_64_static/obj/.intermediates/frameworks/av/media/libaudioclient/audioclient-types-aidl-cpp-source/gen/android/media/AudioContentType.tidy
out/soong/.intermediates/frameworks/av/media/libaudioclient/audioclient-types-aidl-cpp/android_x86_64_static/obj/.intermediates/frameworks/av/media/libaudioclient/audioclient-types-aidl-cpp-source/gen/android/media/AudioDevice.o
out/soong/.intermediates/frameworks/av/media/libaudioclient/audioclient-types-aidl-cpp/android_x86_64_static/obj/.intermediates/frameworks/av/media/libaudioclient/audioclient-types-aidl-cpp-source/gen/android/media/AudioDevice.tidy
out/soong/.intermediates/frameworks/av/media/libaudioclient/audioclient-types-aidl-cpp/android_x86_64_static/obj/.intermediates/frameworks/av/media/libaudioclient/audioclient-types-aidl-cpp-source/gen/android/media/AudioDualMonoMode.o
out/soong/.intermediates/frameworks/av/media/libaudioclient/audioclient-types-aidl-cpp/android_x86_64_static/obj/.intermediates/frameworks/av/media/libaudioclient/audioclient-types-aidl-cpp-source/gen/android/media/AudioDualMonoMode.tidy
out/soong/.intermediates/frameworks/av/media/libaudioclient/audioclient-types-aidl-cpp/android_x86_64_static/obj/.intermediates/frameworks/av/media/libaudioclient/audioclient-types-aidl-cpp-source/gen/android/media/AudioEncapsulationMetadataType.o
out/soong/.intermediates/frameworks/av/media/libaudioclient/audioclient-types-aidl-cpp/android_x86_64_static/obj/.intermediates/frameworks/av/media/libaudioclient/audioclient-types-aidl-cpp-source/gen/android/media/AudioEncapsulationMetadataType.tidy
out/soong/.intermediates/frameworks/av/media/libaudioclient/audioclient-types-aidl-cpp/android_x86_64_static/obj/.intermediates/frameworks/av/media/libaudioclient/audioclient-types-aidl-cpp-source/gen/android/media/AudioEncapsulationMode.o
out/soong/.intermediates/frameworks/av/media/libaudioclient/audioclient-types-aidl-cpp/android_x86_64_static/obj/.intermediates/frameworks/av/media/libaudioclient/audioclient-types-aidl-cpp-source/gen/android/media/AudioEncapsulationMode.tidy
out/soong/.intermediates/frameworks/av/media/libaudioclient/audioclient-types-aidl-cpp/android_x86_64_static/obj/.intermediates/frameworks/av/media/libaudioclient/audioclient-types-aidl-cpp-source/gen/android/media/AudioEncapsulationType.o
out/soong/.intermediates/frameworks/av/media/libaudioclient/audioclient-types-aidl-cpp/android_x86_64_static/obj/.intermediates/frameworks/av/media/libaudioclient/audioclient-types-aidl-cpp-source/gen/android/media/AudioEncapsulationType.tidy
out/soong/.intermediates/frameworks/av/media/libaudioclient/audioclient-types-aidl-cpp/android_x86_64_static/obj/.intermediates/frameworks/av/media/libaudioclient/audioclient-types-aidl-cpp-source/gen/android/media/AudioFlag.o
out/soong/.intermediates/frameworks/av/media/libaudioclient/audioclient-types-aidl-cpp/android_x86_64_static/obj/.intermediates/frameworks/av/media/libaudioclient/audioclient-types-aidl-cpp-source/gen/android/media/AudioFlag.tidy
out/soong/.intermediates/frameworks/av/media/libaudioclient/audioclient-types-aidl-cpp/android_x86_64_static/obj/.intermediates/frameworks/av/media/libaudioclient/audioclient-types-aidl-cpp-source/gen/android/media/AudioGain.o
out/soong/.intermediates/frameworks/av/media/libaudioclient/audioclient-types-aidl-cpp/android_x86_64_static/obj/.intermediates/frameworks/av/media/libaudioclient/audioclient-types-aidl-cpp-source/gen/android/media/AudioGain.tidy
out/soong/.intermediates/frameworks/av/media/libaudioclient/audioclient-types-aidl-cpp/android_x86_64_static/obj/.intermediates/frameworks/av/media/libaudioclient/audioclient-types-aidl-cpp-source/gen/android/media/AudioGainConfig.o
out/soong/.intermediates/frameworks/av/media/libaudioclient/audioclient-types-aidl-cpp/android_x86_64_static/obj/.intermediates/frameworks/av/media/libaudioclient/audioclient-types-aidl-cpp-source/gen/android/media/AudioGainConfig.tidy
out/soong/.intermediates/frameworks/av/media/libaudioclient/audioclient-types-aidl-cpp/android_x86_64_static/obj/.intermediates/frameworks/av/media/libaudioclient/audioclient-types-aidl-cpp-source/gen/android/media/AudioGainMode.o
out/soong/.intermediates/frameworks/av/media/libaudioclient/audioclient-types-aidl-cpp/android_x86_64_static/obj/.intermediates/frameworks/av/media/libaudioclient/audioclient-types-aidl-cpp-source/gen/android/media/AudioGainMode.tidy
out/soong/.intermediates/frameworks/av/media/libaudioclient/audioclient-types-aidl-cpp/android_x86_64_static/obj/.intermediates/frameworks/av/media/libaudioclient/audioclient-types-aidl-cpp-source/gen/android/media/AudioInputFlags.o
out/soong/.intermediates/frameworks/av/media/libaudioclient/audioclient-types-aidl-cpp/android_x86_64_static/obj/.intermediates/frameworks/av/media/libaudioclient/audioclient-types-aidl-cpp-source/gen/android/media/AudioInputFlags.tidy
out/soong/.intermediates/frameworks/av/media/libaudioclient/audioclient-types-aidl-cpp/android_x86_64_static/obj/.intermediates/frameworks/av/media/libaudioclient/audioclient-types-aidl-cpp-source/gen/android/media/AudioIoConfigEvent.o
out/soong/.intermediates/frameworks/av/media/libaudioclient/audioclient-types-aidl-cpp/android_x86_64_static/obj/.intermediates/frameworks/av/media/libaudioclient/audioclient-types-aidl-cpp-source/gen/android/media/AudioIoConfigEvent.tidy
out/soong/.intermediates/frameworks/av/media/libaudioclient/audioclient-types-aidl-cpp/android_x86_64_static/obj/.intermediates/frameworks/av/media/libaudioclient/audioclient-types-aidl-cpp-source/gen/android/media/AudioIoDescriptor.o
out/soong/.intermediates/frameworks/av/media/libaudioclient/audioclient-types-aidl-cpp/android_x86_64_static/obj/.intermediates/frameworks/av/media/libaudioclient/audioclient-types-aidl-cpp-source/gen/android/media/AudioIoDescriptor.tidy
out/soong/.intermediates/frameworks/av/media/libaudioclient/audioclient-types-aidl-cpp/android_x86_64_static/obj/.intermediates/frameworks/av/media/libaudioclient/audioclient-types-aidl-cpp-source/gen/android/media/AudioIoFlags.o
out/soong/.intermediates/frameworks/av/media/libaudioclient/audioclient-types-aidl-cpp/android_x86_64_static/obj/.intermediates/frameworks/av/media/libaudioclient/audioclient-types-aidl-cpp-source/gen/android/media/AudioIoFlags.tidy
out/soong/.intermediates/frameworks/av/media/libaudioclient/audioclient-types-aidl-cpp/android_x86_64_static/obj/.intermediates/frameworks/av/media/libaudioclient/audioclient-types-aidl-cpp-source/gen/android/media/AudioMixLatencyClass.o
out/soong/.intermediates/frameworks/av/media/libaudioclient/audioclient-types-aidl-cpp/android_x86_64_static/obj/.intermediates/frameworks/av/media/libaudioclient/audioclient-types-aidl-cpp-source/gen/android/media/AudioMixLatencyClass.tidy
out/soong/.intermediates/frameworks/av/media/libaudioclient/audioclient-types-aidl-cpp/android_x86_64_static/obj/.intermediates/frameworks/av/media/libaudioclient/audioclient-types-aidl-cpp-source/gen/android/media/AudioMode.o
out/soong/.intermediates/frameworks/av/media/libaudioclient/audioclient-types-aidl-cpp/android_x86_64_static/obj/.intermediates/frameworks/av/media/libaudioclient/audioclient-types-aidl-cpp-source/gen/android/media/AudioMode.tidy
out/soong/.intermediates/frameworks/av/media/libaudioclient/audioclient-types-aidl-cpp/android_x86_64_static/obj/.intermediates/frameworks/av/media/libaudioclient/audioclient-types-aidl-cpp-source/gen/android/media/AudioOffloadInfo.o
out/soong/.intermediates/frameworks/av/media/libaudioclient/audioclient-types-aidl-cpp/android_x86_64_static/obj/.intermediates/frameworks/av/media/libaudioclient/audioclient-types-aidl-cpp-source/gen/android/media/AudioOffloadInfo.tidy
out/soong/.intermediates/frameworks/av/media/libaudioclient/audioclient-types-aidl-cpp/android_x86_64_static/obj/.intermediates/frameworks/av/media/libaudioclient/audioclient-types-aidl-cpp-source/gen/android/media/AudioOutputFlags.o
out/soong/.intermediates/frameworks/av/media/libaudioclient/audioclient-types-aidl-cpp/android_x86_64_static/obj/.intermediates/frameworks/av/media/libaudioclient/audioclient-types-aidl-cpp-source/gen/android/media/AudioOutputFlags.tidy
out/soong/.intermediates/frameworks/av/media/libaudioclient/audioclient-types-aidl-cpp/android_x86_64_static/obj/.intermediates/frameworks/av/media/libaudioclient/audioclient-types-aidl-cpp-source/gen/android/media/AudioPatch.o
out/soong/.intermediates/frameworks/av/media/libaudioclient/audioclient-types-aidl-cpp/android_x86_64_static/obj/.intermediates/frameworks/av/media/libaudioclient/audioclient-types-aidl-cpp-source/gen/android/media/AudioPatch.tidy
out/soong/.intermediates/frameworks/av/media/libaudioclient/audioclient-types-aidl-cpp/android_x86_64_static/obj/.intermediates/frameworks/av/media/libaudioclient/audioclient-types-aidl-cpp-source/gen/android/media/AudioPlaybackRate.o
out/soong/.intermediates/frameworks/av/media/libaudioclient/audioclient-types-aidl-cpp/android_x86_64_static/obj/.intermediates/frameworks/av/media/libaudioclient/audioclient-types-aidl-cpp-source/gen/android/media/AudioPlaybackRate.tidy
out/soong/.intermediates/frameworks/av/media/libaudioclient/audioclient-types-aidl-cpp/android_x86_64_static/obj/.intermediates/frameworks/av/media/libaudioclient/audioclient-types-aidl-cpp-source/gen/android/media/AudioPort.o
out/soong/.intermediates/frameworks/av/media/libaudioclient/audioclient-types-aidl-cpp/android_x86_64_static/obj/.intermediates/frameworks/av/media/libaudioclient/audioclient-types-aidl-cpp-source/gen/android/media/AudioPort.tidy
out/soong/.intermediates/frameworks/av/media/libaudioclient/audioclient-types-aidl-cpp/android_x86_64_static/obj/.intermediates/frameworks/av/media/libaudioclient/audioclient-types-aidl-cpp-source/gen/android/media/AudioPortConfig.o
out/soong/.intermediates/frameworks/av/media/libaudioclient/audioclient-types-aidl-cpp/android_x86_64_static/obj/.intermediates/frameworks/av/media/libaudioclient/audioclient-types-aidl-cpp-source/gen/android/media/AudioPortConfig.tidy
out/soong/.intermediates/frameworks/av/media/libaudioclient/audioclient-types-aidl-cpp/android_x86_64_static/obj/.intermediates/frameworks/av/media/libaudioclient/audioclient-types-aidl-cpp-source/gen/android/media/AudioPortConfigDeviceExt.o
out/soong/.intermediates/frameworks/av/media/libaudioclient/audioclient-types-aidl-cpp/android_x86_64_static/obj/.intermediates/frameworks/av/media/libaudioclient/audioclient-types-aidl-cpp-source/gen/android/media/AudioPortConfigDeviceExt.tidy
out/soong/.intermediates/frameworks/av/media/libaudioclient/audioclient-types-aidl-cpp/android_x86_64_static/obj/.intermediates/frameworks/av/media/libaudioclient/audioclient-types-aidl-cpp-source/gen/android/media/AudioPortConfigExt.o
out/soong/.intermediates/frameworks/av/media/libaudioclient/audioclient-types-aidl-cpp/android_x86_64_static/obj/.intermediates/frameworks/av/media/libaudioclient/audioclient-types-aidl-cpp-source/gen/android/media/AudioPortConfigExt.tidy
out/soong/.intermediates/frameworks/av/media/libaudioclient/audioclient-types-aidl-cpp/android_x86_64_static/obj/.intermediates/frameworks/av/media/libaudioclient/audioclient-types-aidl-cpp-source/gen/android/media/AudioPortConfigMixExt.o
out/soong/.intermediates/frameworks/av/media/libaudioclient/audioclient-types-aidl-cpp/android_x86_64_static/obj/.intermediates/frameworks/av/media/libaudioclient/audioclient-types-aidl-cpp-source/gen/android/media/AudioPortConfigMixExt.tidy
out/soong/.intermediates/frameworks/av/media/libaudioclient/audioclient-types-aidl-cpp/android_x86_64_static/obj/.intermediates/frameworks/av/media/libaudioclient/audioclient-types-aidl-cpp-source/gen/android/media/AudioPortConfigMixExtUseCase.o
out/soong/.intermediates/frameworks/av/media/libaudioclient/audioclient-types-aidl-cpp/android_x86_64_static/obj/.intermediates/frameworks/av/media/libaudioclient/audioclient-types-aidl-cpp-source/gen/android/media/AudioPortConfigMixExtUseCase.tidy
out/soong/.intermediates/frameworks/av/media/libaudioclient/audioclient-types-aidl-cpp/android_x86_64_static/obj/.intermediates/frameworks/av/media/libaudioclient/audioclient-types-aidl-cpp-source/gen/android/media/AudioPortConfigSessionExt.o
out/soong/.intermediates/frameworks/av/media/libaudioclient/audioclient-types-aidl-cpp/android_x86_64_static/obj/.intermediates/frameworks/av/media/libaudioclient/audioclient-types-aidl-cpp-source/gen/android/media/AudioPortConfigSessionExt.tidy
out/soong/.intermediates/frameworks/av/media/libaudioclient/audioclient-types-aidl-cpp/android_x86_64_static/obj/.intermediates/frameworks/av/media/libaudioclient/audioclient-types-aidl-cpp-source/gen/android/media/AudioPortConfigType.o
out/soong/.intermediates/frameworks/av/media/libaudioclient/audioclient-types-aidl-cpp/android_x86_64_static/obj/.intermediates/frameworks/av/media/libaudioclient/audioclient-types-aidl-cpp-source/gen/android/media/AudioPortConfigType.tidy
out/soong/.intermediates/frameworks/av/media/libaudioclient/audioclient-types-aidl-cpp/android_x86_64_static/obj/.intermediates/frameworks/av/media/libaudioclient/audioclient-types-aidl-cpp-source/gen/android/media/AudioPortDeviceExt.o
out/soong/.intermediates/frameworks/av/media/libaudioclient/audioclient-types-aidl-cpp/android_x86_64_static/obj/.intermediates/frameworks/av/media/libaudioclient/audioclient-types-aidl-cpp-source/gen/android/media/AudioPortDeviceExt.tidy
out/soong/.intermediates/frameworks/av/media/libaudioclient/audioclient-types-aidl-cpp/android_x86_64_static/obj/.intermediates/frameworks/av/media/libaudioclient/audioclient-types-aidl-cpp-source/gen/android/media/AudioPortExt.o
out/soong/.intermediates/frameworks/av/media/libaudioclient/audioclient-types-aidl-cpp/android_x86_64_static/obj/.intermediates/frameworks/av/media/libaudioclient/audioclient-types-aidl-cpp-source/gen/android/media/AudioPortExt.tidy
out/soong/.intermediates/frameworks/av/media/libaudioclient/audioclient-types-aidl-cpp/android_x86_64_static/obj/.intermediates/frameworks/av/media/libaudioclient/audioclient-types-aidl-cpp-source/gen/android/media/AudioPortMixExt.o
out/soong/.intermediates/frameworks/av/media/libaudioclient/audioclient-types-aidl-cpp/android_x86_64_static/obj/.intermediates/frameworks/av/media/libaudioclient/audioclient-types-aidl-cpp-source/gen/android/media/AudioPortMixExt.tidy
out/soong/.intermediates/frameworks/av/media/libaudioclient/audioclient-types-aidl-cpp/android_x86_64_static/obj/.intermediates/frameworks/av/media/libaudioclient/audioclient-types-aidl-cpp-source/gen/android/media/AudioPortRole.o
out/soong/.intermediates/frameworks/av/media/libaudioclient/audioclient-types-aidl-cpp/android_x86_64_static/obj/.intermediates/frameworks/av/media/libaudioclient/audioclient-types-aidl-cpp-source/gen/android/media/AudioPortRole.tidy
out/soong/.intermediates/frameworks/av/media/libaudioclient/audioclient-types-aidl-cpp/android_x86_64_static/obj/.intermediates/frameworks/av/media/libaudioclient/audioclient-types-aidl-cpp-source/gen/android/media/AudioPortSessionExt.o
out/soong/.intermediates/frameworks/av/media/libaudioclient/audioclient-types-aidl-cpp/android_x86_64_static/obj/.intermediates/frameworks/av/media/libaudioclient/audioclient-types-aidl-cpp-source/gen/android/media/AudioPortSessionExt.tidy
out/soong/.intermediates/frameworks/av/media/libaudioclient/audioclient-types-aidl-cpp/android_x86_64_static/obj/.intermediates/frameworks/av/media/libaudioclient/audioclient-types-aidl-cpp-source/gen/android/media/AudioPortType.o
out/soong/.intermediates/frameworks/av/media/libaudioclient/audioclient-types-aidl-cpp/android_x86_64_static/obj/.intermediates/frameworks/av/media/libaudioclient/audioclient-types-aidl-cpp-source/gen/android/media/AudioPortType.tidy
out/soong/.intermediates/frameworks/av/media/libaudioclient/audioclient-types-aidl-cpp/android_x86_64_static/obj/.intermediates/frameworks/av/media/libaudioclient/audioclient-types-aidl-cpp-source/gen/android/media/AudioProfile.o
out/soong/.intermediates/frameworks/av/media/libaudioclient/audioclient-types-aidl-cpp/android_x86_64_static/obj/.intermediates/frameworks/av/media/libaudioclient/audioclient-types-aidl-cpp-source/gen/android/media/AudioProfile.tidy
out/soong/.intermediates/frameworks/av/media/libaudioclient/audioclient-types-aidl-cpp/android_x86_64_static/obj/.intermediates/frameworks/av/media/libaudioclient/audioclient-types-aidl-cpp-source/gen/android/media/AudioSourceType.o
out/soong/.intermediates/frameworks/av/media/libaudioclient/audioclient-types-aidl-cpp/android_x86_64_static/obj/.intermediates/frameworks/av/media/libaudioclient/audioclient-types-aidl-cpp-source/gen/android/media/AudioSourceType.tidy
out/soong/.intermediates/frameworks/av/media/libaudioclient/audioclient-types-aidl-cpp/android_x86_64_static/obj/.intermediates/frameworks/av/media/libaudioclient/audioclient-types-aidl-cpp-source/gen/android/media/AudioStandard.o
out/soong/.intermediates/frameworks/av/media/libaudioclient/audioclient-types-aidl-cpp/android_x86_64_static/obj/.intermediates/frameworks/av/media/libaudioclient/audioclient-types-aidl-cpp-source/gen/android/media/AudioStandard.tidy
out/soong/.intermediates/frameworks/av/media/libaudioclient/audioclient-types-aidl-cpp/android_x86_64_static/obj/.intermediates/frameworks/av/media/libaudioclient/audioclient-types-aidl-cpp-source/gen/android/media/AudioStreamType.o
out/soong/.intermediates/frameworks/av/media/libaudioclient/audioclient-types-aidl-cpp/android_x86_64_static/obj/.intermediates/frameworks/av/media/libaudioclient/audioclient-types-aidl-cpp-source/gen/android/media/AudioStreamType.tidy
out/soong/.intermediates/frameworks/av/media/libaudioclient/audioclient-types-aidl-cpp/android_x86_64_static/obj/.intermediates/frameworks/av/media/libaudioclient/audioclient-types-aidl-cpp-source/gen/android/media/AudioTimestampInternal.o
out/soong/.intermediates/frameworks/av/media/libaudioclient/audioclient-types-aidl-cpp/android_x86_64_static/obj/.intermediates/frameworks/av/media/libaudioclient/audioclient-types-aidl-cpp-source/gen/android/media/AudioTimestampInternal.tidy
out/soong/.intermediates/frameworks/av/media/libaudioclient/audioclient-types-aidl-cpp/android_x86_64_static/obj/.intermediates/frameworks/av/media/libaudioclient/audioclient-types-aidl-cpp-source/gen/android/media/AudioUniqueIdUse.o
out/soong/.intermediates/frameworks/av/media/libaudioclient/audioclient-types-aidl-cpp/android_x86_64_static/obj/.intermediates/frameworks/av/media/libaudioclient/audioclient-types-aidl-cpp-source/gen/android/media/AudioUniqueIdUse.tidy
out/soong/.intermediates/frameworks/av/media/libaudioclient/audioclient-types-aidl-cpp/android_x86_64_static/obj/.intermediates/frameworks/av/media/libaudioclient/audioclient-types-aidl-cpp-source/gen/android/media/AudioUsage.o
out/soong/.intermediates/frameworks/av/media/libaudioclient/audioclient-types-aidl-cpp/android_x86_64_static/obj/.intermediates/frameworks/av/media/libaudioclient/audioclient-types-aidl-cpp-source/gen/android/media/AudioUsage.tidy
out/soong/.intermediates/frameworks/av/media/libaudioclient/audioclient-types-aidl-cpp/android_x86_64_static/obj/.intermediates/frameworks/av/media/libaudioclient/audioclient-types-aidl-cpp-source/gen/android/media/AudioUuid.o
out/soong/.intermediates/frameworks/av/media/libaudioclient/audioclient-types-aidl-cpp/android_x86_64_static/obj/.intermediates/frameworks/av/media/libaudioclient/audioclient-types-aidl-cpp-source/gen/android/media/AudioUuid.tidy
out/soong/.intermediates/frameworks/av/media/libaudioclient/audioclient-types-aidl-cpp/android_x86_64_static/obj/.intermediates/frameworks/av/media/libaudioclient/audioclient-types-aidl-cpp-source/gen/android/media/AudioVibratorInfo.o
out/soong/.intermediates/frameworks/av/media/libaudioclient/audioclient-types-aidl-cpp/android_x86_64_static/obj/.intermediates/frameworks/av/media/libaudioclient/audioclient-types-aidl-cpp-source/gen/android/media/AudioVibratorInfo.tidy
out/soong/.intermediates/frameworks/av/media/libaudioclient/audioclient-types-aidl-cpp/android_x86_64_static/obj/.intermediates/frameworks/av/media/libaudioclient/audioclient-types-aidl-cpp-source/gen/android/media/EffectDescriptor.o
out/soong/.intermediates/frameworks/av/media/libaudioclient/audioclient-types-aidl-cpp/android_x86_64_static/obj/.intermediates/frameworks/av/media/libaudioclient/audioclient-types-aidl-cpp-source/gen/android/media/EffectDescriptor.tidy
out/soong/.intermediates/frameworks/av/media/libaudioclient/audioclient-types-aidl-cpp/android_x86_64_static/obj/.intermediates/frameworks/av/media/libaudioclient/audioclient-types-aidl-cpp-source/gen/android/media/ExtraAudioDescriptor.o
out/soong/.intermediates/frameworks/av/media/libaudioclient/audioclient-types-aidl-cpp/android_x86_64_static/obj/.intermediates/frameworks/av/media/libaudioclient/audioclient-types-aidl-cpp-source/gen/android/media/ExtraAudioDescriptor.tidy
out/soong/.intermediates/frameworks/av/media/libaudioclient/audioclient-types-aidl-cpp/android_x86_64_static/obj/.intermediates/frameworks/av/media/libaudioclient/audioclient-types-aidl-cpp-source/gen/android/media/TrackSecondaryOutputInfo.o
out/soong/.intermediates/frameworks/av/media/libaudioclient/audioclient-types-aidl-cpp/android_x86_64_static/obj/.intermediates/frameworks/av/media/libaudioclient/audioclient-types-aidl-cpp-source/gen/android/media/TrackSecondaryOutputInfo.tidy