out/soong/.intermediates/frameworks/native/libs/gui/libgui_aidl_static/android_vendor.31_x86_x86_64_static/gen/aidl/android/gui/BnDisplayBrightness.h
out/soong/.intermediates/frameworks/native/libs/gui/libgui_aidl_static/android_vendor.31_x86_x86_64_static/gen/aidl/android/gui/BnFpsListener.h
out/soong/.intermediates/frameworks/native/libs/gui/libgui_aidl_static/android_vendor.31_x86_x86_64_static/gen/aidl/android/gui/BnHdrLayerInfoListener.h
out/soong/.intermediates/frameworks/native/libs/gui/libgui_aidl_static/android_vendor.31_x86_x86_64_static/gen/aidl/android/gui/BnScreenCaptureListener.h
out/soong/.intermediates/frameworks/native/libs/gui/libgui_aidl_static/android_vendor.31_x86_x86_64_static/gen/aidl/android/gui/BnScreenCaptureResults.h
out/soong/.intermediates/frameworks/native/libs/gui/libgui_aidl_static/android_vendor.31_x86_x86_64_static/gen/aidl/android/gui/BnTransactionTraceListener.h
out/soong/.intermediates/frameworks/native/libs/gui/libgui_aidl_static/android_vendor.31_x86_x86_64_static/gen/aidl/android/gui/BnTunnelModeEnabledListener.h
out/soong/.intermediates/frameworks/native/libs/gui/libgui_aidl_static/android_vendor.31_x86_x86_64_static/gen/aidl/android/gui/BpDisplayBrightness.h
out/soong/.intermediates/frameworks/native/libs/gui/libgui_aidl_static/android_vendor.31_x86_x86_64_static/gen/aidl/android/gui/BpFpsListener.h
out/soong/.intermediates/frameworks/native/libs/gui/libgui_aidl_static/android_vendor.31_x86_x86_64_static/gen/aidl/android/gui/BpHdrLayerInfoListener.h
out/soong/.intermediates/frameworks/native/libs/gui/libgui_aidl_static/android_vendor.31_x86_x86_64_static/gen/aidl/android/gui/BpScreenCaptureListener.h
out/soong/.intermediates/frameworks/native/libs/gui/libgui_aidl_static/android_vendor.31_x86_x86_64_static/gen/aidl/android/gui/BpScreenCaptureResults.h
out/soong/.intermediates/frameworks/native/libs/gui/libgui_aidl_static/android_vendor.31_x86_x86_64_static/gen/aidl/android/gui/BpTransactionTraceListener.h
out/soong/.intermediates/frameworks/native/libs/gui/libgui_aidl_static/android_vendor.31_x86_x86_64_static/gen/aidl/android/gui/BpTunnelModeEnabledListener.h
out/soong/.intermediates/frameworks/native/libs/gui/libgui_aidl_static/android_vendor.31_x86_x86_64_static/gen/aidl/android/gui/DisplayBrightness.h
out/soong/.intermediates/frameworks/native/libs/gui/libgui_aidl_static/android_vendor.31_x86_x86_64_static/gen/aidl/android/gui/IFpsListener.h
out/soong/.intermediates/frameworks/native/libs/gui/libgui_aidl_static/android_vendor.31_x86_x86_64_static/gen/aidl/android/gui/IHdrLayerInfoListener.h
out/soong/.intermediates/frameworks/native/libs/gui/libgui_aidl_static/android_vendor.31_x86_x86_64_static/gen/aidl/android/gui/IScreenCaptureListener.h
out/soong/.intermediates/frameworks/native/libs/gui/libgui_aidl_static/android_vendor.31_x86_x86_64_static/gen/aidl/android/gui/ITransactionTraceListener.h
out/soong/.intermediates/frameworks/native/libs/gui/libgui_aidl_static/android_vendor.31_x86_x86_64_static/gen/aidl/android/gui/ITunnelModeEnabledListener.h
out/soong/.intermediates/frameworks/native/libs/gui/libgui_aidl_static/android_vendor.31_x86_x86_64_static/gen/aidl/android/gui/ScreenCaptureResults.h