out/soong/.intermediates/packages/modules/StatsD/aidl/statsd-aidl-ndk_platform-source/gen/android/os/IPendingIntentRef.cpp
out/soong/.intermediates/packages/modules/StatsD/aidl/statsd-aidl-ndk_platform-source/gen/android/os/IPullAtomCallback.cpp
out/soong/.intermediates/packages/modules/StatsD/aidl/statsd-aidl-ndk_platform-source/gen/android/os/IPullAtomResultReceiver.cpp
out/soong/.intermediates/packages/modules/StatsD/aidl/statsd-aidl-ndk_platform-source/gen/android/os/IStatsCompanionService.cpp
out/soong/.intermediates/packages/modules/StatsD/aidl/statsd-aidl-ndk_platform-source/gen/android/os/IStatsd.cpp
out/soong/.intermediates/packages/modules/StatsD/aidl/statsd-aidl-ndk_platform-source/gen/android/os/StatsDimensionsValueParcel.cpp
out/soong/.intermediates/packages/modules/StatsD/aidl/statsd-aidl-ndk_platform-source/gen/android/util/StatsEventParcel.cpp
out/soong/.intermediates/packages/modules/StatsD/aidl/statsd-aidl-ndk_platform-source/gen/include/aidl/android/os/BnPendingIntentRef.h
out/soong/.intermediates/packages/modules/StatsD/aidl/statsd-aidl-ndk_platform-source/gen/include/aidl/android/os/BnPullAtomCallback.h
out/soong/.intermediates/packages/modules/StatsD/aidl/statsd-aidl-ndk_platform-source/gen/include/aidl/android/os/BnPullAtomResultReceiver.h
out/soong/.intermediates/packages/modules/StatsD/aidl/statsd-aidl-ndk_platform-source/gen/include/aidl/android/os/BnStatsCompanionService.h
out/soong/.intermediates/packages/modules/StatsD/aidl/statsd-aidl-ndk_platform-source/gen/include/aidl/android/os/BnStatsDimensionsValueParcel.h
out/soong/.intermediates/packages/modules/StatsD/aidl/statsd-aidl-ndk_platform-source/gen/include/aidl/android/os/BnStatsd.h
out/soong/.intermediates/packages/modules/StatsD/aidl/statsd-aidl-ndk_platform-source/gen/include/aidl/android/os/BpPendingIntentRef.h
out/soong/.intermediates/packages/modules/StatsD/aidl/statsd-aidl-ndk_platform-source/gen/include/aidl/android/os/BpPullAtomCallback.h
out/soong/.intermediates/packages/modules/StatsD/aidl/statsd-aidl-ndk_platform-source/gen/include/aidl/android/os/BpPullAtomResultReceiver.h
out/soong/.intermediates/packages/modules/StatsD/aidl/statsd-aidl-ndk_platform-source/gen/include/aidl/android/os/BpStatsCompanionService.h
out/soong/.intermediates/packages/modules/StatsD/aidl/statsd-aidl-ndk_platform-source/gen/include/aidl/android/os/BpStatsDimensionsValueParcel.h
out/soong/.intermediates/packages/modules/StatsD/aidl/statsd-aidl-ndk_platform-source/gen/include/aidl/android/os/BpStatsd.h
out/soong/.intermediates/packages/modules/StatsD/aidl/statsd-aidl-ndk_platform-source/gen/include/aidl/android/os/IPendingIntentRef.h
out/soong/.intermediates/packages/modules/StatsD/aidl/statsd-aidl-ndk_platform-source/gen/include/aidl/android/os/IPullAtomCallback.h
out/soong/.intermediates/packages/modules/StatsD/aidl/statsd-aidl-ndk_platform-source/gen/include/aidl/android/os/IPullAtomResultReceiver.h
out/soong/.intermediates/packages/modules/StatsD/aidl/statsd-aidl-ndk_platform-source/gen/include/aidl/android/os/IStatsCompanionService.h
out/soong/.intermediates/packages/modules/StatsD/aidl/statsd-aidl-ndk_platform-source/gen/include/aidl/android/os/IStatsd.h
out/soong/.intermediates/packages/modules/StatsD/aidl/statsd-aidl-ndk_platform-source/gen/include/aidl/android/os/StatsDimensionsValueParcel.h
out/soong/.intermediates/packages/modules/StatsD/aidl/statsd-aidl-ndk_platform-source/gen/include/aidl/android/util/BnStatsEventParcel.h
out/soong/.intermediates/packages/modules/StatsD/aidl/statsd-aidl-ndk_platform-source/gen/include/aidl/android/util/BpStatsEventParcel.h
out/soong/.intermediates/packages/modules/StatsD/aidl/statsd-aidl-ndk_platform-source/gen/include/aidl/android/util/StatsEventParcel.h