out/soong/.intermediates/hardware/interfaces/wifi/1.0/android.hardware.wifi@1.0_genc++_headers/gen/android/hardware/wifi/1.0/BnHwWifi.h
out/soong/.intermediates/hardware/interfaces/wifi/1.0/android.hardware.wifi@1.0_genc++_headers/gen/android/hardware/wifi/1.0/BnHwWifiApIface.h
out/soong/.intermediates/hardware/interfaces/wifi/1.0/android.hardware.wifi@1.0_genc++_headers/gen/android/hardware/wifi/1.0/BnHwWifiChip.h
out/soong/.intermediates/hardware/interfaces/wifi/1.0/android.hardware.wifi@1.0_genc++_headers/gen/android/hardware/wifi/1.0/BnHwWifiChipEventCallback.h
out/soong/.intermediates/hardware/interfaces/wifi/1.0/android.hardware.wifi@1.0_genc++_headers/gen/android/hardware/wifi/1.0/BnHwWifiEventCallback.h
out/soong/.intermediates/hardware/interfaces/wifi/1.0/android.hardware.wifi@1.0_genc++_headers/gen/android/hardware/wifi/1.0/BnHwWifiIface.h
out/soong/.intermediates/hardware/interfaces/wifi/1.0/android.hardware.wifi@1.0_genc++_headers/gen/android/hardware/wifi/1.0/BnHwWifiNanIface.h
out/soong/.intermediates/hardware/interfaces/wifi/1.0/android.hardware.wifi@1.0_genc++_headers/gen/android/hardware/wifi/1.0/BnHwWifiNanIfaceEventCallback.h
out/soong/.intermediates/hardware/interfaces/wifi/1.0/android.hardware.wifi@1.0_genc++_headers/gen/android/hardware/wifi/1.0/BnHwWifiP2pIface.h
out/soong/.intermediates/hardware/interfaces/wifi/1.0/android.hardware.wifi@1.0_genc++_headers/gen/android/hardware/wifi/1.0/BnHwWifiRttController.h
out/soong/.intermediates/hardware/interfaces/wifi/1.0/android.hardware.wifi@1.0_genc++_headers/gen/android/hardware/wifi/1.0/BnHwWifiRttControllerEventCallback.h
out/soong/.intermediates/hardware/interfaces/wifi/1.0/android.hardware.wifi@1.0_genc++_headers/gen/android/hardware/wifi/1.0/BnHwWifiStaIface.h
out/soong/.intermediates/hardware/interfaces/wifi/1.0/android.hardware.wifi@1.0_genc++_headers/gen/android/hardware/wifi/1.0/BnHwWifiStaIfaceEventCallback.h
out/soong/.intermediates/hardware/interfaces/wifi/1.0/android.hardware.wifi@1.0_genc++_headers/gen/android/hardware/wifi/1.0/BpHwWifi.h
out/soong/.intermediates/hardware/interfaces/wifi/1.0/android.hardware.wifi@1.0_genc++_headers/gen/android/hardware/wifi/1.0/BpHwWifiApIface.h
out/soong/.intermediates/hardware/interfaces/wifi/1.0/android.hardware.wifi@1.0_genc++_headers/gen/android/hardware/wifi/1.0/BpHwWifiChip.h
out/soong/.intermediates/hardware/interfaces/wifi/1.0/android.hardware.wifi@1.0_genc++_headers/gen/android/hardware/wifi/1.0/BpHwWifiChipEventCallback.h
out/soong/.intermediates/hardware/interfaces/wifi/1.0/android.hardware.wifi@1.0_genc++_headers/gen/android/hardware/wifi/1.0/BpHwWifiEventCallback.h
out/soong/.intermediates/hardware/interfaces/wifi/1.0/android.hardware.wifi@1.0_genc++_headers/gen/android/hardware/wifi/1.0/BpHwWifiIface.h
out/soong/.intermediates/hardware/interfaces/wifi/1.0/android.hardware.wifi@1.0_genc++_headers/gen/android/hardware/wifi/1.0/BpHwWifiNanIface.h
out/soong/.intermediates/hardware/interfaces/wifi/1.0/android.hardware.wifi@1.0_genc++_headers/gen/android/hardware/wifi/1.0/BpHwWifiNanIfaceEventCallback.h
out/soong/.intermediates/hardware/interfaces/wifi/1.0/android.hardware.wifi@1.0_genc++_headers/gen/android/hardware/wifi/1.0/BpHwWifiP2pIface.h
out/soong/.intermediates/hardware/interfaces/wifi/1.0/android.hardware.wifi@1.0_genc++_headers/gen/android/hardware/wifi/1.0/BpHwWifiRttController.h
out/soong/.intermediates/hardware/interfaces/wifi/1.0/android.hardware.wifi@1.0_genc++_headers/gen/android/hardware/wifi/1.0/BpHwWifiRttControllerEventCallback.h
out/soong/.intermediates/hardware/interfaces/wifi/1.0/android.hardware.wifi@1.0_genc++_headers/gen/android/hardware/wifi/1.0/BpHwWifiStaIface.h
out/soong/.intermediates/hardware/interfaces/wifi/1.0/android.hardware.wifi@1.0_genc++_headers/gen/android/hardware/wifi/1.0/BpHwWifiStaIfaceEventCallback.h
out/soong/.intermediates/hardware/interfaces/wifi/1.0/android.hardware.wifi@1.0_genc++_headers/gen/android/hardware/wifi/1.0/BsWifi.h
out/soong/.intermediates/hardware/interfaces/wifi/1.0/android.hardware.wifi@1.0_genc++_headers/gen/android/hardware/wifi/1.0/BsWifiApIface.h
out/soong/.intermediates/hardware/interfaces/wifi/1.0/android.hardware.wifi@1.0_genc++_headers/gen/android/hardware/wifi/1.0/BsWifiChip.h
out/soong/.intermediates/hardware/interfaces/wifi/1.0/android.hardware.wifi@1.0_genc++_headers/gen/android/hardware/wifi/1.0/BsWifiChipEventCallback.h
out/soong/.intermediates/hardware/interfaces/wifi/1.0/android.hardware.wifi@1.0_genc++_headers/gen/android/hardware/wifi/1.0/BsWifiEventCallback.h
out/soong/.intermediates/hardware/interfaces/wifi/1.0/android.hardware.wifi@1.0_genc++_headers/gen/android/hardware/wifi/1.0/BsWifiIface.h
out/soong/.intermediates/hardware/interfaces/wifi/1.0/android.hardware.wifi@1.0_genc++_headers/gen/android/hardware/wifi/1.0/BsWifiNanIface.h
out/soong/.intermediates/hardware/interfaces/wifi/1.0/android.hardware.wifi@1.0_genc++_headers/gen/android/hardware/wifi/1.0/BsWifiNanIfaceEventCallback.h
out/soong/.intermediates/hardware/interfaces/wifi/1.0/android.hardware.wifi@1.0_genc++_headers/gen/android/hardware/wifi/1.0/BsWifiP2pIface.h
out/soong/.intermediates/hardware/interfaces/wifi/1.0/android.hardware.wifi@1.0_genc++_headers/gen/android/hardware/wifi/1.0/BsWifiRttController.h
out/soong/.intermediates/hardware/interfaces/wifi/1.0/android.hardware.wifi@1.0_genc++_headers/gen/android/hardware/wifi/1.0/BsWifiRttControllerEventCallback.h
out/soong/.intermediates/hardware/interfaces/wifi/1.0/android.hardware.wifi@1.0_genc++_headers/gen/android/hardware/wifi/1.0/BsWifiStaIface.h
out/soong/.intermediates/hardware/interfaces/wifi/1.0/android.hardware.wifi@1.0_genc++_headers/gen/android/hardware/wifi/1.0/BsWifiStaIfaceEventCallback.h
out/soong/.intermediates/hardware/interfaces/wifi/1.0/android.hardware.wifi@1.0_genc++_headers/gen/android/hardware/wifi/1.0/IHwWifi.h
out/soong/.intermediates/hardware/interfaces/wifi/1.0/android.hardware.wifi@1.0_genc++_headers/gen/android/hardware/wifi/1.0/IHwWifiApIface.h
out/soong/.intermediates/hardware/interfaces/wifi/1.0/android.hardware.wifi@1.0_genc++_headers/gen/android/hardware/wifi/1.0/IHwWifiChip.h
out/soong/.intermediates/hardware/interfaces/wifi/1.0/android.hardware.wifi@1.0_genc++_headers/gen/android/hardware/wifi/1.0/IHwWifiChipEventCallback.h
out/soong/.intermediates/hardware/interfaces/wifi/1.0/android.hardware.wifi@1.0_genc++_headers/gen/android/hardware/wifi/1.0/IHwWifiEventCallback.h
out/soong/.intermediates/hardware/interfaces/wifi/1.0/android.hardware.wifi@1.0_genc++_headers/gen/android/hardware/wifi/1.0/IHwWifiIface.h
out/soong/.intermediates/hardware/interfaces/wifi/1.0/android.hardware.wifi@1.0_genc++_headers/gen/android/hardware/wifi/1.0/IHwWifiNanIface.h
out/soong/.intermediates/hardware/interfaces/wifi/1.0/android.hardware.wifi@1.0_genc++_headers/gen/android/hardware/wifi/1.0/IHwWifiNanIfaceEventCallback.h
out/soong/.intermediates/hardware/interfaces/wifi/1.0/android.hardware.wifi@1.0_genc++_headers/gen/android/hardware/wifi/1.0/IHwWifiP2pIface.h
out/soong/.intermediates/hardware/interfaces/wifi/1.0/android.hardware.wifi@1.0_genc++_headers/gen/android/hardware/wifi/1.0/IHwWifiRttController.h
out/soong/.intermediates/hardware/interfaces/wifi/1.0/android.hardware.wifi@1.0_genc++_headers/gen/android/hardware/wifi/1.0/IHwWifiRttControllerEventCallback.h
out/soong/.intermediates/hardware/interfaces/wifi/1.0/android.hardware.wifi@1.0_genc++_headers/gen/android/hardware/wifi/1.0/IHwWifiStaIface.h
out/soong/.intermediates/hardware/interfaces/wifi/1.0/android.hardware.wifi@1.0_genc++_headers/gen/android/hardware/wifi/1.0/IHwWifiStaIfaceEventCallback.h
out/soong/.intermediates/hardware/interfaces/wifi/1.0/android.hardware.wifi@1.0_genc++_headers/gen/android/hardware/wifi/1.0/IWifi.h
out/soong/.intermediates/hardware/interfaces/wifi/1.0/android.hardware.wifi@1.0_genc++_headers/gen/android/hardware/wifi/1.0/IWifiApIface.h
out/soong/.intermediates/hardware/interfaces/wifi/1.0/android.hardware.wifi@1.0_genc++_headers/gen/android/hardware/wifi/1.0/IWifiChip.h
out/soong/.intermediates/hardware/interfaces/wifi/1.0/android.hardware.wifi@1.0_genc++_headers/gen/android/hardware/wifi/1.0/IWifiChipEventCallback.h
out/soong/.intermediates/hardware/interfaces/wifi/1.0/android.hardware.wifi@1.0_genc++_headers/gen/android/hardware/wifi/1.0/IWifiEventCallback.h
out/soong/.intermediates/hardware/interfaces/wifi/1.0/android.hardware.wifi@1.0_genc++_headers/gen/android/hardware/wifi/1.0/IWifiIface.h
out/soong/.intermediates/hardware/interfaces/wifi/1.0/android.hardware.wifi@1.0_genc++_headers/gen/android/hardware/wifi/1.0/IWifiNanIface.h
out/soong/.intermediates/hardware/interfaces/wifi/1.0/android.hardware.wifi@1.0_genc++_headers/gen/android/hardware/wifi/1.0/IWifiNanIfaceEventCallback.h
out/soong/.intermediates/hardware/interfaces/wifi/1.0/android.hardware.wifi@1.0_genc++_headers/gen/android/hardware/wifi/1.0/IWifiP2pIface.h
out/soong/.intermediates/hardware/interfaces/wifi/1.0/android.hardware.wifi@1.0_genc++_headers/gen/android/hardware/wifi/1.0/IWifiRttController.h
out/soong/.intermediates/hardware/interfaces/wifi/1.0/android.hardware.wifi@1.0_genc++_headers/gen/android/hardware/wifi/1.0/IWifiRttControllerEventCallback.h
out/soong/.intermediates/hardware/interfaces/wifi/1.0/android.hardware.wifi@1.0_genc++_headers/gen/android/hardware/wifi/1.0/IWifiStaIface.h
out/soong/.intermediates/hardware/interfaces/wifi/1.0/android.hardware.wifi@1.0_genc++_headers/gen/android/hardware/wifi/1.0/IWifiStaIfaceEventCallback.h
out/soong/.intermediates/hardware/interfaces/wifi/1.0/android.hardware.wifi@1.0_genc++_headers/gen/android/hardware/wifi/1.0/hwtypes.h
out/soong/.intermediates/hardware/interfaces/wifi/1.0/android.hardware.wifi@1.0_genc++_headers/gen/android/hardware/wifi/1.0/types.h