out/soong/.intermediates/hardware/interfaces/security/keymint/aidl/android.hardware.security.keymint-V1-ndk_platform-source/gen/android/hardware/security/keymint/Algorithm.cpp
out/soong/.intermediates/hardware/interfaces/security/keymint/aidl/android.hardware.security.keymint-V1-ndk_platform-source/gen/android/hardware/security/keymint/AttestationKey.cpp
out/soong/.intermediates/hardware/interfaces/security/keymint/aidl/android.hardware.security.keymint-V1-ndk_platform-source/gen/android/hardware/security/keymint/BeginResult.cpp
out/soong/.intermediates/hardware/interfaces/security/keymint/aidl/android.hardware.security.keymint-V1-ndk_platform-source/gen/android/hardware/security/keymint/BlockMode.cpp
out/soong/.intermediates/hardware/interfaces/security/keymint/aidl/android.hardware.security.keymint-V1-ndk_platform-source/gen/android/hardware/security/keymint/Certificate.cpp
out/soong/.intermediates/hardware/interfaces/security/keymint/aidl/android.hardware.security.keymint-V1-ndk_platform-source/gen/android/hardware/security/keymint/DeviceInfo.cpp
out/soong/.intermediates/hardware/interfaces/security/keymint/aidl/android.hardware.security.keymint-V1-ndk_platform-source/gen/android/hardware/security/keymint/Digest.cpp
out/soong/.intermediates/hardware/interfaces/security/keymint/aidl/android.hardware.security.keymint-V1-ndk_platform-source/gen/android/hardware/security/keymint/EcCurve.cpp
out/soong/.intermediates/hardware/interfaces/security/keymint/aidl/android.hardware.security.keymint-V1-ndk_platform-source/gen/android/hardware/security/keymint/ErrorCode.cpp
out/soong/.intermediates/hardware/interfaces/security/keymint/aidl/android.hardware.security.keymint-V1-ndk_platform-source/gen/android/hardware/security/keymint/HardwareAuthToken.cpp
out/soong/.intermediates/hardware/interfaces/security/keymint/aidl/android.hardware.security.keymint-V1-ndk_platform-source/gen/android/hardware/security/keymint/HardwareAuthenticatorType.cpp
out/soong/.intermediates/hardware/interfaces/security/keymint/aidl/android.hardware.security.keymint-V1-ndk_platform-source/gen/android/hardware/security/keymint/IKeyMintDevice.cpp
out/soong/.intermediates/hardware/interfaces/security/keymint/aidl/android.hardware.security.keymint-V1-ndk_platform-source/gen/android/hardware/security/keymint/IKeyMintOperation.cpp
out/soong/.intermediates/hardware/interfaces/security/keymint/aidl/android.hardware.security.keymint-V1-ndk_platform-source/gen/android/hardware/security/keymint/IRemotelyProvisionedComponent.cpp
out/soong/.intermediates/hardware/interfaces/security/keymint/aidl/android.hardware.security.keymint-V1-ndk_platform-source/gen/android/hardware/security/keymint/KeyCharacteristics.cpp
out/soong/.intermediates/hardware/interfaces/security/keymint/aidl/android.hardware.security.keymint-V1-ndk_platform-source/gen/android/hardware/security/keymint/KeyCreationResult.cpp
out/soong/.intermediates/hardware/interfaces/security/keymint/aidl/android.hardware.security.keymint-V1-ndk_platform-source/gen/android/hardware/security/keymint/KeyFormat.cpp
out/soong/.intermediates/hardware/interfaces/security/keymint/aidl/android.hardware.security.keymint-V1-ndk_platform-source/gen/android/hardware/security/keymint/KeyMintHardwareInfo.cpp
out/soong/.intermediates/hardware/interfaces/security/keymint/aidl/android.hardware.security.keymint-V1-ndk_platform-source/gen/android/hardware/security/keymint/KeyOrigin.cpp
out/soong/.intermediates/hardware/interfaces/security/keymint/aidl/android.hardware.security.keymint-V1-ndk_platform-source/gen/android/hardware/security/keymint/KeyParameter.cpp
out/soong/.intermediates/hardware/interfaces/security/keymint/aidl/android.hardware.security.keymint-V1-ndk_platform-source/gen/android/hardware/security/keymint/KeyParameterValue.cpp
out/soong/.intermediates/hardware/interfaces/security/keymint/aidl/android.hardware.security.keymint-V1-ndk_platform-source/gen/android/hardware/security/keymint/KeyPurpose.cpp
out/soong/.intermediates/hardware/interfaces/security/keymint/aidl/android.hardware.security.keymint-V1-ndk_platform-source/gen/android/hardware/security/keymint/MacedPublicKey.cpp
out/soong/.intermediates/hardware/interfaces/security/keymint/aidl/android.hardware.security.keymint-V1-ndk_platform-source/gen/android/hardware/security/keymint/PaddingMode.cpp
out/soong/.intermediates/hardware/interfaces/security/keymint/aidl/android.hardware.security.keymint-V1-ndk_platform-source/gen/android/hardware/security/keymint/ProtectedData.cpp
out/soong/.intermediates/hardware/interfaces/security/keymint/aidl/android.hardware.security.keymint-V1-ndk_platform-source/gen/android/hardware/security/keymint/RpcHardwareInfo.cpp
out/soong/.intermediates/hardware/interfaces/security/keymint/aidl/android.hardware.security.keymint-V1-ndk_platform-source/gen/android/hardware/security/keymint/SecurityLevel.cpp
out/soong/.intermediates/hardware/interfaces/security/keymint/aidl/android.hardware.security.keymint-V1-ndk_platform-source/gen/android/hardware/security/keymint/Tag.cpp
out/soong/.intermediates/hardware/interfaces/security/keymint/aidl/android.hardware.security.keymint-V1-ndk_platform-source/gen/android/hardware/security/keymint/TagType.cpp
out/soong/.intermediates/hardware/interfaces/security/keymint/aidl/android.hardware.security.keymint-V1-ndk_platform-source/gen/include/aidl/android/hardware/security/keymint/Algorithm.h
out/soong/.intermediates/hardware/interfaces/security/keymint/aidl/android.hardware.security.keymint-V1-ndk_platform-source/gen/include/aidl/android/hardware/security/keymint/AttestationKey.h
out/soong/.intermediates/hardware/interfaces/security/keymint/aidl/android.hardware.security.keymint-V1-ndk_platform-source/gen/include/aidl/android/hardware/security/keymint/BeginResult.h
out/soong/.intermediates/hardware/interfaces/security/keymint/aidl/android.hardware.security.keymint-V1-ndk_platform-source/gen/include/aidl/android/hardware/security/keymint/BlockMode.h
out/soong/.intermediates/hardware/interfaces/security/keymint/aidl/android.hardware.security.keymint-V1-ndk_platform-source/gen/include/aidl/android/hardware/security/keymint/BnAlgorithm.h
out/soong/.intermediates/hardware/interfaces/security/keymint/aidl/android.hardware.security.keymint-V1-ndk_platform-source/gen/include/aidl/android/hardware/security/keymint/BnAttestationKey.h
out/soong/.intermediates/hardware/interfaces/security/keymint/aidl/android.hardware.security.keymint-V1-ndk_platform-source/gen/include/aidl/android/hardware/security/keymint/BnBeginResult.h
out/soong/.intermediates/hardware/interfaces/security/keymint/aidl/android.hardware.security.keymint-V1-ndk_platform-source/gen/include/aidl/android/hardware/security/keymint/BnBlockMode.h
out/soong/.intermediates/hardware/interfaces/security/keymint/aidl/android.hardware.security.keymint-V1-ndk_platform-source/gen/include/aidl/android/hardware/security/keymint/BnCertificate.h
out/soong/.intermediates/hardware/interfaces/security/keymint/aidl/android.hardware.security.keymint-V1-ndk_platform-source/gen/include/aidl/android/hardware/security/keymint/BnDeviceInfo.h
out/soong/.intermediates/hardware/interfaces/security/keymint/aidl/android.hardware.security.keymint-V1-ndk_platform-source/gen/include/aidl/android/hardware/security/keymint/BnDigest.h
out/soong/.intermediates/hardware/interfaces/security/keymint/aidl/android.hardware.security.keymint-V1-ndk_platform-source/gen/include/aidl/android/hardware/security/keymint/BnEcCurve.h
out/soong/.intermediates/hardware/interfaces/security/keymint/aidl/android.hardware.security.keymint-V1-ndk_platform-source/gen/include/aidl/android/hardware/security/keymint/BnErrorCode.h
out/soong/.intermediates/hardware/interfaces/security/keymint/aidl/android.hardware.security.keymint-V1-ndk_platform-source/gen/include/aidl/android/hardware/security/keymint/BnHardwareAuthToken.h
out/soong/.intermediates/hardware/interfaces/security/keymint/aidl/android.hardware.security.keymint-V1-ndk_platform-source/gen/include/aidl/android/hardware/security/keymint/BnHardwareAuthenticatorType.h
out/soong/.intermediates/hardware/interfaces/security/keymint/aidl/android.hardware.security.keymint-V1-ndk_platform-source/gen/include/aidl/android/hardware/security/keymint/BnKeyCharacteristics.h
out/soong/.intermediates/hardware/interfaces/security/keymint/aidl/android.hardware.security.keymint-V1-ndk_platform-source/gen/include/aidl/android/hardware/security/keymint/BnKeyCreationResult.h
out/soong/.intermediates/hardware/interfaces/security/keymint/aidl/android.hardware.security.keymint-V1-ndk_platform-source/gen/include/aidl/android/hardware/security/keymint/BnKeyFormat.h
out/soong/.intermediates/hardware/interfaces/security/keymint/aidl/android.hardware.security.keymint-V1-ndk_platform-source/gen/include/aidl/android/hardware/security/keymint/BnKeyMintDevice.h
out/soong/.intermediates/hardware/interfaces/security/keymint/aidl/android.hardware.security.keymint-V1-ndk_platform-source/gen/include/aidl/android/hardware/security/keymint/BnKeyMintHardwareInfo.h
out/soong/.intermediates/hardware/interfaces/security/keymint/aidl/android.hardware.security.keymint-V1-ndk_platform-source/gen/include/aidl/android/hardware/security/keymint/BnKeyMintOperation.h
out/soong/.intermediates/hardware/interfaces/security/keymint/aidl/android.hardware.security.keymint-V1-ndk_platform-source/gen/include/aidl/android/hardware/security/keymint/BnKeyOrigin.h
out/soong/.intermediates/hardware/interfaces/security/keymint/aidl/android.hardware.security.keymint-V1-ndk_platform-source/gen/include/aidl/android/hardware/security/keymint/BnKeyParameter.h
out/soong/.intermediates/hardware/interfaces/security/keymint/aidl/android.hardware.security.keymint-V1-ndk_platform-source/gen/include/aidl/android/hardware/security/keymint/BnKeyParameterValue.h
out/soong/.intermediates/hardware/interfaces/security/keymint/aidl/android.hardware.security.keymint-V1-ndk_platform-source/gen/include/aidl/android/hardware/security/keymint/BnKeyPurpose.h
out/soong/.intermediates/hardware/interfaces/security/keymint/aidl/android.hardware.security.keymint-V1-ndk_platform-source/gen/include/aidl/android/hardware/security/keymint/BnMacedPublicKey.h
out/soong/.intermediates/hardware/interfaces/security/keymint/aidl/android.hardware.security.keymint-V1-ndk_platform-source/gen/include/aidl/android/hardware/security/keymint/BnPaddingMode.h
out/soong/.intermediates/hardware/interfaces/security/keymint/aidl/android.hardware.security.keymint-V1-ndk_platform-source/gen/include/aidl/android/hardware/security/keymint/BnProtectedData.h
out/soong/.intermediates/hardware/interfaces/security/keymint/aidl/android.hardware.security.keymint-V1-ndk_platform-source/gen/include/aidl/android/hardware/security/keymint/BnRemotelyProvisionedComponent.h
out/soong/.intermediates/hardware/interfaces/security/keymint/aidl/android.hardware.security.keymint-V1-ndk_platform-source/gen/include/aidl/android/hardware/security/keymint/BnRpcHardwareInfo.h
out/soong/.intermediates/hardware/interfaces/security/keymint/aidl/android.hardware.security.keymint-V1-ndk_platform-source/gen/include/aidl/android/hardware/security/keymint/BnSecurityLevel.h
out/soong/.intermediates/hardware/interfaces/security/keymint/aidl/android.hardware.security.keymint-V1-ndk_platform-source/gen/include/aidl/android/hardware/security/keymint/BnTag.h
out/soong/.intermediates/hardware/interfaces/security/keymint/aidl/android.hardware.security.keymint-V1-ndk_platform-source/gen/include/aidl/android/hardware/security/keymint/BnTagType.h
out/soong/.intermediates/hardware/interfaces/security/keymint/aidl/android.hardware.security.keymint-V1-ndk_platform-source/gen/include/aidl/android/hardware/security/keymint/BpAlgorithm.h
out/soong/.intermediates/hardware/interfaces/security/keymint/aidl/android.hardware.security.keymint-V1-ndk_platform-source/gen/include/aidl/android/hardware/security/keymint/BpAttestationKey.h
out/soong/.intermediates/hardware/interfaces/security/keymint/aidl/android.hardware.security.keymint-V1-ndk_platform-source/gen/include/aidl/android/hardware/security/keymint/BpBeginResult.h
out/soong/.intermediates/hardware/interfaces/security/keymint/aidl/android.hardware.security.keymint-V1-ndk_platform-source/gen/include/aidl/android/hardware/security/keymint/BpBlockMode.h
out/soong/.intermediates/hardware/interfaces/security/keymint/aidl/android.hardware.security.keymint-V1-ndk_platform-source/gen/include/aidl/android/hardware/security/keymint/BpCertificate.h
out/soong/.intermediates/hardware/interfaces/security/keymint/aidl/android.hardware.security.keymint-V1-ndk_platform-source/gen/include/aidl/android/hardware/security/keymint/BpDeviceInfo.h
out/soong/.intermediates/hardware/interfaces/security/keymint/aidl/android.hardware.security.keymint-V1-ndk_platform-source/gen/include/aidl/android/hardware/security/keymint/BpDigest.h
out/soong/.intermediates/hardware/interfaces/security/keymint/aidl/android.hardware.security.keymint-V1-ndk_platform-source/gen/include/aidl/android/hardware/security/keymint/BpEcCurve.h
out/soong/.intermediates/hardware/interfaces/security/keymint/aidl/android.hardware.security.keymint-V1-ndk_platform-source/gen/include/aidl/android/hardware/security/keymint/BpErrorCode.h
out/soong/.intermediates/hardware/interfaces/security/keymint/aidl/android.hardware.security.keymint-V1-ndk_platform-source/gen/include/aidl/android/hardware/security/keymint/BpHardwareAuthToken.h
out/soong/.intermediates/hardware/interfaces/security/keymint/aidl/android.hardware.security.keymint-V1-ndk_platform-source/gen/include/aidl/android/hardware/security/keymint/BpHardwareAuthenticatorType.h
out/soong/.intermediates/hardware/interfaces/security/keymint/aidl/android.hardware.security.keymint-V1-ndk_platform-source/gen/include/aidl/android/hardware/security/keymint/BpKeyCharacteristics.h
out/soong/.intermediates/hardware/interfaces/security/keymint/aidl/android.hardware.security.keymint-V1-ndk_platform-source/gen/include/aidl/android/hardware/security/keymint/BpKeyCreationResult.h
out/soong/.intermediates/hardware/interfaces/security/keymint/aidl/android.hardware.security.keymint-V1-ndk_platform-source/gen/include/aidl/android/hardware/security/keymint/BpKeyFormat.h
out/soong/.intermediates/hardware/interfaces/security/keymint/aidl/android.hardware.security.keymint-V1-ndk_platform-source/gen/include/aidl/android/hardware/security/keymint/BpKeyMintDevice.h
out/soong/.intermediates/hardware/interfaces/security/keymint/aidl/android.hardware.security.keymint-V1-ndk_platform-source/gen/include/aidl/android/hardware/security/keymint/BpKeyMintHardwareInfo.h
out/soong/.intermediates/hardware/interfaces/security/keymint/aidl/android.hardware.security.keymint-V1-ndk_platform-source/gen/include/aidl/android/hardware/security/keymint/BpKeyMintOperation.h
out/soong/.intermediates/hardware/interfaces/security/keymint/aidl/android.hardware.security.keymint-V1-ndk_platform-source/gen/include/aidl/android/hardware/security/keymint/BpKeyOrigin.h
out/soong/.intermediates/hardware/interfaces/security/keymint/aidl/android.hardware.security.keymint-V1-ndk_platform-source/gen/include/aidl/android/hardware/security/keymint/BpKeyParameter.h
out/soong/.intermediates/hardware/interfaces/security/keymint/aidl/android.hardware.security.keymint-V1-ndk_platform-source/gen/include/aidl/android/hardware/security/keymint/BpKeyParameterValue.h
out/soong/.intermediates/hardware/interfaces/security/keymint/aidl/android.hardware.security.keymint-V1-ndk_platform-source/gen/include/aidl/android/hardware/security/keymint/BpKeyPurpose.h
out/soong/.intermediates/hardware/interfaces/security/keymint/aidl/android.hardware.security.keymint-V1-ndk_platform-source/gen/include/aidl/android/hardware/security/keymint/BpMacedPublicKey.h
out/soong/.intermediates/hardware/interfaces/security/keymint/aidl/android.hardware.security.keymint-V1-ndk_platform-source/gen/include/aidl/android/hardware/security/keymint/BpPaddingMode.h
out/soong/.intermediates/hardware/interfaces/security/keymint/aidl/android.hardware.security.keymint-V1-ndk_platform-source/gen/include/aidl/android/hardware/security/keymint/BpProtectedData.h
out/soong/.intermediates/hardware/interfaces/security/keymint/aidl/android.hardware.security.keymint-V1-ndk_platform-source/gen/include/aidl/android/hardware/security/keymint/BpRemotelyProvisionedComponent.h
out/soong/.intermediates/hardware/interfaces/security/keymint/aidl/android.hardware.security.keymint-V1-ndk_platform-source/gen/include/aidl/android/hardware/security/keymint/BpRpcHardwareInfo.h
out/soong/.intermediates/hardware/interfaces/security/keymint/aidl/android.hardware.security.keymint-V1-ndk_platform-source/gen/include/aidl/android/hardware/security/keymint/BpSecurityLevel.h
out/soong/.intermediates/hardware/interfaces/security/keymint/aidl/android.hardware.security.keymint-V1-ndk_platform-source/gen/include/aidl/android/hardware/security/keymint/BpTag.h
out/soong/.intermediates/hardware/interfaces/security/keymint/aidl/android.hardware.security.keymint-V1-ndk_platform-source/gen/include/aidl/android/hardware/security/keymint/BpTagType.h
out/soong/.intermediates/hardware/interfaces/security/keymint/aidl/android.hardware.security.keymint-V1-ndk_platform-source/gen/include/aidl/android/hardware/security/keymint/Certificate.h
out/soong/.intermediates/hardware/interfaces/security/keymint/aidl/android.hardware.security.keymint-V1-ndk_platform-source/gen/include/aidl/android/hardware/security/keymint/DeviceInfo.h
out/soong/.intermediates/hardware/interfaces/security/keymint/aidl/android.hardware.security.keymint-V1-ndk_platform-source/gen/include/aidl/android/hardware/security/keymint/Digest.h
out/soong/.intermediates/hardware/interfaces/security/keymint/aidl/android.hardware.security.keymint-V1-ndk_platform-source/gen/include/aidl/android/hardware/security/keymint/EcCurve.h
out/soong/.intermediates/hardware/interfaces/security/keymint/aidl/android.hardware.security.keymint-V1-ndk_platform-source/gen/include/aidl/android/hardware/security/keymint/ErrorCode.h
out/soong/.intermediates/hardware/interfaces/security/keymint/aidl/android.hardware.security.keymint-V1-ndk_platform-source/gen/include/aidl/android/hardware/security/keymint/HardwareAuthToken.h
out/soong/.intermediates/hardware/interfaces/security/keymint/aidl/android.hardware.security.keymint-V1-ndk_platform-source/gen/include/aidl/android/hardware/security/keymint/HardwareAuthenticatorType.h
out/soong/.intermediates/hardware/interfaces/security/keymint/aidl/android.hardware.security.keymint-V1-ndk_platform-source/gen/include/aidl/android/hardware/security/keymint/IKeyMintDevice.h
out/soong/.intermediates/hardware/interfaces/security/keymint/aidl/android.hardware.security.keymint-V1-ndk_platform-source/gen/include/aidl/android/hardware/security/keymint/IKeyMintOperation.h
out/soong/.intermediates/hardware/interfaces/security/keymint/aidl/android.hardware.security.keymint-V1-ndk_platform-source/gen/include/aidl/android/hardware/security/keymint/IRemotelyProvisionedComponent.h
out/soong/.intermediates/hardware/interfaces/security/keymint/aidl/android.hardware.security.keymint-V1-ndk_platform-source/gen/include/aidl/android/hardware/security/keymint/KeyCharacteristics.h
out/soong/.intermediates/hardware/interfaces/security/keymint/aidl/android.hardware.security.keymint-V1-ndk_platform-source/gen/include/aidl/android/hardware/security/keymint/KeyCreationResult.h
out/soong/.intermediates/hardware/interfaces/security/keymint/aidl/android.hardware.security.keymint-V1-ndk_platform-source/gen/include/aidl/android/hardware/security/keymint/KeyFormat.h
out/soong/.intermediates/hardware/interfaces/security/keymint/aidl/android.hardware.security.keymint-V1-ndk_platform-source/gen/include/aidl/android/hardware/security/keymint/KeyMintHardwareInfo.h
out/soong/.intermediates/hardware/interfaces/security/keymint/aidl/android.hardware.security.keymint-V1-ndk_platform-source/gen/include/aidl/android/hardware/security/keymint/KeyOrigin.h
out/soong/.intermediates/hardware/interfaces/security/keymint/aidl/android.hardware.security.keymint-V1-ndk_platform-source/gen/include/aidl/android/hardware/security/keymint/KeyParameter.h
out/soong/.intermediates/hardware/interfaces/security/keymint/aidl/android.hardware.security.keymint-V1-ndk_platform-source/gen/include/aidl/android/hardware/security/keymint/KeyParameterValue.h
out/soong/.intermediates/hardware/interfaces/security/keymint/aidl/android.hardware.security.keymint-V1-ndk_platform-source/gen/include/aidl/android/hardware/security/keymint/KeyPurpose.h
out/soong/.intermediates/hardware/interfaces/security/keymint/aidl/android.hardware.security.keymint-V1-ndk_platform-source/gen/include/aidl/android/hardware/security/keymint/MacedPublicKey.h
out/soong/.intermediates/hardware/interfaces/security/keymint/aidl/android.hardware.security.keymint-V1-ndk_platform-source/gen/include/aidl/android/hardware/security/keymint/PaddingMode.h
out/soong/.intermediates/hardware/interfaces/security/keymint/aidl/android.hardware.security.keymint-V1-ndk_platform-source/gen/include/aidl/android/hardware/security/keymint/ProtectedData.h
out/soong/.intermediates/hardware/interfaces/security/keymint/aidl/android.hardware.security.keymint-V1-ndk_platform-source/gen/include/aidl/android/hardware/security/keymint/RpcHardwareInfo.h
out/soong/.intermediates/hardware/interfaces/security/keymint/aidl/android.hardware.security.keymint-V1-ndk_platform-source/gen/include/aidl/android/hardware/security/keymint/SecurityLevel.h
out/soong/.intermediates/hardware/interfaces/security/keymint/aidl/android.hardware.security.keymint-V1-ndk_platform-source/gen/include/aidl/android/hardware/security/keymint/Tag.h
out/soong/.intermediates/hardware/interfaces/security/keymint/aidl/android.hardware.security.keymint-V1-ndk_platform-source/gen/include/aidl/android/hardware/security/keymint/TagType.h