out/soong/.intermediates/hardware/interfaces/audio/effect/7.0/android.hardware.audio.effect@7.0_genc++_headers/gen/android/hardware/audio/effect/7.0/BnHwAcousticEchoCancelerEffect.h
out/soong/.intermediates/hardware/interfaces/audio/effect/7.0/android.hardware.audio.effect@7.0_genc++_headers/gen/android/hardware/audio/effect/7.0/BnHwAutomaticGainControlEffect.h
out/soong/.intermediates/hardware/interfaces/audio/effect/7.0/android.hardware.audio.effect@7.0_genc++_headers/gen/android/hardware/audio/effect/7.0/BnHwBassBoostEffect.h
out/soong/.intermediates/hardware/interfaces/audio/effect/7.0/android.hardware.audio.effect@7.0_genc++_headers/gen/android/hardware/audio/effect/7.0/BnHwDownmixEffect.h
out/soong/.intermediates/hardware/interfaces/audio/effect/7.0/android.hardware.audio.effect@7.0_genc++_headers/gen/android/hardware/audio/effect/7.0/BnHwEffect.h
out/soong/.intermediates/hardware/interfaces/audio/effect/7.0/android.hardware.audio.effect@7.0_genc++_headers/gen/android/hardware/audio/effect/7.0/BnHwEffectBufferProviderCallback.h
out/soong/.intermediates/hardware/interfaces/audio/effect/7.0/android.hardware.audio.effect@7.0_genc++_headers/gen/android/hardware/audio/effect/7.0/BnHwEffectsFactory.h
out/soong/.intermediates/hardware/interfaces/audio/effect/7.0/android.hardware.audio.effect@7.0_genc++_headers/gen/android/hardware/audio/effect/7.0/BnHwEnvironmentalReverbEffect.h
out/soong/.intermediates/hardware/interfaces/audio/effect/7.0/android.hardware.audio.effect@7.0_genc++_headers/gen/android/hardware/audio/effect/7.0/BnHwEqualizerEffect.h
out/soong/.intermediates/hardware/interfaces/audio/effect/7.0/android.hardware.audio.effect@7.0_genc++_headers/gen/android/hardware/audio/effect/7.0/BnHwLoudnessEnhancerEffect.h
out/soong/.intermediates/hardware/interfaces/audio/effect/7.0/android.hardware.audio.effect@7.0_genc++_headers/gen/android/hardware/audio/effect/7.0/BnHwNoiseSuppressionEffect.h
out/soong/.intermediates/hardware/interfaces/audio/effect/7.0/android.hardware.audio.effect@7.0_genc++_headers/gen/android/hardware/audio/effect/7.0/BnHwPresetReverbEffect.h
out/soong/.intermediates/hardware/interfaces/audio/effect/7.0/android.hardware.audio.effect@7.0_genc++_headers/gen/android/hardware/audio/effect/7.0/BnHwVirtualizerEffect.h
out/soong/.intermediates/hardware/interfaces/audio/effect/7.0/android.hardware.audio.effect@7.0_genc++_headers/gen/android/hardware/audio/effect/7.0/BnHwVisualizerEffect.h
out/soong/.intermediates/hardware/interfaces/audio/effect/7.0/android.hardware.audio.effect@7.0_genc++_headers/gen/android/hardware/audio/effect/7.0/BpHwAcousticEchoCancelerEffect.h
out/soong/.intermediates/hardware/interfaces/audio/effect/7.0/android.hardware.audio.effect@7.0_genc++_headers/gen/android/hardware/audio/effect/7.0/BpHwAutomaticGainControlEffect.h
out/soong/.intermediates/hardware/interfaces/audio/effect/7.0/android.hardware.audio.effect@7.0_genc++_headers/gen/android/hardware/audio/effect/7.0/BpHwBassBoostEffect.h
out/soong/.intermediates/hardware/interfaces/audio/effect/7.0/android.hardware.audio.effect@7.0_genc++_headers/gen/android/hardware/audio/effect/7.0/BpHwDownmixEffect.h
out/soong/.intermediates/hardware/interfaces/audio/effect/7.0/android.hardware.audio.effect@7.0_genc++_headers/gen/android/hardware/audio/effect/7.0/BpHwEffect.h
out/soong/.intermediates/hardware/interfaces/audio/effect/7.0/android.hardware.audio.effect@7.0_genc++_headers/gen/android/hardware/audio/effect/7.0/BpHwEffectBufferProviderCallback.h
out/soong/.intermediates/hardware/interfaces/audio/effect/7.0/android.hardware.audio.effect@7.0_genc++_headers/gen/android/hardware/audio/effect/7.0/BpHwEffectsFactory.h
out/soong/.intermediates/hardware/interfaces/audio/effect/7.0/android.hardware.audio.effect@7.0_genc++_headers/gen/android/hardware/audio/effect/7.0/BpHwEnvironmentalReverbEffect.h
out/soong/.intermediates/hardware/interfaces/audio/effect/7.0/android.hardware.audio.effect@7.0_genc++_headers/gen/android/hardware/audio/effect/7.0/BpHwEqualizerEffect.h
out/soong/.intermediates/hardware/interfaces/audio/effect/7.0/android.hardware.audio.effect@7.0_genc++_headers/gen/android/hardware/audio/effect/7.0/BpHwLoudnessEnhancerEffect.h
out/soong/.intermediates/hardware/interfaces/audio/effect/7.0/android.hardware.audio.effect@7.0_genc++_headers/gen/android/hardware/audio/effect/7.0/BpHwNoiseSuppressionEffect.h
out/soong/.intermediates/hardware/interfaces/audio/effect/7.0/android.hardware.audio.effect@7.0_genc++_headers/gen/android/hardware/audio/effect/7.0/BpHwPresetReverbEffect.h
out/soong/.intermediates/hardware/interfaces/audio/effect/7.0/android.hardware.audio.effect@7.0_genc++_headers/gen/android/hardware/audio/effect/7.0/BpHwVirtualizerEffect.h
out/soong/.intermediates/hardware/interfaces/audio/effect/7.0/android.hardware.audio.effect@7.0_genc++_headers/gen/android/hardware/audio/effect/7.0/BpHwVisualizerEffect.h
out/soong/.intermediates/hardware/interfaces/audio/effect/7.0/android.hardware.audio.effect@7.0_genc++_headers/gen/android/hardware/audio/effect/7.0/BsAcousticEchoCancelerEffect.h
out/soong/.intermediates/hardware/interfaces/audio/effect/7.0/android.hardware.audio.effect@7.0_genc++_headers/gen/android/hardware/audio/effect/7.0/BsAutomaticGainControlEffect.h
out/soong/.intermediates/hardware/interfaces/audio/effect/7.0/android.hardware.audio.effect@7.0_genc++_headers/gen/android/hardware/audio/effect/7.0/BsBassBoostEffect.h
out/soong/.intermediates/hardware/interfaces/audio/effect/7.0/android.hardware.audio.effect@7.0_genc++_headers/gen/android/hardware/audio/effect/7.0/BsDownmixEffect.h
out/soong/.intermediates/hardware/interfaces/audio/effect/7.0/android.hardware.audio.effect@7.0_genc++_headers/gen/android/hardware/audio/effect/7.0/BsEffect.h
out/soong/.intermediates/hardware/interfaces/audio/effect/7.0/android.hardware.audio.effect@7.0_genc++_headers/gen/android/hardware/audio/effect/7.0/BsEffectBufferProviderCallback.h
out/soong/.intermediates/hardware/interfaces/audio/effect/7.0/android.hardware.audio.effect@7.0_genc++_headers/gen/android/hardware/audio/effect/7.0/BsEffectsFactory.h
out/soong/.intermediates/hardware/interfaces/audio/effect/7.0/android.hardware.audio.effect@7.0_genc++_headers/gen/android/hardware/audio/effect/7.0/BsEnvironmentalReverbEffect.h
out/soong/.intermediates/hardware/interfaces/audio/effect/7.0/android.hardware.audio.effect@7.0_genc++_headers/gen/android/hardware/audio/effect/7.0/BsEqualizerEffect.h
out/soong/.intermediates/hardware/interfaces/audio/effect/7.0/android.hardware.audio.effect@7.0_genc++_headers/gen/android/hardware/audio/effect/7.0/BsLoudnessEnhancerEffect.h
out/soong/.intermediates/hardware/interfaces/audio/effect/7.0/android.hardware.audio.effect@7.0_genc++_headers/gen/android/hardware/audio/effect/7.0/BsNoiseSuppressionEffect.h
out/soong/.intermediates/hardware/interfaces/audio/effect/7.0/android.hardware.audio.effect@7.0_genc++_headers/gen/android/hardware/audio/effect/7.0/BsPresetReverbEffect.h
out/soong/.intermediates/hardware/interfaces/audio/effect/7.0/android.hardware.audio.effect@7.0_genc++_headers/gen/android/hardware/audio/effect/7.0/BsVirtualizerEffect.h
out/soong/.intermediates/hardware/interfaces/audio/effect/7.0/android.hardware.audio.effect@7.0_genc++_headers/gen/android/hardware/audio/effect/7.0/BsVisualizerEffect.h
out/soong/.intermediates/hardware/interfaces/audio/effect/7.0/android.hardware.audio.effect@7.0_genc++_headers/gen/android/hardware/audio/effect/7.0/IAcousticEchoCancelerEffect.h
out/soong/.intermediates/hardware/interfaces/audio/effect/7.0/android.hardware.audio.effect@7.0_genc++_headers/gen/android/hardware/audio/effect/7.0/IAutomaticGainControlEffect.h
out/soong/.intermediates/hardware/interfaces/audio/effect/7.0/android.hardware.audio.effect@7.0_genc++_headers/gen/android/hardware/audio/effect/7.0/IBassBoostEffect.h
out/soong/.intermediates/hardware/interfaces/audio/effect/7.0/android.hardware.audio.effect@7.0_genc++_headers/gen/android/hardware/audio/effect/7.0/IDownmixEffect.h
out/soong/.intermediates/hardware/interfaces/audio/effect/7.0/android.hardware.audio.effect@7.0_genc++_headers/gen/android/hardware/audio/effect/7.0/IEffect.h
out/soong/.intermediates/hardware/interfaces/audio/effect/7.0/android.hardware.audio.effect@7.0_genc++_headers/gen/android/hardware/audio/effect/7.0/IEffectBufferProviderCallback.h
out/soong/.intermediates/hardware/interfaces/audio/effect/7.0/android.hardware.audio.effect@7.0_genc++_headers/gen/android/hardware/audio/effect/7.0/IEffectsFactory.h
out/soong/.intermediates/hardware/interfaces/audio/effect/7.0/android.hardware.audio.effect@7.0_genc++_headers/gen/android/hardware/audio/effect/7.0/IEnvironmentalReverbEffect.h
out/soong/.intermediates/hardware/interfaces/audio/effect/7.0/android.hardware.audio.effect@7.0_genc++_headers/gen/android/hardware/audio/effect/7.0/IEqualizerEffect.h
out/soong/.intermediates/hardware/interfaces/audio/effect/7.0/android.hardware.audio.effect@7.0_genc++_headers/gen/android/hardware/audio/effect/7.0/IHwAcousticEchoCancelerEffect.h
out/soong/.intermediates/hardware/interfaces/audio/effect/7.0/android.hardware.audio.effect@7.0_genc++_headers/gen/android/hardware/audio/effect/7.0/IHwAutomaticGainControlEffect.h
out/soong/.intermediates/hardware/interfaces/audio/effect/7.0/android.hardware.audio.effect@7.0_genc++_headers/gen/android/hardware/audio/effect/7.0/IHwBassBoostEffect.h
out/soong/.intermediates/hardware/interfaces/audio/effect/7.0/android.hardware.audio.effect@7.0_genc++_headers/gen/android/hardware/audio/effect/7.0/IHwDownmixEffect.h
out/soong/.intermediates/hardware/interfaces/audio/effect/7.0/android.hardware.audio.effect@7.0_genc++_headers/gen/android/hardware/audio/effect/7.0/IHwEffect.h
out/soong/.intermediates/hardware/interfaces/audio/effect/7.0/android.hardware.audio.effect@7.0_genc++_headers/gen/android/hardware/audio/effect/7.0/IHwEffectBufferProviderCallback.h
out/soong/.intermediates/hardware/interfaces/audio/effect/7.0/android.hardware.audio.effect@7.0_genc++_headers/gen/android/hardware/audio/effect/7.0/IHwEffectsFactory.h
out/soong/.intermediates/hardware/interfaces/audio/effect/7.0/android.hardware.audio.effect@7.0_genc++_headers/gen/android/hardware/audio/effect/7.0/IHwEnvironmentalReverbEffect.h
out/soong/.intermediates/hardware/interfaces/audio/effect/7.0/android.hardware.audio.effect@7.0_genc++_headers/gen/android/hardware/audio/effect/7.0/IHwEqualizerEffect.h
out/soong/.intermediates/hardware/interfaces/audio/effect/7.0/android.hardware.audio.effect@7.0_genc++_headers/gen/android/hardware/audio/effect/7.0/IHwLoudnessEnhancerEffect.h
out/soong/.intermediates/hardware/interfaces/audio/effect/7.0/android.hardware.audio.effect@7.0_genc++_headers/gen/android/hardware/audio/effect/7.0/IHwNoiseSuppressionEffect.h
out/soong/.intermediates/hardware/interfaces/audio/effect/7.0/android.hardware.audio.effect@7.0_genc++_headers/gen/android/hardware/audio/effect/7.0/IHwPresetReverbEffect.h
out/soong/.intermediates/hardware/interfaces/audio/effect/7.0/android.hardware.audio.effect@7.0_genc++_headers/gen/android/hardware/audio/effect/7.0/IHwVirtualizerEffect.h
out/soong/.intermediates/hardware/interfaces/audio/effect/7.0/android.hardware.audio.effect@7.0_genc++_headers/gen/android/hardware/audio/effect/7.0/IHwVisualizerEffect.h
out/soong/.intermediates/hardware/interfaces/audio/effect/7.0/android.hardware.audio.effect@7.0_genc++_headers/gen/android/hardware/audio/effect/7.0/ILoudnessEnhancerEffect.h
out/soong/.intermediates/hardware/interfaces/audio/effect/7.0/android.hardware.audio.effect@7.0_genc++_headers/gen/android/hardware/audio/effect/7.0/INoiseSuppressionEffect.h
out/soong/.intermediates/hardware/interfaces/audio/effect/7.0/android.hardware.audio.effect@7.0_genc++_headers/gen/android/hardware/audio/effect/7.0/IPresetReverbEffect.h
out/soong/.intermediates/hardware/interfaces/audio/effect/7.0/android.hardware.audio.effect@7.0_genc++_headers/gen/android/hardware/audio/effect/7.0/IVirtualizerEffect.h
out/soong/.intermediates/hardware/interfaces/audio/effect/7.0/android.hardware.audio.effect@7.0_genc++_headers/gen/android/hardware/audio/effect/7.0/IVisualizerEffect.h
out/soong/.intermediates/hardware/interfaces/audio/effect/7.0/android.hardware.audio.effect@7.0_genc++_headers/gen/android/hardware/audio/effect/7.0/hwtypes.h
out/soong/.intermediates/hardware/interfaces/audio/effect/7.0/android.hardware.audio.effect@7.0_genc++_headers/gen/android/hardware/audio/effect/7.0/types.h