out/soong/.intermediates/hardware/interfaces/gnss/2.0/android.hardware.gnss@2.0_genc++_headers/gen/android/hardware/gnss/2.0/BnHwAGnss.h
out/soong/.intermediates/hardware/interfaces/gnss/2.0/android.hardware.gnss@2.0_genc++_headers/gen/android/hardware/gnss/2.0/BnHwAGnssCallback.h
out/soong/.intermediates/hardware/interfaces/gnss/2.0/android.hardware.gnss@2.0_genc++_headers/gen/android/hardware/gnss/2.0/BnHwAGnssRil.h
out/soong/.intermediates/hardware/interfaces/gnss/2.0/android.hardware.gnss@2.0_genc++_headers/gen/android/hardware/gnss/2.0/BnHwGnss.h
out/soong/.intermediates/hardware/interfaces/gnss/2.0/android.hardware.gnss@2.0_genc++_headers/gen/android/hardware/gnss/2.0/BnHwGnssBatching.h
out/soong/.intermediates/hardware/interfaces/gnss/2.0/android.hardware.gnss@2.0_genc++_headers/gen/android/hardware/gnss/2.0/BnHwGnssBatchingCallback.h
out/soong/.intermediates/hardware/interfaces/gnss/2.0/android.hardware.gnss@2.0_genc++_headers/gen/android/hardware/gnss/2.0/BnHwGnssCallback.h
out/soong/.intermediates/hardware/interfaces/gnss/2.0/android.hardware.gnss@2.0_genc++_headers/gen/android/hardware/gnss/2.0/BnHwGnssConfiguration.h
out/soong/.intermediates/hardware/interfaces/gnss/2.0/android.hardware.gnss@2.0_genc++_headers/gen/android/hardware/gnss/2.0/BnHwGnssDebug.h
out/soong/.intermediates/hardware/interfaces/gnss/2.0/android.hardware.gnss@2.0_genc++_headers/gen/android/hardware/gnss/2.0/BnHwGnssMeasurement.h
out/soong/.intermediates/hardware/interfaces/gnss/2.0/android.hardware.gnss@2.0_genc++_headers/gen/android/hardware/gnss/2.0/BnHwGnssMeasurementCallback.h
out/soong/.intermediates/hardware/interfaces/gnss/2.0/android.hardware.gnss@2.0_genc++_headers/gen/android/hardware/gnss/2.0/BpHwAGnss.h
out/soong/.intermediates/hardware/interfaces/gnss/2.0/android.hardware.gnss@2.0_genc++_headers/gen/android/hardware/gnss/2.0/BpHwAGnssCallback.h
out/soong/.intermediates/hardware/interfaces/gnss/2.0/android.hardware.gnss@2.0_genc++_headers/gen/android/hardware/gnss/2.0/BpHwAGnssRil.h
out/soong/.intermediates/hardware/interfaces/gnss/2.0/android.hardware.gnss@2.0_genc++_headers/gen/android/hardware/gnss/2.0/BpHwGnss.h
out/soong/.intermediates/hardware/interfaces/gnss/2.0/android.hardware.gnss@2.0_genc++_headers/gen/android/hardware/gnss/2.0/BpHwGnssBatching.h
out/soong/.intermediates/hardware/interfaces/gnss/2.0/android.hardware.gnss@2.0_genc++_headers/gen/android/hardware/gnss/2.0/BpHwGnssBatchingCallback.h
out/soong/.intermediates/hardware/interfaces/gnss/2.0/android.hardware.gnss@2.0_genc++_headers/gen/android/hardware/gnss/2.0/BpHwGnssCallback.h
out/soong/.intermediates/hardware/interfaces/gnss/2.0/android.hardware.gnss@2.0_genc++_headers/gen/android/hardware/gnss/2.0/BpHwGnssConfiguration.h
out/soong/.intermediates/hardware/interfaces/gnss/2.0/android.hardware.gnss@2.0_genc++_headers/gen/android/hardware/gnss/2.0/BpHwGnssDebug.h
out/soong/.intermediates/hardware/interfaces/gnss/2.0/android.hardware.gnss@2.0_genc++_headers/gen/android/hardware/gnss/2.0/BpHwGnssMeasurement.h
out/soong/.intermediates/hardware/interfaces/gnss/2.0/android.hardware.gnss@2.0_genc++_headers/gen/android/hardware/gnss/2.0/BpHwGnssMeasurementCallback.h
out/soong/.intermediates/hardware/interfaces/gnss/2.0/android.hardware.gnss@2.0_genc++_headers/gen/android/hardware/gnss/2.0/BsAGnss.h
out/soong/.intermediates/hardware/interfaces/gnss/2.0/android.hardware.gnss@2.0_genc++_headers/gen/android/hardware/gnss/2.0/BsAGnssCallback.h
out/soong/.intermediates/hardware/interfaces/gnss/2.0/android.hardware.gnss@2.0_genc++_headers/gen/android/hardware/gnss/2.0/BsAGnssRil.h
out/soong/.intermediates/hardware/interfaces/gnss/2.0/android.hardware.gnss@2.0_genc++_headers/gen/android/hardware/gnss/2.0/BsGnss.h
out/soong/.intermediates/hardware/interfaces/gnss/2.0/android.hardware.gnss@2.0_genc++_headers/gen/android/hardware/gnss/2.0/BsGnssBatching.h
out/soong/.intermediates/hardware/interfaces/gnss/2.0/android.hardware.gnss@2.0_genc++_headers/gen/android/hardware/gnss/2.0/BsGnssBatchingCallback.h
out/soong/.intermediates/hardware/interfaces/gnss/2.0/android.hardware.gnss@2.0_genc++_headers/gen/android/hardware/gnss/2.0/BsGnssCallback.h
out/soong/.intermediates/hardware/interfaces/gnss/2.0/android.hardware.gnss@2.0_genc++_headers/gen/android/hardware/gnss/2.0/BsGnssConfiguration.h
out/soong/.intermediates/hardware/interfaces/gnss/2.0/android.hardware.gnss@2.0_genc++_headers/gen/android/hardware/gnss/2.0/BsGnssDebug.h
out/soong/.intermediates/hardware/interfaces/gnss/2.0/android.hardware.gnss@2.0_genc++_headers/gen/android/hardware/gnss/2.0/BsGnssMeasurement.h
out/soong/.intermediates/hardware/interfaces/gnss/2.0/android.hardware.gnss@2.0_genc++_headers/gen/android/hardware/gnss/2.0/BsGnssMeasurementCallback.h
out/soong/.intermediates/hardware/interfaces/gnss/2.0/android.hardware.gnss@2.0_genc++_headers/gen/android/hardware/gnss/2.0/IAGnss.h
out/soong/.intermediates/hardware/interfaces/gnss/2.0/android.hardware.gnss@2.0_genc++_headers/gen/android/hardware/gnss/2.0/IAGnssCallback.h
out/soong/.intermediates/hardware/interfaces/gnss/2.0/android.hardware.gnss@2.0_genc++_headers/gen/android/hardware/gnss/2.0/IAGnssRil.h
out/soong/.intermediates/hardware/interfaces/gnss/2.0/android.hardware.gnss@2.0_genc++_headers/gen/android/hardware/gnss/2.0/IGnss.h
out/soong/.intermediates/hardware/interfaces/gnss/2.0/android.hardware.gnss@2.0_genc++_headers/gen/android/hardware/gnss/2.0/IGnssBatching.h
out/soong/.intermediates/hardware/interfaces/gnss/2.0/android.hardware.gnss@2.0_genc++_headers/gen/android/hardware/gnss/2.0/IGnssBatchingCallback.h
out/soong/.intermediates/hardware/interfaces/gnss/2.0/android.hardware.gnss@2.0_genc++_headers/gen/android/hardware/gnss/2.0/IGnssCallback.h
out/soong/.intermediates/hardware/interfaces/gnss/2.0/android.hardware.gnss@2.0_genc++_headers/gen/android/hardware/gnss/2.0/IGnssConfiguration.h
out/soong/.intermediates/hardware/interfaces/gnss/2.0/android.hardware.gnss@2.0_genc++_headers/gen/android/hardware/gnss/2.0/IGnssDebug.h
out/soong/.intermediates/hardware/interfaces/gnss/2.0/android.hardware.gnss@2.0_genc++_headers/gen/android/hardware/gnss/2.0/IGnssMeasurement.h
out/soong/.intermediates/hardware/interfaces/gnss/2.0/android.hardware.gnss@2.0_genc++_headers/gen/android/hardware/gnss/2.0/IGnssMeasurementCallback.h
out/soong/.intermediates/hardware/interfaces/gnss/2.0/android.hardware.gnss@2.0_genc++_headers/gen/android/hardware/gnss/2.0/IHwAGnss.h
out/soong/.intermediates/hardware/interfaces/gnss/2.0/android.hardware.gnss@2.0_genc++_headers/gen/android/hardware/gnss/2.0/IHwAGnssCallback.h
out/soong/.intermediates/hardware/interfaces/gnss/2.0/android.hardware.gnss@2.0_genc++_headers/gen/android/hardware/gnss/2.0/IHwAGnssRil.h
out/soong/.intermediates/hardware/interfaces/gnss/2.0/android.hardware.gnss@2.0_genc++_headers/gen/android/hardware/gnss/2.0/IHwGnss.h
out/soong/.intermediates/hardware/interfaces/gnss/2.0/android.hardware.gnss@2.0_genc++_headers/gen/android/hardware/gnss/2.0/IHwGnssBatching.h
out/soong/.intermediates/hardware/interfaces/gnss/2.0/android.hardware.gnss@2.0_genc++_headers/gen/android/hardware/gnss/2.0/IHwGnssBatchingCallback.h
out/soong/.intermediates/hardware/interfaces/gnss/2.0/android.hardware.gnss@2.0_genc++_headers/gen/android/hardware/gnss/2.0/IHwGnssCallback.h
out/soong/.intermediates/hardware/interfaces/gnss/2.0/android.hardware.gnss@2.0_genc++_headers/gen/android/hardware/gnss/2.0/IHwGnssConfiguration.h
out/soong/.intermediates/hardware/interfaces/gnss/2.0/android.hardware.gnss@2.0_genc++_headers/gen/android/hardware/gnss/2.0/IHwGnssDebug.h
out/soong/.intermediates/hardware/interfaces/gnss/2.0/android.hardware.gnss@2.0_genc++_headers/gen/android/hardware/gnss/2.0/IHwGnssMeasurement.h
out/soong/.intermediates/hardware/interfaces/gnss/2.0/android.hardware.gnss@2.0_genc++_headers/gen/android/hardware/gnss/2.0/IHwGnssMeasurementCallback.h
out/soong/.intermediates/hardware/interfaces/gnss/2.0/android.hardware.gnss@2.0_genc++_headers/gen/android/hardware/gnss/2.0/hwtypes.h
out/soong/.intermediates/hardware/interfaces/gnss/2.0/android.hardware.gnss@2.0_genc++_headers/gen/android/hardware/gnss/2.0/types.h