out/soong/.intermediates/hardware/interfaces/identity/aidl/android.hardware.identity-V3-ndk_platform-source/gen/android/hardware/identity/Certificate.cpp
out/soong/.intermediates/hardware/interfaces/identity/aidl/android.hardware.identity-V3-ndk_platform-source/gen/android/hardware/identity/CipherSuite.cpp
out/soong/.intermediates/hardware/interfaces/identity/aidl/android.hardware.identity-V3-ndk_platform-source/gen/android/hardware/identity/HardwareInformation.cpp
out/soong/.intermediates/hardware/interfaces/identity/aidl/android.hardware.identity-V3-ndk_platform-source/gen/android/hardware/identity/IIdentityCredential.cpp
out/soong/.intermediates/hardware/interfaces/identity/aidl/android.hardware.identity-V3-ndk_platform-source/gen/android/hardware/identity/IIdentityCredentialStore.cpp
out/soong/.intermediates/hardware/interfaces/identity/aidl/android.hardware.identity-V3-ndk_platform-source/gen/android/hardware/identity/IWritableIdentityCredential.cpp
out/soong/.intermediates/hardware/interfaces/identity/aidl/android.hardware.identity-V3-ndk_platform-source/gen/android/hardware/identity/RequestDataItem.cpp
out/soong/.intermediates/hardware/interfaces/identity/aidl/android.hardware.identity-V3-ndk_platform-source/gen/android/hardware/identity/RequestNamespace.cpp
out/soong/.intermediates/hardware/interfaces/identity/aidl/android.hardware.identity-V3-ndk_platform-source/gen/android/hardware/identity/SecureAccessControlProfile.cpp
out/soong/.intermediates/hardware/interfaces/identity/aidl/android.hardware.identity-V3-ndk_platform-source/gen/include/aidl/android/hardware/identity/BnCertificate.h
out/soong/.intermediates/hardware/interfaces/identity/aidl/android.hardware.identity-V3-ndk_platform-source/gen/include/aidl/android/hardware/identity/BnCipherSuite.h
out/soong/.intermediates/hardware/interfaces/identity/aidl/android.hardware.identity-V3-ndk_platform-source/gen/include/aidl/android/hardware/identity/BnHardwareInformation.h
out/soong/.intermediates/hardware/interfaces/identity/aidl/android.hardware.identity-V3-ndk_platform-source/gen/include/aidl/android/hardware/identity/BnIdentityCredential.h
out/soong/.intermediates/hardware/interfaces/identity/aidl/android.hardware.identity-V3-ndk_platform-source/gen/include/aidl/android/hardware/identity/BnIdentityCredentialStore.h
out/soong/.intermediates/hardware/interfaces/identity/aidl/android.hardware.identity-V3-ndk_platform-source/gen/include/aidl/android/hardware/identity/BnRequestDataItem.h
out/soong/.intermediates/hardware/interfaces/identity/aidl/android.hardware.identity-V3-ndk_platform-source/gen/include/aidl/android/hardware/identity/BnRequestNamespace.h
out/soong/.intermediates/hardware/interfaces/identity/aidl/android.hardware.identity-V3-ndk_platform-source/gen/include/aidl/android/hardware/identity/BnSecureAccessControlProfile.h
out/soong/.intermediates/hardware/interfaces/identity/aidl/android.hardware.identity-V3-ndk_platform-source/gen/include/aidl/android/hardware/identity/BnWritableIdentityCredential.h
out/soong/.intermediates/hardware/interfaces/identity/aidl/android.hardware.identity-V3-ndk_platform-source/gen/include/aidl/android/hardware/identity/BpCertificate.h
out/soong/.intermediates/hardware/interfaces/identity/aidl/android.hardware.identity-V3-ndk_platform-source/gen/include/aidl/android/hardware/identity/BpCipherSuite.h
out/soong/.intermediates/hardware/interfaces/identity/aidl/android.hardware.identity-V3-ndk_platform-source/gen/include/aidl/android/hardware/identity/BpHardwareInformation.h
out/soong/.intermediates/hardware/interfaces/identity/aidl/android.hardware.identity-V3-ndk_platform-source/gen/include/aidl/android/hardware/identity/BpIdentityCredential.h
out/soong/.intermediates/hardware/interfaces/identity/aidl/android.hardware.identity-V3-ndk_platform-source/gen/include/aidl/android/hardware/identity/BpIdentityCredentialStore.h
out/soong/.intermediates/hardware/interfaces/identity/aidl/android.hardware.identity-V3-ndk_platform-source/gen/include/aidl/android/hardware/identity/BpRequestDataItem.h
out/soong/.intermediates/hardware/interfaces/identity/aidl/android.hardware.identity-V3-ndk_platform-source/gen/include/aidl/android/hardware/identity/BpRequestNamespace.h
out/soong/.intermediates/hardware/interfaces/identity/aidl/android.hardware.identity-V3-ndk_platform-source/gen/include/aidl/android/hardware/identity/BpSecureAccessControlProfile.h
out/soong/.intermediates/hardware/interfaces/identity/aidl/android.hardware.identity-V3-ndk_platform-source/gen/include/aidl/android/hardware/identity/BpWritableIdentityCredential.h
out/soong/.intermediates/hardware/interfaces/identity/aidl/android.hardware.identity-V3-ndk_platform-source/gen/include/aidl/android/hardware/identity/Certificate.h
out/soong/.intermediates/hardware/interfaces/identity/aidl/android.hardware.identity-V3-ndk_platform-source/gen/include/aidl/android/hardware/identity/CipherSuite.h
out/soong/.intermediates/hardware/interfaces/identity/aidl/android.hardware.identity-V3-ndk_platform-source/gen/include/aidl/android/hardware/identity/HardwareInformation.h
out/soong/.intermediates/hardware/interfaces/identity/aidl/android.hardware.identity-V3-ndk_platform-source/gen/include/aidl/android/hardware/identity/IIdentityCredential.h
out/soong/.intermediates/hardware/interfaces/identity/aidl/android.hardware.identity-V3-ndk_platform-source/gen/include/aidl/android/hardware/identity/IIdentityCredentialStore.h
out/soong/.intermediates/hardware/interfaces/identity/aidl/android.hardware.identity-V3-ndk_platform-source/gen/include/aidl/android/hardware/identity/IWritableIdentityCredential.h
out/soong/.intermediates/hardware/interfaces/identity/aidl/android.hardware.identity-V3-ndk_platform-source/gen/include/aidl/android/hardware/identity/RequestDataItem.h
out/soong/.intermediates/hardware/interfaces/identity/aidl/android.hardware.identity-V3-ndk_platform-source/gen/include/aidl/android/hardware/identity/RequestNamespace.h
out/soong/.intermediates/hardware/interfaces/identity/aidl/android.hardware.identity-V3-ndk_platform-source/gen/include/aidl/android/hardware/identity/SecureAccessControlProfile.h