out/soong/.intermediates/hardware/interfaces/drm/1.2/android.hardware.drm@1.2_genc++_headers/gen/android/hardware/drm/1.2/BnHwCryptoFactory.h
out/soong/.intermediates/hardware/interfaces/drm/1.2/android.hardware.drm@1.2_genc++_headers/gen/android/hardware/drm/1.2/BnHwCryptoPlugin.h
out/soong/.intermediates/hardware/interfaces/drm/1.2/android.hardware.drm@1.2_genc++_headers/gen/android/hardware/drm/1.2/BnHwDrmFactory.h
out/soong/.intermediates/hardware/interfaces/drm/1.2/android.hardware.drm@1.2_genc++_headers/gen/android/hardware/drm/1.2/BnHwDrmPlugin.h
out/soong/.intermediates/hardware/interfaces/drm/1.2/android.hardware.drm@1.2_genc++_headers/gen/android/hardware/drm/1.2/BnHwDrmPluginListener.h
out/soong/.intermediates/hardware/interfaces/drm/1.2/android.hardware.drm@1.2_genc++_headers/gen/android/hardware/drm/1.2/BpHwCryptoFactory.h
out/soong/.intermediates/hardware/interfaces/drm/1.2/android.hardware.drm@1.2_genc++_headers/gen/android/hardware/drm/1.2/BpHwCryptoPlugin.h
out/soong/.intermediates/hardware/interfaces/drm/1.2/android.hardware.drm@1.2_genc++_headers/gen/android/hardware/drm/1.2/BpHwDrmFactory.h
out/soong/.intermediates/hardware/interfaces/drm/1.2/android.hardware.drm@1.2_genc++_headers/gen/android/hardware/drm/1.2/BpHwDrmPlugin.h
out/soong/.intermediates/hardware/interfaces/drm/1.2/android.hardware.drm@1.2_genc++_headers/gen/android/hardware/drm/1.2/BpHwDrmPluginListener.h
out/soong/.intermediates/hardware/interfaces/drm/1.2/android.hardware.drm@1.2_genc++_headers/gen/android/hardware/drm/1.2/BsCryptoFactory.h
out/soong/.intermediates/hardware/interfaces/drm/1.2/android.hardware.drm@1.2_genc++_headers/gen/android/hardware/drm/1.2/BsCryptoPlugin.h
out/soong/.intermediates/hardware/interfaces/drm/1.2/android.hardware.drm@1.2_genc++_headers/gen/android/hardware/drm/1.2/BsDrmFactory.h
out/soong/.intermediates/hardware/interfaces/drm/1.2/android.hardware.drm@1.2_genc++_headers/gen/android/hardware/drm/1.2/BsDrmPlugin.h
out/soong/.intermediates/hardware/interfaces/drm/1.2/android.hardware.drm@1.2_genc++_headers/gen/android/hardware/drm/1.2/BsDrmPluginListener.h
out/soong/.intermediates/hardware/interfaces/drm/1.2/android.hardware.drm@1.2_genc++_headers/gen/android/hardware/drm/1.2/ICryptoFactory.h
out/soong/.intermediates/hardware/interfaces/drm/1.2/android.hardware.drm@1.2_genc++_headers/gen/android/hardware/drm/1.2/ICryptoPlugin.h
out/soong/.intermediates/hardware/interfaces/drm/1.2/android.hardware.drm@1.2_genc++_headers/gen/android/hardware/drm/1.2/IDrmFactory.h
out/soong/.intermediates/hardware/interfaces/drm/1.2/android.hardware.drm@1.2_genc++_headers/gen/android/hardware/drm/1.2/IDrmPlugin.h
out/soong/.intermediates/hardware/interfaces/drm/1.2/android.hardware.drm@1.2_genc++_headers/gen/android/hardware/drm/1.2/IDrmPluginListener.h
out/soong/.intermediates/hardware/interfaces/drm/1.2/android.hardware.drm@1.2_genc++_headers/gen/android/hardware/drm/1.2/IHwCryptoFactory.h
out/soong/.intermediates/hardware/interfaces/drm/1.2/android.hardware.drm@1.2_genc++_headers/gen/android/hardware/drm/1.2/IHwCryptoPlugin.h
out/soong/.intermediates/hardware/interfaces/drm/1.2/android.hardware.drm@1.2_genc++_headers/gen/android/hardware/drm/1.2/IHwDrmFactory.h
out/soong/.intermediates/hardware/interfaces/drm/1.2/android.hardware.drm@1.2_genc++_headers/gen/android/hardware/drm/1.2/IHwDrmPlugin.h
out/soong/.intermediates/hardware/interfaces/drm/1.2/android.hardware.drm@1.2_genc++_headers/gen/android/hardware/drm/1.2/IHwDrmPluginListener.h
out/soong/.intermediates/hardware/interfaces/drm/1.2/android.hardware.drm@1.2_genc++_headers/gen/android/hardware/drm/1.2/hwtypes.h
out/soong/.intermediates/hardware/interfaces/drm/1.2/android.hardware.drm@1.2_genc++_headers/gen/android/hardware/drm/1.2/types.h