out/soong/.intermediates/hardware/interfaces/vibrator/aidl/android.hardware.vibrator-V2-ndk_platform/android_vendor.31_x86_x86_64_static/obj/.intermediates/hardware/interfaces/vibrator/aidl/android.hardware.vibrator-V2-ndk_platform-source/gen/android/hardware/vibrator/ActivePwle.o
out/soong/.intermediates/hardware/interfaces/vibrator/aidl/android.hardware.vibrator-V2-ndk_platform/android_vendor.31_x86_x86_64_static/obj/.intermediates/hardware/interfaces/vibrator/aidl/android.hardware.vibrator-V2-ndk_platform-source/gen/android/hardware/vibrator/ActivePwle.tidy
out/soong/.intermediates/hardware/interfaces/vibrator/aidl/android.hardware.vibrator-V2-ndk_platform/android_vendor.31_x86_x86_64_static/obj/.intermediates/hardware/interfaces/vibrator/aidl/android.hardware.vibrator-V2-ndk_platform-source/gen/android/hardware/vibrator/Braking.o
out/soong/.intermediates/hardware/interfaces/vibrator/aidl/android.hardware.vibrator-V2-ndk_platform/android_vendor.31_x86_x86_64_static/obj/.intermediates/hardware/interfaces/vibrator/aidl/android.hardware.vibrator-V2-ndk_platform-source/gen/android/hardware/vibrator/Braking.tidy
out/soong/.intermediates/hardware/interfaces/vibrator/aidl/android.hardware.vibrator-V2-ndk_platform/android_vendor.31_x86_x86_64_static/obj/.intermediates/hardware/interfaces/vibrator/aidl/android.hardware.vibrator-V2-ndk_platform-source/gen/android/hardware/vibrator/BrakingPwle.o
out/soong/.intermediates/hardware/interfaces/vibrator/aidl/android.hardware.vibrator-V2-ndk_platform/android_vendor.31_x86_x86_64_static/obj/.intermediates/hardware/interfaces/vibrator/aidl/android.hardware.vibrator-V2-ndk_platform-source/gen/android/hardware/vibrator/BrakingPwle.tidy
out/soong/.intermediates/hardware/interfaces/vibrator/aidl/android.hardware.vibrator-V2-ndk_platform/android_vendor.31_x86_x86_64_static/obj/.intermediates/hardware/interfaces/vibrator/aidl/android.hardware.vibrator-V2-ndk_platform-source/gen/android/hardware/vibrator/CompositeEffect.o
out/soong/.intermediates/hardware/interfaces/vibrator/aidl/android.hardware.vibrator-V2-ndk_platform/android_vendor.31_x86_x86_64_static/obj/.intermediates/hardware/interfaces/vibrator/aidl/android.hardware.vibrator-V2-ndk_platform-source/gen/android/hardware/vibrator/CompositeEffect.tidy
out/soong/.intermediates/hardware/interfaces/vibrator/aidl/android.hardware.vibrator-V2-ndk_platform/android_vendor.31_x86_x86_64_static/obj/.intermediates/hardware/interfaces/vibrator/aidl/android.hardware.vibrator-V2-ndk_platform-source/gen/android/hardware/vibrator/CompositePrimitive.o
out/soong/.intermediates/hardware/interfaces/vibrator/aidl/android.hardware.vibrator-V2-ndk_platform/android_vendor.31_x86_x86_64_static/obj/.intermediates/hardware/interfaces/vibrator/aidl/android.hardware.vibrator-V2-ndk_platform-source/gen/android/hardware/vibrator/CompositePrimitive.tidy
out/soong/.intermediates/hardware/interfaces/vibrator/aidl/android.hardware.vibrator-V2-ndk_platform/android_vendor.31_x86_x86_64_static/obj/.intermediates/hardware/interfaces/vibrator/aidl/android.hardware.vibrator-V2-ndk_platform-source/gen/android/hardware/vibrator/Effect.o
out/soong/.intermediates/hardware/interfaces/vibrator/aidl/android.hardware.vibrator-V2-ndk_platform/android_vendor.31_x86_x86_64_static/obj/.intermediates/hardware/interfaces/vibrator/aidl/android.hardware.vibrator-V2-ndk_platform-source/gen/android/hardware/vibrator/Effect.tidy
out/soong/.intermediates/hardware/interfaces/vibrator/aidl/android.hardware.vibrator-V2-ndk_platform/android_vendor.31_x86_x86_64_static/obj/.intermediates/hardware/interfaces/vibrator/aidl/android.hardware.vibrator-V2-ndk_platform-source/gen/android/hardware/vibrator/EffectStrength.o
out/soong/.intermediates/hardware/interfaces/vibrator/aidl/android.hardware.vibrator-V2-ndk_platform/android_vendor.31_x86_x86_64_static/obj/.intermediates/hardware/interfaces/vibrator/aidl/android.hardware.vibrator-V2-ndk_platform-source/gen/android/hardware/vibrator/EffectStrength.tidy
out/soong/.intermediates/hardware/interfaces/vibrator/aidl/android.hardware.vibrator-V2-ndk_platform/android_vendor.31_x86_x86_64_static/obj/.intermediates/hardware/interfaces/vibrator/aidl/android.hardware.vibrator-V2-ndk_platform-source/gen/android/hardware/vibrator/IVibrator.o
out/soong/.intermediates/hardware/interfaces/vibrator/aidl/android.hardware.vibrator-V2-ndk_platform/android_vendor.31_x86_x86_64_static/obj/.intermediates/hardware/interfaces/vibrator/aidl/android.hardware.vibrator-V2-ndk_platform-source/gen/android/hardware/vibrator/IVibrator.tidy
out/soong/.intermediates/hardware/interfaces/vibrator/aidl/android.hardware.vibrator-V2-ndk_platform/android_vendor.31_x86_x86_64_static/obj/.intermediates/hardware/interfaces/vibrator/aidl/android.hardware.vibrator-V2-ndk_platform-source/gen/android/hardware/vibrator/IVibratorCallback.o
out/soong/.intermediates/hardware/interfaces/vibrator/aidl/android.hardware.vibrator-V2-ndk_platform/android_vendor.31_x86_x86_64_static/obj/.intermediates/hardware/interfaces/vibrator/aidl/android.hardware.vibrator-V2-ndk_platform-source/gen/android/hardware/vibrator/IVibratorCallback.tidy
out/soong/.intermediates/hardware/interfaces/vibrator/aidl/android.hardware.vibrator-V2-ndk_platform/android_vendor.31_x86_x86_64_static/obj/.intermediates/hardware/interfaces/vibrator/aidl/android.hardware.vibrator-V2-ndk_platform-source/gen/android/hardware/vibrator/IVibratorManager.o
out/soong/.intermediates/hardware/interfaces/vibrator/aidl/android.hardware.vibrator-V2-ndk_platform/android_vendor.31_x86_x86_64_static/obj/.intermediates/hardware/interfaces/vibrator/aidl/android.hardware.vibrator-V2-ndk_platform-source/gen/android/hardware/vibrator/IVibratorManager.tidy
out/soong/.intermediates/hardware/interfaces/vibrator/aidl/android.hardware.vibrator-V2-ndk_platform/android_vendor.31_x86_x86_64_static/obj/.intermediates/hardware/interfaces/vibrator/aidl/android.hardware.vibrator-V2-ndk_platform-source/gen/android/hardware/vibrator/PrimitivePwle.o
out/soong/.intermediates/hardware/interfaces/vibrator/aidl/android.hardware.vibrator-V2-ndk_platform/android_vendor.31_x86_x86_64_static/obj/.intermediates/hardware/interfaces/vibrator/aidl/android.hardware.vibrator-V2-ndk_platform-source/gen/android/hardware/vibrator/PrimitivePwle.tidy