out/soong/.intermediates/hardware/interfaces/broadcastradio/1.1/android.hardware.broadcastradio@1.1_genc++_headers/gen/android/hardware/broadcastradio/1.1/BnHwBroadcastRadio.h
out/soong/.intermediates/hardware/interfaces/broadcastradio/1.1/android.hardware.broadcastradio@1.1_genc++_headers/gen/android/hardware/broadcastradio/1.1/BnHwBroadcastRadioFactory.h
out/soong/.intermediates/hardware/interfaces/broadcastradio/1.1/android.hardware.broadcastradio@1.1_genc++_headers/gen/android/hardware/broadcastradio/1.1/BnHwTuner.h
out/soong/.intermediates/hardware/interfaces/broadcastradio/1.1/android.hardware.broadcastradio@1.1_genc++_headers/gen/android/hardware/broadcastradio/1.1/BnHwTunerCallback.h
out/soong/.intermediates/hardware/interfaces/broadcastradio/1.1/android.hardware.broadcastradio@1.1_genc++_headers/gen/android/hardware/broadcastradio/1.1/BpHwBroadcastRadio.h
out/soong/.intermediates/hardware/interfaces/broadcastradio/1.1/android.hardware.broadcastradio@1.1_genc++_headers/gen/android/hardware/broadcastradio/1.1/BpHwBroadcastRadioFactory.h
out/soong/.intermediates/hardware/interfaces/broadcastradio/1.1/android.hardware.broadcastradio@1.1_genc++_headers/gen/android/hardware/broadcastradio/1.1/BpHwTuner.h
out/soong/.intermediates/hardware/interfaces/broadcastradio/1.1/android.hardware.broadcastradio@1.1_genc++_headers/gen/android/hardware/broadcastradio/1.1/BpHwTunerCallback.h
out/soong/.intermediates/hardware/interfaces/broadcastradio/1.1/android.hardware.broadcastradio@1.1_genc++_headers/gen/android/hardware/broadcastradio/1.1/BsBroadcastRadio.h
out/soong/.intermediates/hardware/interfaces/broadcastradio/1.1/android.hardware.broadcastradio@1.1_genc++_headers/gen/android/hardware/broadcastradio/1.1/BsBroadcastRadioFactory.h
out/soong/.intermediates/hardware/interfaces/broadcastradio/1.1/android.hardware.broadcastradio@1.1_genc++_headers/gen/android/hardware/broadcastradio/1.1/BsTuner.h
out/soong/.intermediates/hardware/interfaces/broadcastradio/1.1/android.hardware.broadcastradio@1.1_genc++_headers/gen/android/hardware/broadcastradio/1.1/BsTunerCallback.h
out/soong/.intermediates/hardware/interfaces/broadcastradio/1.1/android.hardware.broadcastradio@1.1_genc++_headers/gen/android/hardware/broadcastradio/1.1/IBroadcastRadio.h
out/soong/.intermediates/hardware/interfaces/broadcastradio/1.1/android.hardware.broadcastradio@1.1_genc++_headers/gen/android/hardware/broadcastradio/1.1/IBroadcastRadioFactory.h
out/soong/.intermediates/hardware/interfaces/broadcastradio/1.1/android.hardware.broadcastradio@1.1_genc++_headers/gen/android/hardware/broadcastradio/1.1/IHwBroadcastRadio.h
out/soong/.intermediates/hardware/interfaces/broadcastradio/1.1/android.hardware.broadcastradio@1.1_genc++_headers/gen/android/hardware/broadcastradio/1.1/IHwBroadcastRadioFactory.h
out/soong/.intermediates/hardware/interfaces/broadcastradio/1.1/android.hardware.broadcastradio@1.1_genc++_headers/gen/android/hardware/broadcastradio/1.1/IHwTuner.h
out/soong/.intermediates/hardware/interfaces/broadcastradio/1.1/android.hardware.broadcastradio@1.1_genc++_headers/gen/android/hardware/broadcastradio/1.1/IHwTunerCallback.h
out/soong/.intermediates/hardware/interfaces/broadcastradio/1.1/android.hardware.broadcastradio@1.1_genc++_headers/gen/android/hardware/broadcastradio/1.1/ITuner.h
out/soong/.intermediates/hardware/interfaces/broadcastradio/1.1/android.hardware.broadcastradio@1.1_genc++_headers/gen/android/hardware/broadcastradio/1.1/ITunerCallback.h
out/soong/.intermediates/hardware/interfaces/broadcastradio/1.1/android.hardware.broadcastradio@1.1_genc++_headers/gen/android/hardware/broadcastradio/1.1/hwtypes.h
out/soong/.intermediates/hardware/interfaces/broadcastradio/1.1/android.hardware.broadcastradio@1.1_genc++_headers/gen/android/hardware/broadcastradio/1.1/types.h