out/soong/.intermediates/hardware/interfaces/keymaster/aidl/android.hardware.keymaster-V3-ndk_platform-source/gen/android/hardware/keymaster/HardwareAuthToken.cpp
out/soong/.intermediates/hardware/interfaces/keymaster/aidl/android.hardware.keymaster-V3-ndk_platform-source/gen/android/hardware/keymaster/HardwareAuthenticatorType.cpp
out/soong/.intermediates/hardware/interfaces/keymaster/aidl/android.hardware.keymaster-V3-ndk_platform-source/gen/android/hardware/keymaster/SecurityLevel.cpp
out/soong/.intermediates/hardware/interfaces/keymaster/aidl/android.hardware.keymaster-V3-ndk_platform-source/gen/android/hardware/keymaster/Timestamp.cpp
out/soong/.intermediates/hardware/interfaces/keymaster/aidl/android.hardware.keymaster-V3-ndk_platform-source/gen/android/hardware/keymaster/VerificationToken.cpp
out/soong/.intermediates/hardware/interfaces/keymaster/aidl/android.hardware.keymaster-V3-ndk_platform-source/gen/include/aidl/android/hardware/keymaster/BnHardwareAuthToken.h
out/soong/.intermediates/hardware/interfaces/keymaster/aidl/android.hardware.keymaster-V3-ndk_platform-source/gen/include/aidl/android/hardware/keymaster/BnHardwareAuthenticatorType.h
out/soong/.intermediates/hardware/interfaces/keymaster/aidl/android.hardware.keymaster-V3-ndk_platform-source/gen/include/aidl/android/hardware/keymaster/BnSecurityLevel.h
out/soong/.intermediates/hardware/interfaces/keymaster/aidl/android.hardware.keymaster-V3-ndk_platform-source/gen/include/aidl/android/hardware/keymaster/BnTimestamp.h
out/soong/.intermediates/hardware/interfaces/keymaster/aidl/android.hardware.keymaster-V3-ndk_platform-source/gen/include/aidl/android/hardware/keymaster/BnVerificationToken.h
out/soong/.intermediates/hardware/interfaces/keymaster/aidl/android.hardware.keymaster-V3-ndk_platform-source/gen/include/aidl/android/hardware/keymaster/BpHardwareAuthToken.h
out/soong/.intermediates/hardware/interfaces/keymaster/aidl/android.hardware.keymaster-V3-ndk_platform-source/gen/include/aidl/android/hardware/keymaster/BpHardwareAuthenticatorType.h
out/soong/.intermediates/hardware/interfaces/keymaster/aidl/android.hardware.keymaster-V3-ndk_platform-source/gen/include/aidl/android/hardware/keymaster/BpSecurityLevel.h
out/soong/.intermediates/hardware/interfaces/keymaster/aidl/android.hardware.keymaster-V3-ndk_platform-source/gen/include/aidl/android/hardware/keymaster/BpTimestamp.h
out/soong/.intermediates/hardware/interfaces/keymaster/aidl/android.hardware.keymaster-V3-ndk_platform-source/gen/include/aidl/android/hardware/keymaster/BpVerificationToken.h
out/soong/.intermediates/hardware/interfaces/keymaster/aidl/android.hardware.keymaster-V3-ndk_platform-source/gen/include/aidl/android/hardware/keymaster/HardwareAuthToken.h
out/soong/.intermediates/hardware/interfaces/keymaster/aidl/android.hardware.keymaster-V3-ndk_platform-source/gen/include/aidl/android/hardware/keymaster/HardwareAuthenticatorType.h
out/soong/.intermediates/hardware/interfaces/keymaster/aidl/android.hardware.keymaster-V3-ndk_platform-source/gen/include/aidl/android/hardware/keymaster/SecurityLevel.h
out/soong/.intermediates/hardware/interfaces/keymaster/aidl/android.hardware.keymaster-V3-ndk_platform-source/gen/include/aidl/android/hardware/keymaster/Timestamp.h
out/soong/.intermediates/hardware/interfaces/keymaster/aidl/android.hardware.keymaster-V3-ndk_platform-source/gen/include/aidl/android/hardware/keymaster/VerificationToken.h