out/soong/.intermediates/hardware/interfaces/audio/effect/6.0/android.hardware.audio.effect@6.0_genc++_headers/gen/android/hardware/audio/effect/6.0/BnHwAcousticEchoCancelerEffect.h
out/soong/.intermediates/hardware/interfaces/audio/effect/6.0/android.hardware.audio.effect@6.0_genc++_headers/gen/android/hardware/audio/effect/6.0/BnHwAutomaticGainControlEffect.h
out/soong/.intermediates/hardware/interfaces/audio/effect/6.0/android.hardware.audio.effect@6.0_genc++_headers/gen/android/hardware/audio/effect/6.0/BnHwBassBoostEffect.h
out/soong/.intermediates/hardware/interfaces/audio/effect/6.0/android.hardware.audio.effect@6.0_genc++_headers/gen/android/hardware/audio/effect/6.0/BnHwDownmixEffect.h
out/soong/.intermediates/hardware/interfaces/audio/effect/6.0/android.hardware.audio.effect@6.0_genc++_headers/gen/android/hardware/audio/effect/6.0/BnHwEffect.h
out/soong/.intermediates/hardware/interfaces/audio/effect/6.0/android.hardware.audio.effect@6.0_genc++_headers/gen/android/hardware/audio/effect/6.0/BnHwEffectBufferProviderCallback.h
out/soong/.intermediates/hardware/interfaces/audio/effect/6.0/android.hardware.audio.effect@6.0_genc++_headers/gen/android/hardware/audio/effect/6.0/BnHwEffectsFactory.h
out/soong/.intermediates/hardware/interfaces/audio/effect/6.0/android.hardware.audio.effect@6.0_genc++_headers/gen/android/hardware/audio/effect/6.0/BnHwEnvironmentalReverbEffect.h
out/soong/.intermediates/hardware/interfaces/audio/effect/6.0/android.hardware.audio.effect@6.0_genc++_headers/gen/android/hardware/audio/effect/6.0/BnHwEqualizerEffect.h
out/soong/.intermediates/hardware/interfaces/audio/effect/6.0/android.hardware.audio.effect@6.0_genc++_headers/gen/android/hardware/audio/effect/6.0/BnHwLoudnessEnhancerEffect.h
out/soong/.intermediates/hardware/interfaces/audio/effect/6.0/android.hardware.audio.effect@6.0_genc++_headers/gen/android/hardware/audio/effect/6.0/BnHwNoiseSuppressionEffect.h
out/soong/.intermediates/hardware/interfaces/audio/effect/6.0/android.hardware.audio.effect@6.0_genc++_headers/gen/android/hardware/audio/effect/6.0/BnHwPresetReverbEffect.h
out/soong/.intermediates/hardware/interfaces/audio/effect/6.0/android.hardware.audio.effect@6.0_genc++_headers/gen/android/hardware/audio/effect/6.0/BnHwVirtualizerEffect.h
out/soong/.intermediates/hardware/interfaces/audio/effect/6.0/android.hardware.audio.effect@6.0_genc++_headers/gen/android/hardware/audio/effect/6.0/BnHwVisualizerEffect.h
out/soong/.intermediates/hardware/interfaces/audio/effect/6.0/android.hardware.audio.effect@6.0_genc++_headers/gen/android/hardware/audio/effect/6.0/BpHwAcousticEchoCancelerEffect.h
out/soong/.intermediates/hardware/interfaces/audio/effect/6.0/android.hardware.audio.effect@6.0_genc++_headers/gen/android/hardware/audio/effect/6.0/BpHwAutomaticGainControlEffect.h
out/soong/.intermediates/hardware/interfaces/audio/effect/6.0/android.hardware.audio.effect@6.0_genc++_headers/gen/android/hardware/audio/effect/6.0/BpHwBassBoostEffect.h
out/soong/.intermediates/hardware/interfaces/audio/effect/6.0/android.hardware.audio.effect@6.0_genc++_headers/gen/android/hardware/audio/effect/6.0/BpHwDownmixEffect.h
out/soong/.intermediates/hardware/interfaces/audio/effect/6.0/android.hardware.audio.effect@6.0_genc++_headers/gen/android/hardware/audio/effect/6.0/BpHwEffect.h
out/soong/.intermediates/hardware/interfaces/audio/effect/6.0/android.hardware.audio.effect@6.0_genc++_headers/gen/android/hardware/audio/effect/6.0/BpHwEffectBufferProviderCallback.h
out/soong/.intermediates/hardware/interfaces/audio/effect/6.0/android.hardware.audio.effect@6.0_genc++_headers/gen/android/hardware/audio/effect/6.0/BpHwEffectsFactory.h
out/soong/.intermediates/hardware/interfaces/audio/effect/6.0/android.hardware.audio.effect@6.0_genc++_headers/gen/android/hardware/audio/effect/6.0/BpHwEnvironmentalReverbEffect.h
out/soong/.intermediates/hardware/interfaces/audio/effect/6.0/android.hardware.audio.effect@6.0_genc++_headers/gen/android/hardware/audio/effect/6.0/BpHwEqualizerEffect.h
out/soong/.intermediates/hardware/interfaces/audio/effect/6.0/android.hardware.audio.effect@6.0_genc++_headers/gen/android/hardware/audio/effect/6.0/BpHwLoudnessEnhancerEffect.h
out/soong/.intermediates/hardware/interfaces/audio/effect/6.0/android.hardware.audio.effect@6.0_genc++_headers/gen/android/hardware/audio/effect/6.0/BpHwNoiseSuppressionEffect.h
out/soong/.intermediates/hardware/interfaces/audio/effect/6.0/android.hardware.audio.effect@6.0_genc++_headers/gen/android/hardware/audio/effect/6.0/BpHwPresetReverbEffect.h
out/soong/.intermediates/hardware/interfaces/audio/effect/6.0/android.hardware.audio.effect@6.0_genc++_headers/gen/android/hardware/audio/effect/6.0/BpHwVirtualizerEffect.h
out/soong/.intermediates/hardware/interfaces/audio/effect/6.0/android.hardware.audio.effect@6.0_genc++_headers/gen/android/hardware/audio/effect/6.0/BpHwVisualizerEffect.h
out/soong/.intermediates/hardware/interfaces/audio/effect/6.0/android.hardware.audio.effect@6.0_genc++_headers/gen/android/hardware/audio/effect/6.0/BsAcousticEchoCancelerEffect.h
out/soong/.intermediates/hardware/interfaces/audio/effect/6.0/android.hardware.audio.effect@6.0_genc++_headers/gen/android/hardware/audio/effect/6.0/BsAutomaticGainControlEffect.h
out/soong/.intermediates/hardware/interfaces/audio/effect/6.0/android.hardware.audio.effect@6.0_genc++_headers/gen/android/hardware/audio/effect/6.0/BsBassBoostEffect.h
out/soong/.intermediates/hardware/interfaces/audio/effect/6.0/android.hardware.audio.effect@6.0_genc++_headers/gen/android/hardware/audio/effect/6.0/BsDownmixEffect.h
out/soong/.intermediates/hardware/interfaces/audio/effect/6.0/android.hardware.audio.effect@6.0_genc++_headers/gen/android/hardware/audio/effect/6.0/BsEffect.h
out/soong/.intermediates/hardware/interfaces/audio/effect/6.0/android.hardware.audio.effect@6.0_genc++_headers/gen/android/hardware/audio/effect/6.0/BsEffectBufferProviderCallback.h
out/soong/.intermediates/hardware/interfaces/audio/effect/6.0/android.hardware.audio.effect@6.0_genc++_headers/gen/android/hardware/audio/effect/6.0/BsEffectsFactory.h
out/soong/.intermediates/hardware/interfaces/audio/effect/6.0/android.hardware.audio.effect@6.0_genc++_headers/gen/android/hardware/audio/effect/6.0/BsEnvironmentalReverbEffect.h
out/soong/.intermediates/hardware/interfaces/audio/effect/6.0/android.hardware.audio.effect@6.0_genc++_headers/gen/android/hardware/audio/effect/6.0/BsEqualizerEffect.h
out/soong/.intermediates/hardware/interfaces/audio/effect/6.0/android.hardware.audio.effect@6.0_genc++_headers/gen/android/hardware/audio/effect/6.0/BsLoudnessEnhancerEffect.h
out/soong/.intermediates/hardware/interfaces/audio/effect/6.0/android.hardware.audio.effect@6.0_genc++_headers/gen/android/hardware/audio/effect/6.0/BsNoiseSuppressionEffect.h
out/soong/.intermediates/hardware/interfaces/audio/effect/6.0/android.hardware.audio.effect@6.0_genc++_headers/gen/android/hardware/audio/effect/6.0/BsPresetReverbEffect.h
out/soong/.intermediates/hardware/interfaces/audio/effect/6.0/android.hardware.audio.effect@6.0_genc++_headers/gen/android/hardware/audio/effect/6.0/BsVirtualizerEffect.h
out/soong/.intermediates/hardware/interfaces/audio/effect/6.0/android.hardware.audio.effect@6.0_genc++_headers/gen/android/hardware/audio/effect/6.0/BsVisualizerEffect.h
out/soong/.intermediates/hardware/interfaces/audio/effect/6.0/android.hardware.audio.effect@6.0_genc++_headers/gen/android/hardware/audio/effect/6.0/IAcousticEchoCancelerEffect.h
out/soong/.intermediates/hardware/interfaces/audio/effect/6.0/android.hardware.audio.effect@6.0_genc++_headers/gen/android/hardware/audio/effect/6.0/IAutomaticGainControlEffect.h
out/soong/.intermediates/hardware/interfaces/audio/effect/6.0/android.hardware.audio.effect@6.0_genc++_headers/gen/android/hardware/audio/effect/6.0/IBassBoostEffect.h
out/soong/.intermediates/hardware/interfaces/audio/effect/6.0/android.hardware.audio.effect@6.0_genc++_headers/gen/android/hardware/audio/effect/6.0/IDownmixEffect.h
out/soong/.intermediates/hardware/interfaces/audio/effect/6.0/android.hardware.audio.effect@6.0_genc++_headers/gen/android/hardware/audio/effect/6.0/IEffect.h
out/soong/.intermediates/hardware/interfaces/audio/effect/6.0/android.hardware.audio.effect@6.0_genc++_headers/gen/android/hardware/audio/effect/6.0/IEffectBufferProviderCallback.h
out/soong/.intermediates/hardware/interfaces/audio/effect/6.0/android.hardware.audio.effect@6.0_genc++_headers/gen/android/hardware/audio/effect/6.0/IEffectsFactory.h
out/soong/.intermediates/hardware/interfaces/audio/effect/6.0/android.hardware.audio.effect@6.0_genc++_headers/gen/android/hardware/audio/effect/6.0/IEnvironmentalReverbEffect.h
out/soong/.intermediates/hardware/interfaces/audio/effect/6.0/android.hardware.audio.effect@6.0_genc++_headers/gen/android/hardware/audio/effect/6.0/IEqualizerEffect.h
out/soong/.intermediates/hardware/interfaces/audio/effect/6.0/android.hardware.audio.effect@6.0_genc++_headers/gen/android/hardware/audio/effect/6.0/IHwAcousticEchoCancelerEffect.h
out/soong/.intermediates/hardware/interfaces/audio/effect/6.0/android.hardware.audio.effect@6.0_genc++_headers/gen/android/hardware/audio/effect/6.0/IHwAutomaticGainControlEffect.h
out/soong/.intermediates/hardware/interfaces/audio/effect/6.0/android.hardware.audio.effect@6.0_genc++_headers/gen/android/hardware/audio/effect/6.0/IHwBassBoostEffect.h
out/soong/.intermediates/hardware/interfaces/audio/effect/6.0/android.hardware.audio.effect@6.0_genc++_headers/gen/android/hardware/audio/effect/6.0/IHwDownmixEffect.h
out/soong/.intermediates/hardware/interfaces/audio/effect/6.0/android.hardware.audio.effect@6.0_genc++_headers/gen/android/hardware/audio/effect/6.0/IHwEffect.h
out/soong/.intermediates/hardware/interfaces/audio/effect/6.0/android.hardware.audio.effect@6.0_genc++_headers/gen/android/hardware/audio/effect/6.0/IHwEffectBufferProviderCallback.h
out/soong/.intermediates/hardware/interfaces/audio/effect/6.0/android.hardware.audio.effect@6.0_genc++_headers/gen/android/hardware/audio/effect/6.0/IHwEffectsFactory.h
out/soong/.intermediates/hardware/interfaces/audio/effect/6.0/android.hardware.audio.effect@6.0_genc++_headers/gen/android/hardware/audio/effect/6.0/IHwEnvironmentalReverbEffect.h
out/soong/.intermediates/hardware/interfaces/audio/effect/6.0/android.hardware.audio.effect@6.0_genc++_headers/gen/android/hardware/audio/effect/6.0/IHwEqualizerEffect.h
out/soong/.intermediates/hardware/interfaces/audio/effect/6.0/android.hardware.audio.effect@6.0_genc++_headers/gen/android/hardware/audio/effect/6.0/IHwLoudnessEnhancerEffect.h
out/soong/.intermediates/hardware/interfaces/audio/effect/6.0/android.hardware.audio.effect@6.0_genc++_headers/gen/android/hardware/audio/effect/6.0/IHwNoiseSuppressionEffect.h
out/soong/.intermediates/hardware/interfaces/audio/effect/6.0/android.hardware.audio.effect@6.0_genc++_headers/gen/android/hardware/audio/effect/6.0/IHwPresetReverbEffect.h
out/soong/.intermediates/hardware/interfaces/audio/effect/6.0/android.hardware.audio.effect@6.0_genc++_headers/gen/android/hardware/audio/effect/6.0/IHwVirtualizerEffect.h
out/soong/.intermediates/hardware/interfaces/audio/effect/6.0/android.hardware.audio.effect@6.0_genc++_headers/gen/android/hardware/audio/effect/6.0/IHwVisualizerEffect.h
out/soong/.intermediates/hardware/interfaces/audio/effect/6.0/android.hardware.audio.effect@6.0_genc++_headers/gen/android/hardware/audio/effect/6.0/ILoudnessEnhancerEffect.h
out/soong/.intermediates/hardware/interfaces/audio/effect/6.0/android.hardware.audio.effect@6.0_genc++_headers/gen/android/hardware/audio/effect/6.0/INoiseSuppressionEffect.h
out/soong/.intermediates/hardware/interfaces/audio/effect/6.0/android.hardware.audio.effect@6.0_genc++_headers/gen/android/hardware/audio/effect/6.0/IPresetReverbEffect.h
out/soong/.intermediates/hardware/interfaces/audio/effect/6.0/android.hardware.audio.effect@6.0_genc++_headers/gen/android/hardware/audio/effect/6.0/IVirtualizerEffect.h
out/soong/.intermediates/hardware/interfaces/audio/effect/6.0/android.hardware.audio.effect@6.0_genc++_headers/gen/android/hardware/audio/effect/6.0/IVisualizerEffect.h
out/soong/.intermediates/hardware/interfaces/audio/effect/6.0/android.hardware.audio.effect@6.0_genc++_headers/gen/android/hardware/audio/effect/6.0/hwtypes.h
out/soong/.intermediates/hardware/interfaces/audio/effect/6.0/android.hardware.audio.effect@6.0_genc++_headers/gen/android/hardware/audio/effect/6.0/types.h