out/soong/.intermediates/hardware/interfaces/radio/1.0/android.hardware.radio@1.0_genc++_headers/gen/android/hardware/radio/1.0/BnHwRadio.h
out/soong/.intermediates/hardware/interfaces/radio/1.0/android.hardware.radio@1.0_genc++_headers/gen/android/hardware/radio/1.0/BnHwRadioIndication.h
out/soong/.intermediates/hardware/interfaces/radio/1.0/android.hardware.radio@1.0_genc++_headers/gen/android/hardware/radio/1.0/BnHwRadioResponse.h
out/soong/.intermediates/hardware/interfaces/radio/1.0/android.hardware.radio@1.0_genc++_headers/gen/android/hardware/radio/1.0/BnHwSap.h
out/soong/.intermediates/hardware/interfaces/radio/1.0/android.hardware.radio@1.0_genc++_headers/gen/android/hardware/radio/1.0/BnHwSapCallback.h
out/soong/.intermediates/hardware/interfaces/radio/1.0/android.hardware.radio@1.0_genc++_headers/gen/android/hardware/radio/1.0/BpHwRadio.h
out/soong/.intermediates/hardware/interfaces/radio/1.0/android.hardware.radio@1.0_genc++_headers/gen/android/hardware/radio/1.0/BpHwRadioIndication.h
out/soong/.intermediates/hardware/interfaces/radio/1.0/android.hardware.radio@1.0_genc++_headers/gen/android/hardware/radio/1.0/BpHwRadioResponse.h
out/soong/.intermediates/hardware/interfaces/radio/1.0/android.hardware.radio@1.0_genc++_headers/gen/android/hardware/radio/1.0/BpHwSap.h
out/soong/.intermediates/hardware/interfaces/radio/1.0/android.hardware.radio@1.0_genc++_headers/gen/android/hardware/radio/1.0/BpHwSapCallback.h
out/soong/.intermediates/hardware/interfaces/radio/1.0/android.hardware.radio@1.0_genc++_headers/gen/android/hardware/radio/1.0/BsRadio.h
out/soong/.intermediates/hardware/interfaces/radio/1.0/android.hardware.radio@1.0_genc++_headers/gen/android/hardware/radio/1.0/BsRadioIndication.h
out/soong/.intermediates/hardware/interfaces/radio/1.0/android.hardware.radio@1.0_genc++_headers/gen/android/hardware/radio/1.0/BsRadioResponse.h
out/soong/.intermediates/hardware/interfaces/radio/1.0/android.hardware.radio@1.0_genc++_headers/gen/android/hardware/radio/1.0/BsSap.h
out/soong/.intermediates/hardware/interfaces/radio/1.0/android.hardware.radio@1.0_genc++_headers/gen/android/hardware/radio/1.0/BsSapCallback.h
out/soong/.intermediates/hardware/interfaces/radio/1.0/android.hardware.radio@1.0_genc++_headers/gen/android/hardware/radio/1.0/IHwRadio.h
out/soong/.intermediates/hardware/interfaces/radio/1.0/android.hardware.radio@1.0_genc++_headers/gen/android/hardware/radio/1.0/IHwRadioIndication.h
out/soong/.intermediates/hardware/interfaces/radio/1.0/android.hardware.radio@1.0_genc++_headers/gen/android/hardware/radio/1.0/IHwRadioResponse.h
out/soong/.intermediates/hardware/interfaces/radio/1.0/android.hardware.radio@1.0_genc++_headers/gen/android/hardware/radio/1.0/IHwSap.h
out/soong/.intermediates/hardware/interfaces/radio/1.0/android.hardware.radio@1.0_genc++_headers/gen/android/hardware/radio/1.0/IHwSapCallback.h
out/soong/.intermediates/hardware/interfaces/radio/1.0/android.hardware.radio@1.0_genc++_headers/gen/android/hardware/radio/1.0/IRadio.h
out/soong/.intermediates/hardware/interfaces/radio/1.0/android.hardware.radio@1.0_genc++_headers/gen/android/hardware/radio/1.0/IRadioIndication.h
out/soong/.intermediates/hardware/interfaces/radio/1.0/android.hardware.radio@1.0_genc++_headers/gen/android/hardware/radio/1.0/IRadioResponse.h
out/soong/.intermediates/hardware/interfaces/radio/1.0/android.hardware.radio@1.0_genc++_headers/gen/android/hardware/radio/1.0/ISap.h
out/soong/.intermediates/hardware/interfaces/radio/1.0/android.hardware.radio@1.0_genc++_headers/gen/android/hardware/radio/1.0/ISapCallback.h
out/soong/.intermediates/hardware/interfaces/radio/1.0/android.hardware.radio@1.0_genc++_headers/gen/android/hardware/radio/1.0/hwtypes.h
out/soong/.intermediates/hardware/interfaces/radio/1.0/android.hardware.radio@1.0_genc++_headers/gen/android/hardware/radio/1.0/types.h