out/soong/.intermediates/hardware/interfaces/neuralnetworks/aidl/android.hardware.neuralnetworks-V1-ndk_platform-source/gen/android/hardware/neuralnetworks/BufferDesc.cpp
out/soong/.intermediates/hardware/interfaces/neuralnetworks/aidl/android.hardware.neuralnetworks-V1-ndk_platform-source/gen/android/hardware/neuralnetworks/BufferRole.cpp
out/soong/.intermediates/hardware/interfaces/neuralnetworks/aidl/android.hardware.neuralnetworks-V1-ndk_platform-source/gen/android/hardware/neuralnetworks/Capabilities.cpp
out/soong/.intermediates/hardware/interfaces/neuralnetworks/aidl/android.hardware.neuralnetworks-V1-ndk_platform-source/gen/android/hardware/neuralnetworks/DataLocation.cpp
out/soong/.intermediates/hardware/interfaces/neuralnetworks/aidl/android.hardware.neuralnetworks-V1-ndk_platform-source/gen/android/hardware/neuralnetworks/DeviceBuffer.cpp
out/soong/.intermediates/hardware/interfaces/neuralnetworks/aidl/android.hardware.neuralnetworks-V1-ndk_platform-source/gen/android/hardware/neuralnetworks/DeviceType.cpp
out/soong/.intermediates/hardware/interfaces/neuralnetworks/aidl/android.hardware.neuralnetworks-V1-ndk_platform-source/gen/android/hardware/neuralnetworks/ErrorStatus.cpp
out/soong/.intermediates/hardware/interfaces/neuralnetworks/aidl/android.hardware.neuralnetworks-V1-ndk_platform-source/gen/android/hardware/neuralnetworks/ExecutionPreference.cpp
out/soong/.intermediates/hardware/interfaces/neuralnetworks/aidl/android.hardware.neuralnetworks-V1-ndk_platform-source/gen/android/hardware/neuralnetworks/ExecutionResult.cpp
out/soong/.intermediates/hardware/interfaces/neuralnetworks/aidl/android.hardware.neuralnetworks-V1-ndk_platform-source/gen/android/hardware/neuralnetworks/Extension.cpp
out/soong/.intermediates/hardware/interfaces/neuralnetworks/aidl/android.hardware.neuralnetworks-V1-ndk_platform-source/gen/android/hardware/neuralnetworks/ExtensionNameAndPrefix.cpp
out/soong/.intermediates/hardware/interfaces/neuralnetworks/aidl/android.hardware.neuralnetworks-V1-ndk_platform-source/gen/android/hardware/neuralnetworks/ExtensionOperandTypeInformation.cpp
out/soong/.intermediates/hardware/interfaces/neuralnetworks/aidl/android.hardware.neuralnetworks-V1-ndk_platform-source/gen/android/hardware/neuralnetworks/FencedExecutionResult.cpp
out/soong/.intermediates/hardware/interfaces/neuralnetworks/aidl/android.hardware.neuralnetworks-V1-ndk_platform-source/gen/android/hardware/neuralnetworks/FusedActivationFunc.cpp
out/soong/.intermediates/hardware/interfaces/neuralnetworks/aidl/android.hardware.neuralnetworks-V1-ndk_platform-source/gen/android/hardware/neuralnetworks/IBuffer.cpp
out/soong/.intermediates/hardware/interfaces/neuralnetworks/aidl/android.hardware.neuralnetworks-V1-ndk_platform-source/gen/android/hardware/neuralnetworks/IBurst.cpp
out/soong/.intermediates/hardware/interfaces/neuralnetworks/aidl/android.hardware.neuralnetworks-V1-ndk_platform-source/gen/android/hardware/neuralnetworks/IDevice.cpp
out/soong/.intermediates/hardware/interfaces/neuralnetworks/aidl/android.hardware.neuralnetworks-V1-ndk_platform-source/gen/android/hardware/neuralnetworks/IFencedExecutionCallback.cpp
out/soong/.intermediates/hardware/interfaces/neuralnetworks/aidl/android.hardware.neuralnetworks-V1-ndk_platform-source/gen/android/hardware/neuralnetworks/IPreparedModel.cpp
out/soong/.intermediates/hardware/interfaces/neuralnetworks/aidl/android.hardware.neuralnetworks-V1-ndk_platform-source/gen/android/hardware/neuralnetworks/IPreparedModelCallback.cpp
out/soong/.intermediates/hardware/interfaces/neuralnetworks/aidl/android.hardware.neuralnetworks-V1-ndk_platform-source/gen/android/hardware/neuralnetworks/IPreparedModelParcel.cpp
out/soong/.intermediates/hardware/interfaces/neuralnetworks/aidl/android.hardware.neuralnetworks-V1-ndk_platform-source/gen/android/hardware/neuralnetworks/Memory.cpp
out/soong/.intermediates/hardware/interfaces/neuralnetworks/aidl/android.hardware.neuralnetworks-V1-ndk_platform-source/gen/android/hardware/neuralnetworks/Model.cpp
out/soong/.intermediates/hardware/interfaces/neuralnetworks/aidl/android.hardware.neuralnetworks-V1-ndk_platform-source/gen/android/hardware/neuralnetworks/NumberOfCacheFiles.cpp
out/soong/.intermediates/hardware/interfaces/neuralnetworks/aidl/android.hardware.neuralnetworks-V1-ndk_platform-source/gen/android/hardware/neuralnetworks/Operand.cpp
out/soong/.intermediates/hardware/interfaces/neuralnetworks/aidl/android.hardware.neuralnetworks-V1-ndk_platform-source/gen/android/hardware/neuralnetworks/OperandExtraParams.cpp
out/soong/.intermediates/hardware/interfaces/neuralnetworks/aidl/android.hardware.neuralnetworks-V1-ndk_platform-source/gen/android/hardware/neuralnetworks/OperandLifeTime.cpp
out/soong/.intermediates/hardware/interfaces/neuralnetworks/aidl/android.hardware.neuralnetworks-V1-ndk_platform-source/gen/android/hardware/neuralnetworks/OperandPerformance.cpp
out/soong/.intermediates/hardware/interfaces/neuralnetworks/aidl/android.hardware.neuralnetworks-V1-ndk_platform-source/gen/android/hardware/neuralnetworks/OperandType.cpp
out/soong/.intermediates/hardware/interfaces/neuralnetworks/aidl/android.hardware.neuralnetworks-V1-ndk_platform-source/gen/android/hardware/neuralnetworks/Operation.cpp
out/soong/.intermediates/hardware/interfaces/neuralnetworks/aidl/android.hardware.neuralnetworks-V1-ndk_platform-source/gen/android/hardware/neuralnetworks/OperationType.cpp
out/soong/.intermediates/hardware/interfaces/neuralnetworks/aidl/android.hardware.neuralnetworks-V1-ndk_platform-source/gen/android/hardware/neuralnetworks/OutputShape.cpp
out/soong/.intermediates/hardware/interfaces/neuralnetworks/aidl/android.hardware.neuralnetworks-V1-ndk_platform-source/gen/android/hardware/neuralnetworks/PerformanceInfo.cpp
out/soong/.intermediates/hardware/interfaces/neuralnetworks/aidl/android.hardware.neuralnetworks-V1-ndk_platform-source/gen/android/hardware/neuralnetworks/Priority.cpp
out/soong/.intermediates/hardware/interfaces/neuralnetworks/aidl/android.hardware.neuralnetworks-V1-ndk_platform-source/gen/android/hardware/neuralnetworks/Request.cpp
out/soong/.intermediates/hardware/interfaces/neuralnetworks/aidl/android.hardware.neuralnetworks-V1-ndk_platform-source/gen/android/hardware/neuralnetworks/RequestArgument.cpp
out/soong/.intermediates/hardware/interfaces/neuralnetworks/aidl/android.hardware.neuralnetworks-V1-ndk_platform-source/gen/android/hardware/neuralnetworks/RequestMemoryPool.cpp
out/soong/.intermediates/hardware/interfaces/neuralnetworks/aidl/android.hardware.neuralnetworks-V1-ndk_platform-source/gen/android/hardware/neuralnetworks/Subgraph.cpp
out/soong/.intermediates/hardware/interfaces/neuralnetworks/aidl/android.hardware.neuralnetworks-V1-ndk_platform-source/gen/android/hardware/neuralnetworks/SymmPerChannelQuantParams.cpp
out/soong/.intermediates/hardware/interfaces/neuralnetworks/aidl/android.hardware.neuralnetworks-V1-ndk_platform-source/gen/android/hardware/neuralnetworks/Timing.cpp
out/soong/.intermediates/hardware/interfaces/neuralnetworks/aidl/android.hardware.neuralnetworks-V1-ndk_platform-source/gen/include/aidl/android/hardware/neuralnetworks/BnBuffer.h
out/soong/.intermediates/hardware/interfaces/neuralnetworks/aidl/android.hardware.neuralnetworks-V1-ndk_platform-source/gen/include/aidl/android/hardware/neuralnetworks/BnBufferDesc.h
out/soong/.intermediates/hardware/interfaces/neuralnetworks/aidl/android.hardware.neuralnetworks-V1-ndk_platform-source/gen/include/aidl/android/hardware/neuralnetworks/BnBufferRole.h
out/soong/.intermediates/hardware/interfaces/neuralnetworks/aidl/android.hardware.neuralnetworks-V1-ndk_platform-source/gen/include/aidl/android/hardware/neuralnetworks/BnBurst.h
out/soong/.intermediates/hardware/interfaces/neuralnetworks/aidl/android.hardware.neuralnetworks-V1-ndk_platform-source/gen/include/aidl/android/hardware/neuralnetworks/BnCapabilities.h
out/soong/.intermediates/hardware/interfaces/neuralnetworks/aidl/android.hardware.neuralnetworks-V1-ndk_platform-source/gen/include/aidl/android/hardware/neuralnetworks/BnDataLocation.h
out/soong/.intermediates/hardware/interfaces/neuralnetworks/aidl/android.hardware.neuralnetworks-V1-ndk_platform-source/gen/include/aidl/android/hardware/neuralnetworks/BnDevice.h
out/soong/.intermediates/hardware/interfaces/neuralnetworks/aidl/android.hardware.neuralnetworks-V1-ndk_platform-source/gen/include/aidl/android/hardware/neuralnetworks/BnDeviceBuffer.h
out/soong/.intermediates/hardware/interfaces/neuralnetworks/aidl/android.hardware.neuralnetworks-V1-ndk_platform-source/gen/include/aidl/android/hardware/neuralnetworks/BnDeviceType.h
out/soong/.intermediates/hardware/interfaces/neuralnetworks/aidl/android.hardware.neuralnetworks-V1-ndk_platform-source/gen/include/aidl/android/hardware/neuralnetworks/BnErrorStatus.h
out/soong/.intermediates/hardware/interfaces/neuralnetworks/aidl/android.hardware.neuralnetworks-V1-ndk_platform-source/gen/include/aidl/android/hardware/neuralnetworks/BnExecutionPreference.h
out/soong/.intermediates/hardware/interfaces/neuralnetworks/aidl/android.hardware.neuralnetworks-V1-ndk_platform-source/gen/include/aidl/android/hardware/neuralnetworks/BnExecutionResult.h
out/soong/.intermediates/hardware/interfaces/neuralnetworks/aidl/android.hardware.neuralnetworks-V1-ndk_platform-source/gen/include/aidl/android/hardware/neuralnetworks/BnExtension.h
out/soong/.intermediates/hardware/interfaces/neuralnetworks/aidl/android.hardware.neuralnetworks-V1-ndk_platform-source/gen/include/aidl/android/hardware/neuralnetworks/BnExtensionNameAndPrefix.h
out/soong/.intermediates/hardware/interfaces/neuralnetworks/aidl/android.hardware.neuralnetworks-V1-ndk_platform-source/gen/include/aidl/android/hardware/neuralnetworks/BnExtensionOperandTypeInformation.h
out/soong/.intermediates/hardware/interfaces/neuralnetworks/aidl/android.hardware.neuralnetworks-V1-ndk_platform-source/gen/include/aidl/android/hardware/neuralnetworks/BnFencedExecutionCallback.h
out/soong/.intermediates/hardware/interfaces/neuralnetworks/aidl/android.hardware.neuralnetworks-V1-ndk_platform-source/gen/include/aidl/android/hardware/neuralnetworks/BnFencedExecutionResult.h
out/soong/.intermediates/hardware/interfaces/neuralnetworks/aidl/android.hardware.neuralnetworks-V1-ndk_platform-source/gen/include/aidl/android/hardware/neuralnetworks/BnFusedActivationFunc.h
out/soong/.intermediates/hardware/interfaces/neuralnetworks/aidl/android.hardware.neuralnetworks-V1-ndk_platform-source/gen/include/aidl/android/hardware/neuralnetworks/BnMemory.h
out/soong/.intermediates/hardware/interfaces/neuralnetworks/aidl/android.hardware.neuralnetworks-V1-ndk_platform-source/gen/include/aidl/android/hardware/neuralnetworks/BnModel.h
out/soong/.intermediates/hardware/interfaces/neuralnetworks/aidl/android.hardware.neuralnetworks-V1-ndk_platform-source/gen/include/aidl/android/hardware/neuralnetworks/BnNumberOfCacheFiles.h
out/soong/.intermediates/hardware/interfaces/neuralnetworks/aidl/android.hardware.neuralnetworks-V1-ndk_platform-source/gen/include/aidl/android/hardware/neuralnetworks/BnOperand.h
out/soong/.intermediates/hardware/interfaces/neuralnetworks/aidl/android.hardware.neuralnetworks-V1-ndk_platform-source/gen/include/aidl/android/hardware/neuralnetworks/BnOperandExtraParams.h
out/soong/.intermediates/hardware/interfaces/neuralnetworks/aidl/android.hardware.neuralnetworks-V1-ndk_platform-source/gen/include/aidl/android/hardware/neuralnetworks/BnOperandLifeTime.h
out/soong/.intermediates/hardware/interfaces/neuralnetworks/aidl/android.hardware.neuralnetworks-V1-ndk_platform-source/gen/include/aidl/android/hardware/neuralnetworks/BnOperandPerformance.h
out/soong/.intermediates/hardware/interfaces/neuralnetworks/aidl/android.hardware.neuralnetworks-V1-ndk_platform-source/gen/include/aidl/android/hardware/neuralnetworks/BnOperandType.h
out/soong/.intermediates/hardware/interfaces/neuralnetworks/aidl/android.hardware.neuralnetworks-V1-ndk_platform-source/gen/include/aidl/android/hardware/neuralnetworks/BnOperation.h
out/soong/.intermediates/hardware/interfaces/neuralnetworks/aidl/android.hardware.neuralnetworks-V1-ndk_platform-source/gen/include/aidl/android/hardware/neuralnetworks/BnOperationType.h
out/soong/.intermediates/hardware/interfaces/neuralnetworks/aidl/android.hardware.neuralnetworks-V1-ndk_platform-source/gen/include/aidl/android/hardware/neuralnetworks/BnOutputShape.h
out/soong/.intermediates/hardware/interfaces/neuralnetworks/aidl/android.hardware.neuralnetworks-V1-ndk_platform-source/gen/include/aidl/android/hardware/neuralnetworks/BnPerformanceInfo.h
out/soong/.intermediates/hardware/interfaces/neuralnetworks/aidl/android.hardware.neuralnetworks-V1-ndk_platform-source/gen/include/aidl/android/hardware/neuralnetworks/BnPreparedModel.h
out/soong/.intermediates/hardware/interfaces/neuralnetworks/aidl/android.hardware.neuralnetworks-V1-ndk_platform-source/gen/include/aidl/android/hardware/neuralnetworks/BnPreparedModelCallback.h
out/soong/.intermediates/hardware/interfaces/neuralnetworks/aidl/android.hardware.neuralnetworks-V1-ndk_platform-source/gen/include/aidl/android/hardware/neuralnetworks/BnPreparedModelParcel.h
out/soong/.intermediates/hardware/interfaces/neuralnetworks/aidl/android.hardware.neuralnetworks-V1-ndk_platform-source/gen/include/aidl/android/hardware/neuralnetworks/BnPriority.h
out/soong/.intermediates/hardware/interfaces/neuralnetworks/aidl/android.hardware.neuralnetworks-V1-ndk_platform-source/gen/include/aidl/android/hardware/neuralnetworks/BnRequest.h
out/soong/.intermediates/hardware/interfaces/neuralnetworks/aidl/android.hardware.neuralnetworks-V1-ndk_platform-source/gen/include/aidl/android/hardware/neuralnetworks/BnRequestArgument.h
out/soong/.intermediates/hardware/interfaces/neuralnetworks/aidl/android.hardware.neuralnetworks-V1-ndk_platform-source/gen/include/aidl/android/hardware/neuralnetworks/BnRequestMemoryPool.h
out/soong/.intermediates/hardware/interfaces/neuralnetworks/aidl/android.hardware.neuralnetworks-V1-ndk_platform-source/gen/include/aidl/android/hardware/neuralnetworks/BnSubgraph.h
out/soong/.intermediates/hardware/interfaces/neuralnetworks/aidl/android.hardware.neuralnetworks-V1-ndk_platform-source/gen/include/aidl/android/hardware/neuralnetworks/BnSymmPerChannelQuantParams.h
out/soong/.intermediates/hardware/interfaces/neuralnetworks/aidl/android.hardware.neuralnetworks-V1-ndk_platform-source/gen/include/aidl/android/hardware/neuralnetworks/BnTiming.h
out/soong/.intermediates/hardware/interfaces/neuralnetworks/aidl/android.hardware.neuralnetworks-V1-ndk_platform-source/gen/include/aidl/android/hardware/neuralnetworks/BpBuffer.h
out/soong/.intermediates/hardware/interfaces/neuralnetworks/aidl/android.hardware.neuralnetworks-V1-ndk_platform-source/gen/include/aidl/android/hardware/neuralnetworks/BpBufferDesc.h
out/soong/.intermediates/hardware/interfaces/neuralnetworks/aidl/android.hardware.neuralnetworks-V1-ndk_platform-source/gen/include/aidl/android/hardware/neuralnetworks/BpBufferRole.h
out/soong/.intermediates/hardware/interfaces/neuralnetworks/aidl/android.hardware.neuralnetworks-V1-ndk_platform-source/gen/include/aidl/android/hardware/neuralnetworks/BpBurst.h
out/soong/.intermediates/hardware/interfaces/neuralnetworks/aidl/android.hardware.neuralnetworks-V1-ndk_platform-source/gen/include/aidl/android/hardware/neuralnetworks/BpCapabilities.h
out/soong/.intermediates/hardware/interfaces/neuralnetworks/aidl/android.hardware.neuralnetworks-V1-ndk_platform-source/gen/include/aidl/android/hardware/neuralnetworks/BpDataLocation.h
out/soong/.intermediates/hardware/interfaces/neuralnetworks/aidl/android.hardware.neuralnetworks-V1-ndk_platform-source/gen/include/aidl/android/hardware/neuralnetworks/BpDevice.h
out/soong/.intermediates/hardware/interfaces/neuralnetworks/aidl/android.hardware.neuralnetworks-V1-ndk_platform-source/gen/include/aidl/android/hardware/neuralnetworks/BpDeviceBuffer.h
out/soong/.intermediates/hardware/interfaces/neuralnetworks/aidl/android.hardware.neuralnetworks-V1-ndk_platform-source/gen/include/aidl/android/hardware/neuralnetworks/BpDeviceType.h
out/soong/.intermediates/hardware/interfaces/neuralnetworks/aidl/android.hardware.neuralnetworks-V1-ndk_platform-source/gen/include/aidl/android/hardware/neuralnetworks/BpErrorStatus.h
out/soong/.intermediates/hardware/interfaces/neuralnetworks/aidl/android.hardware.neuralnetworks-V1-ndk_platform-source/gen/include/aidl/android/hardware/neuralnetworks/BpExecutionPreference.h
out/soong/.intermediates/hardware/interfaces/neuralnetworks/aidl/android.hardware.neuralnetworks-V1-ndk_platform-source/gen/include/aidl/android/hardware/neuralnetworks/BpExecutionResult.h
out/soong/.intermediates/hardware/interfaces/neuralnetworks/aidl/android.hardware.neuralnetworks-V1-ndk_platform-source/gen/include/aidl/android/hardware/neuralnetworks/BpExtension.h
out/soong/.intermediates/hardware/interfaces/neuralnetworks/aidl/android.hardware.neuralnetworks-V1-ndk_platform-source/gen/include/aidl/android/hardware/neuralnetworks/BpExtensionNameAndPrefix.h
out/soong/.intermediates/hardware/interfaces/neuralnetworks/aidl/android.hardware.neuralnetworks-V1-ndk_platform-source/gen/include/aidl/android/hardware/neuralnetworks/BpExtensionOperandTypeInformation.h
out/soong/.intermediates/hardware/interfaces/neuralnetworks/aidl/android.hardware.neuralnetworks-V1-ndk_platform-source/gen/include/aidl/android/hardware/neuralnetworks/BpFencedExecutionCallback.h
out/soong/.intermediates/hardware/interfaces/neuralnetworks/aidl/android.hardware.neuralnetworks-V1-ndk_platform-source/gen/include/aidl/android/hardware/neuralnetworks/BpFencedExecutionResult.h
out/soong/.intermediates/hardware/interfaces/neuralnetworks/aidl/android.hardware.neuralnetworks-V1-ndk_platform-source/gen/include/aidl/android/hardware/neuralnetworks/BpFusedActivationFunc.h
out/soong/.intermediates/hardware/interfaces/neuralnetworks/aidl/android.hardware.neuralnetworks-V1-ndk_platform-source/gen/include/aidl/android/hardware/neuralnetworks/BpMemory.h
out/soong/.intermediates/hardware/interfaces/neuralnetworks/aidl/android.hardware.neuralnetworks-V1-ndk_platform-source/gen/include/aidl/android/hardware/neuralnetworks/BpModel.h
out/soong/.intermediates/hardware/interfaces/neuralnetworks/aidl/android.hardware.neuralnetworks-V1-ndk_platform-source/gen/include/aidl/android/hardware/neuralnetworks/BpNumberOfCacheFiles.h
out/soong/.intermediates/hardware/interfaces/neuralnetworks/aidl/android.hardware.neuralnetworks-V1-ndk_platform-source/gen/include/aidl/android/hardware/neuralnetworks/BpOperand.h
out/soong/.intermediates/hardware/interfaces/neuralnetworks/aidl/android.hardware.neuralnetworks-V1-ndk_platform-source/gen/include/aidl/android/hardware/neuralnetworks/BpOperandExtraParams.h
out/soong/.intermediates/hardware/interfaces/neuralnetworks/aidl/android.hardware.neuralnetworks-V1-ndk_platform-source/gen/include/aidl/android/hardware/neuralnetworks/BpOperandLifeTime.h
out/soong/.intermediates/hardware/interfaces/neuralnetworks/aidl/android.hardware.neuralnetworks-V1-ndk_platform-source/gen/include/aidl/android/hardware/neuralnetworks/BpOperandPerformance.h
out/soong/.intermediates/hardware/interfaces/neuralnetworks/aidl/android.hardware.neuralnetworks-V1-ndk_platform-source/gen/include/aidl/android/hardware/neuralnetworks/BpOperandType.h
out/soong/.intermediates/hardware/interfaces/neuralnetworks/aidl/android.hardware.neuralnetworks-V1-ndk_platform-source/gen/include/aidl/android/hardware/neuralnetworks/BpOperation.h
out/soong/.intermediates/hardware/interfaces/neuralnetworks/aidl/android.hardware.neuralnetworks-V1-ndk_platform-source/gen/include/aidl/android/hardware/neuralnetworks/BpOperationType.h
out/soong/.intermediates/hardware/interfaces/neuralnetworks/aidl/android.hardware.neuralnetworks-V1-ndk_platform-source/gen/include/aidl/android/hardware/neuralnetworks/BpOutputShape.h
out/soong/.intermediates/hardware/interfaces/neuralnetworks/aidl/android.hardware.neuralnetworks-V1-ndk_platform-source/gen/include/aidl/android/hardware/neuralnetworks/BpPerformanceInfo.h
out/soong/.intermediates/hardware/interfaces/neuralnetworks/aidl/android.hardware.neuralnetworks-V1-ndk_platform-source/gen/include/aidl/android/hardware/neuralnetworks/BpPreparedModel.h
out/soong/.intermediates/hardware/interfaces/neuralnetworks/aidl/android.hardware.neuralnetworks-V1-ndk_platform-source/gen/include/aidl/android/hardware/neuralnetworks/BpPreparedModelCallback.h
out/soong/.intermediates/hardware/interfaces/neuralnetworks/aidl/android.hardware.neuralnetworks-V1-ndk_platform-source/gen/include/aidl/android/hardware/neuralnetworks/BpPreparedModelParcel.h
out/soong/.intermediates/hardware/interfaces/neuralnetworks/aidl/android.hardware.neuralnetworks-V1-ndk_platform-source/gen/include/aidl/android/hardware/neuralnetworks/BpPriority.h
out/soong/.intermediates/hardware/interfaces/neuralnetworks/aidl/android.hardware.neuralnetworks-V1-ndk_platform-source/gen/include/aidl/android/hardware/neuralnetworks/BpRequest.h
out/soong/.intermediates/hardware/interfaces/neuralnetworks/aidl/android.hardware.neuralnetworks-V1-ndk_platform-source/gen/include/aidl/android/hardware/neuralnetworks/BpRequestArgument.h
out/soong/.intermediates/hardware/interfaces/neuralnetworks/aidl/android.hardware.neuralnetworks-V1-ndk_platform-source/gen/include/aidl/android/hardware/neuralnetworks/BpRequestMemoryPool.h
out/soong/.intermediates/hardware/interfaces/neuralnetworks/aidl/android.hardware.neuralnetworks-V1-ndk_platform-source/gen/include/aidl/android/hardware/neuralnetworks/BpSubgraph.h
out/soong/.intermediates/hardware/interfaces/neuralnetworks/aidl/android.hardware.neuralnetworks-V1-ndk_platform-source/gen/include/aidl/android/hardware/neuralnetworks/BpSymmPerChannelQuantParams.h
out/soong/.intermediates/hardware/interfaces/neuralnetworks/aidl/android.hardware.neuralnetworks-V1-ndk_platform-source/gen/include/aidl/android/hardware/neuralnetworks/BpTiming.h
out/soong/.intermediates/hardware/interfaces/neuralnetworks/aidl/android.hardware.neuralnetworks-V1-ndk_platform-source/gen/include/aidl/android/hardware/neuralnetworks/BufferDesc.h
out/soong/.intermediates/hardware/interfaces/neuralnetworks/aidl/android.hardware.neuralnetworks-V1-ndk_platform-source/gen/include/aidl/android/hardware/neuralnetworks/BufferRole.h
out/soong/.intermediates/hardware/interfaces/neuralnetworks/aidl/android.hardware.neuralnetworks-V1-ndk_platform-source/gen/include/aidl/android/hardware/neuralnetworks/Capabilities.h
out/soong/.intermediates/hardware/interfaces/neuralnetworks/aidl/android.hardware.neuralnetworks-V1-ndk_platform-source/gen/include/aidl/android/hardware/neuralnetworks/DataLocation.h
out/soong/.intermediates/hardware/interfaces/neuralnetworks/aidl/android.hardware.neuralnetworks-V1-ndk_platform-source/gen/include/aidl/android/hardware/neuralnetworks/DeviceBuffer.h
out/soong/.intermediates/hardware/interfaces/neuralnetworks/aidl/android.hardware.neuralnetworks-V1-ndk_platform-source/gen/include/aidl/android/hardware/neuralnetworks/DeviceType.h
out/soong/.intermediates/hardware/interfaces/neuralnetworks/aidl/android.hardware.neuralnetworks-V1-ndk_platform-source/gen/include/aidl/android/hardware/neuralnetworks/ErrorStatus.h
out/soong/.intermediates/hardware/interfaces/neuralnetworks/aidl/android.hardware.neuralnetworks-V1-ndk_platform-source/gen/include/aidl/android/hardware/neuralnetworks/ExecutionPreference.h
out/soong/.intermediates/hardware/interfaces/neuralnetworks/aidl/android.hardware.neuralnetworks-V1-ndk_platform-source/gen/include/aidl/android/hardware/neuralnetworks/ExecutionResult.h
out/soong/.intermediates/hardware/interfaces/neuralnetworks/aidl/android.hardware.neuralnetworks-V1-ndk_platform-source/gen/include/aidl/android/hardware/neuralnetworks/Extension.h
out/soong/.intermediates/hardware/interfaces/neuralnetworks/aidl/android.hardware.neuralnetworks-V1-ndk_platform-source/gen/include/aidl/android/hardware/neuralnetworks/ExtensionNameAndPrefix.h
out/soong/.intermediates/hardware/interfaces/neuralnetworks/aidl/android.hardware.neuralnetworks-V1-ndk_platform-source/gen/include/aidl/android/hardware/neuralnetworks/ExtensionOperandTypeInformation.h
out/soong/.intermediates/hardware/interfaces/neuralnetworks/aidl/android.hardware.neuralnetworks-V1-ndk_platform-source/gen/include/aidl/android/hardware/neuralnetworks/FencedExecutionResult.h
out/soong/.intermediates/hardware/interfaces/neuralnetworks/aidl/android.hardware.neuralnetworks-V1-ndk_platform-source/gen/include/aidl/android/hardware/neuralnetworks/FusedActivationFunc.h
out/soong/.intermediates/hardware/interfaces/neuralnetworks/aidl/android.hardware.neuralnetworks-V1-ndk_platform-source/gen/include/aidl/android/hardware/neuralnetworks/IBuffer.h
out/soong/.intermediates/hardware/interfaces/neuralnetworks/aidl/android.hardware.neuralnetworks-V1-ndk_platform-source/gen/include/aidl/android/hardware/neuralnetworks/IBurst.h
out/soong/.intermediates/hardware/interfaces/neuralnetworks/aidl/android.hardware.neuralnetworks-V1-ndk_platform-source/gen/include/aidl/android/hardware/neuralnetworks/IDevice.h
out/soong/.intermediates/hardware/interfaces/neuralnetworks/aidl/android.hardware.neuralnetworks-V1-ndk_platform-source/gen/include/aidl/android/hardware/neuralnetworks/IFencedExecutionCallback.h
out/soong/.intermediates/hardware/interfaces/neuralnetworks/aidl/android.hardware.neuralnetworks-V1-ndk_platform-source/gen/include/aidl/android/hardware/neuralnetworks/IPreparedModel.h
out/soong/.intermediates/hardware/interfaces/neuralnetworks/aidl/android.hardware.neuralnetworks-V1-ndk_platform-source/gen/include/aidl/android/hardware/neuralnetworks/IPreparedModelCallback.h
out/soong/.intermediates/hardware/interfaces/neuralnetworks/aidl/android.hardware.neuralnetworks-V1-ndk_platform-source/gen/include/aidl/android/hardware/neuralnetworks/IPreparedModelParcel.h
out/soong/.intermediates/hardware/interfaces/neuralnetworks/aidl/android.hardware.neuralnetworks-V1-ndk_platform-source/gen/include/aidl/android/hardware/neuralnetworks/Memory.h
out/soong/.intermediates/hardware/interfaces/neuralnetworks/aidl/android.hardware.neuralnetworks-V1-ndk_platform-source/gen/include/aidl/android/hardware/neuralnetworks/Model.h
out/soong/.intermediates/hardware/interfaces/neuralnetworks/aidl/android.hardware.neuralnetworks-V1-ndk_platform-source/gen/include/aidl/android/hardware/neuralnetworks/NumberOfCacheFiles.h
out/soong/.intermediates/hardware/interfaces/neuralnetworks/aidl/android.hardware.neuralnetworks-V1-ndk_platform-source/gen/include/aidl/android/hardware/neuralnetworks/Operand.h
out/soong/.intermediates/hardware/interfaces/neuralnetworks/aidl/android.hardware.neuralnetworks-V1-ndk_platform-source/gen/include/aidl/android/hardware/neuralnetworks/OperandExtraParams.h
out/soong/.intermediates/hardware/interfaces/neuralnetworks/aidl/android.hardware.neuralnetworks-V1-ndk_platform-source/gen/include/aidl/android/hardware/neuralnetworks/OperandLifeTime.h
out/soong/.intermediates/hardware/interfaces/neuralnetworks/aidl/android.hardware.neuralnetworks-V1-ndk_platform-source/gen/include/aidl/android/hardware/neuralnetworks/OperandPerformance.h
out/soong/.intermediates/hardware/interfaces/neuralnetworks/aidl/android.hardware.neuralnetworks-V1-ndk_platform-source/gen/include/aidl/android/hardware/neuralnetworks/OperandType.h
out/soong/.intermediates/hardware/interfaces/neuralnetworks/aidl/android.hardware.neuralnetworks-V1-ndk_platform-source/gen/include/aidl/android/hardware/neuralnetworks/Operation.h
out/soong/.intermediates/hardware/interfaces/neuralnetworks/aidl/android.hardware.neuralnetworks-V1-ndk_platform-source/gen/include/aidl/android/hardware/neuralnetworks/OperationType.h
out/soong/.intermediates/hardware/interfaces/neuralnetworks/aidl/android.hardware.neuralnetworks-V1-ndk_platform-source/gen/include/aidl/android/hardware/neuralnetworks/OutputShape.h
out/soong/.intermediates/hardware/interfaces/neuralnetworks/aidl/android.hardware.neuralnetworks-V1-ndk_platform-source/gen/include/aidl/android/hardware/neuralnetworks/PerformanceInfo.h
out/soong/.intermediates/hardware/interfaces/neuralnetworks/aidl/android.hardware.neuralnetworks-V1-ndk_platform-source/gen/include/aidl/android/hardware/neuralnetworks/Priority.h
out/soong/.intermediates/hardware/interfaces/neuralnetworks/aidl/android.hardware.neuralnetworks-V1-ndk_platform-source/gen/include/aidl/android/hardware/neuralnetworks/Request.h
out/soong/.intermediates/hardware/interfaces/neuralnetworks/aidl/android.hardware.neuralnetworks-V1-ndk_platform-source/gen/include/aidl/android/hardware/neuralnetworks/RequestArgument.h
out/soong/.intermediates/hardware/interfaces/neuralnetworks/aidl/android.hardware.neuralnetworks-V1-ndk_platform-source/gen/include/aidl/android/hardware/neuralnetworks/RequestMemoryPool.h
out/soong/.intermediates/hardware/interfaces/neuralnetworks/aidl/android.hardware.neuralnetworks-V1-ndk_platform-source/gen/include/aidl/android/hardware/neuralnetworks/Subgraph.h
out/soong/.intermediates/hardware/interfaces/neuralnetworks/aidl/android.hardware.neuralnetworks-V1-ndk_platform-source/gen/include/aidl/android/hardware/neuralnetworks/SymmPerChannelQuantParams.h
out/soong/.intermediates/hardware/interfaces/neuralnetworks/aidl/android.hardware.neuralnetworks-V1-ndk_platform-source/gen/include/aidl/android/hardware/neuralnetworks/Timing.h