out/soong/.intermediates/hardware/interfaces/gnss/1.0/android.hardware.gnss@1.0_genc++/gen/android/hardware/gnss/1.0/AGnssAll.cpp
out/soong/.intermediates/hardware/interfaces/gnss/1.0/android.hardware.gnss@1.0_genc++/gen/android/hardware/gnss/1.0/AGnssCallbackAll.cpp
out/soong/.intermediates/hardware/interfaces/gnss/1.0/android.hardware.gnss@1.0_genc++/gen/android/hardware/gnss/1.0/AGnssRilAll.cpp
out/soong/.intermediates/hardware/interfaces/gnss/1.0/android.hardware.gnss@1.0_genc++/gen/android/hardware/gnss/1.0/AGnssRilCallbackAll.cpp
out/soong/.intermediates/hardware/interfaces/gnss/1.0/android.hardware.gnss@1.0_genc++/gen/android/hardware/gnss/1.0/GnssAll.cpp
out/soong/.intermediates/hardware/interfaces/gnss/1.0/android.hardware.gnss@1.0_genc++/gen/android/hardware/gnss/1.0/GnssBatchingAll.cpp
out/soong/.intermediates/hardware/interfaces/gnss/1.0/android.hardware.gnss@1.0_genc++/gen/android/hardware/gnss/1.0/GnssBatchingCallbackAll.cpp
out/soong/.intermediates/hardware/interfaces/gnss/1.0/android.hardware.gnss@1.0_genc++/gen/android/hardware/gnss/1.0/GnssCallbackAll.cpp
out/soong/.intermediates/hardware/interfaces/gnss/1.0/android.hardware.gnss@1.0_genc++/gen/android/hardware/gnss/1.0/GnssConfigurationAll.cpp
out/soong/.intermediates/hardware/interfaces/gnss/1.0/android.hardware.gnss@1.0_genc++/gen/android/hardware/gnss/1.0/GnssDebugAll.cpp
out/soong/.intermediates/hardware/interfaces/gnss/1.0/android.hardware.gnss@1.0_genc++/gen/android/hardware/gnss/1.0/GnssGeofenceCallbackAll.cpp
out/soong/.intermediates/hardware/interfaces/gnss/1.0/android.hardware.gnss@1.0_genc++/gen/android/hardware/gnss/1.0/GnssGeofencingAll.cpp
out/soong/.intermediates/hardware/interfaces/gnss/1.0/android.hardware.gnss@1.0_genc++/gen/android/hardware/gnss/1.0/GnssMeasurementAll.cpp
out/soong/.intermediates/hardware/interfaces/gnss/1.0/android.hardware.gnss@1.0_genc++/gen/android/hardware/gnss/1.0/GnssMeasurementCallbackAll.cpp
out/soong/.intermediates/hardware/interfaces/gnss/1.0/android.hardware.gnss@1.0_genc++/gen/android/hardware/gnss/1.0/GnssNavigationMessageAll.cpp
out/soong/.intermediates/hardware/interfaces/gnss/1.0/android.hardware.gnss@1.0_genc++/gen/android/hardware/gnss/1.0/GnssNavigationMessageCallbackAll.cpp
out/soong/.intermediates/hardware/interfaces/gnss/1.0/android.hardware.gnss@1.0_genc++/gen/android/hardware/gnss/1.0/GnssNiAll.cpp
out/soong/.intermediates/hardware/interfaces/gnss/1.0/android.hardware.gnss@1.0_genc++/gen/android/hardware/gnss/1.0/GnssNiCallbackAll.cpp
out/soong/.intermediates/hardware/interfaces/gnss/1.0/android.hardware.gnss@1.0_genc++/gen/android/hardware/gnss/1.0/GnssXtraAll.cpp
out/soong/.intermediates/hardware/interfaces/gnss/1.0/android.hardware.gnss@1.0_genc++/gen/android/hardware/gnss/1.0/GnssXtraCallbackAll.cpp
out/soong/.intermediates/hardware/interfaces/gnss/1.0/android.hardware.gnss@1.0_genc++/gen/android/hardware/gnss/1.0/types.cpp