out/soong/.intermediates/hardware/interfaces/biometrics/fingerprint/aidl/android.hardware.biometrics.fingerprint-V1-ndk_platform-source/gen/android/hardware/biometrics/fingerprint/AcquiredInfo.cpp
out/soong/.intermediates/hardware/interfaces/biometrics/fingerprint/aidl/android.hardware.biometrics.fingerprint-V1-ndk_platform-source/gen/android/hardware/biometrics/fingerprint/Error.cpp
out/soong/.intermediates/hardware/interfaces/biometrics/fingerprint/aidl/android.hardware.biometrics.fingerprint-V1-ndk_platform-source/gen/android/hardware/biometrics/fingerprint/FingerprintSensorType.cpp
out/soong/.intermediates/hardware/interfaces/biometrics/fingerprint/aidl/android.hardware.biometrics.fingerprint-V1-ndk_platform-source/gen/android/hardware/biometrics/fingerprint/IFingerprint.cpp
out/soong/.intermediates/hardware/interfaces/biometrics/fingerprint/aidl/android.hardware.biometrics.fingerprint-V1-ndk_platform-source/gen/android/hardware/biometrics/fingerprint/ISession.cpp
out/soong/.intermediates/hardware/interfaces/biometrics/fingerprint/aidl/android.hardware.biometrics.fingerprint-V1-ndk_platform-source/gen/android/hardware/biometrics/fingerprint/ISessionCallback.cpp
out/soong/.intermediates/hardware/interfaces/biometrics/fingerprint/aidl/android.hardware.biometrics.fingerprint-V1-ndk_platform-source/gen/android/hardware/biometrics/fingerprint/SensorLocation.cpp
out/soong/.intermediates/hardware/interfaces/biometrics/fingerprint/aidl/android.hardware.biometrics.fingerprint-V1-ndk_platform-source/gen/android/hardware/biometrics/fingerprint/SensorProps.cpp
out/soong/.intermediates/hardware/interfaces/biometrics/fingerprint/aidl/android.hardware.biometrics.fingerprint-V1-ndk_platform-source/gen/include/aidl/android/hardware/biometrics/fingerprint/AcquiredInfo.h
out/soong/.intermediates/hardware/interfaces/biometrics/fingerprint/aidl/android.hardware.biometrics.fingerprint-V1-ndk_platform-source/gen/include/aidl/android/hardware/biometrics/fingerprint/BnAcquiredInfo.h
out/soong/.intermediates/hardware/interfaces/biometrics/fingerprint/aidl/android.hardware.biometrics.fingerprint-V1-ndk_platform-source/gen/include/aidl/android/hardware/biometrics/fingerprint/BnError.h
out/soong/.intermediates/hardware/interfaces/biometrics/fingerprint/aidl/android.hardware.biometrics.fingerprint-V1-ndk_platform-source/gen/include/aidl/android/hardware/biometrics/fingerprint/BnFingerprint.h
out/soong/.intermediates/hardware/interfaces/biometrics/fingerprint/aidl/android.hardware.biometrics.fingerprint-V1-ndk_platform-source/gen/include/aidl/android/hardware/biometrics/fingerprint/BnFingerprintSensorType.h
out/soong/.intermediates/hardware/interfaces/biometrics/fingerprint/aidl/android.hardware.biometrics.fingerprint-V1-ndk_platform-source/gen/include/aidl/android/hardware/biometrics/fingerprint/BnSensorLocation.h
out/soong/.intermediates/hardware/interfaces/biometrics/fingerprint/aidl/android.hardware.biometrics.fingerprint-V1-ndk_platform-source/gen/include/aidl/android/hardware/biometrics/fingerprint/BnSensorProps.h
out/soong/.intermediates/hardware/interfaces/biometrics/fingerprint/aidl/android.hardware.biometrics.fingerprint-V1-ndk_platform-source/gen/include/aidl/android/hardware/biometrics/fingerprint/BnSession.h
out/soong/.intermediates/hardware/interfaces/biometrics/fingerprint/aidl/android.hardware.biometrics.fingerprint-V1-ndk_platform-source/gen/include/aidl/android/hardware/biometrics/fingerprint/BnSessionCallback.h
out/soong/.intermediates/hardware/interfaces/biometrics/fingerprint/aidl/android.hardware.biometrics.fingerprint-V1-ndk_platform-source/gen/include/aidl/android/hardware/biometrics/fingerprint/BpAcquiredInfo.h
out/soong/.intermediates/hardware/interfaces/biometrics/fingerprint/aidl/android.hardware.biometrics.fingerprint-V1-ndk_platform-source/gen/include/aidl/android/hardware/biometrics/fingerprint/BpError.h
out/soong/.intermediates/hardware/interfaces/biometrics/fingerprint/aidl/android.hardware.biometrics.fingerprint-V1-ndk_platform-source/gen/include/aidl/android/hardware/biometrics/fingerprint/BpFingerprint.h
out/soong/.intermediates/hardware/interfaces/biometrics/fingerprint/aidl/android.hardware.biometrics.fingerprint-V1-ndk_platform-source/gen/include/aidl/android/hardware/biometrics/fingerprint/BpFingerprintSensorType.h
out/soong/.intermediates/hardware/interfaces/biometrics/fingerprint/aidl/android.hardware.biometrics.fingerprint-V1-ndk_platform-source/gen/include/aidl/android/hardware/biometrics/fingerprint/BpSensorLocation.h
out/soong/.intermediates/hardware/interfaces/biometrics/fingerprint/aidl/android.hardware.biometrics.fingerprint-V1-ndk_platform-source/gen/include/aidl/android/hardware/biometrics/fingerprint/BpSensorProps.h
out/soong/.intermediates/hardware/interfaces/biometrics/fingerprint/aidl/android.hardware.biometrics.fingerprint-V1-ndk_platform-source/gen/include/aidl/android/hardware/biometrics/fingerprint/BpSession.h
out/soong/.intermediates/hardware/interfaces/biometrics/fingerprint/aidl/android.hardware.biometrics.fingerprint-V1-ndk_platform-source/gen/include/aidl/android/hardware/biometrics/fingerprint/BpSessionCallback.h
out/soong/.intermediates/hardware/interfaces/biometrics/fingerprint/aidl/android.hardware.biometrics.fingerprint-V1-ndk_platform-source/gen/include/aidl/android/hardware/biometrics/fingerprint/Error.h
out/soong/.intermediates/hardware/interfaces/biometrics/fingerprint/aidl/android.hardware.biometrics.fingerprint-V1-ndk_platform-source/gen/include/aidl/android/hardware/biometrics/fingerprint/FingerprintSensorType.h
out/soong/.intermediates/hardware/interfaces/biometrics/fingerprint/aidl/android.hardware.biometrics.fingerprint-V1-ndk_platform-source/gen/include/aidl/android/hardware/biometrics/fingerprint/IFingerprint.h
out/soong/.intermediates/hardware/interfaces/biometrics/fingerprint/aidl/android.hardware.biometrics.fingerprint-V1-ndk_platform-source/gen/include/aidl/android/hardware/biometrics/fingerprint/ISession.h
out/soong/.intermediates/hardware/interfaces/biometrics/fingerprint/aidl/android.hardware.biometrics.fingerprint-V1-ndk_platform-source/gen/include/aidl/android/hardware/biometrics/fingerprint/ISessionCallback.h
out/soong/.intermediates/hardware/interfaces/biometrics/fingerprint/aidl/android.hardware.biometrics.fingerprint-V1-ndk_platform-source/gen/include/aidl/android/hardware/biometrics/fingerprint/SensorLocation.h
out/soong/.intermediates/hardware/interfaces/biometrics/fingerprint/aidl/android.hardware.biometrics.fingerprint-V1-ndk_platform-source/gen/include/aidl/android/hardware/biometrics/fingerprint/SensorProps.h