out/soong/.intermediates/hardware/interfaces/wifi/supplicant/1.0/android.hardware.wifi.supplicant@1.0_genc++_headers/gen/android/hardware/wifi/supplicant/1.0/BnHwSupplicant.h
out/soong/.intermediates/hardware/interfaces/wifi/supplicant/1.0/android.hardware.wifi.supplicant@1.0_genc++_headers/gen/android/hardware/wifi/supplicant/1.0/BnHwSupplicantCallback.h
out/soong/.intermediates/hardware/interfaces/wifi/supplicant/1.0/android.hardware.wifi.supplicant@1.0_genc++_headers/gen/android/hardware/wifi/supplicant/1.0/BnHwSupplicantIface.h
out/soong/.intermediates/hardware/interfaces/wifi/supplicant/1.0/android.hardware.wifi.supplicant@1.0_genc++_headers/gen/android/hardware/wifi/supplicant/1.0/BnHwSupplicantNetwork.h
out/soong/.intermediates/hardware/interfaces/wifi/supplicant/1.0/android.hardware.wifi.supplicant@1.0_genc++_headers/gen/android/hardware/wifi/supplicant/1.0/BnHwSupplicantP2pIface.h
out/soong/.intermediates/hardware/interfaces/wifi/supplicant/1.0/android.hardware.wifi.supplicant@1.0_genc++_headers/gen/android/hardware/wifi/supplicant/1.0/BnHwSupplicantP2pIfaceCallback.h
out/soong/.intermediates/hardware/interfaces/wifi/supplicant/1.0/android.hardware.wifi.supplicant@1.0_genc++_headers/gen/android/hardware/wifi/supplicant/1.0/BnHwSupplicantP2pNetwork.h
out/soong/.intermediates/hardware/interfaces/wifi/supplicant/1.0/android.hardware.wifi.supplicant@1.0_genc++_headers/gen/android/hardware/wifi/supplicant/1.0/BnHwSupplicantP2pNetworkCallback.h
out/soong/.intermediates/hardware/interfaces/wifi/supplicant/1.0/android.hardware.wifi.supplicant@1.0_genc++_headers/gen/android/hardware/wifi/supplicant/1.0/BnHwSupplicantStaIface.h
out/soong/.intermediates/hardware/interfaces/wifi/supplicant/1.0/android.hardware.wifi.supplicant@1.0_genc++_headers/gen/android/hardware/wifi/supplicant/1.0/BnHwSupplicantStaIfaceCallback.h
out/soong/.intermediates/hardware/interfaces/wifi/supplicant/1.0/android.hardware.wifi.supplicant@1.0_genc++_headers/gen/android/hardware/wifi/supplicant/1.0/BnHwSupplicantStaNetwork.h
out/soong/.intermediates/hardware/interfaces/wifi/supplicant/1.0/android.hardware.wifi.supplicant@1.0_genc++_headers/gen/android/hardware/wifi/supplicant/1.0/BnHwSupplicantStaNetworkCallback.h
out/soong/.intermediates/hardware/interfaces/wifi/supplicant/1.0/android.hardware.wifi.supplicant@1.0_genc++_headers/gen/android/hardware/wifi/supplicant/1.0/BpHwSupplicant.h
out/soong/.intermediates/hardware/interfaces/wifi/supplicant/1.0/android.hardware.wifi.supplicant@1.0_genc++_headers/gen/android/hardware/wifi/supplicant/1.0/BpHwSupplicantCallback.h
out/soong/.intermediates/hardware/interfaces/wifi/supplicant/1.0/android.hardware.wifi.supplicant@1.0_genc++_headers/gen/android/hardware/wifi/supplicant/1.0/BpHwSupplicantIface.h
out/soong/.intermediates/hardware/interfaces/wifi/supplicant/1.0/android.hardware.wifi.supplicant@1.0_genc++_headers/gen/android/hardware/wifi/supplicant/1.0/BpHwSupplicantNetwork.h
out/soong/.intermediates/hardware/interfaces/wifi/supplicant/1.0/android.hardware.wifi.supplicant@1.0_genc++_headers/gen/android/hardware/wifi/supplicant/1.0/BpHwSupplicantP2pIface.h
out/soong/.intermediates/hardware/interfaces/wifi/supplicant/1.0/android.hardware.wifi.supplicant@1.0_genc++_headers/gen/android/hardware/wifi/supplicant/1.0/BpHwSupplicantP2pIfaceCallback.h
out/soong/.intermediates/hardware/interfaces/wifi/supplicant/1.0/android.hardware.wifi.supplicant@1.0_genc++_headers/gen/android/hardware/wifi/supplicant/1.0/BpHwSupplicantP2pNetwork.h
out/soong/.intermediates/hardware/interfaces/wifi/supplicant/1.0/android.hardware.wifi.supplicant@1.0_genc++_headers/gen/android/hardware/wifi/supplicant/1.0/BpHwSupplicantP2pNetworkCallback.h
out/soong/.intermediates/hardware/interfaces/wifi/supplicant/1.0/android.hardware.wifi.supplicant@1.0_genc++_headers/gen/android/hardware/wifi/supplicant/1.0/BpHwSupplicantStaIface.h
out/soong/.intermediates/hardware/interfaces/wifi/supplicant/1.0/android.hardware.wifi.supplicant@1.0_genc++_headers/gen/android/hardware/wifi/supplicant/1.0/BpHwSupplicantStaIfaceCallback.h
out/soong/.intermediates/hardware/interfaces/wifi/supplicant/1.0/android.hardware.wifi.supplicant@1.0_genc++_headers/gen/android/hardware/wifi/supplicant/1.0/BpHwSupplicantStaNetwork.h
out/soong/.intermediates/hardware/interfaces/wifi/supplicant/1.0/android.hardware.wifi.supplicant@1.0_genc++_headers/gen/android/hardware/wifi/supplicant/1.0/BpHwSupplicantStaNetworkCallback.h
out/soong/.intermediates/hardware/interfaces/wifi/supplicant/1.0/android.hardware.wifi.supplicant@1.0_genc++_headers/gen/android/hardware/wifi/supplicant/1.0/BsSupplicant.h
out/soong/.intermediates/hardware/interfaces/wifi/supplicant/1.0/android.hardware.wifi.supplicant@1.0_genc++_headers/gen/android/hardware/wifi/supplicant/1.0/BsSupplicantCallback.h
out/soong/.intermediates/hardware/interfaces/wifi/supplicant/1.0/android.hardware.wifi.supplicant@1.0_genc++_headers/gen/android/hardware/wifi/supplicant/1.0/BsSupplicantIface.h
out/soong/.intermediates/hardware/interfaces/wifi/supplicant/1.0/android.hardware.wifi.supplicant@1.0_genc++_headers/gen/android/hardware/wifi/supplicant/1.0/BsSupplicantNetwork.h
out/soong/.intermediates/hardware/interfaces/wifi/supplicant/1.0/android.hardware.wifi.supplicant@1.0_genc++_headers/gen/android/hardware/wifi/supplicant/1.0/BsSupplicantP2pIface.h
out/soong/.intermediates/hardware/interfaces/wifi/supplicant/1.0/android.hardware.wifi.supplicant@1.0_genc++_headers/gen/android/hardware/wifi/supplicant/1.0/BsSupplicantP2pIfaceCallback.h
out/soong/.intermediates/hardware/interfaces/wifi/supplicant/1.0/android.hardware.wifi.supplicant@1.0_genc++_headers/gen/android/hardware/wifi/supplicant/1.0/BsSupplicantP2pNetwork.h
out/soong/.intermediates/hardware/interfaces/wifi/supplicant/1.0/android.hardware.wifi.supplicant@1.0_genc++_headers/gen/android/hardware/wifi/supplicant/1.0/BsSupplicantP2pNetworkCallback.h
out/soong/.intermediates/hardware/interfaces/wifi/supplicant/1.0/android.hardware.wifi.supplicant@1.0_genc++_headers/gen/android/hardware/wifi/supplicant/1.0/BsSupplicantStaIface.h
out/soong/.intermediates/hardware/interfaces/wifi/supplicant/1.0/android.hardware.wifi.supplicant@1.0_genc++_headers/gen/android/hardware/wifi/supplicant/1.0/BsSupplicantStaIfaceCallback.h
out/soong/.intermediates/hardware/interfaces/wifi/supplicant/1.0/android.hardware.wifi.supplicant@1.0_genc++_headers/gen/android/hardware/wifi/supplicant/1.0/BsSupplicantStaNetwork.h
out/soong/.intermediates/hardware/interfaces/wifi/supplicant/1.0/android.hardware.wifi.supplicant@1.0_genc++_headers/gen/android/hardware/wifi/supplicant/1.0/BsSupplicantStaNetworkCallback.h
out/soong/.intermediates/hardware/interfaces/wifi/supplicant/1.0/android.hardware.wifi.supplicant@1.0_genc++_headers/gen/android/hardware/wifi/supplicant/1.0/IHwSupplicant.h
out/soong/.intermediates/hardware/interfaces/wifi/supplicant/1.0/android.hardware.wifi.supplicant@1.0_genc++_headers/gen/android/hardware/wifi/supplicant/1.0/IHwSupplicantCallback.h
out/soong/.intermediates/hardware/interfaces/wifi/supplicant/1.0/android.hardware.wifi.supplicant@1.0_genc++_headers/gen/android/hardware/wifi/supplicant/1.0/IHwSupplicantIface.h
out/soong/.intermediates/hardware/interfaces/wifi/supplicant/1.0/android.hardware.wifi.supplicant@1.0_genc++_headers/gen/android/hardware/wifi/supplicant/1.0/IHwSupplicantNetwork.h
out/soong/.intermediates/hardware/interfaces/wifi/supplicant/1.0/android.hardware.wifi.supplicant@1.0_genc++_headers/gen/android/hardware/wifi/supplicant/1.0/IHwSupplicantP2pIface.h
out/soong/.intermediates/hardware/interfaces/wifi/supplicant/1.0/android.hardware.wifi.supplicant@1.0_genc++_headers/gen/android/hardware/wifi/supplicant/1.0/IHwSupplicantP2pIfaceCallback.h
out/soong/.intermediates/hardware/interfaces/wifi/supplicant/1.0/android.hardware.wifi.supplicant@1.0_genc++_headers/gen/android/hardware/wifi/supplicant/1.0/IHwSupplicantP2pNetwork.h
out/soong/.intermediates/hardware/interfaces/wifi/supplicant/1.0/android.hardware.wifi.supplicant@1.0_genc++_headers/gen/android/hardware/wifi/supplicant/1.0/IHwSupplicantP2pNetworkCallback.h
out/soong/.intermediates/hardware/interfaces/wifi/supplicant/1.0/android.hardware.wifi.supplicant@1.0_genc++_headers/gen/android/hardware/wifi/supplicant/1.0/IHwSupplicantStaIface.h
out/soong/.intermediates/hardware/interfaces/wifi/supplicant/1.0/android.hardware.wifi.supplicant@1.0_genc++_headers/gen/android/hardware/wifi/supplicant/1.0/IHwSupplicantStaIfaceCallback.h
out/soong/.intermediates/hardware/interfaces/wifi/supplicant/1.0/android.hardware.wifi.supplicant@1.0_genc++_headers/gen/android/hardware/wifi/supplicant/1.0/IHwSupplicantStaNetwork.h
out/soong/.intermediates/hardware/interfaces/wifi/supplicant/1.0/android.hardware.wifi.supplicant@1.0_genc++_headers/gen/android/hardware/wifi/supplicant/1.0/IHwSupplicantStaNetworkCallback.h
out/soong/.intermediates/hardware/interfaces/wifi/supplicant/1.0/android.hardware.wifi.supplicant@1.0_genc++_headers/gen/android/hardware/wifi/supplicant/1.0/ISupplicant.h
out/soong/.intermediates/hardware/interfaces/wifi/supplicant/1.0/android.hardware.wifi.supplicant@1.0_genc++_headers/gen/android/hardware/wifi/supplicant/1.0/ISupplicantCallback.h
out/soong/.intermediates/hardware/interfaces/wifi/supplicant/1.0/android.hardware.wifi.supplicant@1.0_genc++_headers/gen/android/hardware/wifi/supplicant/1.0/ISupplicantIface.h
out/soong/.intermediates/hardware/interfaces/wifi/supplicant/1.0/android.hardware.wifi.supplicant@1.0_genc++_headers/gen/android/hardware/wifi/supplicant/1.0/ISupplicantNetwork.h
out/soong/.intermediates/hardware/interfaces/wifi/supplicant/1.0/android.hardware.wifi.supplicant@1.0_genc++_headers/gen/android/hardware/wifi/supplicant/1.0/ISupplicantP2pIface.h
out/soong/.intermediates/hardware/interfaces/wifi/supplicant/1.0/android.hardware.wifi.supplicant@1.0_genc++_headers/gen/android/hardware/wifi/supplicant/1.0/ISupplicantP2pIfaceCallback.h
out/soong/.intermediates/hardware/interfaces/wifi/supplicant/1.0/android.hardware.wifi.supplicant@1.0_genc++_headers/gen/android/hardware/wifi/supplicant/1.0/ISupplicantP2pNetwork.h
out/soong/.intermediates/hardware/interfaces/wifi/supplicant/1.0/android.hardware.wifi.supplicant@1.0_genc++_headers/gen/android/hardware/wifi/supplicant/1.0/ISupplicantP2pNetworkCallback.h
out/soong/.intermediates/hardware/interfaces/wifi/supplicant/1.0/android.hardware.wifi.supplicant@1.0_genc++_headers/gen/android/hardware/wifi/supplicant/1.0/ISupplicantStaIface.h
out/soong/.intermediates/hardware/interfaces/wifi/supplicant/1.0/android.hardware.wifi.supplicant@1.0_genc++_headers/gen/android/hardware/wifi/supplicant/1.0/ISupplicantStaIfaceCallback.h
out/soong/.intermediates/hardware/interfaces/wifi/supplicant/1.0/android.hardware.wifi.supplicant@1.0_genc++_headers/gen/android/hardware/wifi/supplicant/1.0/ISupplicantStaNetwork.h
out/soong/.intermediates/hardware/interfaces/wifi/supplicant/1.0/android.hardware.wifi.supplicant@1.0_genc++_headers/gen/android/hardware/wifi/supplicant/1.0/ISupplicantStaNetworkCallback.h
out/soong/.intermediates/hardware/interfaces/wifi/supplicant/1.0/android.hardware.wifi.supplicant@1.0_genc++_headers/gen/android/hardware/wifi/supplicant/1.0/hwtypes.h
out/soong/.intermediates/hardware/interfaces/wifi/supplicant/1.0/android.hardware.wifi.supplicant@1.0_genc++_headers/gen/android/hardware/wifi/supplicant/1.0/types.h