out/soong/.intermediates/hardware/interfaces/wifi/supplicant/1.2/android.hardware.wifi.supplicant@1.2_genc++_headers/gen/android/hardware/wifi/supplicant/1.2/BnHwSupplicant.h
out/soong/.intermediates/hardware/interfaces/wifi/supplicant/1.2/android.hardware.wifi.supplicant@1.2_genc++_headers/gen/android/hardware/wifi/supplicant/1.2/BnHwSupplicantP2pIface.h
out/soong/.intermediates/hardware/interfaces/wifi/supplicant/1.2/android.hardware.wifi.supplicant@1.2_genc++_headers/gen/android/hardware/wifi/supplicant/1.2/BnHwSupplicantStaIface.h
out/soong/.intermediates/hardware/interfaces/wifi/supplicant/1.2/android.hardware.wifi.supplicant@1.2_genc++_headers/gen/android/hardware/wifi/supplicant/1.2/BnHwSupplicantStaIfaceCallback.h
out/soong/.intermediates/hardware/interfaces/wifi/supplicant/1.2/android.hardware.wifi.supplicant@1.2_genc++_headers/gen/android/hardware/wifi/supplicant/1.2/BnHwSupplicantStaNetwork.h
out/soong/.intermediates/hardware/interfaces/wifi/supplicant/1.2/android.hardware.wifi.supplicant@1.2_genc++_headers/gen/android/hardware/wifi/supplicant/1.2/BpHwSupplicant.h
out/soong/.intermediates/hardware/interfaces/wifi/supplicant/1.2/android.hardware.wifi.supplicant@1.2_genc++_headers/gen/android/hardware/wifi/supplicant/1.2/BpHwSupplicantP2pIface.h
out/soong/.intermediates/hardware/interfaces/wifi/supplicant/1.2/android.hardware.wifi.supplicant@1.2_genc++_headers/gen/android/hardware/wifi/supplicant/1.2/BpHwSupplicantStaIface.h
out/soong/.intermediates/hardware/interfaces/wifi/supplicant/1.2/android.hardware.wifi.supplicant@1.2_genc++_headers/gen/android/hardware/wifi/supplicant/1.2/BpHwSupplicantStaIfaceCallback.h
out/soong/.intermediates/hardware/interfaces/wifi/supplicant/1.2/android.hardware.wifi.supplicant@1.2_genc++_headers/gen/android/hardware/wifi/supplicant/1.2/BpHwSupplicantStaNetwork.h
out/soong/.intermediates/hardware/interfaces/wifi/supplicant/1.2/android.hardware.wifi.supplicant@1.2_genc++_headers/gen/android/hardware/wifi/supplicant/1.2/BsSupplicant.h
out/soong/.intermediates/hardware/interfaces/wifi/supplicant/1.2/android.hardware.wifi.supplicant@1.2_genc++_headers/gen/android/hardware/wifi/supplicant/1.2/BsSupplicantP2pIface.h
out/soong/.intermediates/hardware/interfaces/wifi/supplicant/1.2/android.hardware.wifi.supplicant@1.2_genc++_headers/gen/android/hardware/wifi/supplicant/1.2/BsSupplicantStaIface.h
out/soong/.intermediates/hardware/interfaces/wifi/supplicant/1.2/android.hardware.wifi.supplicant@1.2_genc++_headers/gen/android/hardware/wifi/supplicant/1.2/BsSupplicantStaIfaceCallback.h
out/soong/.intermediates/hardware/interfaces/wifi/supplicant/1.2/android.hardware.wifi.supplicant@1.2_genc++_headers/gen/android/hardware/wifi/supplicant/1.2/BsSupplicantStaNetwork.h
out/soong/.intermediates/hardware/interfaces/wifi/supplicant/1.2/android.hardware.wifi.supplicant@1.2_genc++_headers/gen/android/hardware/wifi/supplicant/1.2/IHwSupplicant.h
out/soong/.intermediates/hardware/interfaces/wifi/supplicant/1.2/android.hardware.wifi.supplicant@1.2_genc++_headers/gen/android/hardware/wifi/supplicant/1.2/IHwSupplicantP2pIface.h
out/soong/.intermediates/hardware/interfaces/wifi/supplicant/1.2/android.hardware.wifi.supplicant@1.2_genc++_headers/gen/android/hardware/wifi/supplicant/1.2/IHwSupplicantStaIface.h
out/soong/.intermediates/hardware/interfaces/wifi/supplicant/1.2/android.hardware.wifi.supplicant@1.2_genc++_headers/gen/android/hardware/wifi/supplicant/1.2/IHwSupplicantStaIfaceCallback.h
out/soong/.intermediates/hardware/interfaces/wifi/supplicant/1.2/android.hardware.wifi.supplicant@1.2_genc++_headers/gen/android/hardware/wifi/supplicant/1.2/IHwSupplicantStaNetwork.h
out/soong/.intermediates/hardware/interfaces/wifi/supplicant/1.2/android.hardware.wifi.supplicant@1.2_genc++_headers/gen/android/hardware/wifi/supplicant/1.2/ISupplicant.h
out/soong/.intermediates/hardware/interfaces/wifi/supplicant/1.2/android.hardware.wifi.supplicant@1.2_genc++_headers/gen/android/hardware/wifi/supplicant/1.2/ISupplicantP2pIface.h
out/soong/.intermediates/hardware/interfaces/wifi/supplicant/1.2/android.hardware.wifi.supplicant@1.2_genc++_headers/gen/android/hardware/wifi/supplicant/1.2/ISupplicantStaIface.h
out/soong/.intermediates/hardware/interfaces/wifi/supplicant/1.2/android.hardware.wifi.supplicant@1.2_genc++_headers/gen/android/hardware/wifi/supplicant/1.2/ISupplicantStaIfaceCallback.h
out/soong/.intermediates/hardware/interfaces/wifi/supplicant/1.2/android.hardware.wifi.supplicant@1.2_genc++_headers/gen/android/hardware/wifi/supplicant/1.2/ISupplicantStaNetwork.h
out/soong/.intermediates/hardware/interfaces/wifi/supplicant/1.2/android.hardware.wifi.supplicant@1.2_genc++_headers/gen/android/hardware/wifi/supplicant/1.2/hwtypes.h
out/soong/.intermediates/hardware/interfaces/wifi/supplicant/1.2/android.hardware.wifi.supplicant@1.2_genc++_headers/gen/android/hardware/wifi/supplicant/1.2/types.h