out/soong/.intermediates/hardware/interfaces/drm/1.0/android.hardware.drm@1.0_genc++_headers/gen/android/hardware/drm/1.0/BnHwCryptoFactory.h
out/soong/.intermediates/hardware/interfaces/drm/1.0/android.hardware.drm@1.0_genc++_headers/gen/android/hardware/drm/1.0/BnHwCryptoPlugin.h
out/soong/.intermediates/hardware/interfaces/drm/1.0/android.hardware.drm@1.0_genc++_headers/gen/android/hardware/drm/1.0/BnHwDrmFactory.h
out/soong/.intermediates/hardware/interfaces/drm/1.0/android.hardware.drm@1.0_genc++_headers/gen/android/hardware/drm/1.0/BnHwDrmPlugin.h
out/soong/.intermediates/hardware/interfaces/drm/1.0/android.hardware.drm@1.0_genc++_headers/gen/android/hardware/drm/1.0/BnHwDrmPluginListener.h
out/soong/.intermediates/hardware/interfaces/drm/1.0/android.hardware.drm@1.0_genc++_headers/gen/android/hardware/drm/1.0/BpHwCryptoFactory.h
out/soong/.intermediates/hardware/interfaces/drm/1.0/android.hardware.drm@1.0_genc++_headers/gen/android/hardware/drm/1.0/BpHwCryptoPlugin.h
out/soong/.intermediates/hardware/interfaces/drm/1.0/android.hardware.drm@1.0_genc++_headers/gen/android/hardware/drm/1.0/BpHwDrmFactory.h
out/soong/.intermediates/hardware/interfaces/drm/1.0/android.hardware.drm@1.0_genc++_headers/gen/android/hardware/drm/1.0/BpHwDrmPlugin.h
out/soong/.intermediates/hardware/interfaces/drm/1.0/android.hardware.drm@1.0_genc++_headers/gen/android/hardware/drm/1.0/BpHwDrmPluginListener.h
out/soong/.intermediates/hardware/interfaces/drm/1.0/android.hardware.drm@1.0_genc++_headers/gen/android/hardware/drm/1.0/BsCryptoFactory.h
out/soong/.intermediates/hardware/interfaces/drm/1.0/android.hardware.drm@1.0_genc++_headers/gen/android/hardware/drm/1.0/BsCryptoPlugin.h
out/soong/.intermediates/hardware/interfaces/drm/1.0/android.hardware.drm@1.0_genc++_headers/gen/android/hardware/drm/1.0/BsDrmFactory.h
out/soong/.intermediates/hardware/interfaces/drm/1.0/android.hardware.drm@1.0_genc++_headers/gen/android/hardware/drm/1.0/BsDrmPlugin.h
out/soong/.intermediates/hardware/interfaces/drm/1.0/android.hardware.drm@1.0_genc++_headers/gen/android/hardware/drm/1.0/BsDrmPluginListener.h
out/soong/.intermediates/hardware/interfaces/drm/1.0/android.hardware.drm@1.0_genc++_headers/gen/android/hardware/drm/1.0/ICryptoFactory.h
out/soong/.intermediates/hardware/interfaces/drm/1.0/android.hardware.drm@1.0_genc++_headers/gen/android/hardware/drm/1.0/ICryptoPlugin.h
out/soong/.intermediates/hardware/interfaces/drm/1.0/android.hardware.drm@1.0_genc++_headers/gen/android/hardware/drm/1.0/IDrmFactory.h
out/soong/.intermediates/hardware/interfaces/drm/1.0/android.hardware.drm@1.0_genc++_headers/gen/android/hardware/drm/1.0/IDrmPlugin.h
out/soong/.intermediates/hardware/interfaces/drm/1.0/android.hardware.drm@1.0_genc++_headers/gen/android/hardware/drm/1.0/IDrmPluginListener.h
out/soong/.intermediates/hardware/interfaces/drm/1.0/android.hardware.drm@1.0_genc++_headers/gen/android/hardware/drm/1.0/IHwCryptoFactory.h
out/soong/.intermediates/hardware/interfaces/drm/1.0/android.hardware.drm@1.0_genc++_headers/gen/android/hardware/drm/1.0/IHwCryptoPlugin.h
out/soong/.intermediates/hardware/interfaces/drm/1.0/android.hardware.drm@1.0_genc++_headers/gen/android/hardware/drm/1.0/IHwDrmFactory.h
out/soong/.intermediates/hardware/interfaces/drm/1.0/android.hardware.drm@1.0_genc++_headers/gen/android/hardware/drm/1.0/IHwDrmPlugin.h
out/soong/.intermediates/hardware/interfaces/drm/1.0/android.hardware.drm@1.0_genc++_headers/gen/android/hardware/drm/1.0/IHwDrmPluginListener.h
out/soong/.intermediates/hardware/interfaces/drm/1.0/android.hardware.drm@1.0_genc++_headers/gen/android/hardware/drm/1.0/hwtypes.h
out/soong/.intermediates/hardware/interfaces/drm/1.0/android.hardware.drm@1.0_genc++_headers/gen/android/hardware/drm/1.0/types.h