out/soong/.intermediates/hardware/interfaces/gnss/1.0/android.hardware.gnss@1.0-inheritance-hierarchy/gen/IAGnssCallback_inheritance_hierarchy.json
out/soong/.intermediates/hardware/interfaces/gnss/1.0/android.hardware.gnss@1.0-inheritance-hierarchy/gen/IAGnssRilCallback_inheritance_hierarchy.json
out/soong/.intermediates/hardware/interfaces/gnss/1.0/android.hardware.gnss@1.0-inheritance-hierarchy/gen/IAGnssRil_inheritance_hierarchy.json
out/soong/.intermediates/hardware/interfaces/gnss/1.0/android.hardware.gnss@1.0-inheritance-hierarchy/gen/IAGnss_inheritance_hierarchy.json
out/soong/.intermediates/hardware/interfaces/gnss/1.0/android.hardware.gnss@1.0-inheritance-hierarchy/gen/IGnssBatchingCallback_inheritance_hierarchy.json
out/soong/.intermediates/hardware/interfaces/gnss/1.0/android.hardware.gnss@1.0-inheritance-hierarchy/gen/IGnssBatching_inheritance_hierarchy.json
out/soong/.intermediates/hardware/interfaces/gnss/1.0/android.hardware.gnss@1.0-inheritance-hierarchy/gen/IGnssCallback_inheritance_hierarchy.json
out/soong/.intermediates/hardware/interfaces/gnss/1.0/android.hardware.gnss@1.0-inheritance-hierarchy/gen/IGnssConfiguration_inheritance_hierarchy.json
out/soong/.intermediates/hardware/interfaces/gnss/1.0/android.hardware.gnss@1.0-inheritance-hierarchy/gen/IGnssDebug_inheritance_hierarchy.json
out/soong/.intermediates/hardware/interfaces/gnss/1.0/android.hardware.gnss@1.0-inheritance-hierarchy/gen/IGnssGeofenceCallback_inheritance_hierarchy.json
out/soong/.intermediates/hardware/interfaces/gnss/1.0/android.hardware.gnss@1.0-inheritance-hierarchy/gen/IGnssGeofencing_inheritance_hierarchy.json
out/soong/.intermediates/hardware/interfaces/gnss/1.0/android.hardware.gnss@1.0-inheritance-hierarchy/gen/IGnssMeasurementCallback_inheritance_hierarchy.json
out/soong/.intermediates/hardware/interfaces/gnss/1.0/android.hardware.gnss@1.0-inheritance-hierarchy/gen/IGnssMeasurement_inheritance_hierarchy.json
out/soong/.intermediates/hardware/interfaces/gnss/1.0/android.hardware.gnss@1.0-inheritance-hierarchy/gen/IGnssNavigationMessageCallback_inheritance_hierarchy.json
out/soong/.intermediates/hardware/interfaces/gnss/1.0/android.hardware.gnss@1.0-inheritance-hierarchy/gen/IGnssNavigationMessage_inheritance_hierarchy.json
out/soong/.intermediates/hardware/interfaces/gnss/1.0/android.hardware.gnss@1.0-inheritance-hierarchy/gen/IGnssNiCallback_inheritance_hierarchy.json
out/soong/.intermediates/hardware/interfaces/gnss/1.0/android.hardware.gnss@1.0-inheritance-hierarchy/gen/IGnssNi_inheritance_hierarchy.json
out/soong/.intermediates/hardware/interfaces/gnss/1.0/android.hardware.gnss@1.0-inheritance-hierarchy/gen/IGnssXtraCallback_inheritance_hierarchy.json
out/soong/.intermediates/hardware/interfaces/gnss/1.0/android.hardware.gnss@1.0-inheritance-hierarchy/gen/IGnssXtra_inheritance_hierarchy.json
out/soong/.intermediates/hardware/interfaces/gnss/1.0/android.hardware.gnss@1.0-inheritance-hierarchy/gen/IGnss_inheritance_hierarchy.json