out/soong/.intermediates/hardware/interfaces/gnss/1.1/android.hardware.gnss@1.1_genc++_headers/gen/android/hardware/gnss/1.1/BnHwGnss.h
out/soong/.intermediates/hardware/interfaces/gnss/1.1/android.hardware.gnss@1.1_genc++_headers/gen/android/hardware/gnss/1.1/BnHwGnssCallback.h
out/soong/.intermediates/hardware/interfaces/gnss/1.1/android.hardware.gnss@1.1_genc++_headers/gen/android/hardware/gnss/1.1/BnHwGnssConfiguration.h
out/soong/.intermediates/hardware/interfaces/gnss/1.1/android.hardware.gnss@1.1_genc++_headers/gen/android/hardware/gnss/1.1/BnHwGnssMeasurement.h
out/soong/.intermediates/hardware/interfaces/gnss/1.1/android.hardware.gnss@1.1_genc++_headers/gen/android/hardware/gnss/1.1/BnHwGnssMeasurementCallback.h
out/soong/.intermediates/hardware/interfaces/gnss/1.1/android.hardware.gnss@1.1_genc++_headers/gen/android/hardware/gnss/1.1/BpHwGnss.h
out/soong/.intermediates/hardware/interfaces/gnss/1.1/android.hardware.gnss@1.1_genc++_headers/gen/android/hardware/gnss/1.1/BpHwGnssCallback.h
out/soong/.intermediates/hardware/interfaces/gnss/1.1/android.hardware.gnss@1.1_genc++_headers/gen/android/hardware/gnss/1.1/BpHwGnssConfiguration.h
out/soong/.intermediates/hardware/interfaces/gnss/1.1/android.hardware.gnss@1.1_genc++_headers/gen/android/hardware/gnss/1.1/BpHwGnssMeasurement.h
out/soong/.intermediates/hardware/interfaces/gnss/1.1/android.hardware.gnss@1.1_genc++_headers/gen/android/hardware/gnss/1.1/BpHwGnssMeasurementCallback.h
out/soong/.intermediates/hardware/interfaces/gnss/1.1/android.hardware.gnss@1.1_genc++_headers/gen/android/hardware/gnss/1.1/BsGnss.h
out/soong/.intermediates/hardware/interfaces/gnss/1.1/android.hardware.gnss@1.1_genc++_headers/gen/android/hardware/gnss/1.1/BsGnssCallback.h
out/soong/.intermediates/hardware/interfaces/gnss/1.1/android.hardware.gnss@1.1_genc++_headers/gen/android/hardware/gnss/1.1/BsGnssConfiguration.h
out/soong/.intermediates/hardware/interfaces/gnss/1.1/android.hardware.gnss@1.1_genc++_headers/gen/android/hardware/gnss/1.1/BsGnssMeasurement.h
out/soong/.intermediates/hardware/interfaces/gnss/1.1/android.hardware.gnss@1.1_genc++_headers/gen/android/hardware/gnss/1.1/BsGnssMeasurementCallback.h
out/soong/.intermediates/hardware/interfaces/gnss/1.1/android.hardware.gnss@1.1_genc++_headers/gen/android/hardware/gnss/1.1/IGnss.h
out/soong/.intermediates/hardware/interfaces/gnss/1.1/android.hardware.gnss@1.1_genc++_headers/gen/android/hardware/gnss/1.1/IGnssCallback.h
out/soong/.intermediates/hardware/interfaces/gnss/1.1/android.hardware.gnss@1.1_genc++_headers/gen/android/hardware/gnss/1.1/IGnssConfiguration.h
out/soong/.intermediates/hardware/interfaces/gnss/1.1/android.hardware.gnss@1.1_genc++_headers/gen/android/hardware/gnss/1.1/IGnssMeasurement.h
out/soong/.intermediates/hardware/interfaces/gnss/1.1/android.hardware.gnss@1.1_genc++_headers/gen/android/hardware/gnss/1.1/IGnssMeasurementCallback.h
out/soong/.intermediates/hardware/interfaces/gnss/1.1/android.hardware.gnss@1.1_genc++_headers/gen/android/hardware/gnss/1.1/IHwGnss.h
out/soong/.intermediates/hardware/interfaces/gnss/1.1/android.hardware.gnss@1.1_genc++_headers/gen/android/hardware/gnss/1.1/IHwGnssCallback.h
out/soong/.intermediates/hardware/interfaces/gnss/1.1/android.hardware.gnss@1.1_genc++_headers/gen/android/hardware/gnss/1.1/IHwGnssConfiguration.h
out/soong/.intermediates/hardware/interfaces/gnss/1.1/android.hardware.gnss@1.1_genc++_headers/gen/android/hardware/gnss/1.1/IHwGnssMeasurement.h
out/soong/.intermediates/hardware/interfaces/gnss/1.1/android.hardware.gnss@1.1_genc++_headers/gen/android/hardware/gnss/1.1/IHwGnssMeasurementCallback.h