out/soong/.intermediates/hardware/interfaces/biometrics/face/aidl/android.hardware.biometrics.face-V1-ndk_platform-source/gen/android/hardware/biometrics/face/AcquiredInfo.cpp
out/soong/.intermediates/hardware/interfaces/biometrics/face/aidl/android.hardware.biometrics.face-V1-ndk_platform-source/gen/android/hardware/biometrics/face/AuthenticationFrame.cpp
out/soong/.intermediates/hardware/interfaces/biometrics/face/aidl/android.hardware.biometrics.face-V1-ndk_platform-source/gen/android/hardware/biometrics/face/BaseFrame.cpp
out/soong/.intermediates/hardware/interfaces/biometrics/face/aidl/android.hardware.biometrics.face-V1-ndk_platform-source/gen/android/hardware/biometrics/face/Cell.cpp
out/soong/.intermediates/hardware/interfaces/biometrics/face/aidl/android.hardware.biometrics.face-V1-ndk_platform-source/gen/android/hardware/biometrics/face/EnrollmentFrame.cpp
out/soong/.intermediates/hardware/interfaces/biometrics/face/aidl/android.hardware.biometrics.face-V1-ndk_platform-source/gen/android/hardware/biometrics/face/EnrollmentStage.cpp
out/soong/.intermediates/hardware/interfaces/biometrics/face/aidl/android.hardware.biometrics.face-V1-ndk_platform-source/gen/android/hardware/biometrics/face/EnrollmentStageConfig.cpp
out/soong/.intermediates/hardware/interfaces/biometrics/face/aidl/android.hardware.biometrics.face-V1-ndk_platform-source/gen/android/hardware/biometrics/face/EnrollmentType.cpp
out/soong/.intermediates/hardware/interfaces/biometrics/face/aidl/android.hardware.biometrics.face-V1-ndk_platform-source/gen/android/hardware/biometrics/face/Error.cpp
out/soong/.intermediates/hardware/interfaces/biometrics/face/aidl/android.hardware.biometrics.face-V1-ndk_platform-source/gen/android/hardware/biometrics/face/FaceSensorType.cpp
out/soong/.intermediates/hardware/interfaces/biometrics/face/aidl/android.hardware.biometrics.face-V1-ndk_platform-source/gen/android/hardware/biometrics/face/Feature.cpp
out/soong/.intermediates/hardware/interfaces/biometrics/face/aidl/android.hardware.biometrics.face-V1-ndk_platform-source/gen/android/hardware/biometrics/face/IFace.cpp
out/soong/.intermediates/hardware/interfaces/biometrics/face/aidl/android.hardware.biometrics.face-V1-ndk_platform-source/gen/android/hardware/biometrics/face/ISession.cpp
out/soong/.intermediates/hardware/interfaces/biometrics/face/aidl/android.hardware.biometrics.face-V1-ndk_platform-source/gen/android/hardware/biometrics/face/ISessionCallback.cpp
out/soong/.intermediates/hardware/interfaces/biometrics/face/aidl/android.hardware.biometrics.face-V1-ndk_platform-source/gen/android/hardware/biometrics/face/SensorProps.cpp
out/soong/.intermediates/hardware/interfaces/biometrics/face/aidl/android.hardware.biometrics.face-V1-ndk_platform-source/gen/include/aidl/android/hardware/biometrics/face/AcquiredInfo.h
out/soong/.intermediates/hardware/interfaces/biometrics/face/aidl/android.hardware.biometrics.face-V1-ndk_platform-source/gen/include/aidl/android/hardware/biometrics/face/AuthenticationFrame.h
out/soong/.intermediates/hardware/interfaces/biometrics/face/aidl/android.hardware.biometrics.face-V1-ndk_platform-source/gen/include/aidl/android/hardware/biometrics/face/BaseFrame.h
out/soong/.intermediates/hardware/interfaces/biometrics/face/aidl/android.hardware.biometrics.face-V1-ndk_platform-source/gen/include/aidl/android/hardware/biometrics/face/BnAcquiredInfo.h
out/soong/.intermediates/hardware/interfaces/biometrics/face/aidl/android.hardware.biometrics.face-V1-ndk_platform-source/gen/include/aidl/android/hardware/biometrics/face/BnAuthenticationFrame.h
out/soong/.intermediates/hardware/interfaces/biometrics/face/aidl/android.hardware.biometrics.face-V1-ndk_platform-source/gen/include/aidl/android/hardware/biometrics/face/BnBaseFrame.h
out/soong/.intermediates/hardware/interfaces/biometrics/face/aidl/android.hardware.biometrics.face-V1-ndk_platform-source/gen/include/aidl/android/hardware/biometrics/face/BnCell.h
out/soong/.intermediates/hardware/interfaces/biometrics/face/aidl/android.hardware.biometrics.face-V1-ndk_platform-source/gen/include/aidl/android/hardware/biometrics/face/BnEnrollmentFrame.h
out/soong/.intermediates/hardware/interfaces/biometrics/face/aidl/android.hardware.biometrics.face-V1-ndk_platform-source/gen/include/aidl/android/hardware/biometrics/face/BnEnrollmentStage.h
out/soong/.intermediates/hardware/interfaces/biometrics/face/aidl/android.hardware.biometrics.face-V1-ndk_platform-source/gen/include/aidl/android/hardware/biometrics/face/BnEnrollmentStageConfig.h
out/soong/.intermediates/hardware/interfaces/biometrics/face/aidl/android.hardware.biometrics.face-V1-ndk_platform-source/gen/include/aidl/android/hardware/biometrics/face/BnEnrollmentType.h
out/soong/.intermediates/hardware/interfaces/biometrics/face/aidl/android.hardware.biometrics.face-V1-ndk_platform-source/gen/include/aidl/android/hardware/biometrics/face/BnError.h
out/soong/.intermediates/hardware/interfaces/biometrics/face/aidl/android.hardware.biometrics.face-V1-ndk_platform-source/gen/include/aidl/android/hardware/biometrics/face/BnFace.h
out/soong/.intermediates/hardware/interfaces/biometrics/face/aidl/android.hardware.biometrics.face-V1-ndk_platform-source/gen/include/aidl/android/hardware/biometrics/face/BnFaceSensorType.h
out/soong/.intermediates/hardware/interfaces/biometrics/face/aidl/android.hardware.biometrics.face-V1-ndk_platform-source/gen/include/aidl/android/hardware/biometrics/face/BnFeature.h
out/soong/.intermediates/hardware/interfaces/biometrics/face/aidl/android.hardware.biometrics.face-V1-ndk_platform-source/gen/include/aidl/android/hardware/biometrics/face/BnSensorProps.h
out/soong/.intermediates/hardware/interfaces/biometrics/face/aidl/android.hardware.biometrics.face-V1-ndk_platform-source/gen/include/aidl/android/hardware/biometrics/face/BnSession.h
out/soong/.intermediates/hardware/interfaces/biometrics/face/aidl/android.hardware.biometrics.face-V1-ndk_platform-source/gen/include/aidl/android/hardware/biometrics/face/BnSessionCallback.h
out/soong/.intermediates/hardware/interfaces/biometrics/face/aidl/android.hardware.biometrics.face-V1-ndk_platform-source/gen/include/aidl/android/hardware/biometrics/face/BpAcquiredInfo.h
out/soong/.intermediates/hardware/interfaces/biometrics/face/aidl/android.hardware.biometrics.face-V1-ndk_platform-source/gen/include/aidl/android/hardware/biometrics/face/BpAuthenticationFrame.h
out/soong/.intermediates/hardware/interfaces/biometrics/face/aidl/android.hardware.biometrics.face-V1-ndk_platform-source/gen/include/aidl/android/hardware/biometrics/face/BpBaseFrame.h
out/soong/.intermediates/hardware/interfaces/biometrics/face/aidl/android.hardware.biometrics.face-V1-ndk_platform-source/gen/include/aidl/android/hardware/biometrics/face/BpCell.h
out/soong/.intermediates/hardware/interfaces/biometrics/face/aidl/android.hardware.biometrics.face-V1-ndk_platform-source/gen/include/aidl/android/hardware/biometrics/face/BpEnrollmentFrame.h
out/soong/.intermediates/hardware/interfaces/biometrics/face/aidl/android.hardware.biometrics.face-V1-ndk_platform-source/gen/include/aidl/android/hardware/biometrics/face/BpEnrollmentStage.h
out/soong/.intermediates/hardware/interfaces/biometrics/face/aidl/android.hardware.biometrics.face-V1-ndk_platform-source/gen/include/aidl/android/hardware/biometrics/face/BpEnrollmentStageConfig.h
out/soong/.intermediates/hardware/interfaces/biometrics/face/aidl/android.hardware.biometrics.face-V1-ndk_platform-source/gen/include/aidl/android/hardware/biometrics/face/BpEnrollmentType.h
out/soong/.intermediates/hardware/interfaces/biometrics/face/aidl/android.hardware.biometrics.face-V1-ndk_platform-source/gen/include/aidl/android/hardware/biometrics/face/BpError.h
out/soong/.intermediates/hardware/interfaces/biometrics/face/aidl/android.hardware.biometrics.face-V1-ndk_platform-source/gen/include/aidl/android/hardware/biometrics/face/BpFace.h
out/soong/.intermediates/hardware/interfaces/biometrics/face/aidl/android.hardware.biometrics.face-V1-ndk_platform-source/gen/include/aidl/android/hardware/biometrics/face/BpFaceSensorType.h
out/soong/.intermediates/hardware/interfaces/biometrics/face/aidl/android.hardware.biometrics.face-V1-ndk_platform-source/gen/include/aidl/android/hardware/biometrics/face/BpFeature.h
out/soong/.intermediates/hardware/interfaces/biometrics/face/aidl/android.hardware.biometrics.face-V1-ndk_platform-source/gen/include/aidl/android/hardware/biometrics/face/BpSensorProps.h
out/soong/.intermediates/hardware/interfaces/biometrics/face/aidl/android.hardware.biometrics.face-V1-ndk_platform-source/gen/include/aidl/android/hardware/biometrics/face/BpSession.h
out/soong/.intermediates/hardware/interfaces/biometrics/face/aidl/android.hardware.biometrics.face-V1-ndk_platform-source/gen/include/aidl/android/hardware/biometrics/face/BpSessionCallback.h
out/soong/.intermediates/hardware/interfaces/biometrics/face/aidl/android.hardware.biometrics.face-V1-ndk_platform-source/gen/include/aidl/android/hardware/biometrics/face/Cell.h
out/soong/.intermediates/hardware/interfaces/biometrics/face/aidl/android.hardware.biometrics.face-V1-ndk_platform-source/gen/include/aidl/android/hardware/biometrics/face/EnrollmentFrame.h
out/soong/.intermediates/hardware/interfaces/biometrics/face/aidl/android.hardware.biometrics.face-V1-ndk_platform-source/gen/include/aidl/android/hardware/biometrics/face/EnrollmentStage.h
out/soong/.intermediates/hardware/interfaces/biometrics/face/aidl/android.hardware.biometrics.face-V1-ndk_platform-source/gen/include/aidl/android/hardware/biometrics/face/EnrollmentStageConfig.h
out/soong/.intermediates/hardware/interfaces/biometrics/face/aidl/android.hardware.biometrics.face-V1-ndk_platform-source/gen/include/aidl/android/hardware/biometrics/face/EnrollmentType.h
out/soong/.intermediates/hardware/interfaces/biometrics/face/aidl/android.hardware.biometrics.face-V1-ndk_platform-source/gen/include/aidl/android/hardware/biometrics/face/Error.h
out/soong/.intermediates/hardware/interfaces/biometrics/face/aidl/android.hardware.biometrics.face-V1-ndk_platform-source/gen/include/aidl/android/hardware/biometrics/face/FaceSensorType.h
out/soong/.intermediates/hardware/interfaces/biometrics/face/aidl/android.hardware.biometrics.face-V1-ndk_platform-source/gen/include/aidl/android/hardware/biometrics/face/Feature.h
out/soong/.intermediates/hardware/interfaces/biometrics/face/aidl/android.hardware.biometrics.face-V1-ndk_platform-source/gen/include/aidl/android/hardware/biometrics/face/IFace.h
out/soong/.intermediates/hardware/interfaces/biometrics/face/aidl/android.hardware.biometrics.face-V1-ndk_platform-source/gen/include/aidl/android/hardware/biometrics/face/ISession.h
out/soong/.intermediates/hardware/interfaces/biometrics/face/aidl/android.hardware.biometrics.face-V1-ndk_platform-source/gen/include/aidl/android/hardware/biometrics/face/ISessionCallback.h
out/soong/.intermediates/hardware/interfaces/biometrics/face/aidl/android.hardware.biometrics.face-V1-ndk_platform-source/gen/include/aidl/android/hardware/biometrics/face/SensorProps.h