out/soong/.intermediates/hardware/interfaces/security/keymint/aidl/android.hardware.security.keymint-V1-rust-source/gen/android/hardware/security/keymint/Algorithm.rs
out/soong/.intermediates/hardware/interfaces/security/keymint/aidl/android.hardware.security.keymint-V1-rust-source/gen/android/hardware/security/keymint/AttestationKey.rs
out/soong/.intermediates/hardware/interfaces/security/keymint/aidl/android.hardware.security.keymint-V1-rust-source/gen/android/hardware/security/keymint/BeginResult.rs
out/soong/.intermediates/hardware/interfaces/security/keymint/aidl/android.hardware.security.keymint-V1-rust-source/gen/android/hardware/security/keymint/BlockMode.rs
out/soong/.intermediates/hardware/interfaces/security/keymint/aidl/android.hardware.security.keymint-V1-rust-source/gen/android/hardware/security/keymint/Certificate.rs
out/soong/.intermediates/hardware/interfaces/security/keymint/aidl/android.hardware.security.keymint-V1-rust-source/gen/android/hardware/security/keymint/DeviceInfo.rs
out/soong/.intermediates/hardware/interfaces/security/keymint/aidl/android.hardware.security.keymint-V1-rust-source/gen/android/hardware/security/keymint/Digest.rs
out/soong/.intermediates/hardware/interfaces/security/keymint/aidl/android.hardware.security.keymint-V1-rust-source/gen/android/hardware/security/keymint/EcCurve.rs
out/soong/.intermediates/hardware/interfaces/security/keymint/aidl/android.hardware.security.keymint-V1-rust-source/gen/android/hardware/security/keymint/ErrorCode.rs
out/soong/.intermediates/hardware/interfaces/security/keymint/aidl/android.hardware.security.keymint-V1-rust-source/gen/android/hardware/security/keymint/HardwareAuthToken.rs
out/soong/.intermediates/hardware/interfaces/security/keymint/aidl/android.hardware.security.keymint-V1-rust-source/gen/android/hardware/security/keymint/HardwareAuthenticatorType.rs
out/soong/.intermediates/hardware/interfaces/security/keymint/aidl/android.hardware.security.keymint-V1-rust-source/gen/android/hardware/security/keymint/IKeyMintDevice.rs
out/soong/.intermediates/hardware/interfaces/security/keymint/aidl/android.hardware.security.keymint-V1-rust-source/gen/android/hardware/security/keymint/IKeyMintOperation.rs
out/soong/.intermediates/hardware/interfaces/security/keymint/aidl/android.hardware.security.keymint-V1-rust-source/gen/android/hardware/security/keymint/IRemotelyProvisionedComponent.rs
out/soong/.intermediates/hardware/interfaces/security/keymint/aidl/android.hardware.security.keymint-V1-rust-source/gen/android/hardware/security/keymint/KeyCharacteristics.rs
out/soong/.intermediates/hardware/interfaces/security/keymint/aidl/android.hardware.security.keymint-V1-rust-source/gen/android/hardware/security/keymint/KeyCreationResult.rs
out/soong/.intermediates/hardware/interfaces/security/keymint/aidl/android.hardware.security.keymint-V1-rust-source/gen/android/hardware/security/keymint/KeyFormat.rs
out/soong/.intermediates/hardware/interfaces/security/keymint/aidl/android.hardware.security.keymint-V1-rust-source/gen/android/hardware/security/keymint/KeyMintHardwareInfo.rs
out/soong/.intermediates/hardware/interfaces/security/keymint/aidl/android.hardware.security.keymint-V1-rust-source/gen/android/hardware/security/keymint/KeyOrigin.rs
out/soong/.intermediates/hardware/interfaces/security/keymint/aidl/android.hardware.security.keymint-V1-rust-source/gen/android/hardware/security/keymint/KeyParameter.rs
out/soong/.intermediates/hardware/interfaces/security/keymint/aidl/android.hardware.security.keymint-V1-rust-source/gen/android/hardware/security/keymint/KeyParameterValue.rs
out/soong/.intermediates/hardware/interfaces/security/keymint/aidl/android.hardware.security.keymint-V1-rust-source/gen/android/hardware/security/keymint/KeyPurpose.rs
out/soong/.intermediates/hardware/interfaces/security/keymint/aidl/android.hardware.security.keymint-V1-rust-source/gen/android/hardware/security/keymint/MacedPublicKey.rs
out/soong/.intermediates/hardware/interfaces/security/keymint/aidl/android.hardware.security.keymint-V1-rust-source/gen/android/hardware/security/keymint/PaddingMode.rs
out/soong/.intermediates/hardware/interfaces/security/keymint/aidl/android.hardware.security.keymint-V1-rust-source/gen/android/hardware/security/keymint/ProtectedData.rs
out/soong/.intermediates/hardware/interfaces/security/keymint/aidl/android.hardware.security.keymint-V1-rust-source/gen/android/hardware/security/keymint/RpcHardwareInfo.rs
out/soong/.intermediates/hardware/interfaces/security/keymint/aidl/android.hardware.security.keymint-V1-rust-source/gen/android/hardware/security/keymint/SecurityLevel.rs
out/soong/.intermediates/hardware/interfaces/security/keymint/aidl/android.hardware.security.keymint-V1-rust-source/gen/android/hardware/security/keymint/Tag.rs
out/soong/.intermediates/hardware/interfaces/security/keymint/aidl/android.hardware.security.keymint-V1-rust-source/gen/android/hardware/security/keymint/TagType.rs