out/soong/.intermediates/hardware/interfaces/wifi/supplicant/1.3/android.hardware.wifi.supplicant@1.3_genc++_headers/gen/android/hardware/wifi/supplicant/1.3/BnHwSupplicant.h
out/soong/.intermediates/hardware/interfaces/wifi/supplicant/1.3/android.hardware.wifi.supplicant@1.3_genc++_headers/gen/android/hardware/wifi/supplicant/1.3/BnHwSupplicantStaIface.h
out/soong/.intermediates/hardware/interfaces/wifi/supplicant/1.3/android.hardware.wifi.supplicant@1.3_genc++_headers/gen/android/hardware/wifi/supplicant/1.3/BnHwSupplicantStaIfaceCallback.h
out/soong/.intermediates/hardware/interfaces/wifi/supplicant/1.3/android.hardware.wifi.supplicant@1.3_genc++_headers/gen/android/hardware/wifi/supplicant/1.3/BnHwSupplicantStaNetwork.h
out/soong/.intermediates/hardware/interfaces/wifi/supplicant/1.3/android.hardware.wifi.supplicant@1.3_genc++_headers/gen/android/hardware/wifi/supplicant/1.3/BpHwSupplicant.h
out/soong/.intermediates/hardware/interfaces/wifi/supplicant/1.3/android.hardware.wifi.supplicant@1.3_genc++_headers/gen/android/hardware/wifi/supplicant/1.3/BpHwSupplicantStaIface.h
out/soong/.intermediates/hardware/interfaces/wifi/supplicant/1.3/android.hardware.wifi.supplicant@1.3_genc++_headers/gen/android/hardware/wifi/supplicant/1.3/BpHwSupplicantStaIfaceCallback.h
out/soong/.intermediates/hardware/interfaces/wifi/supplicant/1.3/android.hardware.wifi.supplicant@1.3_genc++_headers/gen/android/hardware/wifi/supplicant/1.3/BpHwSupplicantStaNetwork.h
out/soong/.intermediates/hardware/interfaces/wifi/supplicant/1.3/android.hardware.wifi.supplicant@1.3_genc++_headers/gen/android/hardware/wifi/supplicant/1.3/BsSupplicant.h
out/soong/.intermediates/hardware/interfaces/wifi/supplicant/1.3/android.hardware.wifi.supplicant@1.3_genc++_headers/gen/android/hardware/wifi/supplicant/1.3/BsSupplicantStaIface.h
out/soong/.intermediates/hardware/interfaces/wifi/supplicant/1.3/android.hardware.wifi.supplicant@1.3_genc++_headers/gen/android/hardware/wifi/supplicant/1.3/BsSupplicantStaIfaceCallback.h
out/soong/.intermediates/hardware/interfaces/wifi/supplicant/1.3/android.hardware.wifi.supplicant@1.3_genc++_headers/gen/android/hardware/wifi/supplicant/1.3/BsSupplicantStaNetwork.h
out/soong/.intermediates/hardware/interfaces/wifi/supplicant/1.3/android.hardware.wifi.supplicant@1.3_genc++_headers/gen/android/hardware/wifi/supplicant/1.3/IHwSupplicant.h
out/soong/.intermediates/hardware/interfaces/wifi/supplicant/1.3/android.hardware.wifi.supplicant@1.3_genc++_headers/gen/android/hardware/wifi/supplicant/1.3/IHwSupplicantStaIface.h
out/soong/.intermediates/hardware/interfaces/wifi/supplicant/1.3/android.hardware.wifi.supplicant@1.3_genc++_headers/gen/android/hardware/wifi/supplicant/1.3/IHwSupplicantStaIfaceCallback.h
out/soong/.intermediates/hardware/interfaces/wifi/supplicant/1.3/android.hardware.wifi.supplicant@1.3_genc++_headers/gen/android/hardware/wifi/supplicant/1.3/IHwSupplicantStaNetwork.h
out/soong/.intermediates/hardware/interfaces/wifi/supplicant/1.3/android.hardware.wifi.supplicant@1.3_genc++_headers/gen/android/hardware/wifi/supplicant/1.3/ISupplicant.h
out/soong/.intermediates/hardware/interfaces/wifi/supplicant/1.3/android.hardware.wifi.supplicant@1.3_genc++_headers/gen/android/hardware/wifi/supplicant/1.3/ISupplicantStaIface.h
out/soong/.intermediates/hardware/interfaces/wifi/supplicant/1.3/android.hardware.wifi.supplicant@1.3_genc++_headers/gen/android/hardware/wifi/supplicant/1.3/ISupplicantStaIfaceCallback.h
out/soong/.intermediates/hardware/interfaces/wifi/supplicant/1.3/android.hardware.wifi.supplicant@1.3_genc++_headers/gen/android/hardware/wifi/supplicant/1.3/ISupplicantStaNetwork.h
out/soong/.intermediates/hardware/interfaces/wifi/supplicant/1.3/android.hardware.wifi.supplicant@1.3_genc++_headers/gen/android/hardware/wifi/supplicant/1.3/hwtypes.h
out/soong/.intermediates/hardware/interfaces/wifi/supplicant/1.3/android.hardware.wifi.supplicant@1.3_genc++_headers/gen/android/hardware/wifi/supplicant/1.3/types.h