out/soong/.intermediates/hardware/interfaces/power/stats/aidl/android.hardware.power.stats-V1-ndk_platform-source/gen/android/hardware/power/stats/Channel.cpp
out/soong/.intermediates/hardware/interfaces/power/stats/aidl/android.hardware.power.stats-V1-ndk_platform-source/gen/android/hardware/power/stats/EnergyConsumer.cpp
out/soong/.intermediates/hardware/interfaces/power/stats/aidl/android.hardware.power.stats-V1-ndk_platform-source/gen/android/hardware/power/stats/EnergyConsumerAttribution.cpp
out/soong/.intermediates/hardware/interfaces/power/stats/aidl/android.hardware.power.stats-V1-ndk_platform-source/gen/android/hardware/power/stats/EnergyConsumerResult.cpp
out/soong/.intermediates/hardware/interfaces/power/stats/aidl/android.hardware.power.stats-V1-ndk_platform-source/gen/android/hardware/power/stats/EnergyConsumerType.cpp
out/soong/.intermediates/hardware/interfaces/power/stats/aidl/android.hardware.power.stats-V1-ndk_platform-source/gen/android/hardware/power/stats/EnergyMeasurement.cpp
out/soong/.intermediates/hardware/interfaces/power/stats/aidl/android.hardware.power.stats-V1-ndk_platform-source/gen/android/hardware/power/stats/IPowerStats.cpp
out/soong/.intermediates/hardware/interfaces/power/stats/aidl/android.hardware.power.stats-V1-ndk_platform-source/gen/android/hardware/power/stats/PowerEntity.cpp
out/soong/.intermediates/hardware/interfaces/power/stats/aidl/android.hardware.power.stats-V1-ndk_platform-source/gen/android/hardware/power/stats/State.cpp
out/soong/.intermediates/hardware/interfaces/power/stats/aidl/android.hardware.power.stats-V1-ndk_platform-source/gen/android/hardware/power/stats/StateResidency.cpp
out/soong/.intermediates/hardware/interfaces/power/stats/aidl/android.hardware.power.stats-V1-ndk_platform-source/gen/android/hardware/power/stats/StateResidencyResult.cpp
out/soong/.intermediates/hardware/interfaces/power/stats/aidl/android.hardware.power.stats-V1-ndk_platform-source/gen/include/aidl/android/hardware/power/stats/BnChannel.h
out/soong/.intermediates/hardware/interfaces/power/stats/aidl/android.hardware.power.stats-V1-ndk_platform-source/gen/include/aidl/android/hardware/power/stats/BnEnergyConsumer.h
out/soong/.intermediates/hardware/interfaces/power/stats/aidl/android.hardware.power.stats-V1-ndk_platform-source/gen/include/aidl/android/hardware/power/stats/BnEnergyConsumerAttribution.h
out/soong/.intermediates/hardware/interfaces/power/stats/aidl/android.hardware.power.stats-V1-ndk_platform-source/gen/include/aidl/android/hardware/power/stats/BnEnergyConsumerResult.h
out/soong/.intermediates/hardware/interfaces/power/stats/aidl/android.hardware.power.stats-V1-ndk_platform-source/gen/include/aidl/android/hardware/power/stats/BnEnergyConsumerType.h
out/soong/.intermediates/hardware/interfaces/power/stats/aidl/android.hardware.power.stats-V1-ndk_platform-source/gen/include/aidl/android/hardware/power/stats/BnEnergyMeasurement.h
out/soong/.intermediates/hardware/interfaces/power/stats/aidl/android.hardware.power.stats-V1-ndk_platform-source/gen/include/aidl/android/hardware/power/stats/BnPowerEntity.h
out/soong/.intermediates/hardware/interfaces/power/stats/aidl/android.hardware.power.stats-V1-ndk_platform-source/gen/include/aidl/android/hardware/power/stats/BnPowerStats.h
out/soong/.intermediates/hardware/interfaces/power/stats/aidl/android.hardware.power.stats-V1-ndk_platform-source/gen/include/aidl/android/hardware/power/stats/BnState.h
out/soong/.intermediates/hardware/interfaces/power/stats/aidl/android.hardware.power.stats-V1-ndk_platform-source/gen/include/aidl/android/hardware/power/stats/BnStateResidency.h
out/soong/.intermediates/hardware/interfaces/power/stats/aidl/android.hardware.power.stats-V1-ndk_platform-source/gen/include/aidl/android/hardware/power/stats/BnStateResidencyResult.h
out/soong/.intermediates/hardware/interfaces/power/stats/aidl/android.hardware.power.stats-V1-ndk_platform-source/gen/include/aidl/android/hardware/power/stats/BpChannel.h
out/soong/.intermediates/hardware/interfaces/power/stats/aidl/android.hardware.power.stats-V1-ndk_platform-source/gen/include/aidl/android/hardware/power/stats/BpEnergyConsumer.h
out/soong/.intermediates/hardware/interfaces/power/stats/aidl/android.hardware.power.stats-V1-ndk_platform-source/gen/include/aidl/android/hardware/power/stats/BpEnergyConsumerAttribution.h
out/soong/.intermediates/hardware/interfaces/power/stats/aidl/android.hardware.power.stats-V1-ndk_platform-source/gen/include/aidl/android/hardware/power/stats/BpEnergyConsumerResult.h
out/soong/.intermediates/hardware/interfaces/power/stats/aidl/android.hardware.power.stats-V1-ndk_platform-source/gen/include/aidl/android/hardware/power/stats/BpEnergyConsumerType.h
out/soong/.intermediates/hardware/interfaces/power/stats/aidl/android.hardware.power.stats-V1-ndk_platform-source/gen/include/aidl/android/hardware/power/stats/BpEnergyMeasurement.h
out/soong/.intermediates/hardware/interfaces/power/stats/aidl/android.hardware.power.stats-V1-ndk_platform-source/gen/include/aidl/android/hardware/power/stats/BpPowerEntity.h
out/soong/.intermediates/hardware/interfaces/power/stats/aidl/android.hardware.power.stats-V1-ndk_platform-source/gen/include/aidl/android/hardware/power/stats/BpPowerStats.h
out/soong/.intermediates/hardware/interfaces/power/stats/aidl/android.hardware.power.stats-V1-ndk_platform-source/gen/include/aidl/android/hardware/power/stats/BpState.h
out/soong/.intermediates/hardware/interfaces/power/stats/aidl/android.hardware.power.stats-V1-ndk_platform-source/gen/include/aidl/android/hardware/power/stats/BpStateResidency.h
out/soong/.intermediates/hardware/interfaces/power/stats/aidl/android.hardware.power.stats-V1-ndk_platform-source/gen/include/aidl/android/hardware/power/stats/BpStateResidencyResult.h
out/soong/.intermediates/hardware/interfaces/power/stats/aidl/android.hardware.power.stats-V1-ndk_platform-source/gen/include/aidl/android/hardware/power/stats/Channel.h
out/soong/.intermediates/hardware/interfaces/power/stats/aidl/android.hardware.power.stats-V1-ndk_platform-source/gen/include/aidl/android/hardware/power/stats/EnergyConsumer.h
out/soong/.intermediates/hardware/interfaces/power/stats/aidl/android.hardware.power.stats-V1-ndk_platform-source/gen/include/aidl/android/hardware/power/stats/EnergyConsumerAttribution.h
out/soong/.intermediates/hardware/interfaces/power/stats/aidl/android.hardware.power.stats-V1-ndk_platform-source/gen/include/aidl/android/hardware/power/stats/EnergyConsumerResult.h
out/soong/.intermediates/hardware/interfaces/power/stats/aidl/android.hardware.power.stats-V1-ndk_platform-source/gen/include/aidl/android/hardware/power/stats/EnergyConsumerType.h
out/soong/.intermediates/hardware/interfaces/power/stats/aidl/android.hardware.power.stats-V1-ndk_platform-source/gen/include/aidl/android/hardware/power/stats/EnergyMeasurement.h
out/soong/.intermediates/hardware/interfaces/power/stats/aidl/android.hardware.power.stats-V1-ndk_platform-source/gen/include/aidl/android/hardware/power/stats/IPowerStats.h
out/soong/.intermediates/hardware/interfaces/power/stats/aidl/android.hardware.power.stats-V1-ndk_platform-source/gen/include/aidl/android/hardware/power/stats/PowerEntity.h
out/soong/.intermediates/hardware/interfaces/power/stats/aidl/android.hardware.power.stats-V1-ndk_platform-source/gen/include/aidl/android/hardware/power/stats/State.h
out/soong/.intermediates/hardware/interfaces/power/stats/aidl/android.hardware.power.stats-V1-ndk_platform-source/gen/include/aidl/android/hardware/power/stats/StateResidency.h
out/soong/.intermediates/hardware/interfaces/power/stats/aidl/android.hardware.power.stats-V1-ndk_platform-source/gen/include/aidl/android/hardware/power/stats/StateResidencyResult.h