out/soong/.intermediates/hardware/interfaces/wifi/supplicant/1.1/android.hardware.wifi.supplicant@1.1_genc++_headers/gen/android/hardware/wifi/supplicant/1.1/BnHwSupplicant.h
out/soong/.intermediates/hardware/interfaces/wifi/supplicant/1.1/android.hardware.wifi.supplicant@1.1_genc++_headers/gen/android/hardware/wifi/supplicant/1.1/BnHwSupplicantStaIface.h
out/soong/.intermediates/hardware/interfaces/wifi/supplicant/1.1/android.hardware.wifi.supplicant@1.1_genc++_headers/gen/android/hardware/wifi/supplicant/1.1/BnHwSupplicantStaIfaceCallback.h
out/soong/.intermediates/hardware/interfaces/wifi/supplicant/1.1/android.hardware.wifi.supplicant@1.1_genc++_headers/gen/android/hardware/wifi/supplicant/1.1/BnHwSupplicantStaNetwork.h
out/soong/.intermediates/hardware/interfaces/wifi/supplicant/1.1/android.hardware.wifi.supplicant@1.1_genc++_headers/gen/android/hardware/wifi/supplicant/1.1/BpHwSupplicant.h
out/soong/.intermediates/hardware/interfaces/wifi/supplicant/1.1/android.hardware.wifi.supplicant@1.1_genc++_headers/gen/android/hardware/wifi/supplicant/1.1/BpHwSupplicantStaIface.h
out/soong/.intermediates/hardware/interfaces/wifi/supplicant/1.1/android.hardware.wifi.supplicant@1.1_genc++_headers/gen/android/hardware/wifi/supplicant/1.1/BpHwSupplicantStaIfaceCallback.h
out/soong/.intermediates/hardware/interfaces/wifi/supplicant/1.1/android.hardware.wifi.supplicant@1.1_genc++_headers/gen/android/hardware/wifi/supplicant/1.1/BpHwSupplicantStaNetwork.h
out/soong/.intermediates/hardware/interfaces/wifi/supplicant/1.1/android.hardware.wifi.supplicant@1.1_genc++_headers/gen/android/hardware/wifi/supplicant/1.1/BsSupplicant.h
out/soong/.intermediates/hardware/interfaces/wifi/supplicant/1.1/android.hardware.wifi.supplicant@1.1_genc++_headers/gen/android/hardware/wifi/supplicant/1.1/BsSupplicantStaIface.h
out/soong/.intermediates/hardware/interfaces/wifi/supplicant/1.1/android.hardware.wifi.supplicant@1.1_genc++_headers/gen/android/hardware/wifi/supplicant/1.1/BsSupplicantStaIfaceCallback.h
out/soong/.intermediates/hardware/interfaces/wifi/supplicant/1.1/android.hardware.wifi.supplicant@1.1_genc++_headers/gen/android/hardware/wifi/supplicant/1.1/BsSupplicantStaNetwork.h
out/soong/.intermediates/hardware/interfaces/wifi/supplicant/1.1/android.hardware.wifi.supplicant@1.1_genc++_headers/gen/android/hardware/wifi/supplicant/1.1/IHwSupplicant.h
out/soong/.intermediates/hardware/interfaces/wifi/supplicant/1.1/android.hardware.wifi.supplicant@1.1_genc++_headers/gen/android/hardware/wifi/supplicant/1.1/IHwSupplicantStaIface.h
out/soong/.intermediates/hardware/interfaces/wifi/supplicant/1.1/android.hardware.wifi.supplicant@1.1_genc++_headers/gen/android/hardware/wifi/supplicant/1.1/IHwSupplicantStaIfaceCallback.h
out/soong/.intermediates/hardware/interfaces/wifi/supplicant/1.1/android.hardware.wifi.supplicant@1.1_genc++_headers/gen/android/hardware/wifi/supplicant/1.1/IHwSupplicantStaNetwork.h
out/soong/.intermediates/hardware/interfaces/wifi/supplicant/1.1/android.hardware.wifi.supplicant@1.1_genc++_headers/gen/android/hardware/wifi/supplicant/1.1/ISupplicant.h
out/soong/.intermediates/hardware/interfaces/wifi/supplicant/1.1/android.hardware.wifi.supplicant@1.1_genc++_headers/gen/android/hardware/wifi/supplicant/1.1/ISupplicantStaIface.h
out/soong/.intermediates/hardware/interfaces/wifi/supplicant/1.1/android.hardware.wifi.supplicant@1.1_genc++_headers/gen/android/hardware/wifi/supplicant/1.1/ISupplicantStaIfaceCallback.h
out/soong/.intermediates/hardware/interfaces/wifi/supplicant/1.1/android.hardware.wifi.supplicant@1.1_genc++_headers/gen/android/hardware/wifi/supplicant/1.1/ISupplicantStaNetwork.h