out/soong/.intermediates/hardware/interfaces/audio/effect/4.0/android.hardware.audio.effect@4.0_genc++_headers/gen/android/hardware/audio/effect/4.0/BnHwAcousticEchoCancelerEffect.h
out/soong/.intermediates/hardware/interfaces/audio/effect/4.0/android.hardware.audio.effect@4.0_genc++_headers/gen/android/hardware/audio/effect/4.0/BnHwAutomaticGainControlEffect.h
out/soong/.intermediates/hardware/interfaces/audio/effect/4.0/android.hardware.audio.effect@4.0_genc++_headers/gen/android/hardware/audio/effect/4.0/BnHwBassBoostEffect.h
out/soong/.intermediates/hardware/interfaces/audio/effect/4.0/android.hardware.audio.effect@4.0_genc++_headers/gen/android/hardware/audio/effect/4.0/BnHwDownmixEffect.h
out/soong/.intermediates/hardware/interfaces/audio/effect/4.0/android.hardware.audio.effect@4.0_genc++_headers/gen/android/hardware/audio/effect/4.0/BnHwEffect.h
out/soong/.intermediates/hardware/interfaces/audio/effect/4.0/android.hardware.audio.effect@4.0_genc++_headers/gen/android/hardware/audio/effect/4.0/BnHwEffectBufferProviderCallback.h
out/soong/.intermediates/hardware/interfaces/audio/effect/4.0/android.hardware.audio.effect@4.0_genc++_headers/gen/android/hardware/audio/effect/4.0/BnHwEffectsFactory.h
out/soong/.intermediates/hardware/interfaces/audio/effect/4.0/android.hardware.audio.effect@4.0_genc++_headers/gen/android/hardware/audio/effect/4.0/BnHwEnvironmentalReverbEffect.h
out/soong/.intermediates/hardware/interfaces/audio/effect/4.0/android.hardware.audio.effect@4.0_genc++_headers/gen/android/hardware/audio/effect/4.0/BnHwEqualizerEffect.h
out/soong/.intermediates/hardware/interfaces/audio/effect/4.0/android.hardware.audio.effect@4.0_genc++_headers/gen/android/hardware/audio/effect/4.0/BnHwLoudnessEnhancerEffect.h
out/soong/.intermediates/hardware/interfaces/audio/effect/4.0/android.hardware.audio.effect@4.0_genc++_headers/gen/android/hardware/audio/effect/4.0/BnHwNoiseSuppressionEffect.h
out/soong/.intermediates/hardware/interfaces/audio/effect/4.0/android.hardware.audio.effect@4.0_genc++_headers/gen/android/hardware/audio/effect/4.0/BnHwPresetReverbEffect.h
out/soong/.intermediates/hardware/interfaces/audio/effect/4.0/android.hardware.audio.effect@4.0_genc++_headers/gen/android/hardware/audio/effect/4.0/BnHwVirtualizerEffect.h
out/soong/.intermediates/hardware/interfaces/audio/effect/4.0/android.hardware.audio.effect@4.0_genc++_headers/gen/android/hardware/audio/effect/4.0/BnHwVisualizerEffect.h
out/soong/.intermediates/hardware/interfaces/audio/effect/4.0/android.hardware.audio.effect@4.0_genc++_headers/gen/android/hardware/audio/effect/4.0/BpHwAcousticEchoCancelerEffect.h
out/soong/.intermediates/hardware/interfaces/audio/effect/4.0/android.hardware.audio.effect@4.0_genc++_headers/gen/android/hardware/audio/effect/4.0/BpHwAutomaticGainControlEffect.h
out/soong/.intermediates/hardware/interfaces/audio/effect/4.0/android.hardware.audio.effect@4.0_genc++_headers/gen/android/hardware/audio/effect/4.0/BpHwBassBoostEffect.h
out/soong/.intermediates/hardware/interfaces/audio/effect/4.0/android.hardware.audio.effect@4.0_genc++_headers/gen/android/hardware/audio/effect/4.0/BpHwDownmixEffect.h
out/soong/.intermediates/hardware/interfaces/audio/effect/4.0/android.hardware.audio.effect@4.0_genc++_headers/gen/android/hardware/audio/effect/4.0/BpHwEffect.h
out/soong/.intermediates/hardware/interfaces/audio/effect/4.0/android.hardware.audio.effect@4.0_genc++_headers/gen/android/hardware/audio/effect/4.0/BpHwEffectBufferProviderCallback.h
out/soong/.intermediates/hardware/interfaces/audio/effect/4.0/android.hardware.audio.effect@4.0_genc++_headers/gen/android/hardware/audio/effect/4.0/BpHwEffectsFactory.h
out/soong/.intermediates/hardware/interfaces/audio/effect/4.0/android.hardware.audio.effect@4.0_genc++_headers/gen/android/hardware/audio/effect/4.0/BpHwEnvironmentalReverbEffect.h
out/soong/.intermediates/hardware/interfaces/audio/effect/4.0/android.hardware.audio.effect@4.0_genc++_headers/gen/android/hardware/audio/effect/4.0/BpHwEqualizerEffect.h
out/soong/.intermediates/hardware/interfaces/audio/effect/4.0/android.hardware.audio.effect@4.0_genc++_headers/gen/android/hardware/audio/effect/4.0/BpHwLoudnessEnhancerEffect.h
out/soong/.intermediates/hardware/interfaces/audio/effect/4.0/android.hardware.audio.effect@4.0_genc++_headers/gen/android/hardware/audio/effect/4.0/BpHwNoiseSuppressionEffect.h
out/soong/.intermediates/hardware/interfaces/audio/effect/4.0/android.hardware.audio.effect@4.0_genc++_headers/gen/android/hardware/audio/effect/4.0/BpHwPresetReverbEffect.h
out/soong/.intermediates/hardware/interfaces/audio/effect/4.0/android.hardware.audio.effect@4.0_genc++_headers/gen/android/hardware/audio/effect/4.0/BpHwVirtualizerEffect.h
out/soong/.intermediates/hardware/interfaces/audio/effect/4.0/android.hardware.audio.effect@4.0_genc++_headers/gen/android/hardware/audio/effect/4.0/BpHwVisualizerEffect.h
out/soong/.intermediates/hardware/interfaces/audio/effect/4.0/android.hardware.audio.effect@4.0_genc++_headers/gen/android/hardware/audio/effect/4.0/BsAcousticEchoCancelerEffect.h
out/soong/.intermediates/hardware/interfaces/audio/effect/4.0/android.hardware.audio.effect@4.0_genc++_headers/gen/android/hardware/audio/effect/4.0/BsAutomaticGainControlEffect.h
out/soong/.intermediates/hardware/interfaces/audio/effect/4.0/android.hardware.audio.effect@4.0_genc++_headers/gen/android/hardware/audio/effect/4.0/BsBassBoostEffect.h
out/soong/.intermediates/hardware/interfaces/audio/effect/4.0/android.hardware.audio.effect@4.0_genc++_headers/gen/android/hardware/audio/effect/4.0/BsDownmixEffect.h
out/soong/.intermediates/hardware/interfaces/audio/effect/4.0/android.hardware.audio.effect@4.0_genc++_headers/gen/android/hardware/audio/effect/4.0/BsEffect.h
out/soong/.intermediates/hardware/interfaces/audio/effect/4.0/android.hardware.audio.effect@4.0_genc++_headers/gen/android/hardware/audio/effect/4.0/BsEffectBufferProviderCallback.h
out/soong/.intermediates/hardware/interfaces/audio/effect/4.0/android.hardware.audio.effect@4.0_genc++_headers/gen/android/hardware/audio/effect/4.0/BsEffectsFactory.h
out/soong/.intermediates/hardware/interfaces/audio/effect/4.0/android.hardware.audio.effect@4.0_genc++_headers/gen/android/hardware/audio/effect/4.0/BsEnvironmentalReverbEffect.h
out/soong/.intermediates/hardware/interfaces/audio/effect/4.0/android.hardware.audio.effect@4.0_genc++_headers/gen/android/hardware/audio/effect/4.0/BsEqualizerEffect.h
out/soong/.intermediates/hardware/interfaces/audio/effect/4.0/android.hardware.audio.effect@4.0_genc++_headers/gen/android/hardware/audio/effect/4.0/BsLoudnessEnhancerEffect.h
out/soong/.intermediates/hardware/interfaces/audio/effect/4.0/android.hardware.audio.effect@4.0_genc++_headers/gen/android/hardware/audio/effect/4.0/BsNoiseSuppressionEffect.h
out/soong/.intermediates/hardware/interfaces/audio/effect/4.0/android.hardware.audio.effect@4.0_genc++_headers/gen/android/hardware/audio/effect/4.0/BsPresetReverbEffect.h
out/soong/.intermediates/hardware/interfaces/audio/effect/4.0/android.hardware.audio.effect@4.0_genc++_headers/gen/android/hardware/audio/effect/4.0/BsVirtualizerEffect.h
out/soong/.intermediates/hardware/interfaces/audio/effect/4.0/android.hardware.audio.effect@4.0_genc++_headers/gen/android/hardware/audio/effect/4.0/BsVisualizerEffect.h
out/soong/.intermediates/hardware/interfaces/audio/effect/4.0/android.hardware.audio.effect@4.0_genc++_headers/gen/android/hardware/audio/effect/4.0/IAcousticEchoCancelerEffect.h
out/soong/.intermediates/hardware/interfaces/audio/effect/4.0/android.hardware.audio.effect@4.0_genc++_headers/gen/android/hardware/audio/effect/4.0/IAutomaticGainControlEffect.h
out/soong/.intermediates/hardware/interfaces/audio/effect/4.0/android.hardware.audio.effect@4.0_genc++_headers/gen/android/hardware/audio/effect/4.0/IBassBoostEffect.h
out/soong/.intermediates/hardware/interfaces/audio/effect/4.0/android.hardware.audio.effect@4.0_genc++_headers/gen/android/hardware/audio/effect/4.0/IDownmixEffect.h
out/soong/.intermediates/hardware/interfaces/audio/effect/4.0/android.hardware.audio.effect@4.0_genc++_headers/gen/android/hardware/audio/effect/4.0/IEffect.h
out/soong/.intermediates/hardware/interfaces/audio/effect/4.0/android.hardware.audio.effect@4.0_genc++_headers/gen/android/hardware/audio/effect/4.0/IEffectBufferProviderCallback.h
out/soong/.intermediates/hardware/interfaces/audio/effect/4.0/android.hardware.audio.effect@4.0_genc++_headers/gen/android/hardware/audio/effect/4.0/IEffectsFactory.h
out/soong/.intermediates/hardware/interfaces/audio/effect/4.0/android.hardware.audio.effect@4.0_genc++_headers/gen/android/hardware/audio/effect/4.0/IEnvironmentalReverbEffect.h
out/soong/.intermediates/hardware/interfaces/audio/effect/4.0/android.hardware.audio.effect@4.0_genc++_headers/gen/android/hardware/audio/effect/4.0/IEqualizerEffect.h
out/soong/.intermediates/hardware/interfaces/audio/effect/4.0/android.hardware.audio.effect@4.0_genc++_headers/gen/android/hardware/audio/effect/4.0/IHwAcousticEchoCancelerEffect.h
out/soong/.intermediates/hardware/interfaces/audio/effect/4.0/android.hardware.audio.effect@4.0_genc++_headers/gen/android/hardware/audio/effect/4.0/IHwAutomaticGainControlEffect.h
out/soong/.intermediates/hardware/interfaces/audio/effect/4.0/android.hardware.audio.effect@4.0_genc++_headers/gen/android/hardware/audio/effect/4.0/IHwBassBoostEffect.h
out/soong/.intermediates/hardware/interfaces/audio/effect/4.0/android.hardware.audio.effect@4.0_genc++_headers/gen/android/hardware/audio/effect/4.0/IHwDownmixEffect.h
out/soong/.intermediates/hardware/interfaces/audio/effect/4.0/android.hardware.audio.effect@4.0_genc++_headers/gen/android/hardware/audio/effect/4.0/IHwEffect.h
out/soong/.intermediates/hardware/interfaces/audio/effect/4.0/android.hardware.audio.effect@4.0_genc++_headers/gen/android/hardware/audio/effect/4.0/IHwEffectBufferProviderCallback.h
out/soong/.intermediates/hardware/interfaces/audio/effect/4.0/android.hardware.audio.effect@4.0_genc++_headers/gen/android/hardware/audio/effect/4.0/IHwEffectsFactory.h
out/soong/.intermediates/hardware/interfaces/audio/effect/4.0/android.hardware.audio.effect@4.0_genc++_headers/gen/android/hardware/audio/effect/4.0/IHwEnvironmentalReverbEffect.h
out/soong/.intermediates/hardware/interfaces/audio/effect/4.0/android.hardware.audio.effect@4.0_genc++_headers/gen/android/hardware/audio/effect/4.0/IHwEqualizerEffect.h
out/soong/.intermediates/hardware/interfaces/audio/effect/4.0/android.hardware.audio.effect@4.0_genc++_headers/gen/android/hardware/audio/effect/4.0/IHwLoudnessEnhancerEffect.h
out/soong/.intermediates/hardware/interfaces/audio/effect/4.0/android.hardware.audio.effect@4.0_genc++_headers/gen/android/hardware/audio/effect/4.0/IHwNoiseSuppressionEffect.h
out/soong/.intermediates/hardware/interfaces/audio/effect/4.0/android.hardware.audio.effect@4.0_genc++_headers/gen/android/hardware/audio/effect/4.0/IHwPresetReverbEffect.h
out/soong/.intermediates/hardware/interfaces/audio/effect/4.0/android.hardware.audio.effect@4.0_genc++_headers/gen/android/hardware/audio/effect/4.0/IHwVirtualizerEffect.h
out/soong/.intermediates/hardware/interfaces/audio/effect/4.0/android.hardware.audio.effect@4.0_genc++_headers/gen/android/hardware/audio/effect/4.0/IHwVisualizerEffect.h
out/soong/.intermediates/hardware/interfaces/audio/effect/4.0/android.hardware.audio.effect@4.0_genc++_headers/gen/android/hardware/audio/effect/4.0/ILoudnessEnhancerEffect.h
out/soong/.intermediates/hardware/interfaces/audio/effect/4.0/android.hardware.audio.effect@4.0_genc++_headers/gen/android/hardware/audio/effect/4.0/INoiseSuppressionEffect.h
out/soong/.intermediates/hardware/interfaces/audio/effect/4.0/android.hardware.audio.effect@4.0_genc++_headers/gen/android/hardware/audio/effect/4.0/IPresetReverbEffect.h
out/soong/.intermediates/hardware/interfaces/audio/effect/4.0/android.hardware.audio.effect@4.0_genc++_headers/gen/android/hardware/audio/effect/4.0/IVirtualizerEffect.h
out/soong/.intermediates/hardware/interfaces/audio/effect/4.0/android.hardware.audio.effect@4.0_genc++_headers/gen/android/hardware/audio/effect/4.0/IVisualizerEffect.h
out/soong/.intermediates/hardware/interfaces/audio/effect/4.0/android.hardware.audio.effect@4.0_genc++_headers/gen/android/hardware/audio/effect/4.0/hwtypes.h
out/soong/.intermediates/hardware/interfaces/audio/effect/4.0/android.hardware.audio.effect@4.0_genc++_headers/gen/android/hardware/audio/effect/4.0/types.h