out/soong/.intermediates/hardware/interfaces/radio/1.2/android.hardware.radio@1.2_genc++_headers/gen/android/hardware/radio/1.2/BnHwRadio.h
out/soong/.intermediates/hardware/interfaces/radio/1.2/android.hardware.radio@1.2_genc++_headers/gen/android/hardware/radio/1.2/BnHwRadioIndication.h
out/soong/.intermediates/hardware/interfaces/radio/1.2/android.hardware.radio@1.2_genc++_headers/gen/android/hardware/radio/1.2/BnHwRadioResponse.h
out/soong/.intermediates/hardware/interfaces/radio/1.2/android.hardware.radio@1.2_genc++_headers/gen/android/hardware/radio/1.2/BnHwSap.h
out/soong/.intermediates/hardware/interfaces/radio/1.2/android.hardware.radio@1.2_genc++_headers/gen/android/hardware/radio/1.2/BpHwRadio.h
out/soong/.intermediates/hardware/interfaces/radio/1.2/android.hardware.radio@1.2_genc++_headers/gen/android/hardware/radio/1.2/BpHwRadioIndication.h
out/soong/.intermediates/hardware/interfaces/radio/1.2/android.hardware.radio@1.2_genc++_headers/gen/android/hardware/radio/1.2/BpHwRadioResponse.h
out/soong/.intermediates/hardware/interfaces/radio/1.2/android.hardware.radio@1.2_genc++_headers/gen/android/hardware/radio/1.2/BpHwSap.h
out/soong/.intermediates/hardware/interfaces/radio/1.2/android.hardware.radio@1.2_genc++_headers/gen/android/hardware/radio/1.2/BsRadio.h
out/soong/.intermediates/hardware/interfaces/radio/1.2/android.hardware.radio@1.2_genc++_headers/gen/android/hardware/radio/1.2/BsRadioIndication.h
out/soong/.intermediates/hardware/interfaces/radio/1.2/android.hardware.radio@1.2_genc++_headers/gen/android/hardware/radio/1.2/BsRadioResponse.h
out/soong/.intermediates/hardware/interfaces/radio/1.2/android.hardware.radio@1.2_genc++_headers/gen/android/hardware/radio/1.2/BsSap.h
out/soong/.intermediates/hardware/interfaces/radio/1.2/android.hardware.radio@1.2_genc++_headers/gen/android/hardware/radio/1.2/IHwRadio.h
out/soong/.intermediates/hardware/interfaces/radio/1.2/android.hardware.radio@1.2_genc++_headers/gen/android/hardware/radio/1.2/IHwRadioIndication.h
out/soong/.intermediates/hardware/interfaces/radio/1.2/android.hardware.radio@1.2_genc++_headers/gen/android/hardware/radio/1.2/IHwRadioResponse.h
out/soong/.intermediates/hardware/interfaces/radio/1.2/android.hardware.radio@1.2_genc++_headers/gen/android/hardware/radio/1.2/IHwSap.h
out/soong/.intermediates/hardware/interfaces/radio/1.2/android.hardware.radio@1.2_genc++_headers/gen/android/hardware/radio/1.2/IRadio.h
out/soong/.intermediates/hardware/interfaces/radio/1.2/android.hardware.radio@1.2_genc++_headers/gen/android/hardware/radio/1.2/IRadioIndication.h
out/soong/.intermediates/hardware/interfaces/radio/1.2/android.hardware.radio@1.2_genc++_headers/gen/android/hardware/radio/1.2/IRadioResponse.h
out/soong/.intermediates/hardware/interfaces/radio/1.2/android.hardware.radio@1.2_genc++_headers/gen/android/hardware/radio/1.2/ISap.h
out/soong/.intermediates/hardware/interfaces/radio/1.2/android.hardware.radio@1.2_genc++_headers/gen/android/hardware/radio/1.2/hwtypes.h
out/soong/.intermediates/hardware/interfaces/radio/1.2/android.hardware.radio@1.2_genc++_headers/gen/android/hardware/radio/1.2/types.h