out/soong/.intermediates/hardware/interfaces/power/aidl/android.hardware.power-V2-cpp-source/gen/android/hardware/power/Boost.cpp
out/soong/.intermediates/hardware/interfaces/power/aidl/android.hardware.power-V2-cpp-source/gen/android/hardware/power/IPower.cpp
out/soong/.intermediates/hardware/interfaces/power/aidl/android.hardware.power-V2-cpp-source/gen/android/hardware/power/IPowerHintSession.cpp
out/soong/.intermediates/hardware/interfaces/power/aidl/android.hardware.power-V2-cpp-source/gen/android/hardware/power/Mode.cpp
out/soong/.intermediates/hardware/interfaces/power/aidl/android.hardware.power-V2-cpp-source/gen/android/hardware/power/WorkDuration.cpp
out/soong/.intermediates/hardware/interfaces/power/aidl/android.hardware.power-V2-cpp-source/gen/include/android/hardware/power/BnBoost.h
out/soong/.intermediates/hardware/interfaces/power/aidl/android.hardware.power-V2-cpp-source/gen/include/android/hardware/power/BnMode.h
out/soong/.intermediates/hardware/interfaces/power/aidl/android.hardware.power-V2-cpp-source/gen/include/android/hardware/power/BnPower.h
out/soong/.intermediates/hardware/interfaces/power/aidl/android.hardware.power-V2-cpp-source/gen/include/android/hardware/power/BnPowerHintSession.h
out/soong/.intermediates/hardware/interfaces/power/aidl/android.hardware.power-V2-cpp-source/gen/include/android/hardware/power/BnWorkDuration.h
out/soong/.intermediates/hardware/interfaces/power/aidl/android.hardware.power-V2-cpp-source/gen/include/android/hardware/power/Boost.h
out/soong/.intermediates/hardware/interfaces/power/aidl/android.hardware.power-V2-cpp-source/gen/include/android/hardware/power/BpBoost.h
out/soong/.intermediates/hardware/interfaces/power/aidl/android.hardware.power-V2-cpp-source/gen/include/android/hardware/power/BpMode.h
out/soong/.intermediates/hardware/interfaces/power/aidl/android.hardware.power-V2-cpp-source/gen/include/android/hardware/power/BpPower.h
out/soong/.intermediates/hardware/interfaces/power/aidl/android.hardware.power-V2-cpp-source/gen/include/android/hardware/power/BpPowerHintSession.h
out/soong/.intermediates/hardware/interfaces/power/aidl/android.hardware.power-V2-cpp-source/gen/include/android/hardware/power/BpWorkDuration.h
out/soong/.intermediates/hardware/interfaces/power/aidl/android.hardware.power-V2-cpp-source/gen/include/android/hardware/power/IPower.h
out/soong/.intermediates/hardware/interfaces/power/aidl/android.hardware.power-V2-cpp-source/gen/include/android/hardware/power/IPowerHintSession.h
out/soong/.intermediates/hardware/interfaces/power/aidl/android.hardware.power-V2-cpp-source/gen/include/android/hardware/power/Mode.h
out/soong/.intermediates/hardware/interfaces/power/aidl/android.hardware.power-V2-cpp-source/gen/include/android/hardware/power/WorkDuration.h