out/soong/.intermediates/hardware/interfaces/wifi/supplicant/1.4/android.hardware.wifi.supplicant@1.4_genc++_headers/gen/android/hardware/wifi/supplicant/1.4/BnHwSupplicant.h
out/soong/.intermediates/hardware/interfaces/wifi/supplicant/1.4/android.hardware.wifi.supplicant@1.4_genc++_headers/gen/android/hardware/wifi/supplicant/1.4/BnHwSupplicantP2pIface.h
out/soong/.intermediates/hardware/interfaces/wifi/supplicant/1.4/android.hardware.wifi.supplicant@1.4_genc++_headers/gen/android/hardware/wifi/supplicant/1.4/BnHwSupplicantP2pIfaceCallback.h
out/soong/.intermediates/hardware/interfaces/wifi/supplicant/1.4/android.hardware.wifi.supplicant@1.4_genc++_headers/gen/android/hardware/wifi/supplicant/1.4/BnHwSupplicantStaIface.h
out/soong/.intermediates/hardware/interfaces/wifi/supplicant/1.4/android.hardware.wifi.supplicant@1.4_genc++_headers/gen/android/hardware/wifi/supplicant/1.4/BnHwSupplicantStaIfaceCallback.h
out/soong/.intermediates/hardware/interfaces/wifi/supplicant/1.4/android.hardware.wifi.supplicant@1.4_genc++_headers/gen/android/hardware/wifi/supplicant/1.4/BnHwSupplicantStaNetwork.h
out/soong/.intermediates/hardware/interfaces/wifi/supplicant/1.4/android.hardware.wifi.supplicant@1.4_genc++_headers/gen/android/hardware/wifi/supplicant/1.4/BnHwSupplicantStaNetworkCallback.h
out/soong/.intermediates/hardware/interfaces/wifi/supplicant/1.4/android.hardware.wifi.supplicant@1.4_genc++_headers/gen/android/hardware/wifi/supplicant/1.4/BpHwSupplicant.h
out/soong/.intermediates/hardware/interfaces/wifi/supplicant/1.4/android.hardware.wifi.supplicant@1.4_genc++_headers/gen/android/hardware/wifi/supplicant/1.4/BpHwSupplicantP2pIface.h
out/soong/.intermediates/hardware/interfaces/wifi/supplicant/1.4/android.hardware.wifi.supplicant@1.4_genc++_headers/gen/android/hardware/wifi/supplicant/1.4/BpHwSupplicantP2pIfaceCallback.h
out/soong/.intermediates/hardware/interfaces/wifi/supplicant/1.4/android.hardware.wifi.supplicant@1.4_genc++_headers/gen/android/hardware/wifi/supplicant/1.4/BpHwSupplicantStaIface.h
out/soong/.intermediates/hardware/interfaces/wifi/supplicant/1.4/android.hardware.wifi.supplicant@1.4_genc++_headers/gen/android/hardware/wifi/supplicant/1.4/BpHwSupplicantStaIfaceCallback.h
out/soong/.intermediates/hardware/interfaces/wifi/supplicant/1.4/android.hardware.wifi.supplicant@1.4_genc++_headers/gen/android/hardware/wifi/supplicant/1.4/BpHwSupplicantStaNetwork.h
out/soong/.intermediates/hardware/interfaces/wifi/supplicant/1.4/android.hardware.wifi.supplicant@1.4_genc++_headers/gen/android/hardware/wifi/supplicant/1.4/BpHwSupplicantStaNetworkCallback.h
out/soong/.intermediates/hardware/interfaces/wifi/supplicant/1.4/android.hardware.wifi.supplicant@1.4_genc++_headers/gen/android/hardware/wifi/supplicant/1.4/BsSupplicant.h
out/soong/.intermediates/hardware/interfaces/wifi/supplicant/1.4/android.hardware.wifi.supplicant@1.4_genc++_headers/gen/android/hardware/wifi/supplicant/1.4/BsSupplicantP2pIface.h
out/soong/.intermediates/hardware/interfaces/wifi/supplicant/1.4/android.hardware.wifi.supplicant@1.4_genc++_headers/gen/android/hardware/wifi/supplicant/1.4/BsSupplicantP2pIfaceCallback.h
out/soong/.intermediates/hardware/interfaces/wifi/supplicant/1.4/android.hardware.wifi.supplicant@1.4_genc++_headers/gen/android/hardware/wifi/supplicant/1.4/BsSupplicantStaIface.h
out/soong/.intermediates/hardware/interfaces/wifi/supplicant/1.4/android.hardware.wifi.supplicant@1.4_genc++_headers/gen/android/hardware/wifi/supplicant/1.4/BsSupplicantStaIfaceCallback.h
out/soong/.intermediates/hardware/interfaces/wifi/supplicant/1.4/android.hardware.wifi.supplicant@1.4_genc++_headers/gen/android/hardware/wifi/supplicant/1.4/BsSupplicantStaNetwork.h
out/soong/.intermediates/hardware/interfaces/wifi/supplicant/1.4/android.hardware.wifi.supplicant@1.4_genc++_headers/gen/android/hardware/wifi/supplicant/1.4/BsSupplicantStaNetworkCallback.h
out/soong/.intermediates/hardware/interfaces/wifi/supplicant/1.4/android.hardware.wifi.supplicant@1.4_genc++_headers/gen/android/hardware/wifi/supplicant/1.4/IHwSupplicant.h
out/soong/.intermediates/hardware/interfaces/wifi/supplicant/1.4/android.hardware.wifi.supplicant@1.4_genc++_headers/gen/android/hardware/wifi/supplicant/1.4/IHwSupplicantP2pIface.h
out/soong/.intermediates/hardware/interfaces/wifi/supplicant/1.4/android.hardware.wifi.supplicant@1.4_genc++_headers/gen/android/hardware/wifi/supplicant/1.4/IHwSupplicantP2pIfaceCallback.h
out/soong/.intermediates/hardware/interfaces/wifi/supplicant/1.4/android.hardware.wifi.supplicant@1.4_genc++_headers/gen/android/hardware/wifi/supplicant/1.4/IHwSupplicantStaIface.h
out/soong/.intermediates/hardware/interfaces/wifi/supplicant/1.4/android.hardware.wifi.supplicant@1.4_genc++_headers/gen/android/hardware/wifi/supplicant/1.4/IHwSupplicantStaIfaceCallback.h
out/soong/.intermediates/hardware/interfaces/wifi/supplicant/1.4/android.hardware.wifi.supplicant@1.4_genc++_headers/gen/android/hardware/wifi/supplicant/1.4/IHwSupplicantStaNetwork.h
out/soong/.intermediates/hardware/interfaces/wifi/supplicant/1.4/android.hardware.wifi.supplicant@1.4_genc++_headers/gen/android/hardware/wifi/supplicant/1.4/IHwSupplicantStaNetworkCallback.h
out/soong/.intermediates/hardware/interfaces/wifi/supplicant/1.4/android.hardware.wifi.supplicant@1.4_genc++_headers/gen/android/hardware/wifi/supplicant/1.4/ISupplicant.h
out/soong/.intermediates/hardware/interfaces/wifi/supplicant/1.4/android.hardware.wifi.supplicant@1.4_genc++_headers/gen/android/hardware/wifi/supplicant/1.4/ISupplicantP2pIface.h
out/soong/.intermediates/hardware/interfaces/wifi/supplicant/1.4/android.hardware.wifi.supplicant@1.4_genc++_headers/gen/android/hardware/wifi/supplicant/1.4/ISupplicantP2pIfaceCallback.h
out/soong/.intermediates/hardware/interfaces/wifi/supplicant/1.4/android.hardware.wifi.supplicant@1.4_genc++_headers/gen/android/hardware/wifi/supplicant/1.4/ISupplicantStaIface.h
out/soong/.intermediates/hardware/interfaces/wifi/supplicant/1.4/android.hardware.wifi.supplicant@1.4_genc++_headers/gen/android/hardware/wifi/supplicant/1.4/ISupplicantStaIfaceCallback.h
out/soong/.intermediates/hardware/interfaces/wifi/supplicant/1.4/android.hardware.wifi.supplicant@1.4_genc++_headers/gen/android/hardware/wifi/supplicant/1.4/ISupplicantStaNetwork.h
out/soong/.intermediates/hardware/interfaces/wifi/supplicant/1.4/android.hardware.wifi.supplicant@1.4_genc++_headers/gen/android/hardware/wifi/supplicant/1.4/ISupplicantStaNetworkCallback.h
out/soong/.intermediates/hardware/interfaces/wifi/supplicant/1.4/android.hardware.wifi.supplicant@1.4_genc++_headers/gen/android/hardware/wifi/supplicant/1.4/hwtypes.h
out/soong/.intermediates/hardware/interfaces/wifi/supplicant/1.4/android.hardware.wifi.supplicant@1.4_genc++_headers/gen/android/hardware/wifi/supplicant/1.4/types.h