out/soong/.intermediates/hardware/interfaces/neuralnetworks/1.0/android.hardware.neuralnetworks@1.0_genc++_headers/gen/android/hardware/neuralnetworks/1.0/BnHwDevice.h
out/soong/.intermediates/hardware/interfaces/neuralnetworks/1.0/android.hardware.neuralnetworks@1.0_genc++_headers/gen/android/hardware/neuralnetworks/1.0/BnHwExecutionCallback.h
out/soong/.intermediates/hardware/interfaces/neuralnetworks/1.0/android.hardware.neuralnetworks@1.0_genc++_headers/gen/android/hardware/neuralnetworks/1.0/BnHwPreparedModel.h
out/soong/.intermediates/hardware/interfaces/neuralnetworks/1.0/android.hardware.neuralnetworks@1.0_genc++_headers/gen/android/hardware/neuralnetworks/1.0/BnHwPreparedModelCallback.h
out/soong/.intermediates/hardware/interfaces/neuralnetworks/1.0/android.hardware.neuralnetworks@1.0_genc++_headers/gen/android/hardware/neuralnetworks/1.0/BpHwDevice.h
out/soong/.intermediates/hardware/interfaces/neuralnetworks/1.0/android.hardware.neuralnetworks@1.0_genc++_headers/gen/android/hardware/neuralnetworks/1.0/BpHwExecutionCallback.h
out/soong/.intermediates/hardware/interfaces/neuralnetworks/1.0/android.hardware.neuralnetworks@1.0_genc++_headers/gen/android/hardware/neuralnetworks/1.0/BpHwPreparedModel.h
out/soong/.intermediates/hardware/interfaces/neuralnetworks/1.0/android.hardware.neuralnetworks@1.0_genc++_headers/gen/android/hardware/neuralnetworks/1.0/BpHwPreparedModelCallback.h
out/soong/.intermediates/hardware/interfaces/neuralnetworks/1.0/android.hardware.neuralnetworks@1.0_genc++_headers/gen/android/hardware/neuralnetworks/1.0/BsDevice.h
out/soong/.intermediates/hardware/interfaces/neuralnetworks/1.0/android.hardware.neuralnetworks@1.0_genc++_headers/gen/android/hardware/neuralnetworks/1.0/BsExecutionCallback.h
out/soong/.intermediates/hardware/interfaces/neuralnetworks/1.0/android.hardware.neuralnetworks@1.0_genc++_headers/gen/android/hardware/neuralnetworks/1.0/BsPreparedModel.h
out/soong/.intermediates/hardware/interfaces/neuralnetworks/1.0/android.hardware.neuralnetworks@1.0_genc++_headers/gen/android/hardware/neuralnetworks/1.0/BsPreparedModelCallback.h
out/soong/.intermediates/hardware/interfaces/neuralnetworks/1.0/android.hardware.neuralnetworks@1.0_genc++_headers/gen/android/hardware/neuralnetworks/1.0/IDevice.h
out/soong/.intermediates/hardware/interfaces/neuralnetworks/1.0/android.hardware.neuralnetworks@1.0_genc++_headers/gen/android/hardware/neuralnetworks/1.0/IExecutionCallback.h
out/soong/.intermediates/hardware/interfaces/neuralnetworks/1.0/android.hardware.neuralnetworks@1.0_genc++_headers/gen/android/hardware/neuralnetworks/1.0/IHwDevice.h
out/soong/.intermediates/hardware/interfaces/neuralnetworks/1.0/android.hardware.neuralnetworks@1.0_genc++_headers/gen/android/hardware/neuralnetworks/1.0/IHwExecutionCallback.h
out/soong/.intermediates/hardware/interfaces/neuralnetworks/1.0/android.hardware.neuralnetworks@1.0_genc++_headers/gen/android/hardware/neuralnetworks/1.0/IHwPreparedModel.h
out/soong/.intermediates/hardware/interfaces/neuralnetworks/1.0/android.hardware.neuralnetworks@1.0_genc++_headers/gen/android/hardware/neuralnetworks/1.0/IHwPreparedModelCallback.h
out/soong/.intermediates/hardware/interfaces/neuralnetworks/1.0/android.hardware.neuralnetworks@1.0_genc++_headers/gen/android/hardware/neuralnetworks/1.0/IPreparedModel.h
out/soong/.intermediates/hardware/interfaces/neuralnetworks/1.0/android.hardware.neuralnetworks@1.0_genc++_headers/gen/android/hardware/neuralnetworks/1.0/IPreparedModelCallback.h
out/soong/.intermediates/hardware/interfaces/neuralnetworks/1.0/android.hardware.neuralnetworks@1.0_genc++_headers/gen/android/hardware/neuralnetworks/1.0/hwtypes.h
out/soong/.intermediates/hardware/interfaces/neuralnetworks/1.0/android.hardware.neuralnetworks@1.0_genc++_headers/gen/android/hardware/neuralnetworks/1.0/types.h