out/soong/.intermediates/hardware/interfaces/neuralnetworks/1.3/android.hardware.neuralnetworks@1.3_genc++_headers/gen/android/hardware/neuralnetworks/1.3/BnHwBuffer.h
out/soong/.intermediates/hardware/interfaces/neuralnetworks/1.3/android.hardware.neuralnetworks@1.3_genc++_headers/gen/android/hardware/neuralnetworks/1.3/BnHwDevice.h
out/soong/.intermediates/hardware/interfaces/neuralnetworks/1.3/android.hardware.neuralnetworks@1.3_genc++_headers/gen/android/hardware/neuralnetworks/1.3/BnHwExecutionCallback.h
out/soong/.intermediates/hardware/interfaces/neuralnetworks/1.3/android.hardware.neuralnetworks@1.3_genc++_headers/gen/android/hardware/neuralnetworks/1.3/BnHwFencedExecutionCallback.h
out/soong/.intermediates/hardware/interfaces/neuralnetworks/1.3/android.hardware.neuralnetworks@1.3_genc++_headers/gen/android/hardware/neuralnetworks/1.3/BnHwPreparedModel.h
out/soong/.intermediates/hardware/interfaces/neuralnetworks/1.3/android.hardware.neuralnetworks@1.3_genc++_headers/gen/android/hardware/neuralnetworks/1.3/BnHwPreparedModelCallback.h
out/soong/.intermediates/hardware/interfaces/neuralnetworks/1.3/android.hardware.neuralnetworks@1.3_genc++_headers/gen/android/hardware/neuralnetworks/1.3/BpHwBuffer.h
out/soong/.intermediates/hardware/interfaces/neuralnetworks/1.3/android.hardware.neuralnetworks@1.3_genc++_headers/gen/android/hardware/neuralnetworks/1.3/BpHwDevice.h
out/soong/.intermediates/hardware/interfaces/neuralnetworks/1.3/android.hardware.neuralnetworks@1.3_genc++_headers/gen/android/hardware/neuralnetworks/1.3/BpHwExecutionCallback.h
out/soong/.intermediates/hardware/interfaces/neuralnetworks/1.3/android.hardware.neuralnetworks@1.3_genc++_headers/gen/android/hardware/neuralnetworks/1.3/BpHwFencedExecutionCallback.h
out/soong/.intermediates/hardware/interfaces/neuralnetworks/1.3/android.hardware.neuralnetworks@1.3_genc++_headers/gen/android/hardware/neuralnetworks/1.3/BpHwPreparedModel.h
out/soong/.intermediates/hardware/interfaces/neuralnetworks/1.3/android.hardware.neuralnetworks@1.3_genc++_headers/gen/android/hardware/neuralnetworks/1.3/BpHwPreparedModelCallback.h
out/soong/.intermediates/hardware/interfaces/neuralnetworks/1.3/android.hardware.neuralnetworks@1.3_genc++_headers/gen/android/hardware/neuralnetworks/1.3/BsBuffer.h
out/soong/.intermediates/hardware/interfaces/neuralnetworks/1.3/android.hardware.neuralnetworks@1.3_genc++_headers/gen/android/hardware/neuralnetworks/1.3/BsDevice.h
out/soong/.intermediates/hardware/interfaces/neuralnetworks/1.3/android.hardware.neuralnetworks@1.3_genc++_headers/gen/android/hardware/neuralnetworks/1.3/BsExecutionCallback.h
out/soong/.intermediates/hardware/interfaces/neuralnetworks/1.3/android.hardware.neuralnetworks@1.3_genc++_headers/gen/android/hardware/neuralnetworks/1.3/BsFencedExecutionCallback.h
out/soong/.intermediates/hardware/interfaces/neuralnetworks/1.3/android.hardware.neuralnetworks@1.3_genc++_headers/gen/android/hardware/neuralnetworks/1.3/BsPreparedModel.h
out/soong/.intermediates/hardware/interfaces/neuralnetworks/1.3/android.hardware.neuralnetworks@1.3_genc++_headers/gen/android/hardware/neuralnetworks/1.3/BsPreparedModelCallback.h
out/soong/.intermediates/hardware/interfaces/neuralnetworks/1.3/android.hardware.neuralnetworks@1.3_genc++_headers/gen/android/hardware/neuralnetworks/1.3/IBuffer.h
out/soong/.intermediates/hardware/interfaces/neuralnetworks/1.3/android.hardware.neuralnetworks@1.3_genc++_headers/gen/android/hardware/neuralnetworks/1.3/IDevice.h
out/soong/.intermediates/hardware/interfaces/neuralnetworks/1.3/android.hardware.neuralnetworks@1.3_genc++_headers/gen/android/hardware/neuralnetworks/1.3/IExecutionCallback.h
out/soong/.intermediates/hardware/interfaces/neuralnetworks/1.3/android.hardware.neuralnetworks@1.3_genc++_headers/gen/android/hardware/neuralnetworks/1.3/IFencedExecutionCallback.h
out/soong/.intermediates/hardware/interfaces/neuralnetworks/1.3/android.hardware.neuralnetworks@1.3_genc++_headers/gen/android/hardware/neuralnetworks/1.3/IHwBuffer.h
out/soong/.intermediates/hardware/interfaces/neuralnetworks/1.3/android.hardware.neuralnetworks@1.3_genc++_headers/gen/android/hardware/neuralnetworks/1.3/IHwDevice.h
out/soong/.intermediates/hardware/interfaces/neuralnetworks/1.3/android.hardware.neuralnetworks@1.3_genc++_headers/gen/android/hardware/neuralnetworks/1.3/IHwExecutionCallback.h
out/soong/.intermediates/hardware/interfaces/neuralnetworks/1.3/android.hardware.neuralnetworks@1.3_genc++_headers/gen/android/hardware/neuralnetworks/1.3/IHwFencedExecutionCallback.h
out/soong/.intermediates/hardware/interfaces/neuralnetworks/1.3/android.hardware.neuralnetworks@1.3_genc++_headers/gen/android/hardware/neuralnetworks/1.3/IHwPreparedModel.h
out/soong/.intermediates/hardware/interfaces/neuralnetworks/1.3/android.hardware.neuralnetworks@1.3_genc++_headers/gen/android/hardware/neuralnetworks/1.3/IHwPreparedModelCallback.h
out/soong/.intermediates/hardware/interfaces/neuralnetworks/1.3/android.hardware.neuralnetworks@1.3_genc++_headers/gen/android/hardware/neuralnetworks/1.3/IPreparedModel.h
out/soong/.intermediates/hardware/interfaces/neuralnetworks/1.3/android.hardware.neuralnetworks@1.3_genc++_headers/gen/android/hardware/neuralnetworks/1.3/IPreparedModelCallback.h
out/soong/.intermediates/hardware/interfaces/neuralnetworks/1.3/android.hardware.neuralnetworks@1.3_genc++_headers/gen/android/hardware/neuralnetworks/1.3/hwtypes.h
out/soong/.intermediates/hardware/interfaces/neuralnetworks/1.3/android.hardware.neuralnetworks@1.3_genc++_headers/gen/android/hardware/neuralnetworks/1.3/types.h