out/soong/.intermediates/hardware/interfaces/media/c2/1.0/android.hardware.media.c2@1.0_genc++_headers/gen/android/hardware/media/c2/1.0/BnHwComponent.h
out/soong/.intermediates/hardware/interfaces/media/c2/1.0/android.hardware.media.c2@1.0_genc++_headers/gen/android/hardware/media/c2/1.0/BnHwComponentInterface.h
out/soong/.intermediates/hardware/interfaces/media/c2/1.0/android.hardware.media.c2@1.0_genc++_headers/gen/android/hardware/media/c2/1.0/BnHwComponentListener.h
out/soong/.intermediates/hardware/interfaces/media/c2/1.0/android.hardware.media.c2@1.0_genc++_headers/gen/android/hardware/media/c2/1.0/BnHwComponentStore.h
out/soong/.intermediates/hardware/interfaces/media/c2/1.0/android.hardware.media.c2@1.0_genc++_headers/gen/android/hardware/media/c2/1.0/BnHwConfigurable.h
out/soong/.intermediates/hardware/interfaces/media/c2/1.0/android.hardware.media.c2@1.0_genc++_headers/gen/android/hardware/media/c2/1.0/BnHwInputSink.h
out/soong/.intermediates/hardware/interfaces/media/c2/1.0/android.hardware.media.c2@1.0_genc++_headers/gen/android/hardware/media/c2/1.0/BnHwInputSurface.h
out/soong/.intermediates/hardware/interfaces/media/c2/1.0/android.hardware.media.c2@1.0_genc++_headers/gen/android/hardware/media/c2/1.0/BnHwInputSurfaceConnection.h
out/soong/.intermediates/hardware/interfaces/media/c2/1.0/android.hardware.media.c2@1.0_genc++_headers/gen/android/hardware/media/c2/1.0/BpHwComponent.h
out/soong/.intermediates/hardware/interfaces/media/c2/1.0/android.hardware.media.c2@1.0_genc++_headers/gen/android/hardware/media/c2/1.0/BpHwComponentInterface.h
out/soong/.intermediates/hardware/interfaces/media/c2/1.0/android.hardware.media.c2@1.0_genc++_headers/gen/android/hardware/media/c2/1.0/BpHwComponentListener.h
out/soong/.intermediates/hardware/interfaces/media/c2/1.0/android.hardware.media.c2@1.0_genc++_headers/gen/android/hardware/media/c2/1.0/BpHwComponentStore.h
out/soong/.intermediates/hardware/interfaces/media/c2/1.0/android.hardware.media.c2@1.0_genc++_headers/gen/android/hardware/media/c2/1.0/BpHwConfigurable.h
out/soong/.intermediates/hardware/interfaces/media/c2/1.0/android.hardware.media.c2@1.0_genc++_headers/gen/android/hardware/media/c2/1.0/BpHwInputSink.h
out/soong/.intermediates/hardware/interfaces/media/c2/1.0/android.hardware.media.c2@1.0_genc++_headers/gen/android/hardware/media/c2/1.0/BpHwInputSurface.h
out/soong/.intermediates/hardware/interfaces/media/c2/1.0/android.hardware.media.c2@1.0_genc++_headers/gen/android/hardware/media/c2/1.0/BpHwInputSurfaceConnection.h
out/soong/.intermediates/hardware/interfaces/media/c2/1.0/android.hardware.media.c2@1.0_genc++_headers/gen/android/hardware/media/c2/1.0/BsComponent.h
out/soong/.intermediates/hardware/interfaces/media/c2/1.0/android.hardware.media.c2@1.0_genc++_headers/gen/android/hardware/media/c2/1.0/BsComponentInterface.h
out/soong/.intermediates/hardware/interfaces/media/c2/1.0/android.hardware.media.c2@1.0_genc++_headers/gen/android/hardware/media/c2/1.0/BsComponentListener.h
out/soong/.intermediates/hardware/interfaces/media/c2/1.0/android.hardware.media.c2@1.0_genc++_headers/gen/android/hardware/media/c2/1.0/BsComponentStore.h
out/soong/.intermediates/hardware/interfaces/media/c2/1.0/android.hardware.media.c2@1.0_genc++_headers/gen/android/hardware/media/c2/1.0/BsConfigurable.h
out/soong/.intermediates/hardware/interfaces/media/c2/1.0/android.hardware.media.c2@1.0_genc++_headers/gen/android/hardware/media/c2/1.0/BsInputSink.h
out/soong/.intermediates/hardware/interfaces/media/c2/1.0/android.hardware.media.c2@1.0_genc++_headers/gen/android/hardware/media/c2/1.0/BsInputSurface.h
out/soong/.intermediates/hardware/interfaces/media/c2/1.0/android.hardware.media.c2@1.0_genc++_headers/gen/android/hardware/media/c2/1.0/BsInputSurfaceConnection.h
out/soong/.intermediates/hardware/interfaces/media/c2/1.0/android.hardware.media.c2@1.0_genc++_headers/gen/android/hardware/media/c2/1.0/IComponent.h
out/soong/.intermediates/hardware/interfaces/media/c2/1.0/android.hardware.media.c2@1.0_genc++_headers/gen/android/hardware/media/c2/1.0/IComponentInterface.h
out/soong/.intermediates/hardware/interfaces/media/c2/1.0/android.hardware.media.c2@1.0_genc++_headers/gen/android/hardware/media/c2/1.0/IComponentListener.h
out/soong/.intermediates/hardware/interfaces/media/c2/1.0/android.hardware.media.c2@1.0_genc++_headers/gen/android/hardware/media/c2/1.0/IComponentStore.h
out/soong/.intermediates/hardware/interfaces/media/c2/1.0/android.hardware.media.c2@1.0_genc++_headers/gen/android/hardware/media/c2/1.0/IConfigurable.h
out/soong/.intermediates/hardware/interfaces/media/c2/1.0/android.hardware.media.c2@1.0_genc++_headers/gen/android/hardware/media/c2/1.0/IHwComponent.h
out/soong/.intermediates/hardware/interfaces/media/c2/1.0/android.hardware.media.c2@1.0_genc++_headers/gen/android/hardware/media/c2/1.0/IHwComponentInterface.h
out/soong/.intermediates/hardware/interfaces/media/c2/1.0/android.hardware.media.c2@1.0_genc++_headers/gen/android/hardware/media/c2/1.0/IHwComponentListener.h
out/soong/.intermediates/hardware/interfaces/media/c2/1.0/android.hardware.media.c2@1.0_genc++_headers/gen/android/hardware/media/c2/1.0/IHwComponentStore.h
out/soong/.intermediates/hardware/interfaces/media/c2/1.0/android.hardware.media.c2@1.0_genc++_headers/gen/android/hardware/media/c2/1.0/IHwConfigurable.h
out/soong/.intermediates/hardware/interfaces/media/c2/1.0/android.hardware.media.c2@1.0_genc++_headers/gen/android/hardware/media/c2/1.0/IHwInputSink.h
out/soong/.intermediates/hardware/interfaces/media/c2/1.0/android.hardware.media.c2@1.0_genc++_headers/gen/android/hardware/media/c2/1.0/IHwInputSurface.h
out/soong/.intermediates/hardware/interfaces/media/c2/1.0/android.hardware.media.c2@1.0_genc++_headers/gen/android/hardware/media/c2/1.0/IHwInputSurfaceConnection.h
out/soong/.intermediates/hardware/interfaces/media/c2/1.0/android.hardware.media.c2@1.0_genc++_headers/gen/android/hardware/media/c2/1.0/IInputSink.h
out/soong/.intermediates/hardware/interfaces/media/c2/1.0/android.hardware.media.c2@1.0_genc++_headers/gen/android/hardware/media/c2/1.0/IInputSurface.h
out/soong/.intermediates/hardware/interfaces/media/c2/1.0/android.hardware.media.c2@1.0_genc++_headers/gen/android/hardware/media/c2/1.0/IInputSurfaceConnection.h
out/soong/.intermediates/hardware/interfaces/media/c2/1.0/android.hardware.media.c2@1.0_genc++_headers/gen/android/hardware/media/c2/1.0/hwtypes.h
out/soong/.intermediates/hardware/interfaces/media/c2/1.0/android.hardware.media.c2@1.0_genc++_headers/gen/android/hardware/media/c2/1.0/types.h