out/soong/.intermediates/hardware/interfaces/audio/5.0/android.hardware.audio@5.0_genc++_headers/gen/android/hardware/audio/5.0/BnHwDevice.h
out/soong/.intermediates/hardware/interfaces/audio/5.0/android.hardware.audio@5.0_genc++_headers/gen/android/hardware/audio/5.0/BnHwDevicesFactory.h
out/soong/.intermediates/hardware/interfaces/audio/5.0/android.hardware.audio@5.0_genc++_headers/gen/android/hardware/audio/5.0/BnHwPrimaryDevice.h
out/soong/.intermediates/hardware/interfaces/audio/5.0/android.hardware.audio@5.0_genc++_headers/gen/android/hardware/audio/5.0/BnHwStream.h
out/soong/.intermediates/hardware/interfaces/audio/5.0/android.hardware.audio@5.0_genc++_headers/gen/android/hardware/audio/5.0/BnHwStreamIn.h
out/soong/.intermediates/hardware/interfaces/audio/5.0/android.hardware.audio@5.0_genc++_headers/gen/android/hardware/audio/5.0/BnHwStreamOut.h
out/soong/.intermediates/hardware/interfaces/audio/5.0/android.hardware.audio@5.0_genc++_headers/gen/android/hardware/audio/5.0/BnHwStreamOutCallback.h
out/soong/.intermediates/hardware/interfaces/audio/5.0/android.hardware.audio@5.0_genc++_headers/gen/android/hardware/audio/5.0/BpHwDevice.h
out/soong/.intermediates/hardware/interfaces/audio/5.0/android.hardware.audio@5.0_genc++_headers/gen/android/hardware/audio/5.0/BpHwDevicesFactory.h
out/soong/.intermediates/hardware/interfaces/audio/5.0/android.hardware.audio@5.0_genc++_headers/gen/android/hardware/audio/5.0/BpHwPrimaryDevice.h
out/soong/.intermediates/hardware/interfaces/audio/5.0/android.hardware.audio@5.0_genc++_headers/gen/android/hardware/audio/5.0/BpHwStream.h
out/soong/.intermediates/hardware/interfaces/audio/5.0/android.hardware.audio@5.0_genc++_headers/gen/android/hardware/audio/5.0/BpHwStreamIn.h
out/soong/.intermediates/hardware/interfaces/audio/5.0/android.hardware.audio@5.0_genc++_headers/gen/android/hardware/audio/5.0/BpHwStreamOut.h
out/soong/.intermediates/hardware/interfaces/audio/5.0/android.hardware.audio@5.0_genc++_headers/gen/android/hardware/audio/5.0/BpHwStreamOutCallback.h
out/soong/.intermediates/hardware/interfaces/audio/5.0/android.hardware.audio@5.0_genc++_headers/gen/android/hardware/audio/5.0/BsDevice.h
out/soong/.intermediates/hardware/interfaces/audio/5.0/android.hardware.audio@5.0_genc++_headers/gen/android/hardware/audio/5.0/BsDevicesFactory.h
out/soong/.intermediates/hardware/interfaces/audio/5.0/android.hardware.audio@5.0_genc++_headers/gen/android/hardware/audio/5.0/BsPrimaryDevice.h
out/soong/.intermediates/hardware/interfaces/audio/5.0/android.hardware.audio@5.0_genc++_headers/gen/android/hardware/audio/5.0/BsStream.h
out/soong/.intermediates/hardware/interfaces/audio/5.0/android.hardware.audio@5.0_genc++_headers/gen/android/hardware/audio/5.0/BsStreamIn.h
out/soong/.intermediates/hardware/interfaces/audio/5.0/android.hardware.audio@5.0_genc++_headers/gen/android/hardware/audio/5.0/BsStreamOut.h
out/soong/.intermediates/hardware/interfaces/audio/5.0/android.hardware.audio@5.0_genc++_headers/gen/android/hardware/audio/5.0/BsStreamOutCallback.h
out/soong/.intermediates/hardware/interfaces/audio/5.0/android.hardware.audio@5.0_genc++_headers/gen/android/hardware/audio/5.0/IDevice.h
out/soong/.intermediates/hardware/interfaces/audio/5.0/android.hardware.audio@5.0_genc++_headers/gen/android/hardware/audio/5.0/IDevicesFactory.h
out/soong/.intermediates/hardware/interfaces/audio/5.0/android.hardware.audio@5.0_genc++_headers/gen/android/hardware/audio/5.0/IHwDevice.h
out/soong/.intermediates/hardware/interfaces/audio/5.0/android.hardware.audio@5.0_genc++_headers/gen/android/hardware/audio/5.0/IHwDevicesFactory.h
out/soong/.intermediates/hardware/interfaces/audio/5.0/android.hardware.audio@5.0_genc++_headers/gen/android/hardware/audio/5.0/IHwPrimaryDevice.h
out/soong/.intermediates/hardware/interfaces/audio/5.0/android.hardware.audio@5.0_genc++_headers/gen/android/hardware/audio/5.0/IHwStream.h
out/soong/.intermediates/hardware/interfaces/audio/5.0/android.hardware.audio@5.0_genc++_headers/gen/android/hardware/audio/5.0/IHwStreamIn.h
out/soong/.intermediates/hardware/interfaces/audio/5.0/android.hardware.audio@5.0_genc++_headers/gen/android/hardware/audio/5.0/IHwStreamOut.h
out/soong/.intermediates/hardware/interfaces/audio/5.0/android.hardware.audio@5.0_genc++_headers/gen/android/hardware/audio/5.0/IHwStreamOutCallback.h
out/soong/.intermediates/hardware/interfaces/audio/5.0/android.hardware.audio@5.0_genc++_headers/gen/android/hardware/audio/5.0/IPrimaryDevice.h
out/soong/.intermediates/hardware/interfaces/audio/5.0/android.hardware.audio@5.0_genc++_headers/gen/android/hardware/audio/5.0/IStream.h
out/soong/.intermediates/hardware/interfaces/audio/5.0/android.hardware.audio@5.0_genc++_headers/gen/android/hardware/audio/5.0/IStreamIn.h
out/soong/.intermediates/hardware/interfaces/audio/5.0/android.hardware.audio@5.0_genc++_headers/gen/android/hardware/audio/5.0/IStreamOut.h
out/soong/.intermediates/hardware/interfaces/audio/5.0/android.hardware.audio@5.0_genc++_headers/gen/android/hardware/audio/5.0/IStreamOutCallback.h
out/soong/.intermediates/hardware/interfaces/audio/5.0/android.hardware.audio@5.0_genc++_headers/gen/android/hardware/audio/5.0/hwtypes.h
out/soong/.intermediates/hardware/interfaces/audio/5.0/android.hardware.audio@5.0_genc++_headers/gen/android/hardware/audio/5.0/types.h