out/soong/.intermediates/hardware/interfaces/graphics/common/aidl/android.hardware.graphics.common-V2-ndk_platform-source/gen/android/hardware/graphics/common/BlendMode.cpp
out/soong/.intermediates/hardware/interfaces/graphics/common/aidl/android.hardware.graphics.common-V2-ndk_platform-source/gen/android/hardware/graphics/common/BufferUsage.cpp
out/soong/.intermediates/hardware/interfaces/graphics/common/aidl/android.hardware.graphics.common-V2-ndk_platform-source/gen/android/hardware/graphics/common/ChromaSiting.cpp
out/soong/.intermediates/hardware/interfaces/graphics/common/aidl/android.hardware.graphics.common-V2-ndk_platform-source/gen/android/hardware/graphics/common/Compression.cpp
out/soong/.intermediates/hardware/interfaces/graphics/common/aidl/android.hardware.graphics.common-V2-ndk_platform-source/gen/android/hardware/graphics/common/Cta861_3.cpp
out/soong/.intermediates/hardware/interfaces/graphics/common/aidl/android.hardware.graphics.common-V2-ndk_platform-source/gen/android/hardware/graphics/common/Dataspace.cpp
out/soong/.intermediates/hardware/interfaces/graphics/common/aidl/android.hardware.graphics.common-V2-ndk_platform-source/gen/android/hardware/graphics/common/ExtendableType.cpp
out/soong/.intermediates/hardware/interfaces/graphics/common/aidl/android.hardware.graphics.common-V2-ndk_platform-source/gen/android/hardware/graphics/common/HardwareBuffer.cpp
out/soong/.intermediates/hardware/interfaces/graphics/common/aidl/android.hardware.graphics.common-V2-ndk_platform-source/gen/android/hardware/graphics/common/HardwareBufferDescription.cpp
out/soong/.intermediates/hardware/interfaces/graphics/common/aidl/android.hardware.graphics.common-V2-ndk_platform-source/gen/android/hardware/graphics/common/Interlaced.cpp
out/soong/.intermediates/hardware/interfaces/graphics/common/aidl/android.hardware.graphics.common-V2-ndk_platform-source/gen/android/hardware/graphics/common/PixelFormat.cpp
out/soong/.intermediates/hardware/interfaces/graphics/common/aidl/android.hardware.graphics.common-V2-ndk_platform-source/gen/android/hardware/graphics/common/PlaneLayout.cpp
out/soong/.intermediates/hardware/interfaces/graphics/common/aidl/android.hardware.graphics.common-V2-ndk_platform-source/gen/android/hardware/graphics/common/PlaneLayoutComponent.cpp
out/soong/.intermediates/hardware/interfaces/graphics/common/aidl/android.hardware.graphics.common-V2-ndk_platform-source/gen/android/hardware/graphics/common/PlaneLayoutComponentType.cpp
out/soong/.intermediates/hardware/interfaces/graphics/common/aidl/android.hardware.graphics.common-V2-ndk_platform-source/gen/android/hardware/graphics/common/Rect.cpp
out/soong/.intermediates/hardware/interfaces/graphics/common/aidl/android.hardware.graphics.common-V2-ndk_platform-source/gen/android/hardware/graphics/common/Smpte2086.cpp
out/soong/.intermediates/hardware/interfaces/graphics/common/aidl/android.hardware.graphics.common-V2-ndk_platform-source/gen/android/hardware/graphics/common/StandardMetadataType.cpp
out/soong/.intermediates/hardware/interfaces/graphics/common/aidl/android.hardware.graphics.common-V2-ndk_platform-source/gen/android/hardware/graphics/common/XyColor.cpp
out/soong/.intermediates/hardware/interfaces/graphics/common/aidl/android.hardware.graphics.common-V2-ndk_platform-source/gen/include/aidl/android/hardware/graphics/common/BlendMode.h
out/soong/.intermediates/hardware/interfaces/graphics/common/aidl/android.hardware.graphics.common-V2-ndk_platform-source/gen/include/aidl/android/hardware/graphics/common/BnBlendMode.h
out/soong/.intermediates/hardware/interfaces/graphics/common/aidl/android.hardware.graphics.common-V2-ndk_platform-source/gen/include/aidl/android/hardware/graphics/common/BnBufferUsage.h
out/soong/.intermediates/hardware/interfaces/graphics/common/aidl/android.hardware.graphics.common-V2-ndk_platform-source/gen/include/aidl/android/hardware/graphics/common/BnChromaSiting.h
out/soong/.intermediates/hardware/interfaces/graphics/common/aidl/android.hardware.graphics.common-V2-ndk_platform-source/gen/include/aidl/android/hardware/graphics/common/BnCompression.h
out/soong/.intermediates/hardware/interfaces/graphics/common/aidl/android.hardware.graphics.common-V2-ndk_platform-source/gen/include/aidl/android/hardware/graphics/common/BnCta861_3.h
out/soong/.intermediates/hardware/interfaces/graphics/common/aidl/android.hardware.graphics.common-V2-ndk_platform-source/gen/include/aidl/android/hardware/graphics/common/BnDataspace.h
out/soong/.intermediates/hardware/interfaces/graphics/common/aidl/android.hardware.graphics.common-V2-ndk_platform-source/gen/include/aidl/android/hardware/graphics/common/BnExtendableType.h
out/soong/.intermediates/hardware/interfaces/graphics/common/aidl/android.hardware.graphics.common-V2-ndk_platform-source/gen/include/aidl/android/hardware/graphics/common/BnHardwareBuffer.h
out/soong/.intermediates/hardware/interfaces/graphics/common/aidl/android.hardware.graphics.common-V2-ndk_platform-source/gen/include/aidl/android/hardware/graphics/common/BnHardwareBufferDescription.h
out/soong/.intermediates/hardware/interfaces/graphics/common/aidl/android.hardware.graphics.common-V2-ndk_platform-source/gen/include/aidl/android/hardware/graphics/common/BnInterlaced.h
out/soong/.intermediates/hardware/interfaces/graphics/common/aidl/android.hardware.graphics.common-V2-ndk_platform-source/gen/include/aidl/android/hardware/graphics/common/BnPixelFormat.h
out/soong/.intermediates/hardware/interfaces/graphics/common/aidl/android.hardware.graphics.common-V2-ndk_platform-source/gen/include/aidl/android/hardware/graphics/common/BnPlaneLayout.h
out/soong/.intermediates/hardware/interfaces/graphics/common/aidl/android.hardware.graphics.common-V2-ndk_platform-source/gen/include/aidl/android/hardware/graphics/common/BnPlaneLayoutComponent.h
out/soong/.intermediates/hardware/interfaces/graphics/common/aidl/android.hardware.graphics.common-V2-ndk_platform-source/gen/include/aidl/android/hardware/graphics/common/BnPlaneLayoutComponentType.h
out/soong/.intermediates/hardware/interfaces/graphics/common/aidl/android.hardware.graphics.common-V2-ndk_platform-source/gen/include/aidl/android/hardware/graphics/common/BnRect.h
out/soong/.intermediates/hardware/interfaces/graphics/common/aidl/android.hardware.graphics.common-V2-ndk_platform-source/gen/include/aidl/android/hardware/graphics/common/BnSmpte2086.h
out/soong/.intermediates/hardware/interfaces/graphics/common/aidl/android.hardware.graphics.common-V2-ndk_platform-source/gen/include/aidl/android/hardware/graphics/common/BnStandardMetadataType.h
out/soong/.intermediates/hardware/interfaces/graphics/common/aidl/android.hardware.graphics.common-V2-ndk_platform-source/gen/include/aidl/android/hardware/graphics/common/BnXyColor.h
out/soong/.intermediates/hardware/interfaces/graphics/common/aidl/android.hardware.graphics.common-V2-ndk_platform-source/gen/include/aidl/android/hardware/graphics/common/BpBlendMode.h
out/soong/.intermediates/hardware/interfaces/graphics/common/aidl/android.hardware.graphics.common-V2-ndk_platform-source/gen/include/aidl/android/hardware/graphics/common/BpBufferUsage.h
out/soong/.intermediates/hardware/interfaces/graphics/common/aidl/android.hardware.graphics.common-V2-ndk_platform-source/gen/include/aidl/android/hardware/graphics/common/BpChromaSiting.h
out/soong/.intermediates/hardware/interfaces/graphics/common/aidl/android.hardware.graphics.common-V2-ndk_platform-source/gen/include/aidl/android/hardware/graphics/common/BpCompression.h
out/soong/.intermediates/hardware/interfaces/graphics/common/aidl/android.hardware.graphics.common-V2-ndk_platform-source/gen/include/aidl/android/hardware/graphics/common/BpCta861_3.h
out/soong/.intermediates/hardware/interfaces/graphics/common/aidl/android.hardware.graphics.common-V2-ndk_platform-source/gen/include/aidl/android/hardware/graphics/common/BpDataspace.h
out/soong/.intermediates/hardware/interfaces/graphics/common/aidl/android.hardware.graphics.common-V2-ndk_platform-source/gen/include/aidl/android/hardware/graphics/common/BpExtendableType.h
out/soong/.intermediates/hardware/interfaces/graphics/common/aidl/android.hardware.graphics.common-V2-ndk_platform-source/gen/include/aidl/android/hardware/graphics/common/BpHardwareBuffer.h
out/soong/.intermediates/hardware/interfaces/graphics/common/aidl/android.hardware.graphics.common-V2-ndk_platform-source/gen/include/aidl/android/hardware/graphics/common/BpHardwareBufferDescription.h
out/soong/.intermediates/hardware/interfaces/graphics/common/aidl/android.hardware.graphics.common-V2-ndk_platform-source/gen/include/aidl/android/hardware/graphics/common/BpInterlaced.h
out/soong/.intermediates/hardware/interfaces/graphics/common/aidl/android.hardware.graphics.common-V2-ndk_platform-source/gen/include/aidl/android/hardware/graphics/common/BpPixelFormat.h
out/soong/.intermediates/hardware/interfaces/graphics/common/aidl/android.hardware.graphics.common-V2-ndk_platform-source/gen/include/aidl/android/hardware/graphics/common/BpPlaneLayout.h
out/soong/.intermediates/hardware/interfaces/graphics/common/aidl/android.hardware.graphics.common-V2-ndk_platform-source/gen/include/aidl/android/hardware/graphics/common/BpPlaneLayoutComponent.h
out/soong/.intermediates/hardware/interfaces/graphics/common/aidl/android.hardware.graphics.common-V2-ndk_platform-source/gen/include/aidl/android/hardware/graphics/common/BpPlaneLayoutComponentType.h
out/soong/.intermediates/hardware/interfaces/graphics/common/aidl/android.hardware.graphics.common-V2-ndk_platform-source/gen/include/aidl/android/hardware/graphics/common/BpRect.h
out/soong/.intermediates/hardware/interfaces/graphics/common/aidl/android.hardware.graphics.common-V2-ndk_platform-source/gen/include/aidl/android/hardware/graphics/common/BpSmpte2086.h
out/soong/.intermediates/hardware/interfaces/graphics/common/aidl/android.hardware.graphics.common-V2-ndk_platform-source/gen/include/aidl/android/hardware/graphics/common/BpStandardMetadataType.h
out/soong/.intermediates/hardware/interfaces/graphics/common/aidl/android.hardware.graphics.common-V2-ndk_platform-source/gen/include/aidl/android/hardware/graphics/common/BpXyColor.h
out/soong/.intermediates/hardware/interfaces/graphics/common/aidl/android.hardware.graphics.common-V2-ndk_platform-source/gen/include/aidl/android/hardware/graphics/common/BufferUsage.h
out/soong/.intermediates/hardware/interfaces/graphics/common/aidl/android.hardware.graphics.common-V2-ndk_platform-source/gen/include/aidl/android/hardware/graphics/common/ChromaSiting.h
out/soong/.intermediates/hardware/interfaces/graphics/common/aidl/android.hardware.graphics.common-V2-ndk_platform-source/gen/include/aidl/android/hardware/graphics/common/Compression.h
out/soong/.intermediates/hardware/interfaces/graphics/common/aidl/android.hardware.graphics.common-V2-ndk_platform-source/gen/include/aidl/android/hardware/graphics/common/Cta861_3.h
out/soong/.intermediates/hardware/interfaces/graphics/common/aidl/android.hardware.graphics.common-V2-ndk_platform-source/gen/include/aidl/android/hardware/graphics/common/Dataspace.h
out/soong/.intermediates/hardware/interfaces/graphics/common/aidl/android.hardware.graphics.common-V2-ndk_platform-source/gen/include/aidl/android/hardware/graphics/common/ExtendableType.h
out/soong/.intermediates/hardware/interfaces/graphics/common/aidl/android.hardware.graphics.common-V2-ndk_platform-source/gen/include/aidl/android/hardware/graphics/common/HardwareBuffer.h
out/soong/.intermediates/hardware/interfaces/graphics/common/aidl/android.hardware.graphics.common-V2-ndk_platform-source/gen/include/aidl/android/hardware/graphics/common/HardwareBufferDescription.h
out/soong/.intermediates/hardware/interfaces/graphics/common/aidl/android.hardware.graphics.common-V2-ndk_platform-source/gen/include/aidl/android/hardware/graphics/common/Interlaced.h
out/soong/.intermediates/hardware/interfaces/graphics/common/aidl/android.hardware.graphics.common-V2-ndk_platform-source/gen/include/aidl/android/hardware/graphics/common/PixelFormat.h
out/soong/.intermediates/hardware/interfaces/graphics/common/aidl/android.hardware.graphics.common-V2-ndk_platform-source/gen/include/aidl/android/hardware/graphics/common/PlaneLayout.h
out/soong/.intermediates/hardware/interfaces/graphics/common/aidl/android.hardware.graphics.common-V2-ndk_platform-source/gen/include/aidl/android/hardware/graphics/common/PlaneLayoutComponent.h
out/soong/.intermediates/hardware/interfaces/graphics/common/aidl/android.hardware.graphics.common-V2-ndk_platform-source/gen/include/aidl/android/hardware/graphics/common/PlaneLayoutComponentType.h
out/soong/.intermediates/hardware/interfaces/graphics/common/aidl/android.hardware.graphics.common-V2-ndk_platform-source/gen/include/aidl/android/hardware/graphics/common/Rect.h
out/soong/.intermediates/hardware/interfaces/graphics/common/aidl/android.hardware.graphics.common-V2-ndk_platform-source/gen/include/aidl/android/hardware/graphics/common/Smpte2086.h
out/soong/.intermediates/hardware/interfaces/graphics/common/aidl/android.hardware.graphics.common-V2-ndk_platform-source/gen/include/aidl/android/hardware/graphics/common/StandardMetadataType.h
out/soong/.intermediates/hardware/interfaces/graphics/common/aidl/android.hardware.graphics.common-V2-ndk_platform-source/gen/include/aidl/android/hardware/graphics/common/XyColor.h