out/soong/.intermediates/hardware/interfaces/gnss/1.0/android.hardware.gnss@1.0_genc++_headers/gen/android/hardware/gnss/1.0/BnHwAGnss.h
out/soong/.intermediates/hardware/interfaces/gnss/1.0/android.hardware.gnss@1.0_genc++_headers/gen/android/hardware/gnss/1.0/BnHwAGnssCallback.h
out/soong/.intermediates/hardware/interfaces/gnss/1.0/android.hardware.gnss@1.0_genc++_headers/gen/android/hardware/gnss/1.0/BnHwAGnssRil.h
out/soong/.intermediates/hardware/interfaces/gnss/1.0/android.hardware.gnss@1.0_genc++_headers/gen/android/hardware/gnss/1.0/BnHwAGnssRilCallback.h
out/soong/.intermediates/hardware/interfaces/gnss/1.0/android.hardware.gnss@1.0_genc++_headers/gen/android/hardware/gnss/1.0/BnHwGnss.h
out/soong/.intermediates/hardware/interfaces/gnss/1.0/android.hardware.gnss@1.0_genc++_headers/gen/android/hardware/gnss/1.0/BnHwGnssBatching.h
out/soong/.intermediates/hardware/interfaces/gnss/1.0/android.hardware.gnss@1.0_genc++_headers/gen/android/hardware/gnss/1.0/BnHwGnssBatchingCallback.h
out/soong/.intermediates/hardware/interfaces/gnss/1.0/android.hardware.gnss@1.0_genc++_headers/gen/android/hardware/gnss/1.0/BnHwGnssCallback.h
out/soong/.intermediates/hardware/interfaces/gnss/1.0/android.hardware.gnss@1.0_genc++_headers/gen/android/hardware/gnss/1.0/BnHwGnssConfiguration.h
out/soong/.intermediates/hardware/interfaces/gnss/1.0/android.hardware.gnss@1.0_genc++_headers/gen/android/hardware/gnss/1.0/BnHwGnssDebug.h
out/soong/.intermediates/hardware/interfaces/gnss/1.0/android.hardware.gnss@1.0_genc++_headers/gen/android/hardware/gnss/1.0/BnHwGnssGeofenceCallback.h
out/soong/.intermediates/hardware/interfaces/gnss/1.0/android.hardware.gnss@1.0_genc++_headers/gen/android/hardware/gnss/1.0/BnHwGnssGeofencing.h
out/soong/.intermediates/hardware/interfaces/gnss/1.0/android.hardware.gnss@1.0_genc++_headers/gen/android/hardware/gnss/1.0/BnHwGnssMeasurement.h
out/soong/.intermediates/hardware/interfaces/gnss/1.0/android.hardware.gnss@1.0_genc++_headers/gen/android/hardware/gnss/1.0/BnHwGnssMeasurementCallback.h
out/soong/.intermediates/hardware/interfaces/gnss/1.0/android.hardware.gnss@1.0_genc++_headers/gen/android/hardware/gnss/1.0/BnHwGnssNavigationMessage.h
out/soong/.intermediates/hardware/interfaces/gnss/1.0/android.hardware.gnss@1.0_genc++_headers/gen/android/hardware/gnss/1.0/BnHwGnssNavigationMessageCallback.h
out/soong/.intermediates/hardware/interfaces/gnss/1.0/android.hardware.gnss@1.0_genc++_headers/gen/android/hardware/gnss/1.0/BnHwGnssNi.h
out/soong/.intermediates/hardware/interfaces/gnss/1.0/android.hardware.gnss@1.0_genc++_headers/gen/android/hardware/gnss/1.0/BnHwGnssNiCallback.h
out/soong/.intermediates/hardware/interfaces/gnss/1.0/android.hardware.gnss@1.0_genc++_headers/gen/android/hardware/gnss/1.0/BnHwGnssXtra.h
out/soong/.intermediates/hardware/interfaces/gnss/1.0/android.hardware.gnss@1.0_genc++_headers/gen/android/hardware/gnss/1.0/BnHwGnssXtraCallback.h
out/soong/.intermediates/hardware/interfaces/gnss/1.0/android.hardware.gnss@1.0_genc++_headers/gen/android/hardware/gnss/1.0/BpHwAGnss.h
out/soong/.intermediates/hardware/interfaces/gnss/1.0/android.hardware.gnss@1.0_genc++_headers/gen/android/hardware/gnss/1.0/BpHwAGnssCallback.h
out/soong/.intermediates/hardware/interfaces/gnss/1.0/android.hardware.gnss@1.0_genc++_headers/gen/android/hardware/gnss/1.0/BpHwAGnssRil.h
out/soong/.intermediates/hardware/interfaces/gnss/1.0/android.hardware.gnss@1.0_genc++_headers/gen/android/hardware/gnss/1.0/BpHwAGnssRilCallback.h
out/soong/.intermediates/hardware/interfaces/gnss/1.0/android.hardware.gnss@1.0_genc++_headers/gen/android/hardware/gnss/1.0/BpHwGnss.h
out/soong/.intermediates/hardware/interfaces/gnss/1.0/android.hardware.gnss@1.0_genc++_headers/gen/android/hardware/gnss/1.0/BpHwGnssBatching.h
out/soong/.intermediates/hardware/interfaces/gnss/1.0/android.hardware.gnss@1.0_genc++_headers/gen/android/hardware/gnss/1.0/BpHwGnssBatchingCallback.h
out/soong/.intermediates/hardware/interfaces/gnss/1.0/android.hardware.gnss@1.0_genc++_headers/gen/android/hardware/gnss/1.0/BpHwGnssCallback.h
out/soong/.intermediates/hardware/interfaces/gnss/1.0/android.hardware.gnss@1.0_genc++_headers/gen/android/hardware/gnss/1.0/BpHwGnssConfiguration.h
out/soong/.intermediates/hardware/interfaces/gnss/1.0/android.hardware.gnss@1.0_genc++_headers/gen/android/hardware/gnss/1.0/BpHwGnssDebug.h
out/soong/.intermediates/hardware/interfaces/gnss/1.0/android.hardware.gnss@1.0_genc++_headers/gen/android/hardware/gnss/1.0/BpHwGnssGeofenceCallback.h
out/soong/.intermediates/hardware/interfaces/gnss/1.0/android.hardware.gnss@1.0_genc++_headers/gen/android/hardware/gnss/1.0/BpHwGnssGeofencing.h
out/soong/.intermediates/hardware/interfaces/gnss/1.0/android.hardware.gnss@1.0_genc++_headers/gen/android/hardware/gnss/1.0/BpHwGnssMeasurement.h
out/soong/.intermediates/hardware/interfaces/gnss/1.0/android.hardware.gnss@1.0_genc++_headers/gen/android/hardware/gnss/1.0/BpHwGnssMeasurementCallback.h
out/soong/.intermediates/hardware/interfaces/gnss/1.0/android.hardware.gnss@1.0_genc++_headers/gen/android/hardware/gnss/1.0/BpHwGnssNavigationMessage.h
out/soong/.intermediates/hardware/interfaces/gnss/1.0/android.hardware.gnss@1.0_genc++_headers/gen/android/hardware/gnss/1.0/BpHwGnssNavigationMessageCallback.h
out/soong/.intermediates/hardware/interfaces/gnss/1.0/android.hardware.gnss@1.0_genc++_headers/gen/android/hardware/gnss/1.0/BpHwGnssNi.h
out/soong/.intermediates/hardware/interfaces/gnss/1.0/android.hardware.gnss@1.0_genc++_headers/gen/android/hardware/gnss/1.0/BpHwGnssNiCallback.h
out/soong/.intermediates/hardware/interfaces/gnss/1.0/android.hardware.gnss@1.0_genc++_headers/gen/android/hardware/gnss/1.0/BpHwGnssXtra.h
out/soong/.intermediates/hardware/interfaces/gnss/1.0/android.hardware.gnss@1.0_genc++_headers/gen/android/hardware/gnss/1.0/BpHwGnssXtraCallback.h
out/soong/.intermediates/hardware/interfaces/gnss/1.0/android.hardware.gnss@1.0_genc++_headers/gen/android/hardware/gnss/1.0/BsAGnss.h
out/soong/.intermediates/hardware/interfaces/gnss/1.0/android.hardware.gnss@1.0_genc++_headers/gen/android/hardware/gnss/1.0/BsAGnssCallback.h
out/soong/.intermediates/hardware/interfaces/gnss/1.0/android.hardware.gnss@1.0_genc++_headers/gen/android/hardware/gnss/1.0/BsAGnssRil.h
out/soong/.intermediates/hardware/interfaces/gnss/1.0/android.hardware.gnss@1.0_genc++_headers/gen/android/hardware/gnss/1.0/BsAGnssRilCallback.h
out/soong/.intermediates/hardware/interfaces/gnss/1.0/android.hardware.gnss@1.0_genc++_headers/gen/android/hardware/gnss/1.0/BsGnss.h
out/soong/.intermediates/hardware/interfaces/gnss/1.0/android.hardware.gnss@1.0_genc++_headers/gen/android/hardware/gnss/1.0/BsGnssBatching.h
out/soong/.intermediates/hardware/interfaces/gnss/1.0/android.hardware.gnss@1.0_genc++_headers/gen/android/hardware/gnss/1.0/BsGnssBatchingCallback.h
out/soong/.intermediates/hardware/interfaces/gnss/1.0/android.hardware.gnss@1.0_genc++_headers/gen/android/hardware/gnss/1.0/BsGnssCallback.h
out/soong/.intermediates/hardware/interfaces/gnss/1.0/android.hardware.gnss@1.0_genc++_headers/gen/android/hardware/gnss/1.0/BsGnssConfiguration.h
out/soong/.intermediates/hardware/interfaces/gnss/1.0/android.hardware.gnss@1.0_genc++_headers/gen/android/hardware/gnss/1.0/BsGnssDebug.h
out/soong/.intermediates/hardware/interfaces/gnss/1.0/android.hardware.gnss@1.0_genc++_headers/gen/android/hardware/gnss/1.0/BsGnssGeofenceCallback.h
out/soong/.intermediates/hardware/interfaces/gnss/1.0/android.hardware.gnss@1.0_genc++_headers/gen/android/hardware/gnss/1.0/BsGnssGeofencing.h
out/soong/.intermediates/hardware/interfaces/gnss/1.0/android.hardware.gnss@1.0_genc++_headers/gen/android/hardware/gnss/1.0/BsGnssMeasurement.h
out/soong/.intermediates/hardware/interfaces/gnss/1.0/android.hardware.gnss@1.0_genc++_headers/gen/android/hardware/gnss/1.0/BsGnssMeasurementCallback.h
out/soong/.intermediates/hardware/interfaces/gnss/1.0/android.hardware.gnss@1.0_genc++_headers/gen/android/hardware/gnss/1.0/BsGnssNavigationMessage.h
out/soong/.intermediates/hardware/interfaces/gnss/1.0/android.hardware.gnss@1.0_genc++_headers/gen/android/hardware/gnss/1.0/BsGnssNavigationMessageCallback.h
out/soong/.intermediates/hardware/interfaces/gnss/1.0/android.hardware.gnss@1.0_genc++_headers/gen/android/hardware/gnss/1.0/BsGnssNi.h
out/soong/.intermediates/hardware/interfaces/gnss/1.0/android.hardware.gnss@1.0_genc++_headers/gen/android/hardware/gnss/1.0/BsGnssNiCallback.h
out/soong/.intermediates/hardware/interfaces/gnss/1.0/android.hardware.gnss@1.0_genc++_headers/gen/android/hardware/gnss/1.0/BsGnssXtra.h
out/soong/.intermediates/hardware/interfaces/gnss/1.0/android.hardware.gnss@1.0_genc++_headers/gen/android/hardware/gnss/1.0/BsGnssXtraCallback.h
out/soong/.intermediates/hardware/interfaces/gnss/1.0/android.hardware.gnss@1.0_genc++_headers/gen/android/hardware/gnss/1.0/IAGnss.h
out/soong/.intermediates/hardware/interfaces/gnss/1.0/android.hardware.gnss@1.0_genc++_headers/gen/android/hardware/gnss/1.0/IAGnssCallback.h
out/soong/.intermediates/hardware/interfaces/gnss/1.0/android.hardware.gnss@1.0_genc++_headers/gen/android/hardware/gnss/1.0/IAGnssRil.h
out/soong/.intermediates/hardware/interfaces/gnss/1.0/android.hardware.gnss@1.0_genc++_headers/gen/android/hardware/gnss/1.0/IAGnssRilCallback.h
out/soong/.intermediates/hardware/interfaces/gnss/1.0/android.hardware.gnss@1.0_genc++_headers/gen/android/hardware/gnss/1.0/IGnss.h
out/soong/.intermediates/hardware/interfaces/gnss/1.0/android.hardware.gnss@1.0_genc++_headers/gen/android/hardware/gnss/1.0/IGnssBatching.h
out/soong/.intermediates/hardware/interfaces/gnss/1.0/android.hardware.gnss@1.0_genc++_headers/gen/android/hardware/gnss/1.0/IGnssBatchingCallback.h
out/soong/.intermediates/hardware/interfaces/gnss/1.0/android.hardware.gnss@1.0_genc++_headers/gen/android/hardware/gnss/1.0/IGnssCallback.h
out/soong/.intermediates/hardware/interfaces/gnss/1.0/android.hardware.gnss@1.0_genc++_headers/gen/android/hardware/gnss/1.0/IGnssConfiguration.h
out/soong/.intermediates/hardware/interfaces/gnss/1.0/android.hardware.gnss@1.0_genc++_headers/gen/android/hardware/gnss/1.0/IGnssDebug.h
out/soong/.intermediates/hardware/interfaces/gnss/1.0/android.hardware.gnss@1.0_genc++_headers/gen/android/hardware/gnss/1.0/IGnssGeofenceCallback.h
out/soong/.intermediates/hardware/interfaces/gnss/1.0/android.hardware.gnss@1.0_genc++_headers/gen/android/hardware/gnss/1.0/IGnssGeofencing.h
out/soong/.intermediates/hardware/interfaces/gnss/1.0/android.hardware.gnss@1.0_genc++_headers/gen/android/hardware/gnss/1.0/IGnssMeasurement.h
out/soong/.intermediates/hardware/interfaces/gnss/1.0/android.hardware.gnss@1.0_genc++_headers/gen/android/hardware/gnss/1.0/IGnssMeasurementCallback.h
out/soong/.intermediates/hardware/interfaces/gnss/1.0/android.hardware.gnss@1.0_genc++_headers/gen/android/hardware/gnss/1.0/IGnssNavigationMessage.h
out/soong/.intermediates/hardware/interfaces/gnss/1.0/android.hardware.gnss@1.0_genc++_headers/gen/android/hardware/gnss/1.0/IGnssNavigationMessageCallback.h
out/soong/.intermediates/hardware/interfaces/gnss/1.0/android.hardware.gnss@1.0_genc++_headers/gen/android/hardware/gnss/1.0/IGnssNi.h
out/soong/.intermediates/hardware/interfaces/gnss/1.0/android.hardware.gnss@1.0_genc++_headers/gen/android/hardware/gnss/1.0/IGnssNiCallback.h
out/soong/.intermediates/hardware/interfaces/gnss/1.0/android.hardware.gnss@1.0_genc++_headers/gen/android/hardware/gnss/1.0/IGnssXtra.h
out/soong/.intermediates/hardware/interfaces/gnss/1.0/android.hardware.gnss@1.0_genc++_headers/gen/android/hardware/gnss/1.0/IGnssXtraCallback.h
out/soong/.intermediates/hardware/interfaces/gnss/1.0/android.hardware.gnss@1.0_genc++_headers/gen/android/hardware/gnss/1.0/IHwAGnss.h
out/soong/.intermediates/hardware/interfaces/gnss/1.0/android.hardware.gnss@1.0_genc++_headers/gen/android/hardware/gnss/1.0/IHwAGnssCallback.h
out/soong/.intermediates/hardware/interfaces/gnss/1.0/android.hardware.gnss@1.0_genc++_headers/gen/android/hardware/gnss/1.0/IHwAGnssRil.h
out/soong/.intermediates/hardware/interfaces/gnss/1.0/android.hardware.gnss@1.0_genc++_headers/gen/android/hardware/gnss/1.0/IHwAGnssRilCallback.h
out/soong/.intermediates/hardware/interfaces/gnss/1.0/android.hardware.gnss@1.0_genc++_headers/gen/android/hardware/gnss/1.0/IHwGnss.h
out/soong/.intermediates/hardware/interfaces/gnss/1.0/android.hardware.gnss@1.0_genc++_headers/gen/android/hardware/gnss/1.0/IHwGnssBatching.h
out/soong/.intermediates/hardware/interfaces/gnss/1.0/android.hardware.gnss@1.0_genc++_headers/gen/android/hardware/gnss/1.0/IHwGnssBatchingCallback.h
out/soong/.intermediates/hardware/interfaces/gnss/1.0/android.hardware.gnss@1.0_genc++_headers/gen/android/hardware/gnss/1.0/IHwGnssCallback.h
out/soong/.intermediates/hardware/interfaces/gnss/1.0/android.hardware.gnss@1.0_genc++_headers/gen/android/hardware/gnss/1.0/IHwGnssConfiguration.h
out/soong/.intermediates/hardware/interfaces/gnss/1.0/android.hardware.gnss@1.0_genc++_headers/gen/android/hardware/gnss/1.0/IHwGnssDebug.h
out/soong/.intermediates/hardware/interfaces/gnss/1.0/android.hardware.gnss@1.0_genc++_headers/gen/android/hardware/gnss/1.0/IHwGnssGeofenceCallback.h
out/soong/.intermediates/hardware/interfaces/gnss/1.0/android.hardware.gnss@1.0_genc++_headers/gen/android/hardware/gnss/1.0/IHwGnssGeofencing.h
out/soong/.intermediates/hardware/interfaces/gnss/1.0/android.hardware.gnss@1.0_genc++_headers/gen/android/hardware/gnss/1.0/IHwGnssMeasurement.h
out/soong/.intermediates/hardware/interfaces/gnss/1.0/android.hardware.gnss@1.0_genc++_headers/gen/android/hardware/gnss/1.0/IHwGnssMeasurementCallback.h
out/soong/.intermediates/hardware/interfaces/gnss/1.0/android.hardware.gnss@1.0_genc++_headers/gen/android/hardware/gnss/1.0/IHwGnssNavigationMessage.h
out/soong/.intermediates/hardware/interfaces/gnss/1.0/android.hardware.gnss@1.0_genc++_headers/gen/android/hardware/gnss/1.0/IHwGnssNavigationMessageCallback.h
out/soong/.intermediates/hardware/interfaces/gnss/1.0/android.hardware.gnss@1.0_genc++_headers/gen/android/hardware/gnss/1.0/IHwGnssNi.h
out/soong/.intermediates/hardware/interfaces/gnss/1.0/android.hardware.gnss@1.0_genc++_headers/gen/android/hardware/gnss/1.0/IHwGnssNiCallback.h
out/soong/.intermediates/hardware/interfaces/gnss/1.0/android.hardware.gnss@1.0_genc++_headers/gen/android/hardware/gnss/1.0/IHwGnssXtra.h
out/soong/.intermediates/hardware/interfaces/gnss/1.0/android.hardware.gnss@1.0_genc++_headers/gen/android/hardware/gnss/1.0/IHwGnssXtraCallback.h
out/soong/.intermediates/hardware/interfaces/gnss/1.0/android.hardware.gnss@1.0_genc++_headers/gen/android/hardware/gnss/1.0/hwtypes.h
out/soong/.intermediates/hardware/interfaces/gnss/1.0/android.hardware.gnss@1.0_genc++_headers/gen/android/hardware/gnss/1.0/types.h