out/soong/.intermediates/hardware/interfaces/broadcastradio/1.0/android.hardware.broadcastradio@1.0_genc++_headers/gen/android/hardware/broadcastradio/1.0/BnHwBroadcastRadio.h
out/soong/.intermediates/hardware/interfaces/broadcastradio/1.0/android.hardware.broadcastradio@1.0_genc++_headers/gen/android/hardware/broadcastradio/1.0/BnHwBroadcastRadioFactory.h
out/soong/.intermediates/hardware/interfaces/broadcastradio/1.0/android.hardware.broadcastradio@1.0_genc++_headers/gen/android/hardware/broadcastradio/1.0/BnHwTuner.h
out/soong/.intermediates/hardware/interfaces/broadcastradio/1.0/android.hardware.broadcastradio@1.0_genc++_headers/gen/android/hardware/broadcastradio/1.0/BnHwTunerCallback.h
out/soong/.intermediates/hardware/interfaces/broadcastradio/1.0/android.hardware.broadcastradio@1.0_genc++_headers/gen/android/hardware/broadcastradio/1.0/BpHwBroadcastRadio.h
out/soong/.intermediates/hardware/interfaces/broadcastradio/1.0/android.hardware.broadcastradio@1.0_genc++_headers/gen/android/hardware/broadcastradio/1.0/BpHwBroadcastRadioFactory.h
out/soong/.intermediates/hardware/interfaces/broadcastradio/1.0/android.hardware.broadcastradio@1.0_genc++_headers/gen/android/hardware/broadcastradio/1.0/BpHwTuner.h
out/soong/.intermediates/hardware/interfaces/broadcastradio/1.0/android.hardware.broadcastradio@1.0_genc++_headers/gen/android/hardware/broadcastradio/1.0/BpHwTunerCallback.h
out/soong/.intermediates/hardware/interfaces/broadcastradio/1.0/android.hardware.broadcastradio@1.0_genc++_headers/gen/android/hardware/broadcastradio/1.0/BsBroadcastRadio.h
out/soong/.intermediates/hardware/interfaces/broadcastradio/1.0/android.hardware.broadcastradio@1.0_genc++_headers/gen/android/hardware/broadcastradio/1.0/BsBroadcastRadioFactory.h
out/soong/.intermediates/hardware/interfaces/broadcastradio/1.0/android.hardware.broadcastradio@1.0_genc++_headers/gen/android/hardware/broadcastradio/1.0/BsTuner.h
out/soong/.intermediates/hardware/interfaces/broadcastradio/1.0/android.hardware.broadcastradio@1.0_genc++_headers/gen/android/hardware/broadcastradio/1.0/BsTunerCallback.h
out/soong/.intermediates/hardware/interfaces/broadcastradio/1.0/android.hardware.broadcastradio@1.0_genc++_headers/gen/android/hardware/broadcastradio/1.0/IBroadcastRadio.h
out/soong/.intermediates/hardware/interfaces/broadcastradio/1.0/android.hardware.broadcastradio@1.0_genc++_headers/gen/android/hardware/broadcastradio/1.0/IBroadcastRadioFactory.h
out/soong/.intermediates/hardware/interfaces/broadcastradio/1.0/android.hardware.broadcastradio@1.0_genc++_headers/gen/android/hardware/broadcastradio/1.0/IHwBroadcastRadio.h
out/soong/.intermediates/hardware/interfaces/broadcastradio/1.0/android.hardware.broadcastradio@1.0_genc++_headers/gen/android/hardware/broadcastradio/1.0/IHwBroadcastRadioFactory.h
out/soong/.intermediates/hardware/interfaces/broadcastradio/1.0/android.hardware.broadcastradio@1.0_genc++_headers/gen/android/hardware/broadcastradio/1.0/IHwTuner.h
out/soong/.intermediates/hardware/interfaces/broadcastradio/1.0/android.hardware.broadcastradio@1.0_genc++_headers/gen/android/hardware/broadcastradio/1.0/IHwTunerCallback.h
out/soong/.intermediates/hardware/interfaces/broadcastradio/1.0/android.hardware.broadcastradio@1.0_genc++_headers/gen/android/hardware/broadcastradio/1.0/ITuner.h
out/soong/.intermediates/hardware/interfaces/broadcastradio/1.0/android.hardware.broadcastradio@1.0_genc++_headers/gen/android/hardware/broadcastradio/1.0/ITunerCallback.h
out/soong/.intermediates/hardware/interfaces/broadcastradio/1.0/android.hardware.broadcastradio@1.0_genc++_headers/gen/android/hardware/broadcastradio/1.0/hwtypes.h
out/soong/.intermediates/hardware/interfaces/broadcastradio/1.0/android.hardware.broadcastradio@1.0_genc++_headers/gen/android/hardware/broadcastradio/1.0/types.h