out/soong/.intermediates/hardware/interfaces/light/aidl/android.hardware.light-V1-cpp-source/gen/android/hardware/light/BrightnessMode.cpp
out/soong/.intermediates/hardware/interfaces/light/aidl/android.hardware.light-V1-cpp-source/gen/android/hardware/light/FlashMode.cpp
out/soong/.intermediates/hardware/interfaces/light/aidl/android.hardware.light-V1-cpp-source/gen/android/hardware/light/HwLight.cpp
out/soong/.intermediates/hardware/interfaces/light/aidl/android.hardware.light-V1-cpp-source/gen/android/hardware/light/HwLightState.cpp
out/soong/.intermediates/hardware/interfaces/light/aidl/android.hardware.light-V1-cpp-source/gen/android/hardware/light/ILights.cpp
out/soong/.intermediates/hardware/interfaces/light/aidl/android.hardware.light-V1-cpp-source/gen/android/hardware/light/LightType.cpp
out/soong/.intermediates/hardware/interfaces/light/aidl/android.hardware.light-V1-cpp-source/gen/include/android/hardware/light/BnBrightnessMode.h
out/soong/.intermediates/hardware/interfaces/light/aidl/android.hardware.light-V1-cpp-source/gen/include/android/hardware/light/BnFlashMode.h
out/soong/.intermediates/hardware/interfaces/light/aidl/android.hardware.light-V1-cpp-source/gen/include/android/hardware/light/BnHwLight.h
out/soong/.intermediates/hardware/interfaces/light/aidl/android.hardware.light-V1-cpp-source/gen/include/android/hardware/light/BnHwLightState.h
out/soong/.intermediates/hardware/interfaces/light/aidl/android.hardware.light-V1-cpp-source/gen/include/android/hardware/light/BnLightType.h
out/soong/.intermediates/hardware/interfaces/light/aidl/android.hardware.light-V1-cpp-source/gen/include/android/hardware/light/BnLights.h
out/soong/.intermediates/hardware/interfaces/light/aidl/android.hardware.light-V1-cpp-source/gen/include/android/hardware/light/BpBrightnessMode.h
out/soong/.intermediates/hardware/interfaces/light/aidl/android.hardware.light-V1-cpp-source/gen/include/android/hardware/light/BpFlashMode.h
out/soong/.intermediates/hardware/interfaces/light/aidl/android.hardware.light-V1-cpp-source/gen/include/android/hardware/light/BpHwLight.h
out/soong/.intermediates/hardware/interfaces/light/aidl/android.hardware.light-V1-cpp-source/gen/include/android/hardware/light/BpHwLightState.h
out/soong/.intermediates/hardware/interfaces/light/aidl/android.hardware.light-V1-cpp-source/gen/include/android/hardware/light/BpLightType.h
out/soong/.intermediates/hardware/interfaces/light/aidl/android.hardware.light-V1-cpp-source/gen/include/android/hardware/light/BpLights.h
out/soong/.intermediates/hardware/interfaces/light/aidl/android.hardware.light-V1-cpp-source/gen/include/android/hardware/light/BrightnessMode.h
out/soong/.intermediates/hardware/interfaces/light/aidl/android.hardware.light-V1-cpp-source/gen/include/android/hardware/light/FlashMode.h
out/soong/.intermediates/hardware/interfaces/light/aidl/android.hardware.light-V1-cpp-source/gen/include/android/hardware/light/HwLight.h
out/soong/.intermediates/hardware/interfaces/light/aidl/android.hardware.light-V1-cpp-source/gen/include/android/hardware/light/HwLightState.h
out/soong/.intermediates/hardware/interfaces/light/aidl/android.hardware.light-V1-cpp-source/gen/include/android/hardware/light/ILights.h
out/soong/.intermediates/hardware/interfaces/light/aidl/android.hardware.light-V1-cpp-source/gen/include/android/hardware/light/LightType.h