out/soong/ndk/sysroot/usr/include/android/asset_manager.h
out/soong/ndk/sysroot/usr/include/android/asset_manager_jni.h
out/soong/ndk/sysroot/usr/include/android/bitmap.h
out/soong/ndk/sysroot/usr/include/android/choreographer.h
out/soong/ndk/sysroot/usr/include/android/configuration.h
out/soong/ndk/sysroot/usr/include/android/font.h
out/soong/ndk/sysroot/usr/include/android/font_matcher.h
out/soong/ndk/sysroot/usr/include/android/hardware_buffer_jni.h
out/soong/ndk/sysroot/usr/include/android/imagedecoder.h
out/soong/ndk/sysroot/usr/include/android/input.h
out/soong/ndk/sysroot/usr/include/android/keycodes.h
out/soong/ndk/sysroot/usr/include/android/looper.h
out/soong/ndk/sysroot/usr/include/android/multinetwork.h
out/soong/ndk/sysroot/usr/include/android/native_activity.h
out/soong/ndk/sysroot/usr/include/android/native_window_jni.h
out/soong/ndk/sysroot/usr/include/android/obb.h
out/soong/ndk/sysroot/usr/include/android/permission_manager.h
out/soong/ndk/sysroot/usr/include/android/sensor.h
out/soong/ndk/sysroot/usr/include/android/sharedmem.h
out/soong/ndk/sysroot/usr/include/android/sharedmem_jni.h
out/soong/ndk/sysroot/usr/include/android/storage_manager.h
out/soong/ndk/sysroot/usr/include/android/surface_control.h
out/soong/ndk/sysroot/usr/include/android/surface_texture.h
out/soong/ndk/sysroot/usr/include/android/surface_texture_jni.h
out/soong/ndk/sysroot/usr/include/android/system_fonts.h
out/soong/ndk/sysroot/usr/include/android/thermal.h
out/soong/ndk/sysroot/usr/include/android/trace.h
out/soong/ndk/sysroot/usr/include/android/window.h