out/soong/.intermediates/frameworks/hardware/interfaces/sensorservice/1.0/android.frameworks.sensorservice@1.0_genc++_headers/gen/android/frameworks/sensorservice/1.0/BnHwDirectReportChannel.h
out/soong/.intermediates/frameworks/hardware/interfaces/sensorservice/1.0/android.frameworks.sensorservice@1.0_genc++_headers/gen/android/frameworks/sensorservice/1.0/BnHwEventQueue.h
out/soong/.intermediates/frameworks/hardware/interfaces/sensorservice/1.0/android.frameworks.sensorservice@1.0_genc++_headers/gen/android/frameworks/sensorservice/1.0/BnHwEventQueueCallback.h
out/soong/.intermediates/frameworks/hardware/interfaces/sensorservice/1.0/android.frameworks.sensorservice@1.0_genc++_headers/gen/android/frameworks/sensorservice/1.0/BnHwSensorManager.h
out/soong/.intermediates/frameworks/hardware/interfaces/sensorservice/1.0/android.frameworks.sensorservice@1.0_genc++_headers/gen/android/frameworks/sensorservice/1.0/BpHwDirectReportChannel.h
out/soong/.intermediates/frameworks/hardware/interfaces/sensorservice/1.0/android.frameworks.sensorservice@1.0_genc++_headers/gen/android/frameworks/sensorservice/1.0/BpHwEventQueue.h
out/soong/.intermediates/frameworks/hardware/interfaces/sensorservice/1.0/android.frameworks.sensorservice@1.0_genc++_headers/gen/android/frameworks/sensorservice/1.0/BpHwEventQueueCallback.h
out/soong/.intermediates/frameworks/hardware/interfaces/sensorservice/1.0/android.frameworks.sensorservice@1.0_genc++_headers/gen/android/frameworks/sensorservice/1.0/BpHwSensorManager.h
out/soong/.intermediates/frameworks/hardware/interfaces/sensorservice/1.0/android.frameworks.sensorservice@1.0_genc++_headers/gen/android/frameworks/sensorservice/1.0/BsDirectReportChannel.h
out/soong/.intermediates/frameworks/hardware/interfaces/sensorservice/1.0/android.frameworks.sensorservice@1.0_genc++_headers/gen/android/frameworks/sensorservice/1.0/BsEventQueue.h
out/soong/.intermediates/frameworks/hardware/interfaces/sensorservice/1.0/android.frameworks.sensorservice@1.0_genc++_headers/gen/android/frameworks/sensorservice/1.0/BsEventQueueCallback.h
out/soong/.intermediates/frameworks/hardware/interfaces/sensorservice/1.0/android.frameworks.sensorservice@1.0_genc++_headers/gen/android/frameworks/sensorservice/1.0/BsSensorManager.h
out/soong/.intermediates/frameworks/hardware/interfaces/sensorservice/1.0/android.frameworks.sensorservice@1.0_genc++_headers/gen/android/frameworks/sensorservice/1.0/IDirectReportChannel.h
out/soong/.intermediates/frameworks/hardware/interfaces/sensorservice/1.0/android.frameworks.sensorservice@1.0_genc++_headers/gen/android/frameworks/sensorservice/1.0/IEventQueue.h
out/soong/.intermediates/frameworks/hardware/interfaces/sensorservice/1.0/android.frameworks.sensorservice@1.0_genc++_headers/gen/android/frameworks/sensorservice/1.0/IEventQueueCallback.h
out/soong/.intermediates/frameworks/hardware/interfaces/sensorservice/1.0/android.frameworks.sensorservice@1.0_genc++_headers/gen/android/frameworks/sensorservice/1.0/IHwDirectReportChannel.h
out/soong/.intermediates/frameworks/hardware/interfaces/sensorservice/1.0/android.frameworks.sensorservice@1.0_genc++_headers/gen/android/frameworks/sensorservice/1.0/IHwEventQueue.h
out/soong/.intermediates/frameworks/hardware/interfaces/sensorservice/1.0/android.frameworks.sensorservice@1.0_genc++_headers/gen/android/frameworks/sensorservice/1.0/IHwEventQueueCallback.h
out/soong/.intermediates/frameworks/hardware/interfaces/sensorservice/1.0/android.frameworks.sensorservice@1.0_genc++_headers/gen/android/frameworks/sensorservice/1.0/IHwSensorManager.h
out/soong/.intermediates/frameworks/hardware/interfaces/sensorservice/1.0/android.frameworks.sensorservice@1.0_genc++_headers/gen/android/frameworks/sensorservice/1.0/ISensorManager.h
out/soong/.intermediates/frameworks/hardware/interfaces/sensorservice/1.0/android.frameworks.sensorservice@1.0_genc++_headers/gen/android/frameworks/sensorservice/1.0/hwtypes.h
out/soong/.intermediates/frameworks/hardware/interfaces/sensorservice/1.0/android.frameworks.sensorservice@1.0_genc++_headers/gen/android/frameworks/sensorservice/1.0/types.h