out/soong/vsoc_x86_64/dex_bootjars/boot.bprof
out/soong/vsoc_x86_64/dex_bootjars_input/core-icu4j.jar
out/soong/vsoc_x86_64/dex_bootjars_input/ims-common.jar
out/soong/vsoc_x86_64/dex_bootjars_input/telephony-common.jar
out/soong/vsoc_x86_64/dex_bootjars_input/voip-common.jar
out/soong/vsoc_x86_64/updatable_bootjars/android.net.ipsec.ike.jar
out/soong/vsoc_x86_64/updatable_bootjars/conscrypt.jar
out/soong/vsoc_x86_64/updatable_bootjars/framework-connectivity.jar
out/soong/vsoc_x86_64/updatable_bootjars/framework-mediaprovider.jar
out/soong/vsoc_x86_64/updatable_bootjars/framework-permission.jar
out/soong/vsoc_x86_64/updatable_bootjars/framework-permission-s.jar
out/soong/vsoc_x86_64/updatable_bootjars/framework-scheduling.jar
out/soong/vsoc_x86_64/updatable_bootjars/framework-sdkextensions.jar
out/soong/vsoc_x86_64/updatable_bootjars/framework-statsd.jar
out/soong/vsoc_x86_64/updatable_bootjars/framework-tethering.jar
out/soong/vsoc_x86_64/updatable_bootjars/framework-wifi.jar
out/soong/vsoc_x86_64/dex_bootjars/boot.prof
out/soong/vsoc_x86_64/dex_bootjars/android/system/framework/x86_64/boot-core-icu4j.art
out/soong/vsoc_x86_64/dex_bootjars/android/system/framework/x86_64/boot-core-icu4j.oat
out/soong/vsoc_x86_64/dex_bootjars/android/system/framework/x86_64/boot-core-icu4j.vdex
out/soong/vsoc_x86_64/dex_bootjars/android/system/framework/x86_64/boot-ext.art
out/soong/vsoc_x86_64/dex_bootjars/android/system/framework/x86_64/boot-ext.oat
out/soong/vsoc_x86_64/dex_bootjars/android/system/framework/x86_64/boot-ext.vdex
out/soong/vsoc_x86_64/dex_bootjars/android/system/framework/x86_64/boot-framework-graphics.art
out/soong/vsoc_x86_64/dex_bootjars/android/system/framework/x86_64/boot-framework-graphics.oat
out/soong/vsoc_x86_64/dex_bootjars/android/system/framework/x86_64/boot-framework-graphics.vdex
out/soong/vsoc_x86_64/dex_bootjars/android/system/framework/x86_64/boot-framework.art
out/soong/vsoc_x86_64/dex_bootjars/android/system/framework/x86_64/boot-framework.oat
out/soong/vsoc_x86_64/dex_bootjars/android/system/framework/x86_64/boot-framework.vdex
out/soong/vsoc_x86_64/dex_bootjars/android/system/framework/x86_64/boot-ims-common.art
out/soong/vsoc_x86_64/dex_bootjars/android/system/framework/x86_64/boot-ims-common.oat
out/soong/vsoc_x86_64/dex_bootjars/android/system/framework/x86_64/boot-ims-common.vdex
out/soong/vsoc_x86_64/dex_bootjars/android/system/framework/x86_64/boot-telephony-common.art
out/soong/vsoc_x86_64/dex_bootjars/android/system/framework/x86_64/boot-telephony-common.oat
out/soong/vsoc_x86_64/dex_bootjars/android/system/framework/x86_64/boot-telephony-common.vdex
out/soong/vsoc_x86_64/dex_bootjars/android/system/framework/x86_64/boot-voip-common.art
out/soong/vsoc_x86_64/dex_bootjars/android/system/framework/x86_64/boot-voip-common.oat
out/soong/vsoc_x86_64/dex_bootjars/android/system/framework/x86_64/boot-voip-common.vdex
out/soong/vsoc_x86_64/dex_bootjars_unstripped/android/system/framework/x86_64/boot-core-icu4j.oat
out/soong/vsoc_x86_64/dex_bootjars_unstripped/android/system/framework/x86_64/boot-ext.oat
out/soong/vsoc_x86_64/dex_bootjars_unstripped/android/system/framework/x86_64/boot-framework-graphics.oat
out/soong/vsoc_x86_64/dex_bootjars_unstripped/android/system/framework/x86_64/boot-framework.oat
out/soong/vsoc_x86_64/dex_bootjars_unstripped/android/system/framework/x86_64/boot-ims-common.oat
out/soong/vsoc_x86_64/dex_bootjars_unstripped/android/system/framework/x86_64/boot-telephony-common.oat
out/soong/vsoc_x86_64/dex_bootjars_unstripped/android/system/framework/x86_64/boot-voip-common.oat
out/soong/vsoc_x86_64/dex_bootjars/android/system/framework/x86/boot-core-icu4j.art
out/soong/vsoc_x86_64/dex_bootjars/android/system/framework/x86/boot-core-icu4j.oat
out/soong/vsoc_x86_64/dex_bootjars/android/system/framework/x86/boot-core-icu4j.vdex
out/soong/vsoc_x86_64/dex_bootjars/android/system/framework/x86/boot-ext.art
out/soong/vsoc_x86_64/dex_bootjars/android/system/framework/x86/boot-ext.oat
out/soong/vsoc_x86_64/dex_bootjars/android/system/framework/x86/boot-ext.vdex
out/soong/vsoc_x86_64/dex_bootjars/android/system/framework/x86/boot-framework-graphics.art
out/soong/vsoc_x86_64/dex_bootjars/android/system/framework/x86/boot-framework-graphics.oat
out/soong/vsoc_x86_64/dex_bootjars/android/system/framework/x86/boot-framework-graphics.vdex
out/soong/vsoc_x86_64/dex_bootjars/android/system/framework/x86/boot-framework.art
out/soong/vsoc_x86_64/dex_bootjars/android/system/framework/x86/boot-framework.oat
out/soong/vsoc_x86_64/dex_bootjars/android/system/framework/x86/boot-framework.vdex
out/soong/vsoc_x86_64/dex_bootjars/android/system/framework/x86/boot-ims-common.art
out/soong/vsoc_x86_64/dex_bootjars/android/system/framework/x86/boot-ims-common.oat
out/soong/vsoc_x86_64/dex_bootjars/android/system/framework/x86/boot-ims-common.vdex
out/soong/vsoc_x86_64/dex_bootjars/android/system/framework/x86/boot-telephony-common.art
out/soong/vsoc_x86_64/dex_bootjars/android/system/framework/x86/boot-telephony-common.oat
out/soong/vsoc_x86_64/dex_bootjars/android/system/framework/x86/boot-telephony-common.vdex
out/soong/vsoc_x86_64/dex_bootjars/android/system/framework/x86/boot-voip-common.art
out/soong/vsoc_x86_64/dex_bootjars/android/system/framework/x86/boot-voip-common.oat
out/soong/vsoc_x86_64/dex_bootjars/android/system/framework/x86/boot-voip-common.vdex
out/soong/vsoc_x86_64/dex_bootjars_unstripped/android/system/framework/x86/boot-core-icu4j.oat
out/soong/vsoc_x86_64/dex_bootjars_unstripped/android/system/framework/x86/boot-ext.oat
out/soong/vsoc_x86_64/dex_bootjars_unstripped/android/system/framework/x86/boot-framework-graphics.oat
out/soong/vsoc_x86_64/dex_bootjars_unstripped/android/system/framework/x86/boot-framework.oat
out/soong/vsoc_x86_64/dex_bootjars_unstripped/android/system/framework/x86/boot-ims-common.oat
out/soong/vsoc_x86_64/dex_bootjars_unstripped/android/system/framework/x86/boot-telephony-common.oat
out/soong/vsoc_x86_64/dex_bootjars_unstripped/android/system/framework/x86/boot-voip-common.oat
