out/soong/.intermediates/frameworks/native/libs/gui/libgui/android_vendor.31_x86_64_shared/gen/aidl/android/gui/BnDropInputMode.h
out/soong/.intermediates/frameworks/native/libs/gui/libgui/android_vendor.31_x86_64_shared/gen/aidl/android/gui/BpDropInputMode.h
out/soong/.intermediates/frameworks/native/libs/gui/libgui/android_vendor.31_x86_64_shared/gen/aidl/android/gui/DropInputMode.h
out/soong/.intermediates/frameworks/native/libs/gui/libgui/android_vendor.31_x86_64_shared/gen/aidl/android/os/BlockUntrustedTouchesMode.h
out/soong/.intermediates/frameworks/native/libs/gui/libgui/android_vendor.31_x86_64_shared/gen/aidl/android/os/BnBlockUntrustedTouchesMode.h
out/soong/.intermediates/frameworks/native/libs/gui/libgui/android_vendor.31_x86_64_shared/gen/aidl/android/os/BnInputConstants.h
out/soong/.intermediates/frameworks/native/libs/gui/libgui/android_vendor.31_x86_64_shared/gen/aidl/android/os/BnInputEventInjectionResult.h
out/soong/.intermediates/frameworks/native/libs/gui/libgui/android_vendor.31_x86_64_shared/gen/aidl/android/os/BnInputEventInjectionSync.h
out/soong/.intermediates/frameworks/native/libs/gui/libgui/android_vendor.31_x86_64_shared/gen/aidl/android/os/BnPersistableBundle.h
out/soong/.intermediates/frameworks/native/libs/gui/libgui/android_vendor.31_x86_64_shared/gen/aidl/android/os/BnTouchOcclusionMode.h
out/soong/.intermediates/frameworks/native/libs/gui/libgui/android_vendor.31_x86_64_shared/gen/aidl/android/os/BpBlockUntrustedTouchesMode.h
out/soong/.intermediates/frameworks/native/libs/gui/libgui/android_vendor.31_x86_64_shared/gen/aidl/android/os/BpInputConstants.h
out/soong/.intermediates/frameworks/native/libs/gui/libgui/android_vendor.31_x86_64_shared/gen/aidl/android/os/BpInputEventInjectionResult.h
out/soong/.intermediates/frameworks/native/libs/gui/libgui/android_vendor.31_x86_64_shared/gen/aidl/android/os/BpInputEventInjectionSync.h
out/soong/.intermediates/frameworks/native/libs/gui/libgui/android_vendor.31_x86_64_shared/gen/aidl/android/os/BpPersistableBundle.h
out/soong/.intermediates/frameworks/native/libs/gui/libgui/android_vendor.31_x86_64_shared/gen/aidl/android/os/BpTouchOcclusionMode.h
out/soong/.intermediates/frameworks/native/libs/gui/libgui/android_vendor.31_x86_64_shared/gen/aidl/android/os/IInputConstants.h
out/soong/.intermediates/frameworks/native/libs/gui/libgui/android_vendor.31_x86_64_shared/gen/aidl/android/os/InputEventInjectionResult.h
out/soong/.intermediates/frameworks/native/libs/gui/libgui/android_vendor.31_x86_64_shared/gen/aidl/android/os/InputEventInjectionSync.h
out/soong/.intermediates/frameworks/native/libs/gui/libgui/android_vendor.31_x86_64_shared/gen/aidl/android/os/PersistableBundle.h
out/soong/.intermediates/frameworks/native/libs/gui/libgui/android_vendor.31_x86_64_shared/gen/aidl/android/os/TouchOcclusionMode.h
out/soong/.intermediates/frameworks/native/libs/gui/libgui/android_vendor.31_x86_64_shared/gen/aidl/android/view/BnLayerMetadataKey.h
out/soong/.intermediates/frameworks/native/libs/gui/libgui/android_vendor.31_x86_64_shared/gen/aidl/android/view/BnSurface.h
out/soong/.intermediates/frameworks/native/libs/gui/libgui/android_vendor.31_x86_64_shared/gen/aidl/android/view/BpLayerMetadataKey.h
out/soong/.intermediates/frameworks/native/libs/gui/libgui/android_vendor.31_x86_64_shared/gen/aidl/android/view/BpSurface.h
out/soong/.intermediates/frameworks/native/libs/gui/libgui/android_vendor.31_x86_64_shared/gen/aidl/android/view/LayerMetadataKey.h
out/soong/.intermediates/frameworks/native/libs/gui/libgui/android_vendor.31_x86_64_shared/gen/aidl/android/view/Surface.h
out/soong/.intermediates/frameworks/native/libs/gui/libgui/android_vendor.31_x86_64_shared/libgui.so
out/soong/.intermediates/frameworks/native/libs/gui/libgui/android_vendor.31_x86_64_shared/libgui.so.toc