out/soong/.intermediates/packages/modules/DnsResolver/dnsresolver_aidl_interface-V7-cpp-source/gen/android/net/IDnsResolver.cpp
out/soong/.intermediates/packages/modules/DnsResolver/dnsresolver_aidl_interface-V7-cpp-source/gen/android/net/ResolverHostsParcel.cpp
out/soong/.intermediates/packages/modules/DnsResolver/dnsresolver_aidl_interface-V7-cpp-source/gen/android/net/ResolverOptionsParcel.cpp
out/soong/.intermediates/packages/modules/DnsResolver/dnsresolver_aidl_interface-V7-cpp-source/gen/android/net/ResolverParamsParcel.cpp
out/soong/.intermediates/packages/modules/DnsResolver/dnsresolver_aidl_interface-V7-cpp-source/gen/android/net/resolv/aidl/DnsHealthEventParcel.cpp
out/soong/.intermediates/packages/modules/DnsResolver/dnsresolver_aidl_interface-V7-cpp-source/gen/android/net/resolv/aidl/IDnsResolverUnsolicitedEventListener.cpp
out/soong/.intermediates/packages/modules/DnsResolver/dnsresolver_aidl_interface-V7-cpp-source/gen/android/net/resolv/aidl/Nat64PrefixEventParcel.cpp
out/soong/.intermediates/packages/modules/DnsResolver/dnsresolver_aidl_interface-V7-cpp-source/gen/android/net/resolv/aidl/PrivateDnsValidationEventParcel.cpp
out/soong/.intermediates/packages/modules/DnsResolver/dnsresolver_aidl_interface-V7-cpp-source/gen/include/android/net/BnDnsResolver.h
out/soong/.intermediates/packages/modules/DnsResolver/dnsresolver_aidl_interface-V7-cpp-source/gen/include/android/net/BnResolverHostsParcel.h
out/soong/.intermediates/packages/modules/DnsResolver/dnsresolver_aidl_interface-V7-cpp-source/gen/include/android/net/BnResolverOptionsParcel.h
out/soong/.intermediates/packages/modules/DnsResolver/dnsresolver_aidl_interface-V7-cpp-source/gen/include/android/net/BnResolverParamsParcel.h
out/soong/.intermediates/packages/modules/DnsResolver/dnsresolver_aidl_interface-V7-cpp-source/gen/include/android/net/BpDnsResolver.h
out/soong/.intermediates/packages/modules/DnsResolver/dnsresolver_aidl_interface-V7-cpp-source/gen/include/android/net/BpResolverHostsParcel.h
out/soong/.intermediates/packages/modules/DnsResolver/dnsresolver_aidl_interface-V7-cpp-source/gen/include/android/net/BpResolverOptionsParcel.h
out/soong/.intermediates/packages/modules/DnsResolver/dnsresolver_aidl_interface-V7-cpp-source/gen/include/android/net/BpResolverParamsParcel.h
out/soong/.intermediates/packages/modules/DnsResolver/dnsresolver_aidl_interface-V7-cpp-source/gen/include/android/net/IDnsResolver.h
out/soong/.intermediates/packages/modules/DnsResolver/dnsresolver_aidl_interface-V7-cpp-source/gen/include/android/net/ResolverHostsParcel.h
out/soong/.intermediates/packages/modules/DnsResolver/dnsresolver_aidl_interface-V7-cpp-source/gen/include/android/net/ResolverOptionsParcel.h
out/soong/.intermediates/packages/modules/DnsResolver/dnsresolver_aidl_interface-V7-cpp-source/gen/include/android/net/ResolverParamsParcel.h
out/soong/.intermediates/packages/modules/DnsResolver/dnsresolver_aidl_interface-V7-cpp-source/gen/include/android/net/resolv/aidl/BnDnsHealthEventParcel.h
out/soong/.intermediates/packages/modules/DnsResolver/dnsresolver_aidl_interface-V7-cpp-source/gen/include/android/net/resolv/aidl/BnDnsResolverUnsolicitedEventListener.h
out/soong/.intermediates/packages/modules/DnsResolver/dnsresolver_aidl_interface-V7-cpp-source/gen/include/android/net/resolv/aidl/BnNat64PrefixEventParcel.h
out/soong/.intermediates/packages/modules/DnsResolver/dnsresolver_aidl_interface-V7-cpp-source/gen/include/android/net/resolv/aidl/BnPrivateDnsValidationEventParcel.h
out/soong/.intermediates/packages/modules/DnsResolver/dnsresolver_aidl_interface-V7-cpp-source/gen/include/android/net/resolv/aidl/BpDnsHealthEventParcel.h
out/soong/.intermediates/packages/modules/DnsResolver/dnsresolver_aidl_interface-V7-cpp-source/gen/include/android/net/resolv/aidl/BpDnsResolverUnsolicitedEventListener.h
out/soong/.intermediates/packages/modules/DnsResolver/dnsresolver_aidl_interface-V7-cpp-source/gen/include/android/net/resolv/aidl/BpNat64PrefixEventParcel.h
out/soong/.intermediates/packages/modules/DnsResolver/dnsresolver_aidl_interface-V7-cpp-source/gen/include/android/net/resolv/aidl/BpPrivateDnsValidationEventParcel.h
out/soong/.intermediates/packages/modules/DnsResolver/dnsresolver_aidl_interface-V7-cpp-source/gen/include/android/net/resolv/aidl/DnsHealthEventParcel.h
out/soong/.intermediates/packages/modules/DnsResolver/dnsresolver_aidl_interface-V7-cpp-source/gen/include/android/net/resolv/aidl/IDnsResolverUnsolicitedEventListener.h
out/soong/.intermediates/packages/modules/DnsResolver/dnsresolver_aidl_interface-V7-cpp-source/gen/include/android/net/resolv/aidl/Nat64PrefixEventParcel.h
out/soong/.intermediates/packages/modules/DnsResolver/dnsresolver_aidl_interface-V7-cpp-source/gen/include/android/net/resolv/aidl/PrivateDnsValidationEventParcel.h