out/soong/.intermediates/system/security/keystore2/aidl/android.security.metrics-java-source/gen/android/security/metrics/Algorithm.java
out/soong/.intermediates/system/security/keystore2/aidl/android.security.metrics-java-source/gen/android/security/metrics/AtomID.java
out/soong/.intermediates/system/security/keystore2/aidl/android.security.metrics-java-source/gen/android/security/metrics/CrashStats.java
out/soong/.intermediates/system/security/keystore2/aidl/android.security.metrics-java-source/gen/android/security/metrics/EcCurve.java
out/soong/.intermediates/system/security/keystore2/aidl/android.security.metrics-java-source/gen/android/security/metrics/HardwareAuthenticatorType.java
out/soong/.intermediates/system/security/keystore2/aidl/android.security.metrics-java-source/gen/android/security/metrics/IKeystoreMetrics.java
out/soong/.intermediates/system/security/keystore2/aidl/android.security.metrics-java-source/gen/android/security/metrics/KeyCreationWithAuthInfo.java
out/soong/.intermediates/system/security/keystore2/aidl/android.security.metrics-java-source/gen/android/security/metrics/KeyCreationWithGeneralInfo.java
out/soong/.intermediates/system/security/keystore2/aidl/android.security.metrics-java-source/gen/android/security/metrics/KeyCreationWithPurposeAndModesInfo.java
out/soong/.intermediates/system/security/keystore2/aidl/android.security.metrics-java-source/gen/android/security/metrics/KeyOperationWithGeneralInfo.java
out/soong/.intermediates/system/security/keystore2/aidl/android.security.metrics-java-source/gen/android/security/metrics/KeyOperationWithPurposeAndModesInfo.java
out/soong/.intermediates/system/security/keystore2/aidl/android.security.metrics-java-source/gen/android/security/metrics/KeyOrigin.java
out/soong/.intermediates/system/security/keystore2/aidl/android.security.metrics-java-source/gen/android/security/metrics/Keystore2AtomWithOverflow.java
out/soong/.intermediates/system/security/keystore2/aidl/android.security.metrics-java-source/gen/android/security/metrics/KeystoreAtom.java
out/soong/.intermediates/system/security/keystore2/aidl/android.security.metrics-java-source/gen/android/security/metrics/KeystoreAtomPayload.java
out/soong/.intermediates/system/security/keystore2/aidl/android.security.metrics-java-source/gen/android/security/metrics/Outcome.java
out/soong/.intermediates/system/security/keystore2/aidl/android.security.metrics-java-source/gen/android/security/metrics/PoolStatus.java
out/soong/.intermediates/system/security/keystore2/aidl/android.security.metrics-java-source/gen/android/security/metrics/Purpose.java
out/soong/.intermediates/system/security/keystore2/aidl/android.security.metrics-java-source/gen/android/security/metrics/RkpError.java
out/soong/.intermediates/system/security/keystore2/aidl/android.security.metrics-java-source/gen/android/security/metrics/RkpErrorStats.java
out/soong/.intermediates/system/security/keystore2/aidl/android.security.metrics-java-source/gen/android/security/metrics/RkpPoolStats.java
out/soong/.intermediates/system/security/keystore2/aidl/android.security.metrics-java-source/gen/android/security/metrics/SecurityLevel.java
out/soong/.intermediates/system/security/keystore2/aidl/android.security.metrics-java-source/gen/android/security/metrics/Storage.java
out/soong/.intermediates/system/security/keystore2/aidl/android.security.metrics-java-source/gen/android/security/metrics/StorageStats.java