out/soong/.intermediates/bionic/libc/libc_pthread/android_vendor_ramdisk_x86_64_static/obj/bionic/libc/bionic/__cxa_thread_atexit_impl.o
out/soong/.intermediates/bionic/libc/libc_pthread/android_vendor_ramdisk_x86_64_static/obj/bionic/libc/bionic/android_unsafe_frame_pointer_chase.o
out/soong/.intermediates/bionic/libc/libc_pthread/android_vendor_ramdisk_x86_64_static/obj/bionic/libc/bionic/atexit.o
out/soong/.intermediates/bionic/libc/libc_pthread/android_vendor_ramdisk_x86_64_static/obj/bionic/libc/bionic/bionic_elf_tls.o
out/soong/.intermediates/bionic/libc/libc_pthread/android_vendor_ramdisk_x86_64_static/obj/bionic/libc/bionic/fork.o
out/soong/.intermediates/bionic/libc/libc_pthread/android_vendor_ramdisk_x86_64_static/obj/bionic/libc/bionic/pthread_atfork.o
out/soong/.intermediates/bionic/libc/libc_pthread/android_vendor_ramdisk_x86_64_static/obj/bionic/libc/bionic/pthread_attr.o
out/soong/.intermediates/bionic/libc/libc_pthread/android_vendor_ramdisk_x86_64_static/obj/bionic/libc/bionic/pthread_barrier.o
out/soong/.intermediates/bionic/libc/libc_pthread/android_vendor_ramdisk_x86_64_static/obj/bionic/libc/bionic/pthread_cond.o
out/soong/.intermediates/bionic/libc/libc_pthread/android_vendor_ramdisk_x86_64_static/obj/bionic/libc/bionic/pthread_create.o
out/soong/.intermediates/bionic/libc/libc_pthread/android_vendor_ramdisk_x86_64_static/obj/bionic/libc/bionic/pthread_detach.o
out/soong/.intermediates/bionic/libc/libc_pthread/android_vendor_ramdisk_x86_64_static/obj/bionic/libc/bionic/pthread_equal.o
out/soong/.intermediates/bionic/libc/libc_pthread/android_vendor_ramdisk_x86_64_static/obj/bionic/libc/bionic/pthread_exit.o
out/soong/.intermediates/bionic/libc/libc_pthread/android_vendor_ramdisk_x86_64_static/obj/bionic/libc/bionic/pthread_getcpuclockid.o
out/soong/.intermediates/bionic/libc/libc_pthread/android_vendor_ramdisk_x86_64_static/obj/bionic/libc/bionic/pthread_getschedparam.o
out/soong/.intermediates/bionic/libc/libc_pthread/android_vendor_ramdisk_x86_64_static/obj/bionic/libc/bionic/pthread_gettid_np.o
out/soong/.intermediates/bionic/libc/libc_pthread/android_vendor_ramdisk_x86_64_static/obj/bionic/libc/bionic/pthread_internal.o
out/soong/.intermediates/bionic/libc/libc_pthread/android_vendor_ramdisk_x86_64_static/obj/bionic/libc/bionic/pthread_join.o
out/soong/.intermediates/bionic/libc/libc_pthread/android_vendor_ramdisk_x86_64_static/obj/bionic/libc/bionic/pthread_key.o
out/soong/.intermediates/bionic/libc/libc_pthread/android_vendor_ramdisk_x86_64_static/obj/bionic/libc/bionic/pthread_kill.o
out/soong/.intermediates/bionic/libc/libc_pthread/android_vendor_ramdisk_x86_64_static/obj/bionic/libc/bionic/pthread_mutex.o
out/soong/.intermediates/bionic/libc/libc_pthread/android_vendor_ramdisk_x86_64_static/obj/bionic/libc/bionic/pthread_once.o
out/soong/.intermediates/bionic/libc/libc_pthread/android_vendor_ramdisk_x86_64_static/obj/bionic/libc/bionic/pthread_rwlock.o
out/soong/.intermediates/bionic/libc/libc_pthread/android_vendor_ramdisk_x86_64_static/obj/bionic/libc/bionic/pthread_self.o
out/soong/.intermediates/bionic/libc/libc_pthread/android_vendor_ramdisk_x86_64_static/obj/bionic/libc/bionic/pthread_setname_np.o
out/soong/.intermediates/bionic/libc/libc_pthread/android_vendor_ramdisk_x86_64_static/obj/bionic/libc/bionic/pthread_setschedparam.o
out/soong/.intermediates/bionic/libc/libc_pthread/android_vendor_ramdisk_x86_64_static/obj/bionic/libc/bionic/pthread_sigqueue.o
out/soong/.intermediates/bionic/libc/libc_pthread/android_vendor_ramdisk_x86_64_static/obj/bionic/libc/bionic/pthread_spinlock.o
out/soong/.intermediates/bionic/libc/libc_pthread/android_vendor_ramdisk_x86_64_static/obj/bionic/libc/bionic/sys_thread_properties.o