out/soong/.intermediates/bionic/libc/libc_openbsd_ndk/android_x86_64_static/obj/bionic/libc/upstream-openbsd/lib/libc/gen/alarm.o
out/soong/.intermediates/bionic/libc/libc_openbsd_ndk/android_x86_64_static/obj/bionic/libc/upstream-openbsd/lib/libc/gen/ctype_.o
out/soong/.intermediates/bionic/libc/libc_openbsd_ndk/android_x86_64_static/obj/bionic/libc/upstream-openbsd/lib/libc/gen/daemon.o
out/soong/.intermediates/bionic/libc/libc_openbsd_ndk/android_x86_64_static/obj/bionic/libc/upstream-openbsd/lib/libc/gen/err.o
out/soong/.intermediates/bionic/libc/libc_openbsd_ndk/android_x86_64_static/obj/bionic/libc/upstream-openbsd/lib/libc/gen/errx.o
out/soong/.intermediates/bionic/libc/libc_openbsd_ndk/android_x86_64_static/obj/bionic/libc/upstream-openbsd/lib/libc/gen/fnmatch.o
out/soong/.intermediates/bionic/libc/libc_openbsd_ndk/android_x86_64_static/obj/bionic/libc/upstream-openbsd/lib/libc/gen/ftok.o
out/soong/.intermediates/bionic/libc/libc_openbsd_ndk/android_x86_64_static/obj/bionic/libc/upstream-openbsd/lib/libc/gen/getprogname.o
out/soong/.intermediates/bionic/libc/libc_openbsd_ndk/android_x86_64_static/obj/bionic/libc/upstream-openbsd/lib/libc/gen/setprogname.o
out/soong/.intermediates/bionic/libc/libc_openbsd_ndk/android_x86_64_static/obj/bionic/libc/upstream-openbsd/lib/libc/gen/verr.o
out/soong/.intermediates/bionic/libc/libc_openbsd_ndk/android_x86_64_static/obj/bionic/libc/upstream-openbsd/lib/libc/gen/verrx.o
out/soong/.intermediates/bionic/libc/libc_openbsd_ndk/android_x86_64_static/obj/bionic/libc/upstream-openbsd/lib/libc/gen/vwarn.o
out/soong/.intermediates/bionic/libc/libc_openbsd_ndk/android_x86_64_static/obj/bionic/libc/upstream-openbsd/lib/libc/gen/vwarnx.o
out/soong/.intermediates/bionic/libc/libc_openbsd_ndk/android_x86_64_static/obj/bionic/libc/upstream-openbsd/lib/libc/gen/warn.o
out/soong/.intermediates/bionic/libc/libc_openbsd_ndk/android_x86_64_static/obj/bionic/libc/upstream-openbsd/lib/libc/gen/warnx.o
out/soong/.intermediates/bionic/libc/libc_openbsd_ndk/android_x86_64_static/obj/bionic/libc/upstream-openbsd/lib/libc/locale/btowc.o
out/soong/.intermediates/bionic/libc/libc_openbsd_ndk/android_x86_64_static/obj/bionic/libc/upstream-openbsd/lib/libc/locale/mbrlen.o
out/soong/.intermediates/bionic/libc/libc_openbsd_ndk/android_x86_64_static/obj/bionic/libc/upstream-openbsd/lib/libc/locale/mbstowcs.o
out/soong/.intermediates/bionic/libc/libc_openbsd_ndk/android_x86_64_static/obj/bionic/libc/upstream-openbsd/lib/libc/locale/mbtowc.o
out/soong/.intermediates/bionic/libc/libc_openbsd_ndk/android_x86_64_static/obj/bionic/libc/upstream-openbsd/lib/libc/locale/wcscoll.o
out/soong/.intermediates/bionic/libc/libc_openbsd_ndk/android_x86_64_static/obj/bionic/libc/upstream-openbsd/lib/libc/locale/wcstoimax.o
out/soong/.intermediates/bionic/libc/libc_openbsd_ndk/android_x86_64_static/obj/bionic/libc/upstream-openbsd/lib/libc/locale/wcstol.o
out/soong/.intermediates/bionic/libc/libc_openbsd_ndk/android_x86_64_static/obj/bionic/libc/upstream-openbsd/lib/libc/locale/wcstoll.o
out/soong/.intermediates/bionic/libc/libc_openbsd_ndk/android_x86_64_static/obj/bionic/libc/upstream-openbsd/lib/libc/locale/wcstombs.o
out/soong/.intermediates/bionic/libc/libc_openbsd_ndk/android_x86_64_static/obj/bionic/libc/upstream-openbsd/lib/libc/locale/wcstoul.o
out/soong/.intermediates/bionic/libc/libc_openbsd_ndk/android_x86_64_static/obj/bionic/libc/upstream-openbsd/lib/libc/locale/wcstoull.o
out/soong/.intermediates/bionic/libc/libc_openbsd_ndk/android_x86_64_static/obj/bionic/libc/upstream-openbsd/lib/libc/locale/wcstoumax.o
out/soong/.intermediates/bionic/libc/libc_openbsd_ndk/android_x86_64_static/obj/bionic/libc/upstream-openbsd/lib/libc/locale/wcsxfrm.o
out/soong/.intermediates/bionic/libc/libc_openbsd_ndk/android_x86_64_static/obj/bionic/libc/upstream-openbsd/lib/libc/locale/wctob.o
out/soong/.intermediates/bionic/libc/libc_openbsd_ndk/android_x86_64_static/obj/bionic/libc/upstream-openbsd/lib/libc/locale/wctomb.o
out/soong/.intermediates/bionic/libc/libc_openbsd_ndk/android_x86_64_static/obj/bionic/libc/upstream-openbsd/lib/libc/net/base64.o
out/soong/.intermediates/bionic/libc/libc_openbsd_ndk/android_x86_64_static/obj/bionic/libc/upstream-openbsd/lib/libc/net/htonl.o
out/soong/.intermediates/bionic/libc/libc_openbsd_ndk/android_x86_64_static/obj/bionic/libc/upstream-openbsd/lib/libc/net/htons.o
out/soong/.intermediates/bionic/libc/libc_openbsd_ndk/android_x86_64_static/obj/bionic/libc/upstream-openbsd/lib/libc/net/inet_lnaof.o
out/soong/.intermediates/bionic/libc/libc_openbsd_ndk/android_x86_64_static/obj/bionic/libc/upstream-openbsd/lib/libc/net/inet_makeaddr.o
out/soong/.intermediates/bionic/libc/libc_openbsd_ndk/android_x86_64_static/obj/bionic/libc/upstream-openbsd/lib/libc/net/inet_netof.o
out/soong/.intermediates/bionic/libc/libc_openbsd_ndk/android_x86_64_static/obj/bionic/libc/upstream-openbsd/lib/libc/net/inet_ntoa.o
out/soong/.intermediates/bionic/libc/libc_openbsd_ndk/android_x86_64_static/obj/bionic/libc/upstream-openbsd/lib/libc/net/inet_ntop.o
out/soong/.intermediates/bionic/libc/libc_openbsd_ndk/android_x86_64_static/obj/bionic/libc/upstream-openbsd/lib/libc/net/inet_pton.o
out/soong/.intermediates/bionic/libc/libc_openbsd_ndk/android_x86_64_static/obj/bionic/libc/upstream-openbsd/lib/libc/net/ntohl.o
out/soong/.intermediates/bionic/libc/libc_openbsd_ndk/android_x86_64_static/obj/bionic/libc/upstream-openbsd/lib/libc/net/ntohs.o
out/soong/.intermediates/bionic/libc/libc_openbsd_ndk/android_x86_64_static/obj/bionic/libc/upstream-openbsd/lib/libc/net/res_random.o
out/soong/.intermediates/bionic/libc/libc_openbsd_ndk/android_x86_64_static/obj/bionic/libc/upstream-openbsd/lib/libc/stdio/fgetln.o
out/soong/.intermediates/bionic/libc/libc_openbsd_ndk/android_x86_64_static/obj/bionic/libc/upstream-openbsd/lib/libc/stdio/fgetwc.o
out/soong/.intermediates/bionic/libc/libc_openbsd_ndk/android_x86_64_static/obj/bionic/libc/upstream-openbsd/lib/libc/stdio/fgetws.o
out/soong/.intermediates/bionic/libc/libc_openbsd_ndk/android_x86_64_static/obj/bionic/libc/upstream-openbsd/lib/libc/stdio/flags.o
out/soong/.intermediates/bionic/libc/libc_openbsd_ndk/android_x86_64_static/obj/bionic/libc/upstream-openbsd/lib/libc/stdio/fpurge.o
out/soong/.intermediates/bionic/libc/libc_openbsd_ndk/android_x86_64_static/obj/bionic/libc/upstream-openbsd/lib/libc/stdio/fputwc.o
out/soong/.intermediates/bionic/libc/libc_openbsd_ndk/android_x86_64_static/obj/bionic/libc/upstream-openbsd/lib/libc/stdio/fputws.o
out/soong/.intermediates/bionic/libc/libc_openbsd_ndk/android_x86_64_static/obj/bionic/libc/upstream-openbsd/lib/libc/stdio/fvwrite.o
out/soong/.intermediates/bionic/libc/libc_openbsd_ndk/android_x86_64_static/obj/bionic/libc/upstream-openbsd/lib/libc/stdio/fwide.o
out/soong/.intermediates/bionic/libc/libc_openbsd_ndk/android_x86_64_static/obj/bionic/libc/upstream-openbsd/lib/libc/stdio/getdelim.o
out/soong/.intermediates/bionic/libc/libc_openbsd_ndk/android_x86_64_static/obj/bionic/libc/upstream-openbsd/lib/libc/stdio/gets.o
out/soong/.intermediates/bionic/libc/libc_openbsd_ndk/android_x86_64_static/obj/bionic/libc/upstream-openbsd/lib/libc/stdio/makebuf.o
out/soong/.intermediates/bionic/libc/libc_openbsd_ndk/android_x86_64_static/obj/bionic/libc/upstream-openbsd/lib/libc/stdio/mktemp.o
out/soong/.intermediates/bionic/libc/libc_openbsd_ndk/android_x86_64_static/obj/bionic/libc/upstream-openbsd/lib/libc/stdio/open_memstream.o
out/soong/.intermediates/bionic/libc/libc_openbsd_ndk/android_x86_64_static/obj/bionic/libc/upstream-openbsd/lib/libc/stdio/open_wmemstream.o
out/soong/.intermediates/bionic/libc/libc_openbsd_ndk/android_x86_64_static/obj/bionic/libc/upstream-openbsd/lib/libc/stdio/rget.o
out/soong/.intermediates/bionic/libc/libc_openbsd_ndk/android_x86_64_static/obj/bionic/libc/upstream-openbsd/lib/libc/stdio/setvbuf.o
out/soong/.intermediates/bionic/libc/libc_openbsd_ndk/android_x86_64_static/obj/bionic/libc/upstream-openbsd/lib/libc/stdio/ungetc.o
out/soong/.intermediates/bionic/libc/libc_openbsd_ndk/android_x86_64_static/obj/bionic/libc/upstream-openbsd/lib/libc/stdio/ungetwc.o
out/soong/.intermediates/bionic/libc/libc_openbsd_ndk/android_x86_64_static/obj/bionic/libc/upstream-openbsd/lib/libc/stdio/vasprintf.o
out/soong/.intermediates/bionic/libc/libc_openbsd_ndk/android_x86_64_static/obj/bionic/libc/upstream-openbsd/lib/libc/stdio/vdprintf.o
out/soong/.intermediates/bionic/libc/libc_openbsd_ndk/android_x86_64_static/obj/bionic/libc/upstream-openbsd/lib/libc/stdio/vsscanf.o
out/soong/.intermediates/bionic/libc/libc_openbsd_ndk/android_x86_64_static/obj/bionic/libc/upstream-openbsd/lib/libc/stdio/vswprintf.o
out/soong/.intermediates/bionic/libc/libc_openbsd_ndk/android_x86_64_static/obj/bionic/libc/upstream-openbsd/lib/libc/stdio/vswscanf.o
out/soong/.intermediates/bionic/libc/libc_openbsd_ndk/android_x86_64_static/obj/bionic/libc/upstream-openbsd/lib/libc/stdio/wbuf.o
out/soong/.intermediates/bionic/libc/libc_openbsd_ndk/android_x86_64_static/obj/bionic/libc/upstream-openbsd/lib/libc/stdio/wsetup.o
out/soong/.intermediates/bionic/libc/libc_openbsd_ndk/android_x86_64_static/obj/bionic/libc/upstream-openbsd/lib/libc/stdlib/abs.o
out/soong/.intermediates/bionic/libc/libc_openbsd_ndk/android_x86_64_static/obj/bionic/libc/upstream-openbsd/lib/libc/stdlib/div.o
out/soong/.intermediates/bionic/libc/libc_openbsd_ndk/android_x86_64_static/obj/bionic/libc/upstream-openbsd/lib/libc/stdlib/getenv.o
out/soong/.intermediates/bionic/libc/libc_openbsd_ndk/android_x86_64_static/obj/bionic/libc/upstream-openbsd/lib/libc/stdlib/getsubopt.o
out/soong/.intermediates/bionic/libc/libc_openbsd_ndk/android_x86_64_static/obj/bionic/libc/upstream-openbsd/lib/libc/stdlib/imaxabs.o
out/soong/.intermediates/bionic/libc/libc_openbsd_ndk/android_x86_64_static/obj/bionic/libc/upstream-openbsd/lib/libc/stdlib/imaxdiv.o
out/soong/.intermediates/bionic/libc/libc_openbsd_ndk/android_x86_64_static/obj/bionic/libc/upstream-openbsd/lib/libc/stdlib/insque.o
out/soong/.intermediates/bionic/libc/libc_openbsd_ndk/android_x86_64_static/obj/bionic/libc/upstream-openbsd/lib/libc/stdlib/labs.o
out/soong/.intermediates/bionic/libc/libc_openbsd_ndk/android_x86_64_static/obj/bionic/libc/upstream-openbsd/lib/libc/stdlib/ldiv.o
out/soong/.intermediates/bionic/libc/libc_openbsd_ndk/android_x86_64_static/obj/bionic/libc/upstream-openbsd/lib/libc/stdlib/llabs.o
out/soong/.intermediates/bionic/libc/libc_openbsd_ndk/android_x86_64_static/obj/bionic/libc/upstream-openbsd/lib/libc/stdlib/lldiv.o
out/soong/.intermediates/bionic/libc/libc_openbsd_ndk/android_x86_64_static/obj/bionic/libc/upstream-openbsd/lib/libc/stdlib/lsearch.o
out/soong/.intermediates/bionic/libc/libc_openbsd_ndk/android_x86_64_static/obj/bionic/libc/upstream-openbsd/lib/libc/stdlib/recallocarray.o
out/soong/.intermediates/bionic/libc/libc_openbsd_ndk/android_x86_64_static/obj/bionic/libc/upstream-openbsd/lib/libc/stdlib/remque.o
out/soong/.intermediates/bionic/libc/libc_openbsd_ndk/android_x86_64_static/obj/bionic/libc/upstream-openbsd/lib/libc/stdlib/setenv.o
out/soong/.intermediates/bionic/libc/libc_openbsd_ndk/android_x86_64_static/obj/bionic/libc/upstream-openbsd/lib/libc/stdlib/tfind.o
out/soong/.intermediates/bionic/libc/libc_openbsd_ndk/android_x86_64_static/obj/bionic/libc/upstream-openbsd/lib/libc/stdlib/tsearch.o
out/soong/.intermediates/bionic/libc/libc_openbsd_ndk/android_x86_64_static/obj/bionic/libc/upstream-openbsd/lib/libc/string/memccpy.o
out/soong/.intermediates/bionic/libc/libc_openbsd_ndk/android_x86_64_static/obj/bionic/libc/upstream-openbsd/lib/libc/string/strcasecmp.o
out/soong/.intermediates/bionic/libc/libc_openbsd_ndk/android_x86_64_static/obj/bionic/libc/upstream-openbsd/lib/libc/string/strcasestr.o
out/soong/.intermediates/bionic/libc/libc_openbsd_ndk/android_x86_64_static/obj/bionic/libc/upstream-openbsd/lib/libc/string/strcoll.o
out/soong/.intermediates/bionic/libc/libc_openbsd_ndk/android_x86_64_static/obj/bionic/libc/upstream-openbsd/lib/libc/string/strcspn.o
out/soong/.intermediates/bionic/libc/libc_openbsd_ndk/android_x86_64_static/obj/bionic/libc/upstream-openbsd/lib/libc/string/strdup.o
out/soong/.intermediates/bionic/libc/libc_openbsd_ndk/android_x86_64_static/obj/bionic/libc/upstream-openbsd/lib/libc/string/strndup.o
out/soong/.intermediates/bionic/libc/libc_openbsd_ndk/android_x86_64_static/obj/bionic/libc/upstream-openbsd/lib/libc/string/strpbrk.o
out/soong/.intermediates/bionic/libc/libc_openbsd_ndk/android_x86_64_static/obj/bionic/libc/upstream-openbsd/lib/libc/string/strsep.o
out/soong/.intermediates/bionic/libc/libc_openbsd_ndk/android_x86_64_static/obj/bionic/libc/upstream-openbsd/lib/libc/string/strspn.o
out/soong/.intermediates/bionic/libc/libc_openbsd_ndk/android_x86_64_static/obj/bionic/libc/upstream-openbsd/lib/libc/string/strtok.o
out/soong/.intermediates/bionic/libc/libc_openbsd_ndk/android_x86_64_static/obj/bionic/libc/upstream-openbsd/lib/libc/string/strxfrm.o
out/soong/.intermediates/bionic/libc/libc_openbsd_ndk/android_x86_64_static/obj/bionic/libc/upstream-openbsd/lib/libc/string/wcslcpy.o
out/soong/.intermediates/bionic/libc/libc_openbsd_ndk/android_x86_64_static/obj/bionic/libc/upstream-openbsd/lib/libc/string/wcswidth.o