out/soong/.intermediates/bionic/libc/libc_bionic/android_native_bridge_arm_armv7-a-neon_static/obj/bionic/libc/arch-arm/bionic/__aeabi_read_tp.o
out/soong/.intermediates/bionic/libc/libc_bionic/android_native_bridge_arm_armv7-a-neon_static/obj/bionic/libc/arch-arm/bionic/__bionic_clone.o
out/soong/.intermediates/bionic/libc/libc_bionic/android_native_bridge_arm_armv7-a-neon_static/obj/bionic/libc/arch-arm/bionic/__restore.o
out/soong/.intermediates/bionic/libc/libc_bionic/android_native_bridge_arm_armv7-a-neon_static/obj/bionic/libc/arch-arm/bionic/_exit_with_stack_teardown.o
out/soong/.intermediates/bionic/libc/libc_bionic/android_native_bridge_arm_armv7-a-neon_static/obj/bionic/libc/arch-arm/bionic/atomics_arm.o
out/soong/.intermediates/bionic/libc/libc_bionic/android_native_bridge_arm_armv7-a-neon_static/obj/bionic/libc/arch-arm/bionic/bpabi.o
out/soong/.intermediates/bionic/libc/libc_bionic/android_native_bridge_arm_armv7-a-neon_static/obj/bionic/libc/arch-arm/bionic/libcrt_compat.o
out/soong/.intermediates/bionic/libc/libc_bionic/android_native_bridge_arm_armv7-a-neon_static/obj/bionic/libc/arch-arm/bionic/popcount_tab.o
out/soong/.intermediates/bionic/libc/libc_bionic/android_native_bridge_arm_armv7-a-neon_static/obj/bionic/libc/arch-arm/bionic/setjmp.o
out/soong/.intermediates/bionic/libc/libc_bionic/android_native_bridge_arm_armv7-a-neon_static/obj/bionic/libc/arch-arm/bionic/syscall.o
out/soong/.intermediates/bionic/libc/libc_bionic/android_native_bridge_arm_armv7-a-neon_static/obj/bionic/libc/arch-arm/bionic/vfork.o
out/soong/.intermediates/bionic/libc/libc_bionic/android_native_bridge_arm_armv7-a-neon_static/obj/bionic/libc/arch-arm/cortex-a15/bionic/memcpy.o
out/soong/.intermediates/bionic/libc/libc_bionic/android_native_bridge_arm_armv7-a-neon_static/obj/bionic/libc/arch-arm/cortex-a15/bionic/memmove.o
out/soong/.intermediates/bionic/libc/libc_bionic/android_native_bridge_arm_armv7-a-neon_static/obj/bionic/libc/arch-arm/cortex-a15/bionic/memset.o
out/soong/.intermediates/bionic/libc/libc_bionic/android_native_bridge_arm_armv7-a-neon_static/obj/bionic/libc/arch-arm/cortex-a15/bionic/stpcpy.o
out/soong/.intermediates/bionic/libc/libc_bionic/android_native_bridge_arm_armv7-a-neon_static/obj/bionic/libc/arch-arm/cortex-a15/bionic/strcat.o
out/soong/.intermediates/bionic/libc/libc_bionic/android_native_bridge_arm_armv7-a-neon_static/obj/bionic/libc/arch-arm/cortex-a15/bionic/strcmp.o
out/soong/.intermediates/bionic/libc/libc_bionic/android_native_bridge_arm_armv7-a-neon_static/obj/bionic/libc/arch-arm/cortex-a15/bionic/strcpy.o
out/soong/.intermediates/bionic/libc/libc_bionic/android_native_bridge_arm_armv7-a-neon_static/obj/bionic/libc/arch-arm/cortex-a15/bionic/strlen.o
out/soong/.intermediates/bionic/libc/libc_bionic/android_native_bridge_arm_armv7-a-neon_static/obj/bionic/libc/arch-arm/cortex-a53/bionic/memcpy.o
out/soong/.intermediates/bionic/libc/libc_bionic/android_native_bridge_arm_armv7-a-neon_static/obj/bionic/libc/arch-arm/cortex-a55/bionic/memcpy.o
out/soong/.intermediates/bionic/libc/libc_bionic/android_native_bridge_arm_armv7-a-neon_static/obj/bionic/libc/arch-arm/cortex-a7/bionic/memcpy.o
out/soong/.intermediates/bionic/libc/libc_bionic/android_native_bridge_arm_armv7-a-neon_static/obj/bionic/libc/arch-arm/cortex-a7/bionic/memset.o
out/soong/.intermediates/bionic/libc/libc_bionic/android_native_bridge_arm_armv7-a-neon_static/obj/bionic/libc/arch-arm/cortex-a9/bionic/memcpy.o
out/soong/.intermediates/bionic/libc/libc_bionic/android_native_bridge_arm_armv7-a-neon_static/obj/bionic/libc/arch-arm/cortex-a9/bionic/memset.o
out/soong/.intermediates/bionic/libc/libc_bionic/android_native_bridge_arm_armv7-a-neon_static/obj/bionic/libc/arch-arm/cortex-a9/bionic/stpcpy.o
out/soong/.intermediates/bionic/libc/libc_bionic/android_native_bridge_arm_armv7-a-neon_static/obj/bionic/libc/arch-arm/cortex-a9/bionic/strcat.o
out/soong/.intermediates/bionic/libc/libc_bionic/android_native_bridge_arm_armv7-a-neon_static/obj/bionic/libc/arch-arm/cortex-a9/bionic/strcpy.o
out/soong/.intermediates/bionic/libc/libc_bionic/android_native_bridge_arm_armv7-a-neon_static/obj/bionic/libc/arch-arm/cortex-a9/bionic/strlen.o
out/soong/.intermediates/bionic/libc/libc_bionic/android_native_bridge_arm_armv7-a-neon_static/obj/bionic/libc/arch-arm/generic/bionic/memcmp.o
out/soong/.intermediates/bionic/libc/libc_bionic/android_native_bridge_arm_armv7-a-neon_static/obj/bionic/libc/arch-arm/generic/bionic/memmove.o
out/soong/.intermediates/bionic/libc/libc_bionic/android_native_bridge_arm_armv7-a-neon_static/obj/bionic/libc/arch-arm/generic/bionic/memset.o
out/soong/.intermediates/bionic/libc/libc_bionic/android_native_bridge_arm_armv7-a-neon_static/obj/bionic/libc/arch-arm/generic/bionic/stpcpy.o
out/soong/.intermediates/bionic/libc/libc_bionic/android_native_bridge_arm_armv7-a-neon_static/obj/bionic/libc/arch-arm/generic/bionic/strcat.o
out/soong/.intermediates/bionic/libc/libc_bionic/android_native_bridge_arm_armv7-a-neon_static/obj/bionic/libc/arch-arm/generic/bionic/strcmp.o
out/soong/.intermediates/bionic/libc/libc_bionic/android_native_bridge_arm_armv7-a-neon_static/obj/bionic/libc/arch-arm/generic/bionic/strcpy.o
out/soong/.intermediates/bionic/libc/libc_bionic/android_native_bridge_arm_armv7-a-neon_static/obj/bionic/libc/arch-arm/generic/bionic/strlen.o
out/soong/.intermediates/bionic/libc/libc_bionic/android_native_bridge_arm_armv7-a-neon_static/obj/bionic/libc/arch-arm/krait/bionic/memcpy.o
out/soong/.intermediates/bionic/libc/libc_bionic/android_native_bridge_arm_armv7-a-neon_static/obj/bionic/libc/arch-arm/krait/bionic/memset.o
out/soong/.intermediates/bionic/libc/libc_bionic/android_native_bridge_arm_armv7-a-neon_static/obj/bionic/libc/arch-arm/kryo/bionic/memcpy.o
out/soong/.intermediates/bionic/libc/libc_bionic/android_native_bridge_arm_armv7-a-neon_static/obj/bionic/libc/bionic/android_set_abort_message.o
out/soong/.intermediates/bionic/libc/libc_bionic/android_native_bridge_arm_armv7-a-neon_static/obj/bionic/libc/bionic/setjmp_cookie.o
out/soong/.intermediates/bionic/libc/libc_bionic/android_native_bridge_arm_armv7-a-neon_static/obj/bionic/libc/bionic/strchr.o
out/soong/.intermediates/bionic/libc/libc_bionic/android_native_bridge_arm_armv7-a-neon_static/obj/bionic/libc/bionic/strchrnul.o
out/soong/.intermediates/bionic/libc/libc_bionic/android_native_bridge_arm_armv7-a-neon_static/obj/bionic/libc/bionic/strnlen.o
out/soong/.intermediates/bionic/libc/libc_bionic/android_native_bridge_arm_armv7-a-neon_static/obj/bionic/libc/bionic/strrchr.o
out/soong/.intermediates/bionic/libc/libc_bionic/android_native_bridge_arm_armv7-a-neon_static/obj/bionic/libc/bionic/sysconf.o
out/soong/.intermediates/bionic/libc/libc_bionic/android_native_bridge_arm_armv7-a-neon_static/obj/bionic/libc/bionic/vdso.o