out/soong/ndk/sysroot/usr/include/arm-linux-androideabi/asm/auxvec.h
out/soong/ndk/sysroot/usr/include/arm-linux-androideabi/asm/bitsperlong.h
out/soong/ndk/sysroot/usr/include/arm-linux-androideabi/asm/bpf_perf_event.h
out/soong/ndk/sysroot/usr/include/arm-linux-androideabi/asm/byteorder.h
out/soong/ndk/sysroot/usr/include/arm-linux-androideabi/asm/errno.h
out/soong/ndk/sysroot/usr/include/arm-linux-androideabi/asm/fcntl.h
out/soong/ndk/sysroot/usr/include/arm-linux-androideabi/asm/hwcap.h
out/soong/ndk/sysroot/usr/include/arm-linux-androideabi/asm/ioctl.h
out/soong/ndk/sysroot/usr/include/arm-linux-androideabi/asm/ioctls.h
out/soong/ndk/sysroot/usr/include/arm-linux-androideabi/asm/ipcbuf.h
out/soong/ndk/sysroot/usr/include/arm-linux-androideabi/asm/kvm_para.h
out/soong/ndk/sysroot/usr/include/arm-linux-androideabi/asm/mman.h
out/soong/ndk/sysroot/usr/include/arm-linux-androideabi/asm/msgbuf.h
out/soong/ndk/sysroot/usr/include/arm-linux-androideabi/asm/param.h
out/soong/ndk/sysroot/usr/include/arm-linux-androideabi/asm/perf_regs.h
out/soong/ndk/sysroot/usr/include/arm-linux-androideabi/asm/poll.h
out/soong/ndk/sysroot/usr/include/arm-linux-androideabi/asm/posix_types.h
out/soong/ndk/sysroot/usr/include/arm-linux-androideabi/asm/ptrace.h
out/soong/ndk/sysroot/usr/include/arm-linux-androideabi/asm/resource.h
out/soong/ndk/sysroot/usr/include/arm-linux-androideabi/asm/sembuf.h
out/soong/ndk/sysroot/usr/include/arm-linux-androideabi/asm/setup.h
out/soong/ndk/sysroot/usr/include/arm-linux-androideabi/asm/shmbuf.h
out/soong/ndk/sysroot/usr/include/arm-linux-androideabi/asm/sigcontext.h
out/soong/ndk/sysroot/usr/include/arm-linux-androideabi/asm/siginfo.h
out/soong/ndk/sysroot/usr/include/arm-linux-androideabi/asm/signal.h
out/soong/ndk/sysroot/usr/include/arm-linux-androideabi/asm/socket.h
out/soong/ndk/sysroot/usr/include/arm-linux-androideabi/asm/sockios.h
out/soong/ndk/sysroot/usr/include/arm-linux-androideabi/asm/stat.h
out/soong/ndk/sysroot/usr/include/arm-linux-androideabi/asm/statfs.h
out/soong/ndk/sysroot/usr/include/arm-linux-androideabi/asm/swab.h
out/soong/ndk/sysroot/usr/include/arm-linux-androideabi/asm/termbits.h
out/soong/ndk/sysroot/usr/include/arm-linux-androideabi/asm/termios.h
out/soong/ndk/sysroot/usr/include/arm-linux-androideabi/asm/types.h
out/soong/ndk/sysroot/usr/include/arm-linux-androideabi/asm/unistd-common.h
out/soong/ndk/sysroot/usr/include/arm-linux-androideabi/asm/unistd-eabi.h
out/soong/ndk/sysroot/usr/include/arm-linux-androideabi/asm/unistd-oabi.h
out/soong/ndk/sysroot/usr/include/arm-linux-androideabi/asm/unistd.h