out/soong/ndk/sysroot/usr/include/asm-generic/auxvec.h
out/soong/ndk/sysroot/usr/include/asm-generic/bitsperlong.h
out/soong/ndk/sysroot/usr/include/asm-generic/bpf_perf_event.h
out/soong/ndk/sysroot/usr/include/asm-generic/errno-base.h
out/soong/ndk/sysroot/usr/include/asm-generic/errno.h
out/soong/ndk/sysroot/usr/include/asm-generic/fcntl.h
out/soong/ndk/sysroot/usr/include/asm-generic/hugetlb_encode.h
out/soong/ndk/sysroot/usr/include/asm-generic/int-l64.h
out/soong/ndk/sysroot/usr/include/asm-generic/int-ll64.h
out/soong/ndk/sysroot/usr/include/asm-generic/ioctl.h
out/soong/ndk/sysroot/usr/include/asm-generic/ioctls.h
out/soong/ndk/sysroot/usr/include/asm-generic/ipcbuf.h
out/soong/ndk/sysroot/usr/include/asm-generic/kvm_para.h
out/soong/ndk/sysroot/usr/include/asm-generic/mman-common.h
out/soong/ndk/sysroot/usr/include/asm-generic/mman.h
out/soong/ndk/sysroot/usr/include/asm-generic/msgbuf.h
out/soong/ndk/sysroot/usr/include/asm-generic/param.h
out/soong/ndk/sysroot/usr/include/asm-generic/poll.h
out/soong/ndk/sysroot/usr/include/asm-generic/posix_types.h
out/soong/ndk/sysroot/usr/include/asm-generic/resource.h
out/soong/ndk/sysroot/usr/include/asm-generic/sembuf.h
out/soong/ndk/sysroot/usr/include/asm-generic/setup.h
out/soong/ndk/sysroot/usr/include/asm-generic/shmbuf.h
out/soong/ndk/sysroot/usr/include/asm-generic/siginfo.h
out/soong/ndk/sysroot/usr/include/asm-generic/signal-defs.h
out/soong/ndk/sysroot/usr/include/asm-generic/signal.h
out/soong/ndk/sysroot/usr/include/asm-generic/socket.h
out/soong/ndk/sysroot/usr/include/asm-generic/sockios.h
out/soong/ndk/sysroot/usr/include/asm-generic/stat.h
out/soong/ndk/sysroot/usr/include/asm-generic/statfs.h
out/soong/ndk/sysroot/usr/include/asm-generic/swab.h
out/soong/ndk/sysroot/usr/include/asm-generic/termbits.h
out/soong/ndk/sysroot/usr/include/asm-generic/termios.h
out/soong/ndk/sysroot/usr/include/asm-generic/types.h
out/soong/ndk/sysroot/usr/include/asm-generic/ucontext.h
out/soong/ndk/sysroot/usr/include/asm-generic/unistd.h
out/soong/ndk/sysroot/usr/include/drm/amdgpu_drm.h
out/soong/ndk/sysroot/usr/include/drm/armada_drm.h
out/soong/ndk/sysroot/usr/include/drm/drm.h
out/soong/ndk/sysroot/usr/include/drm/drm_fourcc.h
out/soong/ndk/sysroot/usr/include/drm/drm_mode.h
out/soong/ndk/sysroot/usr/include/drm/drm_sarea.h
out/soong/ndk/sysroot/usr/include/drm/etnaviv_drm.h
out/soong/ndk/sysroot/usr/include/drm/exynos_drm.h
out/soong/ndk/sysroot/usr/include/drm/i810_drm.h
out/soong/ndk/sysroot/usr/include/drm/i915_drm.h
out/soong/ndk/sysroot/usr/include/drm/lima_drm.h
out/soong/ndk/sysroot/usr/include/drm/mga_drm.h
out/soong/ndk/sysroot/usr/include/drm/msm_drm.h
out/soong/ndk/sysroot/usr/include/drm/nouveau_drm.h
out/soong/ndk/sysroot/usr/include/drm/omap_drm.h
out/soong/ndk/sysroot/usr/include/drm/panfrost_drm.h
out/soong/ndk/sysroot/usr/include/drm/qxl_drm.h
out/soong/ndk/sysroot/usr/include/drm/r128_drm.h
out/soong/ndk/sysroot/usr/include/drm/radeon_drm.h
out/soong/ndk/sysroot/usr/include/drm/savage_drm.h
out/soong/ndk/sysroot/usr/include/drm/sis_drm.h
out/soong/ndk/sysroot/usr/include/drm/tegra_drm.h
out/soong/ndk/sysroot/usr/include/drm/v3d_drm.h
out/soong/ndk/sysroot/usr/include/drm/vc4_drm.h
out/soong/ndk/sysroot/usr/include/drm/vgem_drm.h
out/soong/ndk/sysroot/usr/include/drm/via_drm.h
out/soong/ndk/sysroot/usr/include/drm/virtgpu_drm.h
out/soong/ndk/sysroot/usr/include/drm/vmwgfx_drm.h
out/soong/ndk/sysroot/usr/include/linux/a.out.h
out/soong/ndk/sysroot/usr/include/linux/acct.h
out/soong/ndk/sysroot/usr/include/linux/acrn.h
out/soong/ndk/sysroot/usr/include/linux/adb.h
out/soong/ndk/sysroot/usr/include/linux/adfs_fs.h
out/soong/ndk/sysroot/usr/include/linux/affs_hardblocks.h
out/soong/ndk/sysroot/usr/include/linux/agpgart.h
out/soong/ndk/sysroot/usr/include/linux/aio_abi.h
out/soong/ndk/sysroot/usr/include/linux/am437x-vpfe.h
out/soong/ndk/sysroot/usr/include/linux/android/binder.h
out/soong/ndk/sysroot/usr/include/linux/android/binderfs.h
out/soong/ndk/sysroot/usr/include/linux/apm_bios.h
out/soong/ndk/sysroot/usr/include/linux/arcfb.h
out/soong/ndk/sysroot/usr/include/linux/arm_sdei.h
out/soong/ndk/sysroot/usr/include/linux/ashmem.h
out/soong/ndk/sysroot/usr/include/linux/aspeed-lpc-ctrl.h
out/soong/ndk/sysroot/usr/include/linux/aspeed-p2a-ctrl.h
out/soong/ndk/sysroot/usr/include/linux/atalk.h
out/soong/ndk/sysroot/usr/include/linux/atm.h
out/soong/ndk/sysroot/usr/include/linux/atm_eni.h
out/soong/ndk/sysroot/usr/include/linux/atm_he.h
out/soong/ndk/sysroot/usr/include/linux/atm_idt77105.h
out/soong/ndk/sysroot/usr/include/linux/atm_nicstar.h
out/soong/ndk/sysroot/usr/include/linux/atm_tcp.h
out/soong/ndk/sysroot/usr/include/linux/atm_zatm.h
out/soong/ndk/sysroot/usr/include/linux/atmapi.h
out/soong/ndk/sysroot/usr/include/linux/atmarp.h
out/soong/ndk/sysroot/usr/include/linux/atmbr2684.h
out/soong/ndk/sysroot/usr/include/linux/atmclip.h
out/soong/ndk/sysroot/usr/include/linux/atmdev.h
out/soong/ndk/sysroot/usr/include/linux/atmioc.h
out/soong/ndk/sysroot/usr/include/linux/atmlec.h
out/soong/ndk/sysroot/usr/include/linux/atmmpc.h
out/soong/ndk/sysroot/usr/include/linux/atmppp.h
out/soong/ndk/sysroot/usr/include/linux/atmsap.h
out/soong/ndk/sysroot/usr/include/linux/atmsvc.h
out/soong/ndk/sysroot/usr/include/linux/audit.h
out/soong/ndk/sysroot/usr/include/linux/auto_dev-ioctl.h
out/soong/ndk/sysroot/usr/include/linux/auto_fs.h
out/soong/ndk/sysroot/usr/include/linux/auto_fs4.h
out/soong/ndk/sysroot/usr/include/linux/auxvec.h
out/soong/ndk/sysroot/usr/include/linux/ax25.h
out/soong/ndk/sysroot/usr/include/linux/batadv_packet.h
out/soong/ndk/sysroot/usr/include/linux/batman_adv.h
out/soong/ndk/sysroot/usr/include/linux/baycom.h
out/soong/ndk/sysroot/usr/include/linux/bcache.h
out/soong/ndk/sysroot/usr/include/linux/bcm933xx_hcs.h
out/soong/ndk/sysroot/usr/include/linux/bfs_fs.h
out/soong/ndk/sysroot/usr/include/linux/binfmts.h
out/soong/ndk/sysroot/usr/include/linux/blkpg.h
out/soong/ndk/sysroot/usr/include/linux/blktrace_api.h
out/soong/ndk/sysroot/usr/include/linux/blkzoned.h
out/soong/ndk/sysroot/usr/include/linux/bpf.h
out/soong/ndk/sysroot/usr/include/linux/bpf_common.h
out/soong/ndk/sysroot/usr/include/linux/bpf_perf_event.h
out/soong/ndk/sysroot/usr/include/linux/bpfilter.h
out/soong/ndk/sysroot/usr/include/linux/bpqether.h
out/soong/ndk/sysroot/usr/include/linux/bsg.h
out/soong/ndk/sysroot/usr/include/linux/bt-bmc.h
out/soong/ndk/sysroot/usr/include/linux/btf.h
out/soong/ndk/sysroot/usr/include/linux/btrfs.h
out/soong/ndk/sysroot/usr/include/linux/btrfs_tree.h
out/soong/ndk/sysroot/usr/include/linux/byteorder/big_endian.h
out/soong/ndk/sysroot/usr/include/linux/byteorder/little_endian.h
out/soong/ndk/sysroot/usr/include/linux/caif/caif_socket.h
out/soong/ndk/sysroot/usr/include/linux/caif/if_caif.h
out/soong/ndk/sysroot/usr/include/linux/can.h
out/soong/ndk/sysroot/usr/include/linux/can/bcm.h
out/soong/ndk/sysroot/usr/include/linux/can/error.h
out/soong/ndk/sysroot/usr/include/linux/can/gw.h
out/soong/ndk/sysroot/usr/include/linux/can/isotp.h
out/soong/ndk/sysroot/usr/include/linux/can/j1939.h
out/soong/ndk/sysroot/usr/include/linux/can/netlink.h
out/soong/ndk/sysroot/usr/include/linux/can/raw.h
out/soong/ndk/sysroot/usr/include/linux/can/vxcan.h
out/soong/ndk/sysroot/usr/include/linux/capability.h
out/soong/ndk/sysroot/usr/include/linux/capi.h
out/soong/ndk/sysroot/usr/include/linux/cciss_defs.h
out/soong/ndk/sysroot/usr/include/linux/cciss_ioctl.h
out/soong/ndk/sysroot/usr/include/linux/ccs.h
out/soong/ndk/sysroot/usr/include/linux/cdrom.h
out/soong/ndk/sysroot/usr/include/linux/cec-funcs.h
out/soong/ndk/sysroot/usr/include/linux/cec.h
out/soong/ndk/sysroot/usr/include/linux/cfm_bridge.h
out/soong/ndk/sysroot/usr/include/linux/cgroupstats.h
out/soong/ndk/sysroot/usr/include/linux/chio.h
out/soong/ndk/sysroot/usr/include/linux/cifs/cifs_mount.h
out/soong/ndk/sysroot/usr/include/linux/cifs/cifs_netlink.h
out/soong/ndk/sysroot/usr/include/linux/close_range.h
out/soong/ndk/sysroot/usr/include/linux/cm4000_cs.h
out/soong/ndk/sysroot/usr/include/linux/cn_proc.h
out/soong/ndk/sysroot/usr/include/linux/coda.h
out/soong/ndk/sysroot/usr/include/linux/coff.h
out/soong/ndk/sysroot/usr/include/linux/connector.h
out/soong/ndk/sysroot/usr/include/linux/const.h
out/soong/ndk/sysroot/usr/include/linux/coresight-stm.h
out/soong/ndk/sysroot/usr/include/linux/cramfs_fs.h
out/soong/ndk/sysroot/usr/include/linux/cryptouser.h
out/soong/ndk/sysroot/usr/include/linux/cuda.h
out/soong/ndk/sysroot/usr/include/linux/cxl_mem.h
out/soong/ndk/sysroot/usr/include/linux/cyclades.h
out/soong/ndk/sysroot/usr/include/linux/cycx_cfm.h
out/soong/ndk/sysroot/usr/include/linux/dcbnl.h
out/soong/ndk/sysroot/usr/include/linux/dccp.h
out/soong/ndk/sysroot/usr/include/linux/devlink.h
out/soong/ndk/sysroot/usr/include/linux/dlm.h
out/soong/ndk/sysroot/usr/include/linux/dlm_device.h
out/soong/ndk/sysroot/usr/include/linux/dlm_netlink.h
out/soong/ndk/sysroot/usr/include/linux/dlm_plock.h
out/soong/ndk/sysroot/usr/include/linux/dlmconstants.h
out/soong/ndk/sysroot/usr/include/linux/dm-ioctl.h
out/soong/ndk/sysroot/usr/include/linux/dm-log-userspace.h
out/soong/ndk/sysroot/usr/include/linux/dm-user.h
out/soong/ndk/sysroot/usr/include/linux/dma-buf.h
out/soong/ndk/sysroot/usr/include/linux/dma-heap.h
out/soong/ndk/sysroot/usr/include/linux/dn.h
out/soong/ndk/sysroot/usr/include/linux/dns_resolver.h
out/soong/ndk/sysroot/usr/include/linux/dqblk_xfs.h
out/soong/ndk/sysroot/usr/include/linux/dvb/audio.h
out/soong/ndk/sysroot/usr/include/linux/dvb/ca.h
out/soong/ndk/sysroot/usr/include/linux/dvb/dmx.h
out/soong/ndk/sysroot/usr/include/linux/dvb/frontend.h
out/soong/ndk/sysroot/usr/include/linux/dvb/net.h
out/soong/ndk/sysroot/usr/include/linux/dvb/osd.h
out/soong/ndk/sysroot/usr/include/linux/dvb/version.h
out/soong/ndk/sysroot/usr/include/linux/dvb/video.h
out/soong/ndk/sysroot/usr/include/linux/edd.h
out/soong/ndk/sysroot/usr/include/linux/efs_fs_sb.h
out/soong/ndk/sysroot/usr/include/linux/elf-em.h
out/soong/ndk/sysroot/usr/include/linux/elf-fdpic.h
out/soong/ndk/sysroot/usr/include/linux/elf.h
out/soong/ndk/sysroot/usr/include/linux/errno.h
out/soong/ndk/sysroot/usr/include/linux/errqueue.h
out/soong/ndk/sysroot/usr/include/linux/erspan.h
out/soong/ndk/sysroot/usr/include/linux/ethtool.h
out/soong/ndk/sysroot/usr/include/linux/ethtool_netlink.h
out/soong/ndk/sysroot/usr/include/linux/eventpoll.h
out/soong/ndk/sysroot/usr/include/linux/f2fs.h
out/soong/ndk/sysroot/usr/include/linux/fadvise.h
out/soong/ndk/sysroot/usr/include/linux/falloc.h
out/soong/ndk/sysroot/usr/include/linux/fanotify.h
out/soong/ndk/sysroot/usr/include/linux/fb.h
out/soong/ndk/sysroot/usr/include/linux/fcntl.h
out/soong/ndk/sysroot/usr/include/linux/fd.h
out/soong/ndk/sysroot/usr/include/linux/fdreg.h
out/soong/ndk/sysroot/usr/include/linux/fib_rules.h
out/soong/ndk/sysroot/usr/include/linux/fiemap.h
out/soong/ndk/sysroot/usr/include/linux/filter.h
out/soong/ndk/sysroot/usr/include/linux/firewire-cdev.h
out/soong/ndk/sysroot/usr/include/linux/firewire-constants.h
out/soong/ndk/sysroot/usr/include/linux/fou.h
out/soong/ndk/sysroot/usr/include/linux/fpga-dfl.h
out/soong/ndk/sysroot/usr/include/linux/fs.h
out/soong/ndk/sysroot/usr/include/linux/fscrypt.h
out/soong/ndk/sysroot/usr/include/linux/fsi.h
out/soong/ndk/sysroot/usr/include/linux/fsl_hypervisor.h
out/soong/ndk/sysroot/usr/include/linux/fsl_mc.h
out/soong/ndk/sysroot/usr/include/linux/fsmap.h
out/soong/ndk/sysroot/usr/include/linux/fsverity.h
out/soong/ndk/sysroot/usr/include/linux/fuse.h
out/soong/ndk/sysroot/usr/include/linux/futex.h
out/soong/ndk/sysroot/usr/include/linux/gameport.h
out/soong/ndk/sysroot/usr/include/linux/gen_stats.h
out/soong/ndk/sysroot/usr/include/linux/genetlink.h
out/soong/ndk/sysroot/usr/include/linux/genwqe/genwqe_card.h
out/soong/ndk/sysroot/usr/include/linux/gfs2_ondisk.h
out/soong/ndk/sysroot/usr/include/linux/gpio.h
out/soong/ndk/sysroot/usr/include/linux/gsmmux.h
out/soong/ndk/sysroot/usr/include/linux/gtp.h
out/soong/ndk/sysroot/usr/include/linux/hash_info.h
out/soong/ndk/sysroot/usr/include/linux/hdlc.h
out/soong/ndk/sysroot/usr/include/linux/hdlc/ioctl.h
out/soong/ndk/sysroot/usr/include/linux/hdlcdrv.h
out/soong/ndk/sysroot/usr/include/linux/hdreg.h
out/soong/ndk/sysroot/usr/include/linux/hid.h
out/soong/ndk/sysroot/usr/include/linux/hiddev.h
out/soong/ndk/sysroot/usr/include/linux/hidraw.h
out/soong/ndk/sysroot/usr/include/linux/hpet.h
out/soong/ndk/sysroot/usr/include/linux/hsi/cs-protocol.h
out/soong/ndk/sysroot/usr/include/linux/hsi/hsi_char.h
out/soong/ndk/sysroot/usr/include/linux/hsr_netlink.h
out/soong/ndk/sysroot/usr/include/linux/hw_breakpoint.h
out/soong/ndk/sysroot/usr/include/linux/hyperv.h
out/soong/ndk/sysroot/usr/include/linux/i2c-dev.h
out/soong/ndk/sysroot/usr/include/linux/i2c.h
out/soong/ndk/sysroot/usr/include/linux/i2o-dev.h
out/soong/ndk/sysroot/usr/include/linux/i8k.h
out/soong/ndk/sysroot/usr/include/linux/icmp.h
out/soong/ndk/sysroot/usr/include/linux/icmpv6.h
out/soong/ndk/sysroot/usr/include/linux/idxd.h
out/soong/ndk/sysroot/usr/include/linux/if.h
out/soong/ndk/sysroot/usr/include/linux/if_addr.h
out/soong/ndk/sysroot/usr/include/linux/if_addrlabel.h
out/soong/ndk/sysroot/usr/include/linux/if_alg.h
out/soong/ndk/sysroot/usr/include/linux/if_arcnet.h
out/soong/ndk/sysroot/usr/include/linux/if_arp.h
out/soong/ndk/sysroot/usr/include/linux/if_bonding.h
out/soong/ndk/sysroot/usr/include/linux/if_bridge.h
out/soong/ndk/sysroot/usr/include/linux/if_cablemodem.h
out/soong/ndk/sysroot/usr/include/linux/if_eql.h
out/soong/ndk/sysroot/usr/include/linux/if_ether.h
out/soong/ndk/sysroot/usr/include/linux/if_fc.h
out/soong/ndk/sysroot/usr/include/linux/if_fddi.h
out/soong/ndk/sysroot/usr/include/linux/if_hippi.h
out/soong/ndk/sysroot/usr/include/linux/if_infiniband.h
out/soong/ndk/sysroot/usr/include/linux/if_link.h
out/soong/ndk/sysroot/usr/include/linux/if_ltalk.h
out/soong/ndk/sysroot/usr/include/linux/if_macsec.h
out/soong/ndk/sysroot/usr/include/linux/if_packet.h
out/soong/ndk/sysroot/usr/include/linux/if_phonet.h
out/soong/ndk/sysroot/usr/include/linux/if_plip.h
out/soong/ndk/sysroot/usr/include/linux/if_ppp.h
out/soong/ndk/sysroot/usr/include/linux/if_pppol2tp.h
out/soong/ndk/sysroot/usr/include/linux/if_pppox.h
out/soong/ndk/sysroot/usr/include/linux/if_slip.h
out/soong/ndk/sysroot/usr/include/linux/if_team.h
out/soong/ndk/sysroot/usr/include/linux/if_tun.h
out/soong/ndk/sysroot/usr/include/linux/if_tunnel.h
out/soong/ndk/sysroot/usr/include/linux/if_vlan.h
out/soong/ndk/sysroot/usr/include/linux/if_x25.h
out/soong/ndk/sysroot/usr/include/linux/if_xdp.h
out/soong/ndk/sysroot/usr/include/linux/ife.h
out/soong/ndk/sysroot/usr/include/linux/igmp.h
out/soong/ndk/sysroot/usr/include/linux/iio/events.h
out/soong/ndk/sysroot/usr/include/linux/iio/types.h
out/soong/ndk/sysroot/usr/include/linux/ila.h
out/soong/ndk/sysroot/usr/include/linux/in.h
out/soong/ndk/sysroot/usr/include/linux/in6.h
out/soong/ndk/sysroot/usr/include/linux/in_route.h
out/soong/ndk/sysroot/usr/include/linux/incrementalfs.h
out/soong/ndk/sysroot/usr/include/linux/inet_diag.h
out/soong/ndk/sysroot/usr/include/linux/inotify.h
out/soong/ndk/sysroot/usr/include/linux/input-event-codes.h
out/soong/ndk/sysroot/usr/include/linux/input.h
out/soong/ndk/sysroot/usr/include/linux/io_uring.h
out/soong/ndk/sysroot/usr/include/linux/ioctl.h
out/soong/ndk/sysroot/usr/include/linux/iommu.h
out/soong/ndk/sysroot/usr/include/linux/ip.h
out/soong/ndk/sysroot/usr/include/linux/ip6_tunnel.h
out/soong/ndk/sysroot/usr/include/linux/ip_vs.h
out/soong/ndk/sysroot/usr/include/linux/ipc.h
out/soong/ndk/sysroot/usr/include/linux/ipmi.h
out/soong/ndk/sysroot/usr/include/linux/ipmi_bmc.h
out/soong/ndk/sysroot/usr/include/linux/ipmi_msgdefs.h
out/soong/ndk/sysroot/usr/include/linux/ipsec.h
out/soong/ndk/sysroot/usr/include/linux/ipv6.h
out/soong/ndk/sysroot/usr/include/linux/ipv6_route.h
out/soong/ndk/sysroot/usr/include/linux/ipx.h
out/soong/ndk/sysroot/usr/include/linux/irqnr.h
out/soong/ndk/sysroot/usr/include/linux/isdn/capicmd.h
out/soong/ndk/sysroot/usr/include/linux/iso_fs.h
out/soong/ndk/sysroot/usr/include/linux/isst_if.h
out/soong/ndk/sysroot/usr/include/linux/ivtv.h
out/soong/ndk/sysroot/usr/include/linux/ivtvfb.h
out/soong/ndk/sysroot/usr/include/linux/jffs2.h
out/soong/ndk/sysroot/usr/include/linux/joystick.h
out/soong/ndk/sysroot/usr/include/linux/kcm.h
out/soong/ndk/sysroot/usr/include/linux/kcmp.h
out/soong/ndk/sysroot/usr/include/linux/kcov.h
out/soong/ndk/sysroot/usr/include/linux/kd.h
out/soong/ndk/sysroot/usr/include/linux/kdev_t.h
out/soong/ndk/sysroot/usr/include/linux/kernel-page-flags.h
out/soong/ndk/sysroot/usr/include/linux/kernel.h
out/soong/ndk/sysroot/usr/include/linux/kernelcapi.h
out/soong/ndk/sysroot/usr/include/linux/kexec.h
out/soong/ndk/sysroot/usr/include/linux/keyboard.h
out/soong/ndk/sysroot/usr/include/linux/keyctl.h
out/soong/ndk/sysroot/usr/include/linux/kfd_ioctl.h
out/soong/ndk/sysroot/usr/include/linux/kvm.h
out/soong/ndk/sysroot/usr/include/linux/kvm_para.h
out/soong/ndk/sysroot/usr/include/linux/l2tp.h
out/soong/ndk/sysroot/usr/include/linux/libc-compat.h
out/soong/ndk/sysroot/usr/include/linux/lightnvm.h
out/soong/ndk/sysroot/usr/include/linux/limits.h
out/soong/ndk/sysroot/usr/include/linux/lirc.h
out/soong/ndk/sysroot/usr/include/linux/llc.h
out/soong/ndk/sysroot/usr/include/linux/loop.h
out/soong/ndk/sysroot/usr/include/linux/lp.h
out/soong/ndk/sysroot/usr/include/linux/lwtunnel.h
out/soong/ndk/sysroot/usr/include/linux/magic.h
out/soong/ndk/sysroot/usr/include/linux/major.h
out/soong/ndk/sysroot/usr/include/linux/map_to_7segment.h
out/soong/ndk/sysroot/usr/include/linux/matroxfb.h
out/soong/ndk/sysroot/usr/include/linux/max2175.h
out/soong/ndk/sysroot/usr/include/linux/mdio.h
out/soong/ndk/sysroot/usr/include/linux/media-bus-format.h
out/soong/ndk/sysroot/usr/include/linux/media.h
out/soong/ndk/sysroot/usr/include/linux/mei.h
out/soong/ndk/sysroot/usr/include/linux/membarrier.h
out/soong/ndk/sysroot/usr/include/linux/memfd.h
out/soong/ndk/sysroot/usr/include/linux/mempolicy.h
out/soong/ndk/sysroot/usr/include/linux/meye.h
out/soong/ndk/sysroot/usr/include/linux/mii.h
out/soong/ndk/sysroot/usr/include/linux/minix_fs.h
out/soong/ndk/sysroot/usr/include/linux/misc/bcm_vk.h
out/soong/ndk/sysroot/usr/include/linux/mman.h
out/soong/ndk/sysroot/usr/include/linux/mmc/ioctl.h
out/soong/ndk/sysroot/usr/include/linux/mmtimer.h
out/soong/ndk/sysroot/usr/include/linux/module.h
out/soong/ndk/sysroot/usr/include/linux/mount.h
out/soong/ndk/sysroot/usr/include/linux/mpls.h
out/soong/ndk/sysroot/usr/include/linux/mpls_iptunnel.h
out/soong/ndk/sysroot/usr/include/linux/mptcp.h
out/soong/ndk/sysroot/usr/include/linux/mqueue.h
out/soong/ndk/sysroot/usr/include/linux/mroute.h
out/soong/ndk/sysroot/usr/include/linux/mroute6.h
out/soong/ndk/sysroot/usr/include/linux/mrp_bridge.h
out/soong/ndk/sysroot/usr/include/linux/msdos_fs.h
out/soong/ndk/sysroot/usr/include/linux/msg.h
out/soong/ndk/sysroot/usr/include/linux/mtio.h
out/soong/ndk/sysroot/usr/include/linux/n_r3964.h
out/soong/ndk/sysroot/usr/include/linux/nbd-netlink.h
out/soong/ndk/sysroot/usr/include/linux/nbd.h
out/soong/ndk/sysroot/usr/include/linux/ncsi.h
out/soong/ndk/sysroot/usr/include/linux/ndctl.h
out/soong/ndk/sysroot/usr/include/linux/neighbour.h
out/soong/ndk/sysroot/usr/include/linux/net.h
out/soong/ndk/sysroot/usr/include/linux/net_dropmon.h
out/soong/ndk/sysroot/usr/include/linux/net_namespace.h
out/soong/ndk/sysroot/usr/include/linux/net_tstamp.h
out/soong/ndk/sysroot/usr/include/linux/netconf.h
out/soong/ndk/sysroot/usr/include/linux/netdevice.h
out/soong/ndk/sysroot/usr/include/linux/netfilter.h
out/soong/ndk/sysroot/usr/include/linux/netfilter/ipset/ip_set.h
out/soong/ndk/sysroot/usr/include/linux/netfilter/ipset/ip_set_bitmap.h
out/soong/ndk/sysroot/usr/include/linux/netfilter/ipset/ip_set_hash.h
out/soong/ndk/sysroot/usr/include/linux/netfilter/ipset/ip_set_list.h
out/soong/ndk/sysroot/usr/include/linux/netfilter/nf_conntrack_common.h
out/soong/ndk/sysroot/usr/include/linux/netfilter/nf_conntrack_ftp.h
out/soong/ndk/sysroot/usr/include/linux/netfilter/nf_conntrack_sctp.h
out/soong/ndk/sysroot/usr/include/linux/netfilter/nf_conntrack_tcp.h
out/soong/ndk/sysroot/usr/include/linux/netfilter/nf_conntrack_tuple_common.h
out/soong/ndk/sysroot/usr/include/linux/netfilter/nf_log.h
out/soong/ndk/sysroot/usr/include/linux/netfilter/nf_nat.h
out/soong/ndk/sysroot/usr/include/linux/netfilter/nf_synproxy.h
out/soong/ndk/sysroot/usr/include/linux/netfilter/nf_tables.h
out/soong/ndk/sysroot/usr/include/linux/netfilter/nf_tables_compat.h
out/soong/ndk/sysroot/usr/include/linux/netfilter/nfnetlink.h
out/soong/ndk/sysroot/usr/include/linux/netfilter/nfnetlink_acct.h
out/soong/ndk/sysroot/usr/include/linux/netfilter/nfnetlink_compat.h
out/soong/ndk/sysroot/usr/include/linux/netfilter/nfnetlink_conntrack.h
out/soong/ndk/sysroot/usr/include/linux/netfilter/nfnetlink_cthelper.h
out/soong/ndk/sysroot/usr/include/linux/netfilter/nfnetlink_cttimeout.h
out/soong/ndk/sysroot/usr/include/linux/netfilter/nfnetlink_log.h
out/soong/ndk/sysroot/usr/include/linux/netfilter/nfnetlink_osf.h
out/soong/ndk/sysroot/usr/include/linux/netfilter/nfnetlink_queue.h
out/soong/ndk/sysroot/usr/include/linux/netfilter/x_tables.h
out/soong/ndk/sysroot/usr/include/linux/netfilter/xt_AUDIT.h
out/soong/ndk/sysroot/usr/include/linux/netfilter/xt_CHECKSUM.h
out/soong/ndk/sysroot/usr/include/linux/netfilter/xt_CLASSIFY.h
out/soong/ndk/sysroot/usr/include/linux/netfilter/xt_CONNMARK.h
out/soong/ndk/sysroot/usr/include/linux/netfilter/xt_CONNSECMARK.h
out/soong/ndk/sysroot/usr/include/linux/netfilter/xt_CT.h
out/soong/ndk/sysroot/usr/include/linux/netfilter/xt_DSCP.h
out/soong/ndk/sysroot/usr/include/linux/netfilter/xt_HMARK.h
out/soong/ndk/sysroot/usr/include/linux/netfilter/xt_IDLETIMER.h
out/soong/ndk/sysroot/usr/include/linux/netfilter/xt_LED.h
out/soong/ndk/sysroot/usr/include/linux/netfilter/xt_LOG.h
out/soong/ndk/sysroot/usr/include/linux/netfilter/xt_MARK.h
out/soong/ndk/sysroot/usr/include/linux/netfilter/xt_NFLOG.h
out/soong/ndk/sysroot/usr/include/linux/netfilter/xt_NFQUEUE.h
out/soong/ndk/sysroot/usr/include/linux/netfilter/xt_RATEEST.h
out/soong/ndk/sysroot/usr/include/linux/netfilter/xt_SECMARK.h
out/soong/ndk/sysroot/usr/include/linux/netfilter/xt_SYNPROXY.h
out/soong/ndk/sysroot/usr/include/linux/netfilter/xt_TCPMSS.h
out/soong/ndk/sysroot/usr/include/linux/netfilter/xt_TCPOPTSTRIP.h
out/soong/ndk/sysroot/usr/include/linux/netfilter/xt_TEE.h
out/soong/ndk/sysroot/usr/include/linux/netfilter/xt_TPROXY.h
out/soong/ndk/sysroot/usr/include/linux/netfilter/xt_addrtype.h
out/soong/ndk/sysroot/usr/include/linux/netfilter/xt_bpf.h
out/soong/ndk/sysroot/usr/include/linux/netfilter/xt_cgroup.h
out/soong/ndk/sysroot/usr/include/linux/netfilter/xt_cluster.h
out/soong/ndk/sysroot/usr/include/linux/netfilter/xt_comment.h
out/soong/ndk/sysroot/usr/include/linux/netfilter/xt_connbytes.h
out/soong/ndk/sysroot/usr/include/linux/netfilter/xt_connlabel.h
out/soong/ndk/sysroot/usr/include/linux/netfilter/xt_connlimit.h
out/soong/ndk/sysroot/usr/include/linux/netfilter/xt_connmark.h
out/soong/ndk/sysroot/usr/include/linux/netfilter/xt_conntrack.h
out/soong/ndk/sysroot/usr/include/linux/netfilter/xt_cpu.h
out/soong/ndk/sysroot/usr/include/linux/netfilter/xt_dccp.h
out/soong/ndk/sysroot/usr/include/linux/netfilter/xt_devgroup.h
out/soong/ndk/sysroot/usr/include/linux/netfilter/xt_dscp.h
out/soong/ndk/sysroot/usr/include/linux/netfilter/xt_ecn.h
out/soong/ndk/sysroot/usr/include/linux/netfilter/xt_esp.h
out/soong/ndk/sysroot/usr/include/linux/netfilter/xt_hashlimit.h
out/soong/ndk/sysroot/usr/include/linux/netfilter/xt_helper.h
out/soong/ndk/sysroot/usr/include/linux/netfilter/xt_ipcomp.h
out/soong/ndk/sysroot/usr/include/linux/netfilter/xt_iprange.h
out/soong/ndk/sysroot/usr/include/linux/netfilter/xt_ipvs.h
out/soong/ndk/sysroot/usr/include/linux/netfilter/xt_l2tp.h
out/soong/ndk/sysroot/usr/include/linux/netfilter/xt_length.h
out/soong/ndk/sysroot/usr/include/linux/netfilter/xt_limit.h
out/soong/ndk/sysroot/usr/include/linux/netfilter/xt_mac.h
out/soong/ndk/sysroot/usr/include/linux/netfilter/xt_mark.h
out/soong/ndk/sysroot/usr/include/linux/netfilter/xt_multiport.h
out/soong/ndk/sysroot/usr/include/linux/netfilter/xt_nfacct.h
out/soong/ndk/sysroot/usr/include/linux/netfilter/xt_osf.h
out/soong/ndk/sysroot/usr/include/linux/netfilter/xt_owner.h
out/soong/ndk/sysroot/usr/include/linux/netfilter/xt_physdev.h
out/soong/ndk/sysroot/usr/include/linux/netfilter/xt_pkttype.h
out/soong/ndk/sysroot/usr/include/linux/netfilter/xt_policy.h
out/soong/ndk/sysroot/usr/include/linux/netfilter/xt_quota.h
out/soong/ndk/sysroot/usr/include/linux/netfilter/xt_rateest.h
out/soong/ndk/sysroot/usr/include/linux/netfilter/xt_realm.h
out/soong/ndk/sysroot/usr/include/linux/netfilter/xt_recent.h
out/soong/ndk/sysroot/usr/include/linux/netfilter/xt_rpfilter.h
out/soong/ndk/sysroot/usr/include/linux/netfilter/xt_sctp.h
out/soong/ndk/sysroot/usr/include/linux/netfilter/xt_set.h
out/soong/ndk/sysroot/usr/include/linux/netfilter/xt_socket.h
out/soong/ndk/sysroot/usr/include/linux/netfilter/xt_state.h
out/soong/ndk/sysroot/usr/include/linux/netfilter/xt_statistic.h
out/soong/ndk/sysroot/usr/include/linux/netfilter/xt_string.h
out/soong/ndk/sysroot/usr/include/linux/netfilter/xt_tcpmss.h
out/soong/ndk/sysroot/usr/include/linux/netfilter/xt_tcpudp.h
out/soong/ndk/sysroot/usr/include/linux/netfilter/xt_time.h
out/soong/ndk/sysroot/usr/include/linux/netfilter/xt_u32.h
out/soong/ndk/sysroot/usr/include/linux/netfilter_arp.h
out/soong/ndk/sysroot/usr/include/linux/netfilter_arp/arp_tables.h
out/soong/ndk/sysroot/usr/include/linux/netfilter_arp/arpt_mangle.h
out/soong/ndk/sysroot/usr/include/linux/netfilter_bridge.h
out/soong/ndk/sysroot/usr/include/linux/netfilter_bridge/ebt_802_3.h
out/soong/ndk/sysroot/usr/include/linux/netfilter_bridge/ebt_among.h
out/soong/ndk/sysroot/usr/include/linux/netfilter_bridge/ebt_arp.h
out/soong/ndk/sysroot/usr/include/linux/netfilter_bridge/ebt_arpreply.h
out/soong/ndk/sysroot/usr/include/linux/netfilter_bridge/ebt_ip.h
out/soong/ndk/sysroot/usr/include/linux/netfilter_bridge/ebt_ip6.h
out/soong/ndk/sysroot/usr/include/linux/netfilter_bridge/ebt_limit.h
out/soong/ndk/sysroot/usr/include/linux/netfilter_bridge/ebt_log.h
out/soong/ndk/sysroot/usr/include/linux/netfilter_bridge/ebt_mark_m.h
out/soong/ndk/sysroot/usr/include/linux/netfilter_bridge/ebt_mark_t.h
out/soong/ndk/sysroot/usr/include/linux/netfilter_bridge/ebt_nat.h
out/soong/ndk/sysroot/usr/include/linux/netfilter_bridge/ebt_nflog.h
out/soong/ndk/sysroot/usr/include/linux/netfilter_bridge/ebt_pkttype.h
out/soong/ndk/sysroot/usr/include/linux/netfilter_bridge/ebt_redirect.h
out/soong/ndk/sysroot/usr/include/linux/netfilter_bridge/ebt_stp.h
out/soong/ndk/sysroot/usr/include/linux/netfilter_bridge/ebt_vlan.h
out/soong/ndk/sysroot/usr/include/linux/netfilter_bridge/ebtables.h
out/soong/ndk/sysroot/usr/include/linux/netfilter_decnet.h
out/soong/ndk/sysroot/usr/include/linux/netfilter_ipv4.h
out/soong/ndk/sysroot/usr/include/linux/netfilter_ipv4/ip_tables.h
out/soong/ndk/sysroot/usr/include/linux/netfilter_ipv4/ipt_CLUSTERIP.h
out/soong/ndk/sysroot/usr/include/linux/netfilter_ipv4/ipt_ECN.h
out/soong/ndk/sysroot/usr/include/linux/netfilter_ipv4/ipt_LOG.h
out/soong/ndk/sysroot/usr/include/linux/netfilter_ipv4/ipt_REJECT.h
out/soong/ndk/sysroot/usr/include/linux/netfilter_ipv4/ipt_TTL.h
out/soong/ndk/sysroot/usr/include/linux/netfilter_ipv4/ipt_ah.h
out/soong/ndk/sysroot/usr/include/linux/netfilter_ipv4/ipt_ecn.h
out/soong/ndk/sysroot/usr/include/linux/netfilter_ipv4/ipt_ttl.h
out/soong/ndk/sysroot/usr/include/linux/netfilter_ipv6.h
out/soong/ndk/sysroot/usr/include/linux/netfilter_ipv6/ip6_tables.h
out/soong/ndk/sysroot/usr/include/linux/netfilter_ipv6/ip6t_HL.h
out/soong/ndk/sysroot/usr/include/linux/netfilter_ipv6/ip6t_LOG.h
out/soong/ndk/sysroot/usr/include/linux/netfilter_ipv6/ip6t_NPT.h
out/soong/ndk/sysroot/usr/include/linux/netfilter_ipv6/ip6t_REJECT.h
out/soong/ndk/sysroot/usr/include/linux/netfilter_ipv6/ip6t_ah.h
out/soong/ndk/sysroot/usr/include/linux/netfilter_ipv6/ip6t_frag.h
out/soong/ndk/sysroot/usr/include/linux/netfilter_ipv6/ip6t_hl.h
out/soong/ndk/sysroot/usr/include/linux/netfilter_ipv6/ip6t_ipv6header.h
out/soong/ndk/sysroot/usr/include/linux/netfilter_ipv6/ip6t_mh.h
out/soong/ndk/sysroot/usr/include/linux/netfilter_ipv6/ip6t_opts.h
out/soong/ndk/sysroot/usr/include/linux/netfilter_ipv6/ip6t_rt.h
out/soong/ndk/sysroot/usr/include/linux/netfilter_ipv6/ip6t_srh.h
out/soong/ndk/sysroot/usr/include/linux/netlink.h
out/soong/ndk/sysroot/usr/include/linux/netlink_diag.h
out/soong/ndk/sysroot/usr/include/linux/netrom.h
out/soong/ndk/sysroot/usr/include/linux/nexthop.h
out/soong/ndk/sysroot/usr/include/linux/nfc.h
out/soong/ndk/sysroot/usr/include/linux/nfs.h
out/soong/ndk/sysroot/usr/include/linux/nfs2.h
out/soong/ndk/sysroot/usr/include/linux/nfs3.h
out/soong/ndk/sysroot/usr/include/linux/nfs4.h
out/soong/ndk/sysroot/usr/include/linux/nfs4_mount.h
out/soong/ndk/sysroot/usr/include/linux/nfs_fs.h
out/soong/ndk/sysroot/usr/include/linux/nfs_idmap.h
out/soong/ndk/sysroot/usr/include/linux/nfs_mount.h
out/soong/ndk/sysroot/usr/include/linux/nfsacl.h
out/soong/ndk/sysroot/usr/include/linux/nfsd/cld.h
out/soong/ndk/sysroot/usr/include/linux/nfsd/debug.h
out/soong/ndk/sysroot/usr/include/linux/nfsd/export.h
out/soong/ndk/sysroot/usr/include/linux/nfsd/nfsfh.h
out/soong/ndk/sysroot/usr/include/linux/nfsd/stats.h
out/soong/ndk/sysroot/usr/include/linux/nilfs2_api.h
out/soong/ndk/sysroot/usr/include/linux/nilfs2_ondisk.h
out/soong/ndk/sysroot/usr/include/linux/nitro_enclaves.h
out/soong/ndk/sysroot/usr/include/linux/nl80211.h
out/soong/ndk/sysroot/usr/include/linux/nsfs.h
out/soong/ndk/sysroot/usr/include/linux/nubus.h
out/soong/ndk/sysroot/usr/include/linux/nvme_ioctl.h
out/soong/ndk/sysroot/usr/include/linux/nvram.h
out/soong/ndk/sysroot/usr/include/linux/omap3isp.h
out/soong/ndk/sysroot/usr/include/linux/omapfb.h
out/soong/ndk/sysroot/usr/include/linux/oom.h
out/soong/ndk/sysroot/usr/include/linux/openat2.h
out/soong/ndk/sysroot/usr/include/linux/openvswitch.h
out/soong/ndk/sysroot/usr/include/linux/packet_diag.h
out/soong/ndk/sysroot/usr/include/linux/param.h
out/soong/ndk/sysroot/usr/include/linux/parport.h
out/soong/ndk/sysroot/usr/include/linux/patchkey.h
out/soong/ndk/sysroot/usr/include/linux/pci.h
out/soong/ndk/sysroot/usr/include/linux/pci_regs.h
out/soong/ndk/sysroot/usr/include/linux/pcitest.h
out/soong/ndk/sysroot/usr/include/linux/perf_event.h
out/soong/ndk/sysroot/usr/include/linux/personality.h
out/soong/ndk/sysroot/usr/include/linux/pfkeyv2.h
out/soong/ndk/sysroot/usr/include/linux/pg.h
out/soong/ndk/sysroot/usr/include/linux/phantom.h
out/soong/ndk/sysroot/usr/include/linux/phonet.h
out/soong/ndk/sysroot/usr/include/linux/pidfd.h
out/soong/ndk/sysroot/usr/include/linux/pkt_cls.h
out/soong/ndk/sysroot/usr/include/linux/pkt_sched.h
out/soong/ndk/sysroot/usr/include/linux/pktcdvd.h
out/soong/ndk/sysroot/usr/include/linux/pmu.h
out/soong/ndk/sysroot/usr/include/linux/poll.h
out/soong/ndk/sysroot/usr/include/linux/posix_acl.h
out/soong/ndk/sysroot/usr/include/linux/posix_acl_xattr.h
out/soong/ndk/sysroot/usr/include/linux/posix_types.h
out/soong/ndk/sysroot/usr/include/linux/ppdev.h
out/soong/ndk/sysroot/usr/include/linux/ppp-comp.h
out/soong/ndk/sysroot/usr/include/linux/ppp-ioctl.h
out/soong/ndk/sysroot/usr/include/linux/ppp_defs.h
out/soong/ndk/sysroot/usr/include/linux/pps.h
out/soong/ndk/sysroot/usr/include/linux/pr.h
out/soong/ndk/sysroot/usr/include/linux/prctl.h
out/soong/ndk/sysroot/usr/include/linux/psample.h
out/soong/ndk/sysroot/usr/include/linux/psci.h
out/soong/ndk/sysroot/usr/include/linux/psp-sev.h
out/soong/ndk/sysroot/usr/include/linux/ptp_clock.h
out/soong/ndk/sysroot/usr/include/linux/ptrace.h
out/soong/ndk/sysroot/usr/include/linux/qemu_fw_cfg.h
out/soong/ndk/sysroot/usr/include/linux/qnx4_fs.h
out/soong/ndk/sysroot/usr/include/linux/qnxtypes.h
out/soong/ndk/sysroot/usr/include/linux/qrtr.h
out/soong/ndk/sysroot/usr/include/linux/quota.h
out/soong/ndk/sysroot/usr/include/linux/radeonfb.h
out/soong/ndk/sysroot/usr/include/linux/raid/md_p.h
out/soong/ndk/sysroot/usr/include/linux/raid/md_u.h
out/soong/ndk/sysroot/usr/include/linux/random.h
out/soong/ndk/sysroot/usr/include/linux/raw.h
out/soong/ndk/sysroot/usr/include/linux/rds.h
out/soong/ndk/sysroot/usr/include/linux/reboot.h
out/soong/ndk/sysroot/usr/include/linux/reiserfs_fs.h
out/soong/ndk/sysroot/usr/include/linux/reiserfs_xattr.h
out/soong/ndk/sysroot/usr/include/linux/remoteproc_cdev.h
out/soong/ndk/sysroot/usr/include/linux/resource.h
out/soong/ndk/sysroot/usr/include/linux/rfkill.h
out/soong/ndk/sysroot/usr/include/linux/rio_cm_cdev.h
out/soong/ndk/sysroot/usr/include/linux/rio_mport_cdev.h
out/soong/ndk/sysroot/usr/include/linux/rkisp1-config.h
out/soong/ndk/sysroot/usr/include/linux/romfs_fs.h
out/soong/ndk/sysroot/usr/include/linux/rose.h
out/soong/ndk/sysroot/usr/include/linux/route.h
out/soong/ndk/sysroot/usr/include/linux/rpl.h
out/soong/ndk/sysroot/usr/include/linux/rpl_iptunnel.h
out/soong/ndk/sysroot/usr/include/linux/rpmsg.h
out/soong/ndk/sysroot/usr/include/linux/rpmsg_types.h
out/soong/ndk/sysroot/usr/include/linux/rseq.h
out/soong/ndk/sysroot/usr/include/linux/rtc.h
out/soong/ndk/sysroot/usr/include/linux/rtnetlink.h
out/soong/ndk/sysroot/usr/include/linux/rxrpc.h
out/soong/ndk/sysroot/usr/include/linux/scc.h
out/soong/ndk/sysroot/usr/include/linux/sched.h
out/soong/ndk/sysroot/usr/include/linux/sched/types.h
out/soong/ndk/sysroot/usr/include/linux/scif_ioctl.h
out/soong/ndk/sysroot/usr/include/linux/screen_info.h
out/soong/ndk/sysroot/usr/include/linux/sctp.h
out/soong/ndk/sysroot/usr/include/linux/seccomp.h
out/soong/ndk/sysroot/usr/include/linux/securebits.h
out/soong/ndk/sysroot/usr/include/linux/sed-opal.h
out/soong/ndk/sysroot/usr/include/linux/seg6.h
out/soong/ndk/sysroot/usr/include/linux/seg6_genl.h
out/soong/ndk/sysroot/usr/include/linux/seg6_hmac.h
out/soong/ndk/sysroot/usr/include/linux/seg6_iptunnel.h
out/soong/ndk/sysroot/usr/include/linux/seg6_local.h
out/soong/ndk/sysroot/usr/include/linux/selinux_netlink.h
out/soong/ndk/sysroot/usr/include/linux/sem.h
out/soong/ndk/sysroot/usr/include/linux/serial.h
out/soong/ndk/sysroot/usr/include/linux/serial_core.h
out/soong/ndk/sysroot/usr/include/linux/serial_reg.h
out/soong/ndk/sysroot/usr/include/linux/serio.h
out/soong/ndk/sysroot/usr/include/linux/shm.h
out/soong/ndk/sysroot/usr/include/linux/signal.h
out/soong/ndk/sysroot/usr/include/linux/signalfd.h
out/soong/ndk/sysroot/usr/include/linux/smc.h
out/soong/ndk/sysroot/usr/include/linux/smc_diag.h
out/soong/ndk/sysroot/usr/include/linux/smiapp.h
out/soong/ndk/sysroot/usr/include/linux/snmp.h
out/soong/ndk/sysroot/usr/include/linux/sock_diag.h
out/soong/ndk/sysroot/usr/include/linux/socket.h
out/soong/ndk/sysroot/usr/include/linux/sockios.h
out/soong/ndk/sysroot/usr/include/linux/sonet.h
out/soong/ndk/sysroot/usr/include/linux/sonypi.h
out/soong/ndk/sysroot/usr/include/linux/sound.h
out/soong/ndk/sysroot/usr/include/linux/soundcard.h
out/soong/ndk/sysroot/usr/include/linux/spi/spi.h
out/soong/ndk/sysroot/usr/include/linux/spi/spidev.h
out/soong/ndk/sysroot/usr/include/linux/stat.h
out/soong/ndk/sysroot/usr/include/linux/stddef.h
out/soong/ndk/sysroot/usr/include/linux/stm.h
out/soong/ndk/sysroot/usr/include/linux/string.h
out/soong/ndk/sysroot/usr/include/linux/sunrpc/debug.h
out/soong/ndk/sysroot/usr/include/linux/surface_aggregator/cdev.h
out/soong/ndk/sysroot/usr/include/linux/suspend_ioctls.h
out/soong/ndk/sysroot/usr/include/linux/swab.h
out/soong/ndk/sysroot/usr/include/linux/switchtec_ioctl.h
out/soong/ndk/sysroot/usr/include/linux/sync_file.h
out/soong/ndk/sysroot/usr/include/linux/synclink.h
out/soong/ndk/sysroot/usr/include/linux/sysctl.h
out/soong/ndk/sysroot/usr/include/linux/sysinfo.h
out/soong/ndk/sysroot/usr/include/linux/target_core_user.h
out/soong/ndk/sysroot/usr/include/linux/taskstats.h
out/soong/ndk/sysroot/usr/include/linux/tc_act/tc_bpf.h
out/soong/ndk/sysroot/usr/include/linux/tc_act/tc_connmark.h
out/soong/ndk/sysroot/usr/include/linux/tc_act/tc_csum.h
out/soong/ndk/sysroot/usr/include/linux/tc_act/tc_ct.h
out/soong/ndk/sysroot/usr/include/linux/tc_act/tc_ctinfo.h
out/soong/ndk/sysroot/usr/include/linux/tc_act/tc_defact.h
out/soong/ndk/sysroot/usr/include/linux/tc_act/tc_gact.h
out/soong/ndk/sysroot/usr/include/linux/tc_act/tc_gate.h
out/soong/ndk/sysroot/usr/include/linux/tc_act/tc_ife.h
out/soong/ndk/sysroot/usr/include/linux/tc_act/tc_ipt.h
out/soong/ndk/sysroot/usr/include/linux/tc_act/tc_mirred.h
out/soong/ndk/sysroot/usr/include/linux/tc_act/tc_mpls.h
out/soong/ndk/sysroot/usr/include/linux/tc_act/tc_nat.h
out/soong/ndk/sysroot/usr/include/linux/tc_act/tc_pedit.h
out/soong/ndk/sysroot/usr/include/linux/tc_act/tc_sample.h
out/soong/ndk/sysroot/usr/include/linux/tc_act/tc_skbedit.h
out/soong/ndk/sysroot/usr/include/linux/tc_act/tc_skbmod.h
out/soong/ndk/sysroot/usr/include/linux/tc_act/tc_tunnel_key.h
out/soong/ndk/sysroot/usr/include/linux/tc_act/tc_vlan.h
out/soong/ndk/sysroot/usr/include/linux/tc_ematch/tc_em_cmp.h
out/soong/ndk/sysroot/usr/include/linux/tc_ematch/tc_em_ipt.h
out/soong/ndk/sysroot/usr/include/linux/tc_ematch/tc_em_meta.h
out/soong/ndk/sysroot/usr/include/linux/tc_ematch/tc_em_nbyte.h
out/soong/ndk/sysroot/usr/include/linux/tc_ematch/tc_em_text.h
out/soong/ndk/sysroot/usr/include/linux/tcp.h
out/soong/ndk/sysroot/usr/include/linux/tcp_metrics.h
out/soong/ndk/sysroot/usr/include/linux/tee.h
out/soong/ndk/sysroot/usr/include/linux/termios.h
out/soong/ndk/sysroot/usr/include/linux/thermal.h
out/soong/ndk/sysroot/usr/include/linux/time.h
out/soong/ndk/sysroot/usr/include/linux/time_types.h
out/soong/ndk/sysroot/usr/include/linux/timerfd.h
out/soong/ndk/sysroot/usr/include/linux/times.h
out/soong/ndk/sysroot/usr/include/linux/timex.h
out/soong/ndk/sysroot/usr/include/linux/tiocl.h
out/soong/ndk/sysroot/usr/include/linux/tipc.h
out/soong/ndk/sysroot/usr/include/linux/tipc_config.h
out/soong/ndk/sysroot/usr/include/linux/tipc_netlink.h
out/soong/ndk/sysroot/usr/include/linux/tipc_sockets_diag.h
out/soong/ndk/sysroot/usr/include/linux/tls.h
out/soong/ndk/sysroot/usr/include/linux/toshiba.h
out/soong/ndk/sysroot/usr/include/linux/tty.h
out/soong/ndk/sysroot/usr/include/linux/tty_flags.h
out/soong/ndk/sysroot/usr/include/linux/types.h
out/soong/ndk/sysroot/usr/include/linux/udf_fs_i.h
out/soong/ndk/sysroot/usr/include/linux/udmabuf.h
out/soong/ndk/sysroot/usr/include/linux/udp.h
out/soong/ndk/sysroot/usr/include/linux/uhid.h
out/soong/ndk/sysroot/usr/include/linux/uinput.h
out/soong/ndk/sysroot/usr/include/linux/uio.h
out/soong/ndk/sysroot/usr/include/linux/uleds.h
out/soong/ndk/sysroot/usr/include/linux/ultrasound.h
out/soong/ndk/sysroot/usr/include/linux/um_timetravel.h
out/soong/ndk/sysroot/usr/include/linux/un.h
out/soong/ndk/sysroot/usr/include/linux/unistd.h
out/soong/ndk/sysroot/usr/include/linux/unix_diag.h
out/soong/ndk/sysroot/usr/include/linux/usb/audio.h
out/soong/ndk/sysroot/usr/include/linux/usb/cdc-wdm.h
out/soong/ndk/sysroot/usr/include/linux/usb/cdc.h
out/soong/ndk/sysroot/usr/include/linux/usb/ch11.h
out/soong/ndk/sysroot/usr/include/linux/usb/ch9.h
out/soong/ndk/sysroot/usr/include/linux/usb/charger.h
out/soong/ndk/sysroot/usr/include/linux/usb/f_accessory.h
out/soong/ndk/sysroot/usr/include/linux/usb/functionfs.h
out/soong/ndk/sysroot/usr/include/linux/usb/g_printer.h
out/soong/ndk/sysroot/usr/include/linux/usb/g_uvc.h
out/soong/ndk/sysroot/usr/include/linux/usb/gadgetfs.h
out/soong/ndk/sysroot/usr/include/linux/usb/midi.h
out/soong/ndk/sysroot/usr/include/linux/usb/raw_gadget.h
out/soong/ndk/sysroot/usr/include/linux/usb/tmc.h
out/soong/ndk/sysroot/usr/include/linux/usb/video.h
out/soong/ndk/sysroot/usr/include/linux/usbdevice_fs.h
out/soong/ndk/sysroot/usr/include/linux/usbip.h
out/soong/ndk/sysroot/usr/include/linux/userfaultfd.h
out/soong/ndk/sysroot/usr/include/linux/userio.h
out/soong/ndk/sysroot/usr/include/linux/utime.h
out/soong/ndk/sysroot/usr/include/linux/utsname.h
out/soong/ndk/sysroot/usr/include/linux/uuid.h
out/soong/ndk/sysroot/usr/include/linux/uvcvideo.h
out/soong/ndk/sysroot/usr/include/linux/v4l2-common.h
out/soong/ndk/sysroot/usr/include/linux/v4l2-controls.h
out/soong/ndk/sysroot/usr/include/linux/v4l2-dv-timings.h
out/soong/ndk/sysroot/usr/include/linux/v4l2-mediabus.h
out/soong/ndk/sysroot/usr/include/linux/v4l2-subdev.h
out/soong/ndk/sysroot/usr/include/linux/vbox_err.h
out/soong/ndk/sysroot/usr/include/linux/vbox_vmmdev_types.h
out/soong/ndk/sysroot/usr/include/linux/vboxguest.h
out/soong/ndk/sysroot/usr/include/linux/vdpa.h
out/soong/ndk/sysroot/usr/include/linux/version.h
out/soong/ndk/sysroot/usr/include/linux/veth.h
out/soong/ndk/sysroot/usr/include/linux/vfio.h
out/soong/ndk/sysroot/usr/include/linux/vfio_ccw.h
out/soong/ndk/sysroot/usr/include/linux/vfio_zdev.h
out/soong/ndk/sysroot/usr/include/linux/vhost.h
out/soong/ndk/sysroot/usr/include/linux/vhost_types.h
out/soong/ndk/sysroot/usr/include/linux/videodev2.h
out/soong/ndk/sysroot/usr/include/linux/virtio_9p.h
out/soong/ndk/sysroot/usr/include/linux/virtio_balloon.h
out/soong/ndk/sysroot/usr/include/linux/virtio_blk.h
out/soong/ndk/sysroot/usr/include/linux/virtio_config.h
out/soong/ndk/sysroot/usr/include/linux/virtio_console.h
out/soong/ndk/sysroot/usr/include/linux/virtio_crypto.h
out/soong/ndk/sysroot/usr/include/linux/virtio_fs.h
out/soong/ndk/sysroot/usr/include/linux/virtio_gpu.h
out/soong/ndk/sysroot/usr/include/linux/virtio_ids.h
out/soong/ndk/sysroot/usr/include/linux/virtio_input.h
out/soong/ndk/sysroot/usr/include/linux/virtio_iommu.h
out/soong/ndk/sysroot/usr/include/linux/virtio_mem.h
out/soong/ndk/sysroot/usr/include/linux/virtio_mmio.h
out/soong/ndk/sysroot/usr/include/linux/virtio_net.h
out/soong/ndk/sysroot/usr/include/linux/virtio_pci.h
out/soong/ndk/sysroot/usr/include/linux/virtio_pmem.h
out/soong/ndk/sysroot/usr/include/linux/virtio_ring.h
out/soong/ndk/sysroot/usr/include/linux/virtio_rng.h
out/soong/ndk/sysroot/usr/include/linux/virtio_scsi.h
out/soong/ndk/sysroot/usr/include/linux/virtio_types.h
out/soong/ndk/sysroot/usr/include/linux/virtio_vsock.h
out/soong/ndk/sysroot/usr/include/linux/vm_sockets.h
out/soong/ndk/sysroot/usr/include/linux/vm_sockets_diag.h
out/soong/ndk/sysroot/usr/include/linux/vmcore.h
out/soong/ndk/sysroot/usr/include/linux/vsockmon.h
out/soong/ndk/sysroot/usr/include/linux/vt.h
out/soong/ndk/sysroot/usr/include/linux/vtpm_proxy.h
out/soong/ndk/sysroot/usr/include/linux/wait.h
out/soong/ndk/sysroot/usr/include/linux/watch_queue.h
out/soong/ndk/sysroot/usr/include/linux/watchdog.h
out/soong/ndk/sysroot/usr/include/linux/wireguard.h
out/soong/ndk/sysroot/usr/include/linux/wireless.h
out/soong/ndk/sysroot/usr/include/linux/wmi.h
out/soong/ndk/sysroot/usr/include/linux/x25.h
out/soong/ndk/sysroot/usr/include/linux/xattr.h
out/soong/ndk/sysroot/usr/include/linux/xdp_diag.h
out/soong/ndk/sysroot/usr/include/linux/xfrm.h
out/soong/ndk/sysroot/usr/include/linux/xilinx-v4l2-controls.h
out/soong/ndk/sysroot/usr/include/linux/zorro.h
out/soong/ndk/sysroot/usr/include/linux/zorro_ids.h
out/soong/ndk/sysroot/usr/include/misc/cxl.h
out/soong/ndk/sysroot/usr/include/misc/fastrpc.h
out/soong/ndk/sysroot/usr/include/misc/habanalabs.h
out/soong/ndk/sysroot/usr/include/misc/ocxl.h
out/soong/ndk/sysroot/usr/include/misc/pvpanic.h
out/soong/ndk/sysroot/usr/include/misc/uacce/hisi_qm.h
out/soong/ndk/sysroot/usr/include/misc/uacce/uacce.h
out/soong/ndk/sysroot/usr/include/misc/xilinx_sdfec.h
out/soong/ndk/sysroot/usr/include/mtd/inftl-user.h
out/soong/ndk/sysroot/usr/include/mtd/mtd-abi.h
out/soong/ndk/sysroot/usr/include/mtd/mtd-user.h
out/soong/ndk/sysroot/usr/include/mtd/nftl-user.h
out/soong/ndk/sysroot/usr/include/mtd/ubi-user.h
out/soong/ndk/sysroot/usr/include/rdma/bnxt_re-abi.h
out/soong/ndk/sysroot/usr/include/rdma/cxgb4-abi.h
out/soong/ndk/sysroot/usr/include/rdma/efa-abi.h
out/soong/ndk/sysroot/usr/include/rdma/hfi/hfi1_ioctl.h
out/soong/ndk/sysroot/usr/include/rdma/hfi/hfi1_user.h
out/soong/ndk/sysroot/usr/include/rdma/hns-abi.h
out/soong/ndk/sysroot/usr/include/rdma/i40iw-abi.h
out/soong/ndk/sysroot/usr/include/rdma/ib_user_ioctl_cmds.h
out/soong/ndk/sysroot/usr/include/rdma/ib_user_ioctl_verbs.h
out/soong/ndk/sysroot/usr/include/rdma/ib_user_mad.h
out/soong/ndk/sysroot/usr/include/rdma/ib_user_sa.h
out/soong/ndk/sysroot/usr/include/rdma/ib_user_verbs.h
out/soong/ndk/sysroot/usr/include/rdma/mlx4-abi.h
out/soong/ndk/sysroot/usr/include/rdma/mlx5-abi.h
out/soong/ndk/sysroot/usr/include/rdma/mlx5_user_ioctl_cmds.h
out/soong/ndk/sysroot/usr/include/rdma/mlx5_user_ioctl_verbs.h
out/soong/ndk/sysroot/usr/include/rdma/mthca-abi.h
out/soong/ndk/sysroot/usr/include/rdma/ocrdma-abi.h
out/soong/ndk/sysroot/usr/include/rdma/qedr-abi.h
out/soong/ndk/sysroot/usr/include/rdma/rdma_netlink.h
out/soong/ndk/sysroot/usr/include/rdma/rdma_user_cm.h
out/soong/ndk/sysroot/usr/include/rdma/rdma_user_ioctl.h
out/soong/ndk/sysroot/usr/include/rdma/rdma_user_ioctl_cmds.h
out/soong/ndk/sysroot/usr/include/rdma/rdma_user_rxe.h
out/soong/ndk/sysroot/usr/include/rdma/rvt-abi.h
out/soong/ndk/sysroot/usr/include/rdma/siw-abi.h
out/soong/ndk/sysroot/usr/include/rdma/vmw_pvrdma-abi.h
out/soong/ndk/sysroot/usr/include/scsi/cxlflash_ioctl.h
out/soong/ndk/sysroot/usr/include/scsi/fc/fc_els.h
out/soong/ndk/sysroot/usr/include/scsi/fc/fc_fs.h
out/soong/ndk/sysroot/usr/include/scsi/fc/fc_gs.h
out/soong/ndk/sysroot/usr/include/scsi/fc/fc_ns.h
out/soong/ndk/sysroot/usr/include/scsi/scsi_bsg_fc.h
out/soong/ndk/sysroot/usr/include/scsi/scsi_bsg_ufs.h
out/soong/ndk/sysroot/usr/include/scsi/scsi_netlink.h
out/soong/ndk/sysroot/usr/include/scsi/scsi_netlink_fc.h
out/soong/ndk/sysroot/usr/include/sound/asequencer.h
out/soong/ndk/sysroot/usr/include/sound/asoc.h
out/soong/ndk/sysroot/usr/include/sound/asound.h
out/soong/ndk/sysroot/usr/include/sound/asound_fm.h
out/soong/ndk/sysroot/usr/include/sound/compress_offload.h
out/soong/ndk/sysroot/usr/include/sound/compress_params.h
out/soong/ndk/sysroot/usr/include/sound/emu10k1.h
out/soong/ndk/sysroot/usr/include/sound/firewire.h
out/soong/ndk/sysroot/usr/include/sound/hdsp.h
out/soong/ndk/sysroot/usr/include/sound/hdspm.h
out/soong/ndk/sysroot/usr/include/sound/sb16_csp.h
out/soong/ndk/sysroot/usr/include/sound/sfnt_info.h
out/soong/ndk/sysroot/usr/include/sound/skl-tplg-interface.h
out/soong/ndk/sysroot/usr/include/sound/snd_sst_tokens.h
out/soong/ndk/sysroot/usr/include/sound/sof/abi.h
out/soong/ndk/sysroot/usr/include/sound/sof/fw.h
out/soong/ndk/sysroot/usr/include/sound/sof/header.h
out/soong/ndk/sysroot/usr/include/sound/sof/tokens.h
out/soong/ndk/sysroot/usr/include/sound/tlv.h
out/soong/ndk/sysroot/usr/include/sound/usb_stream.h
out/soong/ndk/sysroot/usr/include/video/edid.h
out/soong/ndk/sysroot/usr/include/video/sisfb.h
out/soong/ndk/sysroot/usr/include/video/uvesafb.h
out/soong/ndk/sysroot/usr/include/xen/evtchn.h
out/soong/ndk/sysroot/usr/include/xen/gntalloc.h
out/soong/ndk/sysroot/usr/include/xen/gntdev.h
out/soong/ndk/sysroot/usr/include/xen/privcmd.h