out/soong/ndk/sysroot/usr/include/aarch64-linux-android/asm/auxvec.h
out/soong/ndk/sysroot/usr/include/aarch64-linux-android/asm/bitsperlong.h
out/soong/ndk/sysroot/usr/include/aarch64-linux-android/asm/bpf_perf_event.h
out/soong/ndk/sysroot/usr/include/aarch64-linux-android/asm/byteorder.h
out/soong/ndk/sysroot/usr/include/aarch64-linux-android/asm/errno.h
out/soong/ndk/sysroot/usr/include/aarch64-linux-android/asm/fcntl.h
out/soong/ndk/sysroot/usr/include/aarch64-linux-android/asm/hwcap.h
out/soong/ndk/sysroot/usr/include/aarch64-linux-android/asm/ioctl.h
out/soong/ndk/sysroot/usr/include/aarch64-linux-android/asm/ioctls.h
out/soong/ndk/sysroot/usr/include/aarch64-linux-android/asm/ipcbuf.h
out/soong/ndk/sysroot/usr/include/aarch64-linux-android/asm/kvm.h
out/soong/ndk/sysroot/usr/include/aarch64-linux-android/asm/kvm_para.h
out/soong/ndk/sysroot/usr/include/aarch64-linux-android/asm/mman.h
out/soong/ndk/sysroot/usr/include/aarch64-linux-android/asm/msgbuf.h
out/soong/ndk/sysroot/usr/include/aarch64-linux-android/asm/param.h
out/soong/ndk/sysroot/usr/include/aarch64-linux-android/asm/perf_regs.h
out/soong/ndk/sysroot/usr/include/aarch64-linux-android/asm/poll.h
out/soong/ndk/sysroot/usr/include/aarch64-linux-android/asm/posix_types.h
out/soong/ndk/sysroot/usr/include/aarch64-linux-android/asm/ptrace.h
out/soong/ndk/sysroot/usr/include/aarch64-linux-android/asm/resource.h
out/soong/ndk/sysroot/usr/include/aarch64-linux-android/asm/sembuf.h
out/soong/ndk/sysroot/usr/include/aarch64-linux-android/asm/setup.h
out/soong/ndk/sysroot/usr/include/aarch64-linux-android/asm/shmbuf.h
out/soong/ndk/sysroot/usr/include/aarch64-linux-android/asm/sigcontext.h
out/soong/ndk/sysroot/usr/include/aarch64-linux-android/asm/siginfo.h
out/soong/ndk/sysroot/usr/include/aarch64-linux-android/asm/signal.h
out/soong/ndk/sysroot/usr/include/aarch64-linux-android/asm/socket.h
out/soong/ndk/sysroot/usr/include/aarch64-linux-android/asm/sockios.h
out/soong/ndk/sysroot/usr/include/aarch64-linux-android/asm/stat.h
out/soong/ndk/sysroot/usr/include/aarch64-linux-android/asm/statfs.h
out/soong/ndk/sysroot/usr/include/aarch64-linux-android/asm/sve_context.h
out/soong/ndk/sysroot/usr/include/aarch64-linux-android/asm/swab.h
out/soong/ndk/sysroot/usr/include/aarch64-linux-android/asm/termbits.h
out/soong/ndk/sysroot/usr/include/aarch64-linux-android/asm/termios.h
out/soong/ndk/sysroot/usr/include/aarch64-linux-android/asm/types.h
out/soong/ndk/sysroot/usr/include/aarch64-linux-android/asm/ucontext.h
out/soong/ndk/sysroot/usr/include/aarch64-linux-android/asm/unistd.h