out/soong/.intermediates/packages/modules/DnsResolver/libnetd_resolv/android_x86_64_static_cfi_com.android.resolv/obj/packages/modules/DnsResolver/Dns64Configuration.o
out/soong/.intermediates/packages/modules/DnsResolver/libnetd_resolv/android_x86_64_static_cfi_com.android.resolv/obj/packages/modules/DnsResolver/Dns64Configuration.tidy
out/soong/.intermediates/packages/modules/DnsResolver/libnetd_resolv/android_x86_64_static_cfi_com.android.resolv/obj/packages/modules/DnsResolver/DnsProxyListener.o
out/soong/.intermediates/packages/modules/DnsResolver/libnetd_resolv/android_x86_64_static_cfi_com.android.resolv/obj/packages/modules/DnsResolver/DnsProxyListener.tidy
out/soong/.intermediates/packages/modules/DnsResolver/libnetd_resolv/android_x86_64_static_cfi_com.android.resolv/obj/packages/modules/DnsResolver/DnsQueryLog.o
out/soong/.intermediates/packages/modules/DnsResolver/libnetd_resolv/android_x86_64_static_cfi_com.android.resolv/obj/packages/modules/DnsResolver/DnsQueryLog.tidy
out/soong/.intermediates/packages/modules/DnsResolver/libnetd_resolv/android_x86_64_static_cfi_com.android.resolv/obj/packages/modules/DnsResolver/DnsResolver.o
out/soong/.intermediates/packages/modules/DnsResolver/libnetd_resolv/android_x86_64_static_cfi_com.android.resolv/obj/packages/modules/DnsResolver/DnsResolver.tidy
out/soong/.intermediates/packages/modules/DnsResolver/libnetd_resolv/android_x86_64_static_cfi_com.android.resolv/obj/packages/modules/DnsResolver/DnsResolverService.o
out/soong/.intermediates/packages/modules/DnsResolver/libnetd_resolv/android_x86_64_static_cfi_com.android.resolv/obj/packages/modules/DnsResolver/DnsResolverService.tidy
out/soong/.intermediates/packages/modules/DnsResolver/libnetd_resolv/android_x86_64_static_cfi_com.android.resolv/obj/packages/modules/DnsResolver/DnsStats.o
out/soong/.intermediates/packages/modules/DnsResolver/libnetd_resolv/android_x86_64_static_cfi_com.android.resolv/obj/packages/modules/DnsResolver/DnsStats.tidy
out/soong/.intermediates/packages/modules/DnsResolver/libnetd_resolv/android_x86_64_static_cfi_com.android.resolv/obj/packages/modules/DnsResolver/DnsTlsDispatcher.o
out/soong/.intermediates/packages/modules/DnsResolver/libnetd_resolv/android_x86_64_static_cfi_com.android.resolv/obj/packages/modules/DnsResolver/DnsTlsDispatcher.tidy
out/soong/.intermediates/packages/modules/DnsResolver/libnetd_resolv/android_x86_64_static_cfi_com.android.resolv/obj/packages/modules/DnsResolver/DnsTlsQueryMap.o
out/soong/.intermediates/packages/modules/DnsResolver/libnetd_resolv/android_x86_64_static_cfi_com.android.resolv/obj/packages/modules/DnsResolver/DnsTlsQueryMap.tidy
out/soong/.intermediates/packages/modules/DnsResolver/libnetd_resolv/android_x86_64_static_cfi_com.android.resolv/obj/packages/modules/DnsResolver/DnsTlsServer.o
out/soong/.intermediates/packages/modules/DnsResolver/libnetd_resolv/android_x86_64_static_cfi_com.android.resolv/obj/packages/modules/DnsResolver/DnsTlsServer.tidy
out/soong/.intermediates/packages/modules/DnsResolver/libnetd_resolv/android_x86_64_static_cfi_com.android.resolv/obj/packages/modules/DnsResolver/DnsTlsSessionCache.o
out/soong/.intermediates/packages/modules/DnsResolver/libnetd_resolv/android_x86_64_static_cfi_com.android.resolv/obj/packages/modules/DnsResolver/DnsTlsSessionCache.tidy
out/soong/.intermediates/packages/modules/DnsResolver/libnetd_resolv/android_x86_64_static_cfi_com.android.resolv/obj/packages/modules/DnsResolver/DnsTlsSocket.o
out/soong/.intermediates/packages/modules/DnsResolver/libnetd_resolv/android_x86_64_static_cfi_com.android.resolv/obj/packages/modules/DnsResolver/DnsTlsSocket.tidy
out/soong/.intermediates/packages/modules/DnsResolver/libnetd_resolv/android_x86_64_static_cfi_com.android.resolv/obj/packages/modules/DnsResolver/DnsTlsTransport.o
out/soong/.intermediates/packages/modules/DnsResolver/libnetd_resolv/android_x86_64_static_cfi_com.android.resolv/obj/packages/modules/DnsResolver/DnsTlsTransport.tidy
out/soong/.intermediates/packages/modules/DnsResolver/libnetd_resolv/android_x86_64_static_cfi_com.android.resolv/obj/packages/modules/DnsResolver/Experiments.o
out/soong/.intermediates/packages/modules/DnsResolver/libnetd_resolv/android_x86_64_static_cfi_com.android.resolv/obj/packages/modules/DnsResolver/Experiments.tidy
out/soong/.intermediates/packages/modules/DnsResolver/libnetd_resolv/android_x86_64_static_cfi_com.android.resolv/obj/packages/modules/DnsResolver/PrivateDnsConfiguration.o
out/soong/.intermediates/packages/modules/DnsResolver/libnetd_resolv/android_x86_64_static_cfi_com.android.resolv/obj/packages/modules/DnsResolver/PrivateDnsConfiguration.tidy
out/soong/.intermediates/packages/modules/DnsResolver/libnetd_resolv/android_x86_64_static_cfi_com.android.resolv/obj/packages/modules/DnsResolver/ResolverController.o
out/soong/.intermediates/packages/modules/DnsResolver/libnetd_resolv/android_x86_64_static_cfi_com.android.resolv/obj/packages/modules/DnsResolver/ResolverController.tidy
out/soong/.intermediates/packages/modules/DnsResolver/libnetd_resolv/android_x86_64_static_cfi_com.android.resolv/obj/packages/modules/DnsResolver/ResolverEventReporter.o
out/soong/.intermediates/packages/modules/DnsResolver/libnetd_resolv/android_x86_64_static_cfi_com.android.resolv/obj/packages/modules/DnsResolver/ResolverEventReporter.tidy
out/soong/.intermediates/packages/modules/DnsResolver/libnetd_resolv/android_x86_64_static_cfi_com.android.resolv/obj/packages/modules/DnsResolver/getaddrinfo.o
out/soong/.intermediates/packages/modules/DnsResolver/libnetd_resolv/android_x86_64_static_cfi_com.android.resolv/obj/packages/modules/DnsResolver/getaddrinfo.tidy
out/soong/.intermediates/packages/modules/DnsResolver/libnetd_resolv/android_x86_64_static_cfi_com.android.resolv/obj/packages/modules/DnsResolver/gethnamaddr.o
out/soong/.intermediates/packages/modules/DnsResolver/libnetd_resolv/android_x86_64_static_cfi_com.android.resolv/obj/packages/modules/DnsResolver/gethnamaddr.tidy
out/soong/.intermediates/packages/modules/DnsResolver/libnetd_resolv/android_x86_64_static_cfi_com.android.resolv/obj/packages/modules/DnsResolver/res_cache.o
out/soong/.intermediates/packages/modules/DnsResolver/libnetd_resolv/android_x86_64_static_cfi_com.android.resolv/obj/packages/modules/DnsResolver/res_cache.tidy
out/soong/.intermediates/packages/modules/DnsResolver/libnetd_resolv/android_x86_64_static_cfi_com.android.resolv/obj/packages/modules/DnsResolver/res_comp.o
out/soong/.intermediates/packages/modules/DnsResolver/libnetd_resolv/android_x86_64_static_cfi_com.android.resolv/obj/packages/modules/DnsResolver/res_comp.tidy
out/soong/.intermediates/packages/modules/DnsResolver/libnetd_resolv/android_x86_64_static_cfi_com.android.resolv/obj/packages/modules/DnsResolver/res_debug.o
out/soong/.intermediates/packages/modules/DnsResolver/libnetd_resolv/android_x86_64_static_cfi_com.android.resolv/obj/packages/modules/DnsResolver/res_debug.tidy
out/soong/.intermediates/packages/modules/DnsResolver/libnetd_resolv/android_x86_64_static_cfi_com.android.resolv/obj/packages/modules/DnsResolver/res_mkquery.o
out/soong/.intermediates/packages/modules/DnsResolver/libnetd_resolv/android_x86_64_static_cfi_com.android.resolv/obj/packages/modules/DnsResolver/res_mkquery.tidy
out/soong/.intermediates/packages/modules/DnsResolver/libnetd_resolv/android_x86_64_static_cfi_com.android.resolv/obj/packages/modules/DnsResolver/res_query.o
out/soong/.intermediates/packages/modules/DnsResolver/libnetd_resolv/android_x86_64_static_cfi_com.android.resolv/obj/packages/modules/DnsResolver/res_query.tidy
out/soong/.intermediates/packages/modules/DnsResolver/libnetd_resolv/android_x86_64_static_cfi_com.android.resolv/obj/packages/modules/DnsResolver/res_send.o
out/soong/.intermediates/packages/modules/DnsResolver/libnetd_resolv/android_x86_64_static_cfi_com.android.resolv/obj/packages/modules/DnsResolver/res_send.tidy
out/soong/.intermediates/packages/modules/DnsResolver/libnetd_resolv/android_x86_64_static_cfi_com.android.resolv/obj/packages/modules/DnsResolver/res_stats.o
out/soong/.intermediates/packages/modules/DnsResolver/libnetd_resolv/android_x86_64_static_cfi_com.android.resolv/obj/packages/modules/DnsResolver/res_stats.tidy
out/soong/.intermediates/packages/modules/DnsResolver/libnetd_resolv/android_x86_64_static_cfi_com.android.resolv/obj/packages/modules/DnsResolver/sethostent.o
out/soong/.intermediates/packages/modules/DnsResolver/libnetd_resolv/android_x86_64_static_cfi_com.android.resolv/obj/packages/modules/DnsResolver/sethostent.tidy
out/soong/.intermediates/packages/modules/DnsResolver/libnetd_resolv/android_x86_64_static_cfi_com.android.resolv/obj/packages/modules/DnsResolver/util.o
out/soong/.intermediates/packages/modules/DnsResolver/libnetd_resolv/android_x86_64_static_cfi_com.android.resolv/obj/packages/modules/DnsResolver/util.tidy