out/soong/.intermediates/frameworks/av/media/libaaudio/src/aaudio-aidl-cpp-source/gen/aaudio/Endpoint.cpp
out/soong/.intermediates/frameworks/av/media/libaaudio/src/aaudio-aidl-cpp-source/gen/aaudio/IAAudioClient.cpp
out/soong/.intermediates/frameworks/av/media/libaaudio/src/aaudio-aidl-cpp-source/gen/aaudio/IAAudioService.cpp
out/soong/.intermediates/frameworks/av/media/libaaudio/src/aaudio-aidl-cpp-source/gen/aaudio/RingBuffer.cpp
out/soong/.intermediates/frameworks/av/media/libaaudio/src/aaudio-aidl-cpp-source/gen/aaudio/SharedRegion.cpp
out/soong/.intermediates/frameworks/av/media/libaaudio/src/aaudio-aidl-cpp-source/gen/aaudio/StreamParameters.cpp
out/soong/.intermediates/frameworks/av/media/libaaudio/src/aaudio-aidl-cpp-source/gen/aaudio/StreamRequest.cpp
out/soong/.intermediates/frameworks/av/media/libaaudio/src/aaudio-aidl-cpp-source/gen/include/aaudio/BnAAudioClient.h
out/soong/.intermediates/frameworks/av/media/libaaudio/src/aaudio-aidl-cpp-source/gen/include/aaudio/BnAAudioService.h
out/soong/.intermediates/frameworks/av/media/libaaudio/src/aaudio-aidl-cpp-source/gen/include/aaudio/BnEndpoint.h
out/soong/.intermediates/frameworks/av/media/libaaudio/src/aaudio-aidl-cpp-source/gen/include/aaudio/BnRingBuffer.h
out/soong/.intermediates/frameworks/av/media/libaaudio/src/aaudio-aidl-cpp-source/gen/include/aaudio/BnSharedRegion.h
out/soong/.intermediates/frameworks/av/media/libaaudio/src/aaudio-aidl-cpp-source/gen/include/aaudio/BnStreamParameters.h
out/soong/.intermediates/frameworks/av/media/libaaudio/src/aaudio-aidl-cpp-source/gen/include/aaudio/BnStreamRequest.h
out/soong/.intermediates/frameworks/av/media/libaaudio/src/aaudio-aidl-cpp-source/gen/include/aaudio/BpAAudioClient.h
out/soong/.intermediates/frameworks/av/media/libaaudio/src/aaudio-aidl-cpp-source/gen/include/aaudio/BpAAudioService.h
out/soong/.intermediates/frameworks/av/media/libaaudio/src/aaudio-aidl-cpp-source/gen/include/aaudio/BpEndpoint.h
out/soong/.intermediates/frameworks/av/media/libaaudio/src/aaudio-aidl-cpp-source/gen/include/aaudio/BpRingBuffer.h
out/soong/.intermediates/frameworks/av/media/libaaudio/src/aaudio-aidl-cpp-source/gen/include/aaudio/BpSharedRegion.h
out/soong/.intermediates/frameworks/av/media/libaaudio/src/aaudio-aidl-cpp-source/gen/include/aaudio/BpStreamParameters.h
out/soong/.intermediates/frameworks/av/media/libaaudio/src/aaudio-aidl-cpp-source/gen/include/aaudio/BpStreamRequest.h
out/soong/.intermediates/frameworks/av/media/libaaudio/src/aaudio-aidl-cpp-source/gen/include/aaudio/Endpoint.h
out/soong/.intermediates/frameworks/av/media/libaaudio/src/aaudio-aidl-cpp-source/gen/include/aaudio/IAAudioClient.h
out/soong/.intermediates/frameworks/av/media/libaaudio/src/aaudio-aidl-cpp-source/gen/include/aaudio/IAAudioService.h
out/soong/.intermediates/frameworks/av/media/libaaudio/src/aaudio-aidl-cpp-source/gen/include/aaudio/RingBuffer.h
out/soong/.intermediates/frameworks/av/media/libaaudio/src/aaudio-aidl-cpp-source/gen/include/aaudio/SharedRegion.h
out/soong/.intermediates/frameworks/av/media/libaaudio/src/aaudio-aidl-cpp-source/gen/include/aaudio/StreamParameters.h
out/soong/.intermediates/frameworks/av/media/libaaudio/src/aaudio-aidl-cpp-source/gen/include/aaudio/StreamRequest.h