out/soong/.intermediates/system/netd/server/netd_aidl_interface-V6-cpp/android_x86_64_static/obj/.intermediates/system/netd/server/netd_aidl_interface-V6-cpp-source/gen/android/net/INetd.o
out/soong/.intermediates/system/netd/server/netd_aidl_interface-V6-cpp/android_x86_64_static/obj/.intermediates/system/netd/server/netd_aidl_interface-V6-cpp-source/gen/android/net/INetd.tidy
out/soong/.intermediates/system/netd/server/netd_aidl_interface-V6-cpp/android_x86_64_static/obj/.intermediates/system/netd/server/netd_aidl_interface-V6-cpp-source/gen/android/net/INetdUnsolicitedEventListener.o
out/soong/.intermediates/system/netd/server/netd_aidl_interface-V6-cpp/android_x86_64_static/obj/.intermediates/system/netd/server/netd_aidl_interface-V6-cpp-source/gen/android/net/INetdUnsolicitedEventListener.tidy
out/soong/.intermediates/system/netd/server/netd_aidl_interface-V6-cpp/android_x86_64_static/obj/.intermediates/system/netd/server/netd_aidl_interface-V6-cpp-source/gen/android/net/InterfaceConfigurationParcel.o
out/soong/.intermediates/system/netd/server/netd_aidl_interface-V6-cpp/android_x86_64_static/obj/.intermediates/system/netd/server/netd_aidl_interface-V6-cpp-source/gen/android/net/InterfaceConfigurationParcel.tidy
out/soong/.intermediates/system/netd/server/netd_aidl_interface-V6-cpp/android_x86_64_static/obj/.intermediates/system/netd/server/netd_aidl_interface-V6-cpp-source/gen/android/net/MarkMaskParcel.o
out/soong/.intermediates/system/netd/server/netd_aidl_interface-V6-cpp/android_x86_64_static/obj/.intermediates/system/netd/server/netd_aidl_interface-V6-cpp-source/gen/android/net/MarkMaskParcel.tidy
out/soong/.intermediates/system/netd/server/netd_aidl_interface-V6-cpp/android_x86_64_static/obj/.intermediates/system/netd/server/netd_aidl_interface-V6-cpp-source/gen/android/net/NativeNetworkConfig.o
out/soong/.intermediates/system/netd/server/netd_aidl_interface-V6-cpp/android_x86_64_static/obj/.intermediates/system/netd/server/netd_aidl_interface-V6-cpp-source/gen/android/net/NativeNetworkConfig.tidy
out/soong/.intermediates/system/netd/server/netd_aidl_interface-V6-cpp/android_x86_64_static/obj/.intermediates/system/netd/server/netd_aidl_interface-V6-cpp-source/gen/android/net/NativeNetworkType.o
out/soong/.intermediates/system/netd/server/netd_aidl_interface-V6-cpp/android_x86_64_static/obj/.intermediates/system/netd/server/netd_aidl_interface-V6-cpp-source/gen/android/net/NativeNetworkType.tidy
out/soong/.intermediates/system/netd/server/netd_aidl_interface-V6-cpp/android_x86_64_static/obj/.intermediates/system/netd/server/netd_aidl_interface-V6-cpp-source/gen/android/net/NativeVpnType.o
out/soong/.intermediates/system/netd/server/netd_aidl_interface-V6-cpp/android_x86_64_static/obj/.intermediates/system/netd/server/netd_aidl_interface-V6-cpp-source/gen/android/net/NativeVpnType.tidy
out/soong/.intermediates/system/netd/server/netd_aidl_interface-V6-cpp/android_x86_64_static/obj/.intermediates/system/netd/server/netd_aidl_interface-V6-cpp-source/gen/android/net/RouteInfoParcel.o
out/soong/.intermediates/system/netd/server/netd_aidl_interface-V6-cpp/android_x86_64_static/obj/.intermediates/system/netd/server/netd_aidl_interface-V6-cpp-source/gen/android/net/RouteInfoParcel.tidy
out/soong/.intermediates/system/netd/server/netd_aidl_interface-V6-cpp/android_x86_64_static/obj/.intermediates/system/netd/server/netd_aidl_interface-V6-cpp-source/gen/android/net/TetherConfigParcel.o
out/soong/.intermediates/system/netd/server/netd_aidl_interface-V6-cpp/android_x86_64_static/obj/.intermediates/system/netd/server/netd_aidl_interface-V6-cpp-source/gen/android/net/TetherConfigParcel.tidy
out/soong/.intermediates/system/netd/server/netd_aidl_interface-V6-cpp/android_x86_64_static/obj/.intermediates/system/netd/server/netd_aidl_interface-V6-cpp-source/gen/android/net/TetherOffloadRuleParcel.o
out/soong/.intermediates/system/netd/server/netd_aidl_interface-V6-cpp/android_x86_64_static/obj/.intermediates/system/netd/server/netd_aidl_interface-V6-cpp-source/gen/android/net/TetherOffloadRuleParcel.tidy
out/soong/.intermediates/system/netd/server/netd_aidl_interface-V6-cpp/android_x86_64_static/obj/.intermediates/system/netd/server/netd_aidl_interface-V6-cpp-source/gen/android/net/TetherStatsParcel.o
out/soong/.intermediates/system/netd/server/netd_aidl_interface-V6-cpp/android_x86_64_static/obj/.intermediates/system/netd/server/netd_aidl_interface-V6-cpp-source/gen/android/net/TetherStatsParcel.tidy
out/soong/.intermediates/system/netd/server/netd_aidl_interface-V6-cpp/android_x86_64_static/obj/.intermediates/system/netd/server/netd_aidl_interface-V6-cpp-source/gen/android/net/UidRangeParcel.o
out/soong/.intermediates/system/netd/server/netd_aidl_interface-V6-cpp/android_x86_64_static/obj/.intermediates/system/netd/server/netd_aidl_interface-V6-cpp-source/gen/android/net/UidRangeParcel.tidy