out/soong/.intermediates/frameworks/base/framework-minus-apex/android_common/turbine/framework-minus-apex.jar
out/soong/.intermediates/frameworks/base/framework-minus-apex/android_common/turbine-combined/framework-minus-apex.jar
out/soong/.intermediates/frameworks/base/framework-minus-apex/android_common/turbine-jarjar/framework-minus-apex.jar
out/soong/.intermediates/frameworks/base/framework-minus-apex/android_common/javac/framework-minus-apex.jar0
out/soong/.intermediates/frameworks/base/framework-minus-apex/android_common/javac/framework-minus-apex.jar1
out/soong/.intermediates/frameworks/base/framework-minus-apex/android_common/javac/framework-minus-apex.jar2
out/soong/.intermediates/frameworks/base/framework-minus-apex/android_common/javac/framework-minus-apex.jar3
out/soong/.intermediates/frameworks/base/framework-minus-apex/android_common/javac/framework-minus-apex.jar4
out/soong/.intermediates/frameworks/base/framework-minus-apex/android_common/javac/framework-minus-apex.jar5
out/soong/.intermediates/frameworks/base/framework-minus-apex/android_common/javac/framework-minus-apex.jar6
out/soong/.intermediates/frameworks/base/framework-minus-apex/android_common/javac/framework-minus-apex.jar7
out/soong/.intermediates/frameworks/base/framework-minus-apex/android_common/javac/framework-minus-apex.jar8
out/soong/.intermediates/frameworks/base/framework-minus-apex/android_common/javac/framework-minus-apex.jar9
out/soong/.intermediates/frameworks/base/framework-minus-apex/android_common/javac/framework-minus-apex.jar10
out/soong/.intermediates/frameworks/base/framework-minus-apex/android_common/javac/framework-minus-apex.jar11
out/soong/.intermediates/frameworks/base/framework-minus-apex/android_common/javac/framework-minus-apex.jar12
out/soong/.intermediates/frameworks/base/framework-minus-apex/android_common/javac/framework-minus-apex.jar13
out/soong/.intermediates/frameworks/base/framework-minus-apex/android_common/javac/framework-minus-apex.jar14
out/soong/.intermediates/frameworks/base/framework-minus-apex/android_common/javac/framework-minus-apex.jar15
out/soong/.intermediates/frameworks/base/framework-minus-apex/android_common/javac/framework-minus-apex.jar16
out/soong/.intermediates/frameworks/base/framework-minus-apex/android_common/javac/framework-minus-apex.jar17
out/soong/.intermediates/frameworks/base/framework-minus-apex/android_common/javac/framework-minus-apex.jar18
out/soong/.intermediates/frameworks/base/framework-minus-apex/android_common/javac/framework-minus-apex.jar19
out/soong/.intermediates/frameworks/base/framework-minus-apex/android_common/javac/framework-minus-apex.jar20
out/soong/.intermediates/frameworks/base/framework-minus-apex/android_common/javac/framework-minus-apex.jar21
out/soong/.intermediates/frameworks/base/framework-minus-apex/android_common/javac/framework-minus-apex.jar22
out/soong/.intermediates/frameworks/base/framework-minus-apex/android_common/javac/framework-minus-apex.jar23
out/soong/.intermediates/frameworks/base/framework-minus-apex/android_common/javac/framework-minus-apex.jar24
out/soong/.intermediates/frameworks/base/framework-minus-apex/android_common/javac/framework-minus-apex.jar25
out/soong/.intermediates/frameworks/base/framework-minus-apex/android_common/javac/framework-minus-apex.jar26
out/soong/.intermediates/frameworks/base/framework-minus-apex/android_common/javac/framework-minus-apex.jar27
out/soong/.intermediates/frameworks/base/framework-minus-apex/android_common/javac/framework-minus-apex.jar28
out/soong/.intermediates/frameworks/base/framework-minus-apex/android_common/javac/framework-minus-apex.jar29
out/soong/.intermediates/frameworks/base/framework-minus-apex/android_common/javac/framework-minus-apex.jar30
out/soong/.intermediates/frameworks/base/framework-minus-apex/android_common/javac/framework-minus-apex.jar31
out/soong/.intermediates/frameworks/base/framework-minus-apex/android_common/javac/framework-minus-apex.jar32
out/soong/.intermediates/frameworks/base/framework-minus-apex/android_common/javac/framework-minus-apex.jar33
out/soong/.intermediates/frameworks/base/framework-minus-apex/android_common/combined/framework-minus-apex.jar
out/soong/.intermediates/frameworks/base/framework-minus-apex/android_common/jarjar/framework-minus-apex.jar
out/soong/.intermediates/frameworks/base/framework-minus-apex/android_common/dex/framework-minus-apex.jar
out/soong/.intermediates/frameworks/base/framework-minus-apex/android_common/aligned/framework-minus-apex.jar
