out/soong/.intermediates/frameworks/av/camera/libcamera_client/android_x86_64_shared/gen/aidl/android/hardware/BnCameraService.h
out/soong/.intermediates/frameworks/av/camera/libcamera_client/android_x86_64_shared/gen/aidl/android/hardware/BnCameraServiceListener.h
out/soong/.intermediates/frameworks/av/camera/libcamera_client/android_x86_64_shared/gen/aidl/android/hardware/BnCameraServiceProxy.h
out/soong/.intermediates/frameworks/av/camera/libcamera_client/android_x86_64_shared/gen/aidl/android/hardware/BpCameraService.h
out/soong/.intermediates/frameworks/av/camera/libcamera_client/android_x86_64_shared/gen/aidl/android/hardware/BpCameraServiceListener.h
out/soong/.intermediates/frameworks/av/camera/libcamera_client/android_x86_64_shared/gen/aidl/android/hardware/BpCameraServiceProxy.h
out/soong/.intermediates/frameworks/av/camera/libcamera_client/android_x86_64_shared/gen/aidl/android/hardware/ICameraService.h
out/soong/.intermediates/frameworks/av/camera/libcamera_client/android_x86_64_shared/gen/aidl/android/hardware/ICameraServiceListener.h
out/soong/.intermediates/frameworks/av/camera/libcamera_client/android_x86_64_shared/gen/aidl/android/hardware/ICameraServiceProxy.h
out/soong/.intermediates/frameworks/av/camera/libcamera_client/android_x86_64_shared/gen/aidl/android/hardware/camera2/BnCameraDeviceCallbacks.h
out/soong/.intermediates/frameworks/av/camera/libcamera_client/android_x86_64_shared/gen/aidl/android/hardware/camera2/BnCameraDeviceUser.h
out/soong/.intermediates/frameworks/av/camera/libcamera_client/android_x86_64_shared/gen/aidl/android/hardware/camera2/BnCameraInjectionCallback.h
out/soong/.intermediates/frameworks/av/camera/libcamera_client/android_x86_64_shared/gen/aidl/android/hardware/camera2/BnCameraInjectionSession.h
out/soong/.intermediates/frameworks/av/camera/libcamera_client/android_x86_64_shared/gen/aidl/android/hardware/camera2/BnCameraOfflineSession.h
out/soong/.intermediates/frameworks/av/camera/libcamera_client/android_x86_64_shared/gen/aidl/android/hardware/camera2/BpCameraDeviceCallbacks.h
out/soong/.intermediates/frameworks/av/camera/libcamera_client/android_x86_64_shared/gen/aidl/android/hardware/camera2/BpCameraDeviceUser.h
out/soong/.intermediates/frameworks/av/camera/libcamera_client/android_x86_64_shared/gen/aidl/android/hardware/camera2/BpCameraInjectionCallback.h
out/soong/.intermediates/frameworks/av/camera/libcamera_client/android_x86_64_shared/gen/aidl/android/hardware/camera2/BpCameraInjectionSession.h
out/soong/.intermediates/frameworks/av/camera/libcamera_client/android_x86_64_shared/gen/aidl/android/hardware/camera2/BpCameraOfflineSession.h
out/soong/.intermediates/frameworks/av/camera/libcamera_client/android_x86_64_shared/gen/aidl/android/hardware/camera2/ICameraDeviceCallbacks.h
out/soong/.intermediates/frameworks/av/camera/libcamera_client/android_x86_64_shared/gen/aidl/android/hardware/camera2/ICameraDeviceUser.h
out/soong/.intermediates/frameworks/av/camera/libcamera_client/android_x86_64_shared/gen/aidl/android/hardware/camera2/ICameraInjectionCallback.h
out/soong/.intermediates/frameworks/av/camera/libcamera_client/android_x86_64_shared/gen/aidl/android/hardware/camera2/ICameraInjectionSession.h
out/soong/.intermediates/frameworks/av/camera/libcamera_client/android_x86_64_shared/gen/aidl/android/hardware/camera2/ICameraOfflineSession.h
out/soong/.intermediates/frameworks/av/camera/libcamera_client/android_x86_64_shared/libcamera_client.so
out/soong/.intermediates/frameworks/av/camera/libcamera_client/android_x86_64_shared/libcamera_client.so.toc