out/soong/ndk/platforms/android-16/arch-x86/usr/lib/libdl.so
out/soong/ndk/platforms/android-17/arch-x86/usr/lib/libdl.so
out/soong/ndk/platforms/android-18/arch-x86/usr/lib/libdl.so
out/soong/ndk/platforms/android-19/arch-x86/usr/lib/libdl.so
out/soong/ndk/platforms/android-20/arch-x86/usr/lib/libdl.so
out/soong/ndk/platforms/android-21/arch-x86/usr/lib/libdl.so
out/soong/ndk/platforms/android-21/arch-x86_64/usr/lib64/libdl.so
out/soong/ndk/platforms/android-22/arch-x86/usr/lib/libdl.so
out/soong/ndk/platforms/android-22/arch-x86_64/usr/lib64/libdl.so
out/soong/ndk/platforms/android-23/arch-x86/usr/lib/libdl.so
out/soong/ndk/platforms/android-23/arch-x86_64/usr/lib64/libdl.so
out/soong/ndk/platforms/android-24/arch-x86/usr/lib/libdl.so
out/soong/ndk/platforms/android-24/arch-x86_64/usr/lib64/libdl.so
out/soong/ndk/platforms/android-25/arch-x86/usr/lib/libdl.so
out/soong/ndk/platforms/android-25/arch-x86_64/usr/lib64/libdl.so
out/soong/ndk/platforms/android-26/arch-x86/usr/lib/libdl.so
out/soong/ndk/platforms/android-26/arch-x86_64/usr/lib64/libdl.so
out/soong/ndk/platforms/android-27/arch-x86/usr/lib/libdl.so
out/soong/ndk/platforms/android-27/arch-x86_64/usr/lib64/libdl.so
out/soong/ndk/platforms/android-28/arch-x86/usr/lib/libdl.so
out/soong/ndk/platforms/android-28/arch-x86_64/usr/lib64/libdl.so
out/soong/ndk/platforms/android-29/arch-x86/usr/lib/libdl.so
out/soong/ndk/platforms/android-29/arch-x86_64/usr/lib64/libdl.so
out/soong/ndk/platforms/android-30/arch-x86/usr/lib/libdl.so
out/soong/ndk/platforms/android-30/arch-x86_64/usr/lib64/libdl.so
out/soong/ndk/platforms/android-31/arch-x86/usr/lib/libdl.so
out/soong/ndk/platforms/android-31/arch-x86_64/usr/lib64/libdl.so
out/soong/ndk/platforms/android-REL/arch-x86/usr/lib/libdl.so
out/soong/ndk/platforms/android-REL/arch-x86_64/usr/lib64/libdl.so
out/soong/ndk/platforms/android-current/arch-x86/usr/lib/libdl.so
out/soong/ndk/platforms/android-current/arch-x86_64/usr/lib64/libdl.so
