out/soong/.intermediates/system/keymaster/libkeymaster_portable/linux_glibc_x86_64_static/obj/system/keymaster/android_keymaster/android_keymaster.o
out/soong/.intermediates/system/keymaster/libkeymaster_portable/linux_glibc_x86_64_static/obj/system/keymaster/android_keymaster/android_keymaster.tidy
out/soong/.intermediates/system/keymaster/libkeymaster_portable/linux_glibc_x86_64_static/obj/system/keymaster/android_keymaster/android_keymaster_messages.o
out/soong/.intermediates/system/keymaster/libkeymaster_portable/linux_glibc_x86_64_static/obj/system/keymaster/android_keymaster/android_keymaster_messages.tidy
out/soong/.intermediates/system/keymaster/libkeymaster_portable/linux_glibc_x86_64_static/obj/system/keymaster/android_keymaster/android_keymaster_utils.o
out/soong/.intermediates/system/keymaster/libkeymaster_portable/linux_glibc_x86_64_static/obj/system/keymaster/android_keymaster/android_keymaster_utils.tidy
out/soong/.intermediates/system/keymaster/libkeymaster_portable/linux_glibc_x86_64_static/obj/system/keymaster/android_keymaster/authorization_set.o
out/soong/.intermediates/system/keymaster/libkeymaster_portable/linux_glibc_x86_64_static/obj/system/keymaster/android_keymaster/authorization_set.tidy
out/soong/.intermediates/system/keymaster/libkeymaster_portable/linux_glibc_x86_64_static/obj/system/keymaster/android_keymaster/keymaster_enforcement.o
out/soong/.intermediates/system/keymaster/libkeymaster_portable/linux_glibc_x86_64_static/obj/system/keymaster/android_keymaster/keymaster_enforcement.tidy
out/soong/.intermediates/system/keymaster/libkeymaster_portable/linux_glibc_x86_64_static/obj/system/keymaster/android_keymaster/keymaster_tags.o
out/soong/.intermediates/system/keymaster/libkeymaster_portable/linux_glibc_x86_64_static/obj/system/keymaster/android_keymaster/keymaster_tags.tidy
out/soong/.intermediates/system/keymaster/libkeymaster_portable/linux_glibc_x86_64_static/obj/system/keymaster/android_keymaster/logger.o
out/soong/.intermediates/system/keymaster/libkeymaster_portable/linux_glibc_x86_64_static/obj/system/keymaster/android_keymaster/logger.tidy
out/soong/.intermediates/system/keymaster/libkeymaster_portable/linux_glibc_x86_64_static/obj/system/keymaster/android_keymaster/operation.o
out/soong/.intermediates/system/keymaster/libkeymaster_portable/linux_glibc_x86_64_static/obj/system/keymaster/android_keymaster/operation.tidy
out/soong/.intermediates/system/keymaster/libkeymaster_portable/linux_glibc_x86_64_static/obj/system/keymaster/android_keymaster/operation_table.o
out/soong/.intermediates/system/keymaster/libkeymaster_portable/linux_glibc_x86_64_static/obj/system/keymaster/android_keymaster/operation_table.tidy
out/soong/.intermediates/system/keymaster/libkeymaster_portable/linux_glibc_x86_64_static/obj/system/keymaster/android_keymaster/pure_soft_secure_key_storage.o
out/soong/.intermediates/system/keymaster/libkeymaster_portable/linux_glibc_x86_64_static/obj/system/keymaster/android_keymaster/pure_soft_secure_key_storage.tidy
out/soong/.intermediates/system/keymaster/libkeymaster_portable/linux_glibc_x86_64_static/obj/system/keymaster/android_keymaster/remote_provisioning_utils.o
out/soong/.intermediates/system/keymaster/libkeymaster_portable/linux_glibc_x86_64_static/obj/system/keymaster/android_keymaster/remote_provisioning_utils.tidy
out/soong/.intermediates/system/keymaster/libkeymaster_portable/linux_glibc_x86_64_static/obj/system/keymaster/android_keymaster/serializable.o
out/soong/.intermediates/system/keymaster/libkeymaster_portable/linux_glibc_x86_64_static/obj/system/keymaster/android_keymaster/serializable.tidy
out/soong/.intermediates/system/keymaster/libkeymaster_portable/linux_glibc_x86_64_static/obj/system/keymaster/key_blob_utils/auth_encrypted_key_blob.o
out/soong/.intermediates/system/keymaster/libkeymaster_portable/linux_glibc_x86_64_static/obj/system/keymaster/key_blob_utils/auth_encrypted_key_blob.tidy
out/soong/.intermediates/system/keymaster/libkeymaster_portable/linux_glibc_x86_64_static/obj/system/keymaster/key_blob_utils/integrity_assured_key_blob.o
out/soong/.intermediates/system/keymaster/libkeymaster_portable/linux_glibc_x86_64_static/obj/system/keymaster/key_blob_utils/integrity_assured_key_blob.tidy
out/soong/.intermediates/system/keymaster/libkeymaster_portable/linux_glibc_x86_64_static/obj/system/keymaster/key_blob_utils/ocb.o
out/soong/.intermediates/system/keymaster/libkeymaster_portable/linux_glibc_x86_64_static/obj/system/keymaster/key_blob_utils/ocb.tidy
out/soong/.intermediates/system/keymaster/libkeymaster_portable/linux_glibc_x86_64_static/obj/system/keymaster/key_blob_utils/ocb_utils.o
out/soong/.intermediates/system/keymaster/libkeymaster_portable/linux_glibc_x86_64_static/obj/system/keymaster/key_blob_utils/ocb_utils.tidy
out/soong/.intermediates/system/keymaster/libkeymaster_portable/linux_glibc_x86_64_static/obj/system/keymaster/key_blob_utils/software_keyblobs.o
out/soong/.intermediates/system/keymaster/libkeymaster_portable/linux_glibc_x86_64_static/obj/system/keymaster/key_blob_utils/software_keyblobs.tidy
out/soong/.intermediates/system/keymaster/libkeymaster_portable/linux_glibc_x86_64_static/obj/system/keymaster/km_openssl/aes_key.o
out/soong/.intermediates/system/keymaster/libkeymaster_portable/linux_glibc_x86_64_static/obj/system/keymaster/km_openssl/aes_key.tidy
out/soong/.intermediates/system/keymaster/libkeymaster_portable/linux_glibc_x86_64_static/obj/system/keymaster/km_openssl/aes_operation.o
out/soong/.intermediates/system/keymaster/libkeymaster_portable/linux_glibc_x86_64_static/obj/system/keymaster/km_openssl/aes_operation.tidy
out/soong/.intermediates/system/keymaster/libkeymaster_portable/linux_glibc_x86_64_static/obj/system/keymaster/km_openssl/asymmetric_key.o
out/soong/.intermediates/system/keymaster/libkeymaster_portable/linux_glibc_x86_64_static/obj/system/keymaster/km_openssl/asymmetric_key.tidy
out/soong/.intermediates/system/keymaster/libkeymaster_portable/linux_glibc_x86_64_static/obj/system/keymaster/km_openssl/asymmetric_key_factory.o
out/soong/.intermediates/system/keymaster/libkeymaster_portable/linux_glibc_x86_64_static/obj/system/keymaster/km_openssl/asymmetric_key_factory.tidy
out/soong/.intermediates/system/keymaster/libkeymaster_portable/linux_glibc_x86_64_static/obj/system/keymaster/km_openssl/attestation_record.o
out/soong/.intermediates/system/keymaster/libkeymaster_portable/linux_glibc_x86_64_static/obj/system/keymaster/km_openssl/attestation_record.tidy
out/soong/.intermediates/system/keymaster/libkeymaster_portable/linux_glibc_x86_64_static/obj/system/keymaster/km_openssl/attestation_utils.o
out/soong/.intermediates/system/keymaster/libkeymaster_portable/linux_glibc_x86_64_static/obj/system/keymaster/km_openssl/attestation_utils.tidy
out/soong/.intermediates/system/keymaster/libkeymaster_portable/linux_glibc_x86_64_static/obj/system/keymaster/km_openssl/block_cipher_operation.o
out/soong/.intermediates/system/keymaster/libkeymaster_portable/linux_glibc_x86_64_static/obj/system/keymaster/km_openssl/block_cipher_operation.tidy
out/soong/.intermediates/system/keymaster/libkeymaster_portable/linux_glibc_x86_64_static/obj/system/keymaster/km_openssl/certificate_utils.o
out/soong/.intermediates/system/keymaster/libkeymaster_portable/linux_glibc_x86_64_static/obj/system/keymaster/km_openssl/certificate_utils.tidy
out/soong/.intermediates/system/keymaster/libkeymaster_portable/linux_glibc_x86_64_static/obj/system/keymaster/km_openssl/ckdf.o
out/soong/.intermediates/system/keymaster/libkeymaster_portable/linux_glibc_x86_64_static/obj/system/keymaster/km_openssl/ckdf.tidy
out/soong/.intermediates/system/keymaster/libkeymaster_portable/linux_glibc_x86_64_static/obj/system/keymaster/km_openssl/ec_key.o
out/soong/.intermediates/system/keymaster/libkeymaster_portable/linux_glibc_x86_64_static/obj/system/keymaster/km_openssl/ec_key.tidy
out/soong/.intermediates/system/keymaster/libkeymaster_portable/linux_glibc_x86_64_static/obj/system/keymaster/km_openssl/ec_key_factory.o
out/soong/.intermediates/system/keymaster/libkeymaster_portable/linux_glibc_x86_64_static/obj/system/keymaster/km_openssl/ec_key_factory.tidy
out/soong/.intermediates/system/keymaster/libkeymaster_portable/linux_glibc_x86_64_static/obj/system/keymaster/km_openssl/ecdh_operation.o
out/soong/.intermediates/system/keymaster/libkeymaster_portable/linux_glibc_x86_64_static/obj/system/keymaster/km_openssl/ecdh_operation.tidy
out/soong/.intermediates/system/keymaster/libkeymaster_portable/linux_glibc_x86_64_static/obj/system/keymaster/km_openssl/ecdsa_operation.o
out/soong/.intermediates/system/keymaster/libkeymaster_portable/linux_glibc_x86_64_static/obj/system/keymaster/km_openssl/ecdsa_operation.tidy
out/soong/.intermediates/system/keymaster/libkeymaster_portable/linux_glibc_x86_64_static/obj/system/keymaster/km_openssl/ecies_kem.o
out/soong/.intermediates/system/keymaster/libkeymaster_portable/linux_glibc_x86_64_static/obj/system/keymaster/km_openssl/ecies_kem.tidy
out/soong/.intermediates/system/keymaster/libkeymaster_portable/linux_glibc_x86_64_static/obj/system/keymaster/km_openssl/hkdf.o
out/soong/.intermediates/system/keymaster/libkeymaster_portable/linux_glibc_x86_64_static/obj/system/keymaster/km_openssl/hkdf.tidy
out/soong/.intermediates/system/keymaster/libkeymaster_portable/linux_glibc_x86_64_static/obj/system/keymaster/km_openssl/hmac.o
out/soong/.intermediates/system/keymaster/libkeymaster_portable/linux_glibc_x86_64_static/obj/system/keymaster/km_openssl/hmac.tidy
out/soong/.intermediates/system/keymaster/libkeymaster_portable/linux_glibc_x86_64_static/obj/system/keymaster/km_openssl/hmac_key.o
out/soong/.intermediates/system/keymaster/libkeymaster_portable/linux_glibc_x86_64_static/obj/system/keymaster/km_openssl/hmac_key.tidy
out/soong/.intermediates/system/keymaster/libkeymaster_portable/linux_glibc_x86_64_static/obj/system/keymaster/km_openssl/hmac_operation.o
out/soong/.intermediates/system/keymaster/libkeymaster_portable/linux_glibc_x86_64_static/obj/system/keymaster/km_openssl/hmac_operation.tidy
out/soong/.intermediates/system/keymaster/libkeymaster_portable/linux_glibc_x86_64_static/obj/system/keymaster/km_openssl/iso18033kdf.o
out/soong/.intermediates/system/keymaster/libkeymaster_portable/linux_glibc_x86_64_static/obj/system/keymaster/km_openssl/iso18033kdf.tidy
out/soong/.intermediates/system/keymaster/libkeymaster_portable/linux_glibc_x86_64_static/obj/system/keymaster/km_openssl/kdf.o
out/soong/.intermediates/system/keymaster/libkeymaster_portable/linux_glibc_x86_64_static/obj/system/keymaster/km_openssl/kdf.tidy
out/soong/.intermediates/system/keymaster/libkeymaster_portable/linux_glibc_x86_64_static/obj/system/keymaster/km_openssl/nist_curve_key_exchange.o
out/soong/.intermediates/system/keymaster/libkeymaster_portable/linux_glibc_x86_64_static/obj/system/keymaster/km_openssl/nist_curve_key_exchange.tidy
out/soong/.intermediates/system/keymaster/libkeymaster_portable/linux_glibc_x86_64_static/obj/system/keymaster/km_openssl/openssl_err.o
out/soong/.intermediates/system/keymaster/libkeymaster_portable/linux_glibc_x86_64_static/obj/system/keymaster/km_openssl/openssl_err.tidy
out/soong/.intermediates/system/keymaster/libkeymaster_portable/linux_glibc_x86_64_static/obj/system/keymaster/km_openssl/openssl_utils.o
out/soong/.intermediates/system/keymaster/libkeymaster_portable/linux_glibc_x86_64_static/obj/system/keymaster/km_openssl/openssl_utils.tidy
out/soong/.intermediates/system/keymaster/libkeymaster_portable/linux_glibc_x86_64_static/obj/system/keymaster/km_openssl/rsa_key.o
out/soong/.intermediates/system/keymaster/libkeymaster_portable/linux_glibc_x86_64_static/obj/system/keymaster/km_openssl/rsa_key.tidy
out/soong/.intermediates/system/keymaster/libkeymaster_portable/linux_glibc_x86_64_static/obj/system/keymaster/km_openssl/rsa_key_factory.o
out/soong/.intermediates/system/keymaster/libkeymaster_portable/linux_glibc_x86_64_static/obj/system/keymaster/km_openssl/rsa_key_factory.tidy
out/soong/.intermediates/system/keymaster/libkeymaster_portable/linux_glibc_x86_64_static/obj/system/keymaster/km_openssl/rsa_operation.o
out/soong/.intermediates/system/keymaster/libkeymaster_portable/linux_glibc_x86_64_static/obj/system/keymaster/km_openssl/rsa_operation.tidy
out/soong/.intermediates/system/keymaster/libkeymaster_portable/linux_glibc_x86_64_static/obj/system/keymaster/km_openssl/software_random_source.o
out/soong/.intermediates/system/keymaster/libkeymaster_portable/linux_glibc_x86_64_static/obj/system/keymaster/km_openssl/software_random_source.tidy
out/soong/.intermediates/system/keymaster/libkeymaster_portable/linux_glibc_x86_64_static/obj/system/keymaster/km_openssl/symmetric_key.o
out/soong/.intermediates/system/keymaster/libkeymaster_portable/linux_glibc_x86_64_static/obj/system/keymaster/km_openssl/symmetric_key.tidy
out/soong/.intermediates/system/keymaster/libkeymaster_portable/linux_glibc_x86_64_static/obj/system/keymaster/km_openssl/triple_des_key.o
out/soong/.intermediates/system/keymaster/libkeymaster_portable/linux_glibc_x86_64_static/obj/system/keymaster/km_openssl/triple_des_key.tidy
out/soong/.intermediates/system/keymaster/libkeymaster_portable/linux_glibc_x86_64_static/obj/system/keymaster/km_openssl/triple_des_operation.o
out/soong/.intermediates/system/keymaster/libkeymaster_portable/linux_glibc_x86_64_static/obj/system/keymaster/km_openssl/triple_des_operation.tidy
out/soong/.intermediates/system/keymaster/libkeymaster_portable/linux_glibc_x86_64_static/obj/system/keymaster/km_openssl/wrapped_key.o
out/soong/.intermediates/system/keymaster/libkeymaster_portable/linux_glibc_x86_64_static/obj/system/keymaster/km_openssl/wrapped_key.tidy