out/soong/.intermediates/system/security/identity/libcredstore_aidl/android_x86_64_shared/gen/aidl/android/security/identity/AccessControlProfileParcel.h
out/soong/.intermediates/system/security/identity/libcredstore_aidl/android_x86_64_shared/gen/aidl/android/security/identity/AuthKeyParcel.h
out/soong/.intermediates/system/security/identity/libcredstore_aidl/android_x86_64_shared/gen/aidl/android/security/identity/BnAccessControlProfileParcel.h
out/soong/.intermediates/system/security/identity/libcredstore_aidl/android_x86_64_shared/gen/aidl/android/security/identity/BnAuthKeyParcel.h
out/soong/.intermediates/system/security/identity/libcredstore_aidl/android_x86_64_shared/gen/aidl/android/security/identity/BnCredential.h
out/soong/.intermediates/system/security/identity/libcredstore_aidl/android_x86_64_shared/gen/aidl/android/security/identity/BnCredentialStore.h
out/soong/.intermediates/system/security/identity/libcredstore_aidl/android_x86_64_shared/gen/aidl/android/security/identity/BnCredentialStoreFactory.h
out/soong/.intermediates/system/security/identity/libcredstore_aidl/android_x86_64_shared/gen/aidl/android/security/identity/BnEntryNamespaceParcel.h
out/soong/.intermediates/system/security/identity/libcredstore_aidl/android_x86_64_shared/gen/aidl/android/security/identity/BnEntryParcel.h
out/soong/.intermediates/system/security/identity/libcredstore_aidl/android_x86_64_shared/gen/aidl/android/security/identity/BnGetEntriesResultParcel.h
out/soong/.intermediates/system/security/identity/libcredstore_aidl/android_x86_64_shared/gen/aidl/android/security/identity/BnRequestEntryParcel.h
out/soong/.intermediates/system/security/identity/libcredstore_aidl/android_x86_64_shared/gen/aidl/android/security/identity/BnRequestNamespaceParcel.h
out/soong/.intermediates/system/security/identity/libcredstore_aidl/android_x86_64_shared/gen/aidl/android/security/identity/BnResultEntryParcel.h
out/soong/.intermediates/system/security/identity/libcredstore_aidl/android_x86_64_shared/gen/aidl/android/security/identity/BnResultNamespaceParcel.h
out/soong/.intermediates/system/security/identity/libcredstore_aidl/android_x86_64_shared/gen/aidl/android/security/identity/BnSecurityHardwareInfoParcel.h
out/soong/.intermediates/system/security/identity/libcredstore_aidl/android_x86_64_shared/gen/aidl/android/security/identity/BnWritableCredential.h
out/soong/.intermediates/system/security/identity/libcredstore_aidl/android_x86_64_shared/gen/aidl/android/security/identity/BpAccessControlProfileParcel.h
out/soong/.intermediates/system/security/identity/libcredstore_aidl/android_x86_64_shared/gen/aidl/android/security/identity/BpAuthKeyParcel.h
out/soong/.intermediates/system/security/identity/libcredstore_aidl/android_x86_64_shared/gen/aidl/android/security/identity/BpCredential.h
out/soong/.intermediates/system/security/identity/libcredstore_aidl/android_x86_64_shared/gen/aidl/android/security/identity/BpCredentialStore.h
out/soong/.intermediates/system/security/identity/libcredstore_aidl/android_x86_64_shared/gen/aidl/android/security/identity/BpCredentialStoreFactory.h
out/soong/.intermediates/system/security/identity/libcredstore_aidl/android_x86_64_shared/gen/aidl/android/security/identity/BpEntryNamespaceParcel.h
out/soong/.intermediates/system/security/identity/libcredstore_aidl/android_x86_64_shared/gen/aidl/android/security/identity/BpEntryParcel.h
out/soong/.intermediates/system/security/identity/libcredstore_aidl/android_x86_64_shared/gen/aidl/android/security/identity/BpGetEntriesResultParcel.h
out/soong/.intermediates/system/security/identity/libcredstore_aidl/android_x86_64_shared/gen/aidl/android/security/identity/BpRequestEntryParcel.h
out/soong/.intermediates/system/security/identity/libcredstore_aidl/android_x86_64_shared/gen/aidl/android/security/identity/BpRequestNamespaceParcel.h
out/soong/.intermediates/system/security/identity/libcredstore_aidl/android_x86_64_shared/gen/aidl/android/security/identity/BpResultEntryParcel.h
out/soong/.intermediates/system/security/identity/libcredstore_aidl/android_x86_64_shared/gen/aidl/android/security/identity/BpResultNamespaceParcel.h
out/soong/.intermediates/system/security/identity/libcredstore_aidl/android_x86_64_shared/gen/aidl/android/security/identity/BpSecurityHardwareInfoParcel.h
out/soong/.intermediates/system/security/identity/libcredstore_aidl/android_x86_64_shared/gen/aidl/android/security/identity/BpWritableCredential.h
out/soong/.intermediates/system/security/identity/libcredstore_aidl/android_x86_64_shared/gen/aidl/android/security/identity/EntryNamespaceParcel.h
out/soong/.intermediates/system/security/identity/libcredstore_aidl/android_x86_64_shared/gen/aidl/android/security/identity/EntryParcel.h
out/soong/.intermediates/system/security/identity/libcredstore_aidl/android_x86_64_shared/gen/aidl/android/security/identity/GetEntriesResultParcel.h
out/soong/.intermediates/system/security/identity/libcredstore_aidl/android_x86_64_shared/gen/aidl/android/security/identity/ICredential.h
out/soong/.intermediates/system/security/identity/libcredstore_aidl/android_x86_64_shared/gen/aidl/android/security/identity/ICredentialStore.h
out/soong/.intermediates/system/security/identity/libcredstore_aidl/android_x86_64_shared/gen/aidl/android/security/identity/ICredentialStoreFactory.h
out/soong/.intermediates/system/security/identity/libcredstore_aidl/android_x86_64_shared/gen/aidl/android/security/identity/IWritableCredential.h
out/soong/.intermediates/system/security/identity/libcredstore_aidl/android_x86_64_shared/gen/aidl/android/security/identity/RequestEntryParcel.h
out/soong/.intermediates/system/security/identity/libcredstore_aidl/android_x86_64_shared/gen/aidl/android/security/identity/RequestNamespaceParcel.h
out/soong/.intermediates/system/security/identity/libcredstore_aidl/android_x86_64_shared/gen/aidl/android/security/identity/ResultEntryParcel.h
out/soong/.intermediates/system/security/identity/libcredstore_aidl/android_x86_64_shared/gen/aidl/android/security/identity/ResultNamespaceParcel.h
out/soong/.intermediates/system/security/identity/libcredstore_aidl/android_x86_64_shared/gen/aidl/android/security/identity/SecurityHardwareInfoParcel.h
out/soong/.intermediates/system/security/identity/libcredstore_aidl/android_x86_64_shared/libcredstore_aidl.so
out/soong/.intermediates/system/security/identity/libcredstore_aidl/android_x86_64_shared/libcredstore_aidl.so.toc