out/soong/ndk/sysroot/usr/include/alloca.h
out/soong/ndk/sysroot/usr/include/android/api-level.h
out/soong/ndk/sysroot/usr/include/android/dlext.h
out/soong/ndk/sysroot/usr/include/android/fdsan.h
out/soong/ndk/sysroot/usr/include/android/legacy_errno_inlines.h
out/soong/ndk/sysroot/usr/include/android/legacy_fenv_inlines_arm.h
out/soong/ndk/sysroot/usr/include/android/legacy_signal_inlines.h
out/soong/ndk/sysroot/usr/include/android/legacy_stdlib_inlines.h
out/soong/ndk/sysroot/usr/include/android/legacy_sys_mman_inlines.h
out/soong/ndk/sysroot/usr/include/android/legacy_sys_stat_inlines.h
out/soong/ndk/sysroot/usr/include/android/legacy_sys_statvfs_inlines.h
out/soong/ndk/sysroot/usr/include/android/legacy_sys_wait_inlines.h
out/soong/ndk/sysroot/usr/include/android/legacy_termios_inlines.h
out/soong/ndk/sysroot/usr/include/android/legacy_threads_inlines.h
out/soong/ndk/sysroot/usr/include/android/legacy_unistd_inlines.h
out/soong/ndk/sysroot/usr/include/android/set_abort_message.h
out/soong/ndk/sysroot/usr/include/android/versioning.h
out/soong/ndk/sysroot/usr/include/ar.h
out/soong/ndk/sysroot/usr/include/arpa/ftp.h
out/soong/ndk/sysroot/usr/include/arpa/inet.h
out/soong/ndk/sysroot/usr/include/arpa/nameser.h
out/soong/ndk/sysroot/usr/include/arpa/nameser_compat.h
out/soong/ndk/sysroot/usr/include/arpa/telnet.h
out/soong/ndk/sysroot/usr/include/arpa/tftp.h
out/soong/ndk/sysroot/usr/include/assert.h
out/soong/ndk/sysroot/usr/include/bits/auxvec.h
out/soong/ndk/sysroot/usr/include/bits/ctype_inlines.h
out/soong/ndk/sysroot/usr/include/bits/elf_arm.h
out/soong/ndk/sysroot/usr/include/bits/elf_arm64.h
out/soong/ndk/sysroot/usr/include/bits/elf_x86.h
out/soong/ndk/sysroot/usr/include/bits/elf_x86_64.h
out/soong/ndk/sysroot/usr/include/bits/epoll_event.h
out/soong/ndk/sysroot/usr/include/bits/fcntl.h
out/soong/ndk/sysroot/usr/include/bits/fenv_arm.h
out/soong/ndk/sysroot/usr/include/bits/fenv_inlines_arm.h
out/soong/ndk/sysroot/usr/include/bits/fenv_x86.h
out/soong/ndk/sysroot/usr/include/bits/fenv_x86_64.h
out/soong/ndk/sysroot/usr/include/bits/flock.h
out/soong/ndk/sysroot/usr/include/bits/flock64.h
out/soong/ndk/sysroot/usr/include/bits/fortify/fcntl.h
out/soong/ndk/sysroot/usr/include/bits/fortify/poll.h
out/soong/ndk/sysroot/usr/include/bits/fortify/socket.h
out/soong/ndk/sysroot/usr/include/bits/fortify/stat.h
out/soong/ndk/sysroot/usr/include/bits/fortify/stdio.h
out/soong/ndk/sysroot/usr/include/bits/fortify/stdlib.h
out/soong/ndk/sysroot/usr/include/bits/fortify/string.h
out/soong/ndk/sysroot/usr/include/bits/fortify/strings.h
out/soong/ndk/sysroot/usr/include/bits/fortify/unistd.h
out/soong/ndk/sysroot/usr/include/bits/get_device_api_level_inlines.h
out/soong/ndk/sysroot/usr/include/bits/getopt.h
out/soong/ndk/sysroot/usr/include/bits/glibc-syscalls.h
out/soong/ndk/sysroot/usr/include/bits/in_addr.h
out/soong/ndk/sysroot/usr/include/bits/ioctl.h
out/soong/ndk/sysroot/usr/include/bits/ip_mreq_source.h
out/soong/ndk/sysroot/usr/include/bits/ip_msfilter.h
out/soong/ndk/sysroot/usr/include/bits/lockf.h
out/soong/ndk/sysroot/usr/include/bits/mbstate_t.h
out/soong/ndk/sysroot/usr/include/bits/posix_limits.h
out/soong/ndk/sysroot/usr/include/bits/pthread_types.h
out/soong/ndk/sysroot/usr/include/bits/sa_family_t.h
out/soong/ndk/sysroot/usr/include/bits/seek_constants.h
out/soong/ndk/sysroot/usr/include/bits/signal_types.h
out/soong/ndk/sysroot/usr/include/bits/stdatomic.h
out/soong/ndk/sysroot/usr/include/bits/strcasecmp.h
out/soong/ndk/sysroot/usr/include/bits/struct_file.h
out/soong/ndk/sysroot/usr/include/bits/swab.h
out/soong/ndk/sysroot/usr/include/bits/sys_statvfs_inlines.h
out/soong/ndk/sysroot/usr/include/bits/sysconf.h
out/soong/ndk/sysroot/usr/include/bits/termios_inlines.h
out/soong/ndk/sysroot/usr/include/bits/threads_inlines.h
out/soong/ndk/sysroot/usr/include/bits/timespec.h
out/soong/ndk/sysroot/usr/include/bits/wait.h
out/soong/ndk/sysroot/usr/include/bits/wchar_limits.h
out/soong/ndk/sysroot/usr/include/bits/wctype.h
out/soong/ndk/sysroot/usr/include/byteswap.h
out/soong/ndk/sysroot/usr/include/complex.h
out/soong/ndk/sysroot/usr/include/cpio.h
out/soong/ndk/sysroot/usr/include/ctype.h
out/soong/ndk/sysroot/usr/include/dirent.h
out/soong/ndk/sysroot/usr/include/dlfcn.h
out/soong/ndk/sysroot/usr/include/elf.h
out/soong/ndk/sysroot/usr/include/endian.h
out/soong/ndk/sysroot/usr/include/err.h
out/soong/ndk/sysroot/usr/include/errno.h
out/soong/ndk/sysroot/usr/include/error.h
out/soong/ndk/sysroot/usr/include/fcntl.h
out/soong/ndk/sysroot/usr/include/features.h
out/soong/ndk/sysroot/usr/include/fenv.h
out/soong/ndk/sysroot/usr/include/fnmatch.h
out/soong/ndk/sysroot/usr/include/fts.h
out/soong/ndk/sysroot/usr/include/ftw.h
out/soong/ndk/sysroot/usr/include/getopt.h
out/soong/ndk/sysroot/usr/include/glob.h
out/soong/ndk/sysroot/usr/include/grp.h
out/soong/ndk/sysroot/usr/include/iconv.h
out/soong/ndk/sysroot/usr/include/ifaddrs.h
out/soong/ndk/sysroot/usr/include/inttypes.h
out/soong/ndk/sysroot/usr/include/langinfo.h
out/soong/ndk/sysroot/usr/include/lastlog.h
out/soong/ndk/sysroot/usr/include/libgen.h
out/soong/ndk/sysroot/usr/include/limits.h
out/soong/ndk/sysroot/usr/include/link.h
out/soong/ndk/sysroot/usr/include/locale.h
out/soong/ndk/sysroot/usr/include/malloc.h
out/soong/ndk/sysroot/usr/include/math.h
out/soong/ndk/sysroot/usr/include/memory.h
out/soong/ndk/sysroot/usr/include/mntent.h
out/soong/ndk/sysroot/usr/include/net/ethernet.h
out/soong/ndk/sysroot/usr/include/net/if.h
out/soong/ndk/sysroot/usr/include/net/if_arp.h
out/soong/ndk/sysroot/usr/include/net/if_packet.h
out/soong/ndk/sysroot/usr/include/net/route.h
out/soong/ndk/sysroot/usr/include/netdb.h
out/soong/ndk/sysroot/usr/include/netinet/ether.h
out/soong/ndk/sysroot/usr/include/netinet/icmp6.h
out/soong/ndk/sysroot/usr/include/netinet/if_ether.h
out/soong/ndk/sysroot/usr/include/netinet/in.h
out/soong/ndk/sysroot/usr/include/netinet/in6.h
out/soong/ndk/sysroot/usr/include/netinet/in_systm.h
out/soong/ndk/sysroot/usr/include/netinet/ip.h
out/soong/ndk/sysroot/usr/include/netinet/ip6.h
out/soong/ndk/sysroot/usr/include/netinet/ip_icmp.h
out/soong/ndk/sysroot/usr/include/netinet/tcp.h
out/soong/ndk/sysroot/usr/include/netinet/udp.h
out/soong/ndk/sysroot/usr/include/netpacket/packet.h
out/soong/ndk/sysroot/usr/include/nl_types.h
out/soong/ndk/sysroot/usr/include/paths.h
out/soong/ndk/sysroot/usr/include/poll.h
out/soong/ndk/sysroot/usr/include/pthread.h
out/soong/ndk/sysroot/usr/include/pty.h
out/soong/ndk/sysroot/usr/include/pwd.h
out/soong/ndk/sysroot/usr/include/regex.h
out/soong/ndk/sysroot/usr/include/resolv.h
out/soong/ndk/sysroot/usr/include/sched.h
out/soong/ndk/sysroot/usr/include/search.h
out/soong/ndk/sysroot/usr/include/semaphore.h
out/soong/ndk/sysroot/usr/include/setjmp.h
out/soong/ndk/sysroot/usr/include/signal.h
out/soong/ndk/sysroot/usr/include/spawn.h
out/soong/ndk/sysroot/usr/include/stdatomic.h
out/soong/ndk/sysroot/usr/include/stdint.h
out/soong/ndk/sysroot/usr/include/stdio.h
out/soong/ndk/sysroot/usr/include/stdio_ext.h
out/soong/ndk/sysroot/usr/include/stdlib.h
out/soong/ndk/sysroot/usr/include/string.h
out/soong/ndk/sysroot/usr/include/strings.h
out/soong/ndk/sysroot/usr/include/sys/_system_properties.h
out/soong/ndk/sysroot/usr/include/sys/auxv.h
out/soong/ndk/sysroot/usr/include/sys/cachectl.h
out/soong/ndk/sysroot/usr/include/sys/capability.h
out/soong/ndk/sysroot/usr/include/sys/cdefs.h
out/soong/ndk/sysroot/usr/include/sys/endian.h
out/soong/ndk/sysroot/usr/include/sys/epoll.h
out/soong/ndk/sysroot/usr/include/sys/errno.h
out/soong/ndk/sysroot/usr/include/sys/eventfd.h
out/soong/ndk/sysroot/usr/include/sys/fcntl.h
out/soong/ndk/sysroot/usr/include/sys/file.h
out/soong/ndk/sysroot/usr/include/sys/fsuid.h
out/soong/ndk/sysroot/usr/include/sys/ifunc.h
out/soong/ndk/sysroot/usr/include/sys/inotify.h
out/soong/ndk/sysroot/usr/include/sys/ioctl.h
out/soong/ndk/sysroot/usr/include/sys/ipc.h
out/soong/ndk/sysroot/usr/include/sys/klog.h
out/soong/ndk/sysroot/usr/include/sys/limits.h
out/soong/ndk/sysroot/usr/include/sys/mman.h
out/soong/ndk/sysroot/usr/include/sys/mount.h
out/soong/ndk/sysroot/usr/include/sys/msg.h
out/soong/ndk/sysroot/usr/include/sys/mtio.h
out/soong/ndk/sysroot/usr/include/sys/param.h
out/soong/ndk/sysroot/usr/include/sys/personality.h
out/soong/ndk/sysroot/usr/include/sys/pidfd.h
out/soong/ndk/sysroot/usr/include/sys/poll.h
out/soong/ndk/sysroot/usr/include/sys/prctl.h
out/soong/ndk/sysroot/usr/include/sys/procfs.h
out/soong/ndk/sysroot/usr/include/sys/ptrace.h
out/soong/ndk/sysroot/usr/include/sys/queue.h
out/soong/ndk/sysroot/usr/include/sys/quota.h
out/soong/ndk/sysroot/usr/include/sys/random.h
out/soong/ndk/sysroot/usr/include/sys/reboot.h
out/soong/ndk/sysroot/usr/include/sys/reg.h
out/soong/ndk/sysroot/usr/include/sys/resource.h
out/soong/ndk/sysroot/usr/include/sys/select.h
out/soong/ndk/sysroot/usr/include/sys/sem.h
out/soong/ndk/sysroot/usr/include/sys/sendfile.h
out/soong/ndk/sysroot/usr/include/sys/shm.h
out/soong/ndk/sysroot/usr/include/sys/signal.h
out/soong/ndk/sysroot/usr/include/sys/signalfd.h
out/soong/ndk/sysroot/usr/include/sys/socket.h
out/soong/ndk/sysroot/usr/include/sys/stat.h
out/soong/ndk/sysroot/usr/include/sys/statfs.h
out/soong/ndk/sysroot/usr/include/sys/statvfs.h
out/soong/ndk/sysroot/usr/include/sys/swap.h
out/soong/ndk/sysroot/usr/include/sys/syscall.h
out/soong/ndk/sysroot/usr/include/sys/sysconf.h
out/soong/ndk/sysroot/usr/include/sys/sysinfo.h
out/soong/ndk/sysroot/usr/include/sys/syslog.h
out/soong/ndk/sysroot/usr/include/sys/sysmacros.h
out/soong/ndk/sysroot/usr/include/sys/system_properties.h
out/soong/ndk/sysroot/usr/include/sys/thread_properties.h
out/soong/ndk/sysroot/usr/include/sys/time.h
out/soong/ndk/sysroot/usr/include/sys/timerfd.h
out/soong/ndk/sysroot/usr/include/sys/times.h
out/soong/ndk/sysroot/usr/include/sys/timex.h
out/soong/ndk/sysroot/usr/include/sys/ttydefaults.h
out/soong/ndk/sysroot/usr/include/sys/types.h
out/soong/ndk/sysroot/usr/include/sys/ucontext.h
out/soong/ndk/sysroot/usr/include/sys/uio.h
out/soong/ndk/sysroot/usr/include/sys/un.h
out/soong/ndk/sysroot/usr/include/sys/unistd.h
out/soong/ndk/sysroot/usr/include/sys/user.h
out/soong/ndk/sysroot/usr/include/sys/utsname.h
out/soong/ndk/sysroot/usr/include/sys/vfs.h
out/soong/ndk/sysroot/usr/include/sys/vt.h
out/soong/ndk/sysroot/usr/include/sys/wait.h
out/soong/ndk/sysroot/usr/include/sys/xattr.h
out/soong/ndk/sysroot/usr/include/syscall.h
out/soong/ndk/sysroot/usr/include/sysexits.h
out/soong/ndk/sysroot/usr/include/syslog.h
out/soong/ndk/sysroot/usr/include/tar.h
out/soong/ndk/sysroot/usr/include/termio.h
out/soong/ndk/sysroot/usr/include/termios.h
out/soong/ndk/sysroot/usr/include/threads.h
out/soong/ndk/sysroot/usr/include/time.h
out/soong/ndk/sysroot/usr/include/time64.h
out/soong/ndk/sysroot/usr/include/uchar.h
out/soong/ndk/sysroot/usr/include/ucontext.h
out/soong/ndk/sysroot/usr/include/unistd.h
out/soong/ndk/sysroot/usr/include/utime.h
out/soong/ndk/sysroot/usr/include/utmp.h
out/soong/ndk/sysroot/usr/include/wait.h
out/soong/ndk/sysroot/usr/include/wchar.h
out/soong/ndk/sysroot/usr/include/wctype.h
out/soong/ndk/sysroot/usr/include/xlocale.h