out/soong/.intermediates/bionic/libc/libc_bionic/android_x86_64_static_apex10000/obj/bionic/libc/arch-x86_64/bionic/__bionic_clone.o
out/soong/.intermediates/bionic/libc/libc_bionic/android_x86_64_static_apex10000/obj/bionic/libc/arch-x86_64/bionic/__restore_rt.o
out/soong/.intermediates/bionic/libc/libc_bionic/android_x86_64_static_apex10000/obj/bionic/libc/arch-x86_64/bionic/_exit_with_stack_teardown.o
out/soong/.intermediates/bionic/libc/libc_bionic/android_x86_64_static_apex10000/obj/bionic/libc/arch-x86_64/bionic/setjmp.o
out/soong/.intermediates/bionic/libc/libc_bionic/android_x86_64_static_apex10000/obj/bionic/libc/arch-x86_64/bionic/syscall.o
out/soong/.intermediates/bionic/libc/libc_bionic/android_x86_64_static_apex10000/obj/bionic/libc/arch-x86_64/bionic/vfork.o
out/soong/.intermediates/bionic/libc/libc_bionic/android_x86_64_static_apex10000/obj/bionic/libc/arch-x86_64/string/avx2-wmemset-kbl.o
out/soong/.intermediates/bionic/libc/libc_bionic/android_x86_64_static_apex10000/obj/bionic/libc/arch-x86_64/string/sse2-memmove-slm.o
out/soong/.intermediates/bionic/libc/libc_bionic/android_x86_64_static_apex10000/obj/bionic/libc/arch-x86_64/string/sse2-memset-slm.o
out/soong/.intermediates/bionic/libc/libc_bionic/android_x86_64_static_apex10000/obj/bionic/libc/arch-x86_64/string/sse2-stpcpy-slm.o
out/soong/.intermediates/bionic/libc/libc_bionic/android_x86_64_static_apex10000/obj/bionic/libc/arch-x86_64/string/sse2-stpncpy-slm.o
out/soong/.intermediates/bionic/libc/libc_bionic/android_x86_64_static_apex10000/obj/bionic/libc/arch-x86_64/string/sse2-strcat-slm.o
out/soong/.intermediates/bionic/libc/libc_bionic/android_x86_64_static_apex10000/obj/bionic/libc/arch-x86_64/string/sse2-strcpy-slm.o
out/soong/.intermediates/bionic/libc/libc_bionic/android_x86_64_static_apex10000/obj/bionic/libc/arch-x86_64/string/sse2-strlen-slm.o
out/soong/.intermediates/bionic/libc/libc_bionic/android_x86_64_static_apex10000/obj/bionic/libc/arch-x86_64/string/sse2-strncat-slm.o
out/soong/.intermediates/bionic/libc/libc_bionic/android_x86_64_static_apex10000/obj/bionic/libc/arch-x86_64/string/sse2-strncpy-slm.o
out/soong/.intermediates/bionic/libc/libc_bionic/android_x86_64_static_apex10000/obj/bionic/libc/arch-x86_64/string/sse4-memcmp-slm.o
out/soong/.intermediates/bionic/libc/libc_bionic/android_x86_64_static_apex10000/obj/bionic/libc/arch-x86_64/string/ssse3-strcmp-slm.o
out/soong/.intermediates/bionic/libc/libc_bionic/android_x86_64_static_apex10000/obj/bionic/libc/arch-x86_64/string/ssse3-strncmp-slm.o
out/soong/.intermediates/bionic/libc/libc_bionic/android_x86_64_static_apex10000/obj/bionic/libc/bionic/android_set_abort_message.o
out/soong/.intermediates/bionic/libc/libc_bionic/android_x86_64_static_apex10000/obj/bionic/libc/bionic/android_set_abort_message.sdump
out/soong/.intermediates/bionic/libc/libc_bionic/android_x86_64_static_apex10000/obj/bionic/libc/bionic/setjmp_cookie.o
out/soong/.intermediates/bionic/libc/libc_bionic/android_x86_64_static_apex10000/obj/bionic/libc/bionic/setjmp_cookie.sdump
out/soong/.intermediates/bionic/libc/libc_bionic/android_x86_64_static_apex10000/obj/bionic/libc/bionic/strchr.o
out/soong/.intermediates/bionic/libc/libc_bionic/android_x86_64_static_apex10000/obj/bionic/libc/bionic/strchr.sdump
out/soong/.intermediates/bionic/libc/libc_bionic/android_x86_64_static_apex10000/obj/bionic/libc/bionic/strchrnul.o
out/soong/.intermediates/bionic/libc/libc_bionic/android_x86_64_static_apex10000/obj/bionic/libc/bionic/strchrnul.sdump
out/soong/.intermediates/bionic/libc/libc_bionic/android_x86_64_static_apex10000/obj/bionic/libc/bionic/strnlen.o
out/soong/.intermediates/bionic/libc/libc_bionic/android_x86_64_static_apex10000/obj/bionic/libc/bionic/strnlen.sdump
out/soong/.intermediates/bionic/libc/libc_bionic/android_x86_64_static_apex10000/obj/bionic/libc/bionic/strrchr.o
out/soong/.intermediates/bionic/libc/libc_bionic/android_x86_64_static_apex10000/obj/bionic/libc/bionic/strrchr.sdump
out/soong/.intermediates/bionic/libc/libc_bionic/android_x86_64_static_apex10000/obj/bionic/libc/bionic/sysconf.o
out/soong/.intermediates/bionic/libc/libc_bionic/android_x86_64_static_apex10000/obj/bionic/libc/bionic/sysconf.sdump
out/soong/.intermediates/bionic/libc/libc_bionic/android_x86_64_static_apex10000/obj/bionic/libc/bionic/vdso.o
out/soong/.intermediates/bionic/libc/libc_bionic/android_x86_64_static_apex10000/obj/bionic/libc/bionic/vdso.sdump