out/soong/.intermediates/bionic/libc/libc_dns/android_vendor_ramdisk_x86_64_static/obj/bionic/libc/dns/nameser/ns_name.o
out/soong/.intermediates/bionic/libc/libc_dns/android_vendor_ramdisk_x86_64_static/obj/bionic/libc/dns/nameser/ns_netint.o
out/soong/.intermediates/bionic/libc/libc_dns/android_vendor_ramdisk_x86_64_static/obj/bionic/libc/dns/nameser/ns_parse.o
out/soong/.intermediates/bionic/libc/libc_dns/android_vendor_ramdisk_x86_64_static/obj/bionic/libc/dns/nameser/ns_print.o
out/soong/.intermediates/bionic/libc/libc_dns/android_vendor_ramdisk_x86_64_static/obj/bionic/libc/dns/nameser/ns_samedomain.o
out/soong/.intermediates/bionic/libc/libc_dns/android_vendor_ramdisk_x86_64_static/obj/bionic/libc/dns/nameser/ns_ttl.o
out/soong/.intermediates/bionic/libc/libc_dns/android_vendor_ramdisk_x86_64_static/obj/bionic/libc/dns/net/getaddrinfo.o
out/soong/.intermediates/bionic/libc/libc_dns/android_vendor_ramdisk_x86_64_static/obj/bionic/libc/dns/net/gethnamaddr.o
out/soong/.intermediates/bionic/libc/libc_dns/android_vendor_ramdisk_x86_64_static/obj/bionic/libc/dns/net/getnameinfo.o
out/soong/.intermediates/bionic/libc/libc_dns/android_vendor_ramdisk_x86_64_static/obj/bionic/libc/dns/net/getservent.o
out/soong/.intermediates/bionic/libc/libc_dns/android_vendor_ramdisk_x86_64_static/obj/bionic/libc/dns/net/nsdispatch.o
out/soong/.intermediates/bionic/libc/libc_dns/android_vendor_ramdisk_x86_64_static/obj/bionic/libc/dns/net/sethostent.o
out/soong/.intermediates/bionic/libc/libc_dns/android_vendor_ramdisk_x86_64_static/obj/bionic/libc/dns/resolv/herror.o
out/soong/.intermediates/bionic/libc/libc_dns/android_vendor_ramdisk_x86_64_static/obj/bionic/libc/dns/resolv/res_cache.o
out/soong/.intermediates/bionic/libc/libc_dns/android_vendor_ramdisk_x86_64_static/obj/bionic/libc/dns/resolv/res_comp.o
out/soong/.intermediates/bionic/libc/libc_dns/android_vendor_ramdisk_x86_64_static/obj/bionic/libc/dns/resolv/res_data.o
out/soong/.intermediates/bionic/libc/libc_dns/android_vendor_ramdisk_x86_64_static/obj/bionic/libc/dns/resolv/res_debug.o
out/soong/.intermediates/bionic/libc/libc_dns/android_vendor_ramdisk_x86_64_static/obj/bionic/libc/dns/resolv/res_init.o
out/soong/.intermediates/bionic/libc/libc_dns/android_vendor_ramdisk_x86_64_static/obj/bionic/libc/dns/resolv/res_mkquery.o
out/soong/.intermediates/bionic/libc/libc_dns/android_vendor_ramdisk_x86_64_static/obj/bionic/libc/dns/resolv/res_query.o
out/soong/.intermediates/bionic/libc/libc_dns/android_vendor_ramdisk_x86_64_static/obj/bionic/libc/dns/resolv/res_send.o
out/soong/.intermediates/bionic/libc/libc_dns/android_vendor_ramdisk_x86_64_static/obj/bionic/libc/dns/resolv/res_state.o
out/soong/.intermediates/bionic/libc/libc_dns/android_vendor_ramdisk_x86_64_static/obj/bionic/libc/dns/resolv/res_stats.o
out/soong/.intermediates/bionic/libc/libc_dns/android_vendor_ramdisk_x86_64_static/obj/bionic/libc/upstream-netbsd/lib/libc/isc/ev_streams.o
out/soong/.intermediates/bionic/libc/libc_dns/android_vendor_ramdisk_x86_64_static/obj/bionic/libc/upstream-netbsd/lib/libc/isc/ev_timers.o