out/soong/.intermediates/bionic/libc/libc_netbsd/android_x86_x86_64_static_apex10000/obj/bionic/libc/upstream-netbsd/common/lib/libc/hash/sha1/sha1.o
out/soong/.intermediates/bionic/libc/libc_netbsd/android_x86_x86_64_static_apex10000/obj/bionic/libc/upstream-netbsd/common/lib/libc/stdlib/random.o
out/soong/.intermediates/bionic/libc/libc_netbsd/android_x86_x86_64_static_apex10000/obj/bionic/libc/upstream-netbsd/lib/libc/gen/nice.o
out/soong/.intermediates/bionic/libc/libc_netbsd/android_x86_x86_64_static_apex10000/obj/bionic/libc/upstream-netbsd/lib/libc/gen/psignal.o
out/soong/.intermediates/bionic/libc/libc_netbsd/android_x86_x86_64_static_apex10000/obj/bionic/libc/upstream-netbsd/lib/libc/gen/utime.o
out/soong/.intermediates/bionic/libc/libc_netbsd/android_x86_x86_64_static_apex10000/obj/bionic/libc/upstream-netbsd/lib/libc/inet/nsap_addr.o
out/soong/.intermediates/bionic/libc/libc_netbsd/android_x86_x86_64_static_apex10000/obj/bionic/libc/upstream-netbsd/lib/libc/regex/regcomp.o
out/soong/.intermediates/bionic/libc/libc_netbsd/android_x86_x86_64_static_apex10000/obj/bionic/libc/upstream-netbsd/lib/libc/regex/regerror.o
out/soong/.intermediates/bionic/libc/libc_netbsd/android_x86_x86_64_static_apex10000/obj/bionic/libc/upstream-netbsd/lib/libc/regex/regexec.o
out/soong/.intermediates/bionic/libc/libc_netbsd/android_x86_x86_64_static_apex10000/obj/bionic/libc/upstream-netbsd/lib/libc/regex/regfree.o
out/soong/.intermediates/bionic/libc/libc_netbsd/android_x86_x86_64_static_apex10000/obj/bionic/libc/upstream-netbsd/lib/libc/stdlib/_rand48.o
out/soong/.intermediates/bionic/libc/libc_netbsd/android_x86_x86_64_static_apex10000/obj/bionic/libc/upstream-netbsd/lib/libc/stdlib/bsearch.o
out/soong/.intermediates/bionic/libc/libc_netbsd/android_x86_x86_64_static_apex10000/obj/bionic/libc/upstream-netbsd/lib/libc/stdlib/drand48.o
out/soong/.intermediates/bionic/libc/libc_netbsd/android_x86_x86_64_static_apex10000/obj/bionic/libc/upstream-netbsd/lib/libc/stdlib/erand48.o
out/soong/.intermediates/bionic/libc/libc_netbsd/android_x86_x86_64_static_apex10000/obj/bionic/libc/upstream-netbsd/lib/libc/stdlib/jrand48.o
out/soong/.intermediates/bionic/libc/libc_netbsd/android_x86_x86_64_static_apex10000/obj/bionic/libc/upstream-netbsd/lib/libc/stdlib/lcong48.o
out/soong/.intermediates/bionic/libc/libc_netbsd/android_x86_x86_64_static_apex10000/obj/bionic/libc/upstream-netbsd/lib/libc/stdlib/lrand48.o
out/soong/.intermediates/bionic/libc/libc_netbsd/android_x86_x86_64_static_apex10000/obj/bionic/libc/upstream-netbsd/lib/libc/stdlib/mrand48.o
out/soong/.intermediates/bionic/libc/libc_netbsd/android_x86_x86_64_static_apex10000/obj/bionic/libc/upstream-netbsd/lib/libc/stdlib/nrand48.o
out/soong/.intermediates/bionic/libc/libc_netbsd/android_x86_x86_64_static_apex10000/obj/bionic/libc/upstream-netbsd/lib/libc/stdlib/rand_r.o
out/soong/.intermediates/bionic/libc/libc_netbsd/android_x86_x86_64_static_apex10000/obj/bionic/libc/upstream-netbsd/lib/libc/stdlib/reallocarr.o
out/soong/.intermediates/bionic/libc/libc_netbsd/android_x86_x86_64_static_apex10000/obj/bionic/libc/upstream-netbsd/lib/libc/stdlib/seed48.o
out/soong/.intermediates/bionic/libc/libc_netbsd/android_x86_x86_64_static_apex10000/obj/bionic/libc/upstream-netbsd/lib/libc/stdlib/srand48.o