out/soong/.intermediates/bionic/libc/libc_bionic/android_x86_x86_64_static_apex10000/obj/bionic/libc/arch-x86/atom/string/sse2-memchr-atom.o
out/soong/.intermediates/bionic/libc/libc_bionic/android_x86_x86_64_static_apex10000/obj/bionic/libc/arch-x86/atom/string/sse2-memrchr-atom.o
out/soong/.intermediates/bionic/libc/libc_bionic/android_x86_x86_64_static_apex10000/obj/bionic/libc/arch-x86/atom/string/sse2-memset-atom.o
out/soong/.intermediates/bionic/libc/libc_bionic/android_x86_x86_64_static_apex10000/obj/bionic/libc/arch-x86/atom/string/sse2-strchr-atom.o
out/soong/.intermediates/bionic/libc/libc_bionic/android_x86_x86_64_static_apex10000/obj/bionic/libc/arch-x86/atom/string/sse2-strlen-atom.o
out/soong/.intermediates/bionic/libc/libc_bionic/android_x86_x86_64_static_apex10000/obj/bionic/libc/arch-x86/atom/string/sse2-strnlen-atom.o
out/soong/.intermediates/bionic/libc/libc_bionic/android_x86_x86_64_static_apex10000/obj/bionic/libc/arch-x86/atom/string/sse2-strrchr-atom.o
out/soong/.intermediates/bionic/libc/libc_bionic/android_x86_x86_64_static_apex10000/obj/bionic/libc/arch-x86/atom/string/sse2-wcschr-atom.o
out/soong/.intermediates/bionic/libc/libc_bionic/android_x86_x86_64_static_apex10000/obj/bionic/libc/arch-x86/atom/string/sse2-wcscmp-atom.o
out/soong/.intermediates/bionic/libc/libc_bionic/android_x86_x86_64_static_apex10000/obj/bionic/libc/arch-x86/atom/string/sse2-wcslen-atom.o
out/soong/.intermediates/bionic/libc/libc_bionic/android_x86_x86_64_static_apex10000/obj/bionic/libc/arch-x86/atom/string/sse2-wcsrchr-atom.o
out/soong/.intermediates/bionic/libc/libc_bionic/android_x86_x86_64_static_apex10000/obj/bionic/libc/arch-x86/atom/string/ssse3-memcmp-atom.o
out/soong/.intermediates/bionic/libc/libc_bionic/android_x86_x86_64_static_apex10000/obj/bionic/libc/arch-x86/atom/string/ssse3-memmove-atom.o
out/soong/.intermediates/bionic/libc/libc_bionic/android_x86_x86_64_static_apex10000/obj/bionic/libc/arch-x86/atom/string/ssse3-strcat-atom.o
out/soong/.intermediates/bionic/libc/libc_bionic/android_x86_x86_64_static_apex10000/obj/bionic/libc/arch-x86/atom/string/ssse3-strcmp-atom.o
out/soong/.intermediates/bionic/libc/libc_bionic/android_x86_x86_64_static_apex10000/obj/bionic/libc/arch-x86/atom/string/ssse3-strcpy-atom.o
out/soong/.intermediates/bionic/libc/libc_bionic/android_x86_x86_64_static_apex10000/obj/bionic/libc/arch-x86/atom/string/ssse3-strlcat-atom.o
out/soong/.intermediates/bionic/libc/libc_bionic/android_x86_x86_64_static_apex10000/obj/bionic/libc/arch-x86/atom/string/ssse3-strlcpy-atom.o
out/soong/.intermediates/bionic/libc/libc_bionic/android_x86_x86_64_static_apex10000/obj/bionic/libc/arch-x86/atom/string/ssse3-strncat-atom.o
out/soong/.intermediates/bionic/libc/libc_bionic/android_x86_x86_64_static_apex10000/obj/bionic/libc/arch-x86/atom/string/ssse3-strncmp-atom.o
out/soong/.intermediates/bionic/libc/libc_bionic/android_x86_x86_64_static_apex10000/obj/bionic/libc/arch-x86/atom/string/ssse3-strncpy-atom.o
out/soong/.intermediates/bionic/libc/libc_bionic/android_x86_x86_64_static_apex10000/obj/bionic/libc/arch-x86/atom/string/ssse3-wcscat-atom.o
out/soong/.intermediates/bionic/libc/libc_bionic/android_x86_x86_64_static_apex10000/obj/bionic/libc/arch-x86/atom/string/ssse3-wcscpy-atom.o
out/soong/.intermediates/bionic/libc/libc_bionic/android_x86_x86_64_static_apex10000/obj/bionic/libc/arch-x86/atom/string/ssse3-wmemcmp-atom.o
out/soong/.intermediates/bionic/libc/libc_bionic/android_x86_x86_64_static_apex10000/obj/bionic/libc/arch-x86/bionic/__bionic_clone.o
out/soong/.intermediates/bionic/libc/libc_bionic/android_x86_x86_64_static_apex10000/obj/bionic/libc/arch-x86/bionic/__restore.o
out/soong/.intermediates/bionic/libc/libc_bionic/android_x86_x86_64_static_apex10000/obj/bionic/libc/arch-x86/bionic/__x86.get_pc_thunk.o
out/soong/.intermediates/bionic/libc/libc_bionic/android_x86_x86_64_static_apex10000/obj/bionic/libc/arch-x86/bionic/_exit_with_stack_teardown.o
out/soong/.intermediates/bionic/libc/libc_bionic/android_x86_x86_64_static_apex10000/obj/bionic/libc/arch-x86/bionic/libcrt_compat.o
out/soong/.intermediates/bionic/libc/libc_bionic/android_x86_x86_64_static_apex10000/obj/bionic/libc/arch-x86/bionic/setjmp.o
out/soong/.intermediates/bionic/libc/libc_bionic/android_x86_x86_64_static_apex10000/obj/bionic/libc/arch-x86/bionic/syscall.o
out/soong/.intermediates/bionic/libc/libc_bionic/android_x86_x86_64_static_apex10000/obj/bionic/libc/arch-x86/bionic/vfork.o
out/soong/.intermediates/bionic/libc/libc_bionic/android_x86_x86_64_static_apex10000/obj/bionic/libc/arch-x86/generic/string/memcmp.o
out/soong/.intermediates/bionic/libc/libc_bionic/android_x86_x86_64_static_apex10000/obj/bionic/libc/arch-x86/generic/string/strcat.o
out/soong/.intermediates/bionic/libc/libc_bionic/android_x86_x86_64_static_apex10000/obj/bionic/libc/arch-x86/generic/string/strcmp.o
out/soong/.intermediates/bionic/libc/libc_bionic/android_x86_x86_64_static_apex10000/obj/bionic/libc/arch-x86/generic/string/strlcat.o
out/soong/.intermediates/bionic/libc/libc_bionic/android_x86_x86_64_static_apex10000/obj/bionic/libc/arch-x86/generic/string/strlcpy.o
out/soong/.intermediates/bionic/libc/libc_bionic/android_x86_x86_64_static_apex10000/obj/bionic/libc/arch-x86/generic/string/strncat.o
out/soong/.intermediates/bionic/libc/libc_bionic/android_x86_x86_64_static_apex10000/obj/bionic/libc/arch-x86/generic/string/strncmp.o
out/soong/.intermediates/bionic/libc/libc_bionic/android_x86_x86_64_static_apex10000/obj/bionic/libc/arch-x86/generic/string/wcscat.o
out/soong/.intermediates/bionic/libc/libc_bionic/android_x86_x86_64_static_apex10000/obj/bionic/libc/arch-x86/generic/string/wcscpy.o
out/soong/.intermediates/bionic/libc/libc_bionic/android_x86_x86_64_static_apex10000/obj/bionic/libc/arch-x86/generic/string/wmemcmp.o
out/soong/.intermediates/bionic/libc/libc_bionic/android_x86_x86_64_static_apex10000/obj/bionic/libc/arch-x86/generic/string/wmemset.o
out/soong/.intermediates/bionic/libc/libc_bionic/android_x86_x86_64_static_apex10000/obj/bionic/libc/arch-x86/kabylake/string/avx2-wmemset-kbl.o
out/soong/.intermediates/bionic/libc/libc_bionic/android_x86_x86_64_static_apex10000/obj/bionic/libc/arch-x86/silvermont/string/sse2-memmove-slm.o
out/soong/.intermediates/bionic/libc/libc_bionic/android_x86_x86_64_static_apex10000/obj/bionic/libc/arch-x86/silvermont/string/sse2-memset-slm.o
out/soong/.intermediates/bionic/libc/libc_bionic/android_x86_x86_64_static_apex10000/obj/bionic/libc/arch-x86/silvermont/string/sse2-stpcpy-slm.o
out/soong/.intermediates/bionic/libc/libc_bionic/android_x86_x86_64_static_apex10000/obj/bionic/libc/arch-x86/silvermont/string/sse2-stpncpy-slm.o
out/soong/.intermediates/bionic/libc/libc_bionic/android_x86_x86_64_static_apex10000/obj/bionic/libc/arch-x86/silvermont/string/sse2-strcpy-slm.o
out/soong/.intermediates/bionic/libc/libc_bionic/android_x86_x86_64_static_apex10000/obj/bionic/libc/arch-x86/silvermont/string/sse2-strlen-slm.o
out/soong/.intermediates/bionic/libc/libc_bionic/android_x86_x86_64_static_apex10000/obj/bionic/libc/arch-x86/silvermont/string/sse2-strncpy-slm.o
out/soong/.intermediates/bionic/libc/libc_bionic/android_x86_x86_64_static_apex10000/obj/bionic/libc/arch-x86/silvermont/string/sse4-memcmp-slm.o
out/soong/.intermediates/bionic/libc/libc_bionic/android_x86_x86_64_static_apex10000/obj/bionic/libc/arch-x86/silvermont/string/sse4-wmemcmp-slm.o
out/soong/.intermediates/bionic/libc/libc_bionic/android_x86_x86_64_static_apex10000/obj/bionic/libc/bionic/android_set_abort_message.o
out/soong/.intermediates/bionic/libc/libc_bionic/android_x86_x86_64_static_apex10000/obj/bionic/libc/bionic/setjmp_cookie.o
out/soong/.intermediates/bionic/libc/libc_bionic/android_x86_x86_64_static_apex10000/obj/bionic/libc/bionic/strchrnul.o
out/soong/.intermediates/bionic/libc/libc_bionic/android_x86_x86_64_static_apex10000/obj/bionic/libc/bionic/sysconf.o
out/soong/.intermediates/bionic/libc/libc_bionic/android_x86_x86_64_static_apex10000/obj/bionic/libc/bionic/vdso.o