out/soong/.intermediates/bionic/libc/libc_dns/android_x86_64_static_apex10000/obj/bionic/libc/dns/nameser/ns_name.o
out/soong/.intermediates/bionic/libc/libc_dns/android_x86_64_static_apex10000/obj/bionic/libc/dns/nameser/ns_name.sdump
out/soong/.intermediates/bionic/libc/libc_dns/android_x86_64_static_apex10000/obj/bionic/libc/dns/nameser/ns_netint.o
out/soong/.intermediates/bionic/libc/libc_dns/android_x86_64_static_apex10000/obj/bionic/libc/dns/nameser/ns_netint.sdump
out/soong/.intermediates/bionic/libc/libc_dns/android_x86_64_static_apex10000/obj/bionic/libc/dns/nameser/ns_parse.o
out/soong/.intermediates/bionic/libc/libc_dns/android_x86_64_static_apex10000/obj/bionic/libc/dns/nameser/ns_parse.sdump
out/soong/.intermediates/bionic/libc/libc_dns/android_x86_64_static_apex10000/obj/bionic/libc/dns/nameser/ns_print.o
out/soong/.intermediates/bionic/libc/libc_dns/android_x86_64_static_apex10000/obj/bionic/libc/dns/nameser/ns_print.sdump
out/soong/.intermediates/bionic/libc/libc_dns/android_x86_64_static_apex10000/obj/bionic/libc/dns/nameser/ns_samedomain.o
out/soong/.intermediates/bionic/libc/libc_dns/android_x86_64_static_apex10000/obj/bionic/libc/dns/nameser/ns_samedomain.sdump
out/soong/.intermediates/bionic/libc/libc_dns/android_x86_64_static_apex10000/obj/bionic/libc/dns/nameser/ns_ttl.o
out/soong/.intermediates/bionic/libc/libc_dns/android_x86_64_static_apex10000/obj/bionic/libc/dns/nameser/ns_ttl.sdump
out/soong/.intermediates/bionic/libc/libc_dns/android_x86_64_static_apex10000/obj/bionic/libc/dns/net/getaddrinfo.o
out/soong/.intermediates/bionic/libc/libc_dns/android_x86_64_static_apex10000/obj/bionic/libc/dns/net/getaddrinfo.sdump
out/soong/.intermediates/bionic/libc/libc_dns/android_x86_64_static_apex10000/obj/bionic/libc/dns/net/gethnamaddr.o
out/soong/.intermediates/bionic/libc/libc_dns/android_x86_64_static_apex10000/obj/bionic/libc/dns/net/gethnamaddr.sdump
out/soong/.intermediates/bionic/libc/libc_dns/android_x86_64_static_apex10000/obj/bionic/libc/dns/net/getnameinfo.o
out/soong/.intermediates/bionic/libc/libc_dns/android_x86_64_static_apex10000/obj/bionic/libc/dns/net/getnameinfo.sdump
out/soong/.intermediates/bionic/libc/libc_dns/android_x86_64_static_apex10000/obj/bionic/libc/dns/net/getservent.o
out/soong/.intermediates/bionic/libc/libc_dns/android_x86_64_static_apex10000/obj/bionic/libc/dns/net/getservent.sdump
out/soong/.intermediates/bionic/libc/libc_dns/android_x86_64_static_apex10000/obj/bionic/libc/dns/net/nsdispatch.o
out/soong/.intermediates/bionic/libc/libc_dns/android_x86_64_static_apex10000/obj/bionic/libc/dns/net/nsdispatch.sdump
out/soong/.intermediates/bionic/libc/libc_dns/android_x86_64_static_apex10000/obj/bionic/libc/dns/net/sethostent.o
out/soong/.intermediates/bionic/libc/libc_dns/android_x86_64_static_apex10000/obj/bionic/libc/dns/net/sethostent.sdump
out/soong/.intermediates/bionic/libc/libc_dns/android_x86_64_static_apex10000/obj/bionic/libc/dns/resolv/herror.o
out/soong/.intermediates/bionic/libc/libc_dns/android_x86_64_static_apex10000/obj/bionic/libc/dns/resolv/herror.sdump
out/soong/.intermediates/bionic/libc/libc_dns/android_x86_64_static_apex10000/obj/bionic/libc/dns/resolv/res_cache.o
out/soong/.intermediates/bionic/libc/libc_dns/android_x86_64_static_apex10000/obj/bionic/libc/dns/resolv/res_cache.sdump
out/soong/.intermediates/bionic/libc/libc_dns/android_x86_64_static_apex10000/obj/bionic/libc/dns/resolv/res_comp.o
out/soong/.intermediates/bionic/libc/libc_dns/android_x86_64_static_apex10000/obj/bionic/libc/dns/resolv/res_comp.sdump
out/soong/.intermediates/bionic/libc/libc_dns/android_x86_64_static_apex10000/obj/bionic/libc/dns/resolv/res_data.o
out/soong/.intermediates/bionic/libc/libc_dns/android_x86_64_static_apex10000/obj/bionic/libc/dns/resolv/res_data.sdump
out/soong/.intermediates/bionic/libc/libc_dns/android_x86_64_static_apex10000/obj/bionic/libc/dns/resolv/res_debug.o
out/soong/.intermediates/bionic/libc/libc_dns/android_x86_64_static_apex10000/obj/bionic/libc/dns/resolv/res_debug.sdump
out/soong/.intermediates/bionic/libc/libc_dns/android_x86_64_static_apex10000/obj/bionic/libc/dns/resolv/res_init.o
out/soong/.intermediates/bionic/libc/libc_dns/android_x86_64_static_apex10000/obj/bionic/libc/dns/resolv/res_init.sdump
out/soong/.intermediates/bionic/libc/libc_dns/android_x86_64_static_apex10000/obj/bionic/libc/dns/resolv/res_mkquery.o
out/soong/.intermediates/bionic/libc/libc_dns/android_x86_64_static_apex10000/obj/bionic/libc/dns/resolv/res_mkquery.sdump
out/soong/.intermediates/bionic/libc/libc_dns/android_x86_64_static_apex10000/obj/bionic/libc/dns/resolv/res_query.o
out/soong/.intermediates/bionic/libc/libc_dns/android_x86_64_static_apex10000/obj/bionic/libc/dns/resolv/res_query.sdump
out/soong/.intermediates/bionic/libc/libc_dns/android_x86_64_static_apex10000/obj/bionic/libc/dns/resolv/res_send.o
out/soong/.intermediates/bionic/libc/libc_dns/android_x86_64_static_apex10000/obj/bionic/libc/dns/resolv/res_send.sdump
out/soong/.intermediates/bionic/libc/libc_dns/android_x86_64_static_apex10000/obj/bionic/libc/dns/resolv/res_state.o
out/soong/.intermediates/bionic/libc/libc_dns/android_x86_64_static_apex10000/obj/bionic/libc/dns/resolv/res_state.sdump
out/soong/.intermediates/bionic/libc/libc_dns/android_x86_64_static_apex10000/obj/bionic/libc/dns/resolv/res_stats.o
out/soong/.intermediates/bionic/libc/libc_dns/android_x86_64_static_apex10000/obj/bionic/libc/dns/resolv/res_stats.sdump
out/soong/.intermediates/bionic/libc/libc_dns/android_x86_64_static_apex10000/obj/bionic/libc/upstream-netbsd/lib/libc/isc/ev_streams.o
out/soong/.intermediates/bionic/libc/libc_dns/android_x86_64_static_apex10000/obj/bionic/libc/upstream-netbsd/lib/libc/isc/ev_streams.sdump
out/soong/.intermediates/bionic/libc/libc_dns/android_x86_64_static_apex10000/obj/bionic/libc/upstream-netbsd/lib/libc/isc/ev_timers.o
out/soong/.intermediates/bionic/libc/libc_dns/android_x86_64_static_apex10000/obj/bionic/libc/upstream-netbsd/lib/libc/isc/ev_timers.sdump