out/soong/.intermediates/bionic/libc/libc_freebsd/android_x86_x86_64_static_apex10000/obj/bionic/libc/upstream-freebsd/lib/libc/gen/ldexp.o
out/soong/.intermediates/bionic/libc/libc_freebsd/android_x86_x86_64_static_apex10000/obj/bionic/libc/upstream-freebsd/lib/libc/gen/ldexp.sdump
out/soong/.intermediates/bionic/libc/libc_freebsd/android_x86_x86_64_static_apex10000/obj/bionic/libc/upstream-freebsd/lib/libc/stdlib/getopt_long.o
out/soong/.intermediates/bionic/libc/libc_freebsd/android_x86_x86_64_static_apex10000/obj/bionic/libc/upstream-freebsd/lib/libc/stdlib/getopt_long.sdump
out/soong/.intermediates/bionic/libc/libc_freebsd/android_x86_x86_64_static_apex10000/obj/bionic/libc/upstream-freebsd/lib/libc/stdlib/hcreate.o
out/soong/.intermediates/bionic/libc/libc_freebsd/android_x86_x86_64_static_apex10000/obj/bionic/libc/upstream-freebsd/lib/libc/stdlib/hcreate.sdump
out/soong/.intermediates/bionic/libc/libc_freebsd/android_x86_x86_64_static_apex10000/obj/bionic/libc/upstream-freebsd/lib/libc/stdlib/hcreate_r.o
out/soong/.intermediates/bionic/libc/libc_freebsd/android_x86_x86_64_static_apex10000/obj/bionic/libc/upstream-freebsd/lib/libc/stdlib/hcreate_r.sdump
out/soong/.intermediates/bionic/libc/libc_freebsd/android_x86_x86_64_static_apex10000/obj/bionic/libc/upstream-freebsd/lib/libc/stdlib/hdestroy_r.o
out/soong/.intermediates/bionic/libc/libc_freebsd/android_x86_x86_64_static_apex10000/obj/bionic/libc/upstream-freebsd/lib/libc/stdlib/hdestroy_r.sdump
out/soong/.intermediates/bionic/libc/libc_freebsd/android_x86_x86_64_static_apex10000/obj/bionic/libc/upstream-freebsd/lib/libc/stdlib/hsearch_r.o
out/soong/.intermediates/bionic/libc/libc_freebsd/android_x86_x86_64_static_apex10000/obj/bionic/libc/upstream-freebsd/lib/libc/stdlib/hsearch_r.sdump
out/soong/.intermediates/bionic/libc/libc_freebsd/android_x86_x86_64_static_apex10000/obj/bionic/libc/upstream-freebsd/lib/libc/stdlib/qsort.o
out/soong/.intermediates/bionic/libc/libc_freebsd/android_x86_x86_64_static_apex10000/obj/bionic/libc/upstream-freebsd/lib/libc/stdlib/qsort.sdump
out/soong/.intermediates/bionic/libc/libc_freebsd/android_x86_x86_64_static_apex10000/obj/bionic/libc/upstream-freebsd/lib/libc/stdlib/quick_exit.o
out/soong/.intermediates/bionic/libc/libc_freebsd/android_x86_x86_64_static_apex10000/obj/bionic/libc/upstream-freebsd/lib/libc/stdlib/quick_exit.sdump
out/soong/.intermediates/bionic/libc/libc_freebsd/android_x86_x86_64_static_apex10000/obj/bionic/libc/upstream-freebsd/lib/libc/string/wcpcpy.o
out/soong/.intermediates/bionic/libc/libc_freebsd/android_x86_x86_64_static_apex10000/obj/bionic/libc/upstream-freebsd/lib/libc/string/wcpcpy.sdump
out/soong/.intermediates/bionic/libc/libc_freebsd/android_x86_x86_64_static_apex10000/obj/bionic/libc/upstream-freebsd/lib/libc/string/wcpncpy.o
out/soong/.intermediates/bionic/libc/libc_freebsd/android_x86_x86_64_static_apex10000/obj/bionic/libc/upstream-freebsd/lib/libc/string/wcpncpy.sdump
out/soong/.intermediates/bionic/libc/libc_freebsd/android_x86_x86_64_static_apex10000/obj/bionic/libc/upstream-freebsd/lib/libc/string/wcscasecmp.o
out/soong/.intermediates/bionic/libc/libc_freebsd/android_x86_x86_64_static_apex10000/obj/bionic/libc/upstream-freebsd/lib/libc/string/wcscasecmp.sdump
out/soong/.intermediates/bionic/libc/libc_freebsd/android_x86_x86_64_static_apex10000/obj/bionic/libc/upstream-freebsd/lib/libc/string/wcscspn.o
out/soong/.intermediates/bionic/libc/libc_freebsd/android_x86_x86_64_static_apex10000/obj/bionic/libc/upstream-freebsd/lib/libc/string/wcscspn.sdump
out/soong/.intermediates/bionic/libc/libc_freebsd/android_x86_x86_64_static_apex10000/obj/bionic/libc/upstream-freebsd/lib/libc/string/wcsdup.o
out/soong/.intermediates/bionic/libc/libc_freebsd/android_x86_x86_64_static_apex10000/obj/bionic/libc/upstream-freebsd/lib/libc/string/wcsdup.sdump
out/soong/.intermediates/bionic/libc/libc_freebsd/android_x86_x86_64_static_apex10000/obj/bionic/libc/upstream-freebsd/lib/libc/string/wcslcat.o
out/soong/.intermediates/bionic/libc/libc_freebsd/android_x86_x86_64_static_apex10000/obj/bionic/libc/upstream-freebsd/lib/libc/string/wcslcat.sdump
out/soong/.intermediates/bionic/libc/libc_freebsd/android_x86_x86_64_static_apex10000/obj/bionic/libc/upstream-freebsd/lib/libc/string/wcsncasecmp.o
out/soong/.intermediates/bionic/libc/libc_freebsd/android_x86_x86_64_static_apex10000/obj/bionic/libc/upstream-freebsd/lib/libc/string/wcsncasecmp.sdump
out/soong/.intermediates/bionic/libc/libc_freebsd/android_x86_x86_64_static_apex10000/obj/bionic/libc/upstream-freebsd/lib/libc/string/wcsncat.o
out/soong/.intermediates/bionic/libc/libc_freebsd/android_x86_x86_64_static_apex10000/obj/bionic/libc/upstream-freebsd/lib/libc/string/wcsncat.sdump
out/soong/.intermediates/bionic/libc/libc_freebsd/android_x86_x86_64_static_apex10000/obj/bionic/libc/upstream-freebsd/lib/libc/string/wcsncmp.o
out/soong/.intermediates/bionic/libc/libc_freebsd/android_x86_x86_64_static_apex10000/obj/bionic/libc/upstream-freebsd/lib/libc/string/wcsncmp.sdump
out/soong/.intermediates/bionic/libc/libc_freebsd/android_x86_x86_64_static_apex10000/obj/bionic/libc/upstream-freebsd/lib/libc/string/wcsncpy.o
out/soong/.intermediates/bionic/libc/libc_freebsd/android_x86_x86_64_static_apex10000/obj/bionic/libc/upstream-freebsd/lib/libc/string/wcsncpy.sdump
out/soong/.intermediates/bionic/libc/libc_freebsd/android_x86_x86_64_static_apex10000/obj/bionic/libc/upstream-freebsd/lib/libc/string/wcsnlen.o
out/soong/.intermediates/bionic/libc/libc_freebsd/android_x86_x86_64_static_apex10000/obj/bionic/libc/upstream-freebsd/lib/libc/string/wcsnlen.sdump
out/soong/.intermediates/bionic/libc/libc_freebsd/android_x86_x86_64_static_apex10000/obj/bionic/libc/upstream-freebsd/lib/libc/string/wcspbrk.o
out/soong/.intermediates/bionic/libc/libc_freebsd/android_x86_x86_64_static_apex10000/obj/bionic/libc/upstream-freebsd/lib/libc/string/wcspbrk.sdump
out/soong/.intermediates/bionic/libc/libc_freebsd/android_x86_x86_64_static_apex10000/obj/bionic/libc/upstream-freebsd/lib/libc/string/wcsspn.o
out/soong/.intermediates/bionic/libc/libc_freebsd/android_x86_x86_64_static_apex10000/obj/bionic/libc/upstream-freebsd/lib/libc/string/wcsspn.sdump
out/soong/.intermediates/bionic/libc/libc_freebsd/android_x86_x86_64_static_apex10000/obj/bionic/libc/upstream-freebsd/lib/libc/string/wcsstr.o
out/soong/.intermediates/bionic/libc/libc_freebsd/android_x86_x86_64_static_apex10000/obj/bionic/libc/upstream-freebsd/lib/libc/string/wcsstr.sdump
out/soong/.intermediates/bionic/libc/libc_freebsd/android_x86_x86_64_static_apex10000/obj/bionic/libc/upstream-freebsd/lib/libc/string/wcstok.o
out/soong/.intermediates/bionic/libc/libc_freebsd/android_x86_x86_64_static_apex10000/obj/bionic/libc/upstream-freebsd/lib/libc/string/wcstok.sdump
out/soong/.intermediates/bionic/libc/libc_freebsd/android_x86_x86_64_static_apex10000/obj/bionic/libc/upstream-freebsd/lib/libc/string/wmemchr.o
out/soong/.intermediates/bionic/libc/libc_freebsd/android_x86_x86_64_static_apex10000/obj/bionic/libc/upstream-freebsd/lib/libc/string/wmemchr.sdump
out/soong/.intermediates/bionic/libc/libc_freebsd/android_x86_x86_64_static_apex10000/obj/bionic/libc/upstream-freebsd/lib/libc/string/wmemcpy.o
out/soong/.intermediates/bionic/libc/libc_freebsd/android_x86_x86_64_static_apex10000/obj/bionic/libc/upstream-freebsd/lib/libc/string/wmemcpy.sdump
out/soong/.intermediates/bionic/libc/libc_freebsd/android_x86_x86_64_static_apex10000/obj/bionic/libc/upstream-freebsd/lib/libc/string/wmemmove.o
out/soong/.intermediates/bionic/libc/libc_freebsd/android_x86_x86_64_static_apex10000/obj/bionic/libc/upstream-freebsd/lib/libc/string/wmemmove.sdump