out/soong/.intermediates/bionic/libc/libc_netbsd/android_x86_64_static_apex10000/obj/bionic/libc/upstream-netbsd/common/lib/libc/stdlib/random.o
out/soong/.intermediates/bionic/libc/libc_netbsd/android_x86_64_static_apex10000/obj/bionic/libc/upstream-netbsd/common/lib/libc/stdlib/random.sdump
out/soong/.intermediates/bionic/libc/libc_netbsd/android_x86_64_static_apex10000/obj/bionic/libc/upstream-netbsd/lib/libc/gen/nice.o
out/soong/.intermediates/bionic/libc/libc_netbsd/android_x86_64_static_apex10000/obj/bionic/libc/upstream-netbsd/lib/libc/gen/nice.sdump
out/soong/.intermediates/bionic/libc/libc_netbsd/android_x86_64_static_apex10000/obj/bionic/libc/upstream-netbsd/lib/libc/gen/psignal.o
out/soong/.intermediates/bionic/libc/libc_netbsd/android_x86_64_static_apex10000/obj/bionic/libc/upstream-netbsd/lib/libc/gen/psignal.sdump
out/soong/.intermediates/bionic/libc/libc_netbsd/android_x86_64_static_apex10000/obj/bionic/libc/upstream-netbsd/lib/libc/gen/utime.o
out/soong/.intermediates/bionic/libc/libc_netbsd/android_x86_64_static_apex10000/obj/bionic/libc/upstream-netbsd/lib/libc/gen/utime.sdump
out/soong/.intermediates/bionic/libc/libc_netbsd/android_x86_64_static_apex10000/obj/bionic/libc/upstream-netbsd/lib/libc/inet/nsap_addr.o
out/soong/.intermediates/bionic/libc/libc_netbsd/android_x86_64_static_apex10000/obj/bionic/libc/upstream-netbsd/lib/libc/inet/nsap_addr.sdump
out/soong/.intermediates/bionic/libc/libc_netbsd/android_x86_64_static_apex10000/obj/bionic/libc/upstream-netbsd/lib/libc/regex/regcomp.o
out/soong/.intermediates/bionic/libc/libc_netbsd/android_x86_64_static_apex10000/obj/bionic/libc/upstream-netbsd/lib/libc/regex/regcomp.sdump
out/soong/.intermediates/bionic/libc/libc_netbsd/android_x86_64_static_apex10000/obj/bionic/libc/upstream-netbsd/lib/libc/regex/regerror.o
out/soong/.intermediates/bionic/libc/libc_netbsd/android_x86_64_static_apex10000/obj/bionic/libc/upstream-netbsd/lib/libc/regex/regerror.sdump
out/soong/.intermediates/bionic/libc/libc_netbsd/android_x86_64_static_apex10000/obj/bionic/libc/upstream-netbsd/lib/libc/regex/regexec.o
out/soong/.intermediates/bionic/libc/libc_netbsd/android_x86_64_static_apex10000/obj/bionic/libc/upstream-netbsd/lib/libc/regex/regexec.sdump
out/soong/.intermediates/bionic/libc/libc_netbsd/android_x86_64_static_apex10000/obj/bionic/libc/upstream-netbsd/lib/libc/regex/regfree.o
out/soong/.intermediates/bionic/libc/libc_netbsd/android_x86_64_static_apex10000/obj/bionic/libc/upstream-netbsd/lib/libc/regex/regfree.sdump
out/soong/.intermediates/bionic/libc/libc_netbsd/android_x86_64_static_apex10000/obj/bionic/libc/upstream-netbsd/lib/libc/stdlib/_rand48.o
out/soong/.intermediates/bionic/libc/libc_netbsd/android_x86_64_static_apex10000/obj/bionic/libc/upstream-netbsd/lib/libc/stdlib/_rand48.sdump
out/soong/.intermediates/bionic/libc/libc_netbsd/android_x86_64_static_apex10000/obj/bionic/libc/upstream-netbsd/lib/libc/stdlib/bsearch.o
out/soong/.intermediates/bionic/libc/libc_netbsd/android_x86_64_static_apex10000/obj/bionic/libc/upstream-netbsd/lib/libc/stdlib/bsearch.sdump
out/soong/.intermediates/bionic/libc/libc_netbsd/android_x86_64_static_apex10000/obj/bionic/libc/upstream-netbsd/lib/libc/stdlib/drand48.o
out/soong/.intermediates/bionic/libc/libc_netbsd/android_x86_64_static_apex10000/obj/bionic/libc/upstream-netbsd/lib/libc/stdlib/drand48.sdump
out/soong/.intermediates/bionic/libc/libc_netbsd/android_x86_64_static_apex10000/obj/bionic/libc/upstream-netbsd/lib/libc/stdlib/erand48.o
out/soong/.intermediates/bionic/libc/libc_netbsd/android_x86_64_static_apex10000/obj/bionic/libc/upstream-netbsd/lib/libc/stdlib/erand48.sdump
out/soong/.intermediates/bionic/libc/libc_netbsd/android_x86_64_static_apex10000/obj/bionic/libc/upstream-netbsd/lib/libc/stdlib/jrand48.o
out/soong/.intermediates/bionic/libc/libc_netbsd/android_x86_64_static_apex10000/obj/bionic/libc/upstream-netbsd/lib/libc/stdlib/jrand48.sdump
out/soong/.intermediates/bionic/libc/libc_netbsd/android_x86_64_static_apex10000/obj/bionic/libc/upstream-netbsd/lib/libc/stdlib/lcong48.o
out/soong/.intermediates/bionic/libc/libc_netbsd/android_x86_64_static_apex10000/obj/bionic/libc/upstream-netbsd/lib/libc/stdlib/lcong48.sdump
out/soong/.intermediates/bionic/libc/libc_netbsd/android_x86_64_static_apex10000/obj/bionic/libc/upstream-netbsd/lib/libc/stdlib/lrand48.o
out/soong/.intermediates/bionic/libc/libc_netbsd/android_x86_64_static_apex10000/obj/bionic/libc/upstream-netbsd/lib/libc/stdlib/lrand48.sdump
out/soong/.intermediates/bionic/libc/libc_netbsd/android_x86_64_static_apex10000/obj/bionic/libc/upstream-netbsd/lib/libc/stdlib/mrand48.o
out/soong/.intermediates/bionic/libc/libc_netbsd/android_x86_64_static_apex10000/obj/bionic/libc/upstream-netbsd/lib/libc/stdlib/mrand48.sdump
out/soong/.intermediates/bionic/libc/libc_netbsd/android_x86_64_static_apex10000/obj/bionic/libc/upstream-netbsd/lib/libc/stdlib/nrand48.o
out/soong/.intermediates/bionic/libc/libc_netbsd/android_x86_64_static_apex10000/obj/bionic/libc/upstream-netbsd/lib/libc/stdlib/nrand48.sdump
out/soong/.intermediates/bionic/libc/libc_netbsd/android_x86_64_static_apex10000/obj/bionic/libc/upstream-netbsd/lib/libc/stdlib/rand_r.o
out/soong/.intermediates/bionic/libc/libc_netbsd/android_x86_64_static_apex10000/obj/bionic/libc/upstream-netbsd/lib/libc/stdlib/rand_r.sdump
out/soong/.intermediates/bionic/libc/libc_netbsd/android_x86_64_static_apex10000/obj/bionic/libc/upstream-netbsd/lib/libc/stdlib/reallocarr.o
out/soong/.intermediates/bionic/libc/libc_netbsd/android_x86_64_static_apex10000/obj/bionic/libc/upstream-netbsd/lib/libc/stdlib/reallocarr.sdump
out/soong/.intermediates/bionic/libc/libc_netbsd/android_x86_64_static_apex10000/obj/bionic/libc/upstream-netbsd/lib/libc/stdlib/seed48.o
out/soong/.intermediates/bionic/libc/libc_netbsd/android_x86_64_static_apex10000/obj/bionic/libc/upstream-netbsd/lib/libc/stdlib/seed48.sdump
out/soong/.intermediates/bionic/libc/libc_netbsd/android_x86_64_static_apex10000/obj/bionic/libc/upstream-netbsd/lib/libc/stdlib/srand48.o
out/soong/.intermediates/bionic/libc/libc_netbsd/android_x86_64_static_apex10000/obj/bionic/libc/upstream-netbsd/lib/libc/stdlib/srand48.sdump