out/soong/.intermediates/bionic/libc/libc_gdtoa/android_x86_x86_64_static_apex10000/obj/bionic/libc/upstream-openbsd/android/gdtoa_support.o
out/soong/.intermediates/bionic/libc/libc_gdtoa/android_x86_x86_64_static_apex10000/obj/bionic/libc/upstream-openbsd/android/gdtoa_support.sdump
out/soong/.intermediates/bionic/libc/libc_gdtoa/android_x86_x86_64_static_apex10000/obj/bionic/libc/upstream-openbsd/lib/libc/gdtoa/dmisc.o
out/soong/.intermediates/bionic/libc/libc_gdtoa/android_x86_x86_64_static_apex10000/obj/bionic/libc/upstream-openbsd/lib/libc/gdtoa/dmisc.sdump
out/soong/.intermediates/bionic/libc/libc_gdtoa/android_x86_x86_64_static_apex10000/obj/bionic/libc/upstream-openbsd/lib/libc/gdtoa/dtoa.o
out/soong/.intermediates/bionic/libc/libc_gdtoa/android_x86_x86_64_static_apex10000/obj/bionic/libc/upstream-openbsd/lib/libc/gdtoa/dtoa.sdump
out/soong/.intermediates/bionic/libc/libc_gdtoa/android_x86_x86_64_static_apex10000/obj/bionic/libc/upstream-openbsd/lib/libc/gdtoa/gdtoa.o
out/soong/.intermediates/bionic/libc/libc_gdtoa/android_x86_x86_64_static_apex10000/obj/bionic/libc/upstream-openbsd/lib/libc/gdtoa/gdtoa.sdump
out/soong/.intermediates/bionic/libc/libc_gdtoa/android_x86_x86_64_static_apex10000/obj/bionic/libc/upstream-openbsd/lib/libc/gdtoa/gethex.o
out/soong/.intermediates/bionic/libc/libc_gdtoa/android_x86_x86_64_static_apex10000/obj/bionic/libc/upstream-openbsd/lib/libc/gdtoa/gethex.sdump
out/soong/.intermediates/bionic/libc/libc_gdtoa/android_x86_x86_64_static_apex10000/obj/bionic/libc/upstream-openbsd/lib/libc/gdtoa/gmisc.o
out/soong/.intermediates/bionic/libc/libc_gdtoa/android_x86_x86_64_static_apex10000/obj/bionic/libc/upstream-openbsd/lib/libc/gdtoa/gmisc.sdump
out/soong/.intermediates/bionic/libc/libc_gdtoa/android_x86_x86_64_static_apex10000/obj/bionic/libc/upstream-openbsd/lib/libc/gdtoa/hd_init.o
out/soong/.intermediates/bionic/libc/libc_gdtoa/android_x86_x86_64_static_apex10000/obj/bionic/libc/upstream-openbsd/lib/libc/gdtoa/hd_init.sdump
out/soong/.intermediates/bionic/libc/libc_gdtoa/android_x86_x86_64_static_apex10000/obj/bionic/libc/upstream-openbsd/lib/libc/gdtoa/hdtoa.o
out/soong/.intermediates/bionic/libc/libc_gdtoa/android_x86_x86_64_static_apex10000/obj/bionic/libc/upstream-openbsd/lib/libc/gdtoa/hdtoa.sdump
out/soong/.intermediates/bionic/libc/libc_gdtoa/android_x86_x86_64_static_apex10000/obj/bionic/libc/upstream-openbsd/lib/libc/gdtoa/hexnan.o
out/soong/.intermediates/bionic/libc/libc_gdtoa/android_x86_x86_64_static_apex10000/obj/bionic/libc/upstream-openbsd/lib/libc/gdtoa/hexnan.sdump
out/soong/.intermediates/bionic/libc/libc_gdtoa/android_x86_x86_64_static_apex10000/obj/bionic/libc/upstream-openbsd/lib/libc/gdtoa/ldtoa.o
out/soong/.intermediates/bionic/libc/libc_gdtoa/android_x86_x86_64_static_apex10000/obj/bionic/libc/upstream-openbsd/lib/libc/gdtoa/ldtoa.sdump
out/soong/.intermediates/bionic/libc/libc_gdtoa/android_x86_x86_64_static_apex10000/obj/bionic/libc/upstream-openbsd/lib/libc/gdtoa/misc.o
out/soong/.intermediates/bionic/libc/libc_gdtoa/android_x86_x86_64_static_apex10000/obj/bionic/libc/upstream-openbsd/lib/libc/gdtoa/misc.sdump
out/soong/.intermediates/bionic/libc/libc_gdtoa/android_x86_x86_64_static_apex10000/obj/bionic/libc/upstream-openbsd/lib/libc/gdtoa/smisc.o
out/soong/.intermediates/bionic/libc/libc_gdtoa/android_x86_x86_64_static_apex10000/obj/bionic/libc/upstream-openbsd/lib/libc/gdtoa/smisc.sdump
out/soong/.intermediates/bionic/libc/libc_gdtoa/android_x86_x86_64_static_apex10000/obj/bionic/libc/upstream-openbsd/lib/libc/gdtoa/strtod.o
out/soong/.intermediates/bionic/libc/libc_gdtoa/android_x86_x86_64_static_apex10000/obj/bionic/libc/upstream-openbsd/lib/libc/gdtoa/strtod.sdump
out/soong/.intermediates/bionic/libc/libc_gdtoa/android_x86_x86_64_static_apex10000/obj/bionic/libc/upstream-openbsd/lib/libc/gdtoa/strtodg.o
out/soong/.intermediates/bionic/libc/libc_gdtoa/android_x86_x86_64_static_apex10000/obj/bionic/libc/upstream-openbsd/lib/libc/gdtoa/strtodg.sdump
out/soong/.intermediates/bionic/libc/libc_gdtoa/android_x86_x86_64_static_apex10000/obj/bionic/libc/upstream-openbsd/lib/libc/gdtoa/strtof.o
out/soong/.intermediates/bionic/libc/libc_gdtoa/android_x86_x86_64_static_apex10000/obj/bionic/libc/upstream-openbsd/lib/libc/gdtoa/strtof.sdump
out/soong/.intermediates/bionic/libc/libc_gdtoa/android_x86_x86_64_static_apex10000/obj/bionic/libc/upstream-openbsd/lib/libc/gdtoa/strtord.o
out/soong/.intermediates/bionic/libc/libc_gdtoa/android_x86_x86_64_static_apex10000/obj/bionic/libc/upstream-openbsd/lib/libc/gdtoa/strtord.sdump
out/soong/.intermediates/bionic/libc/libc_gdtoa/android_x86_x86_64_static_apex10000/obj/bionic/libc/upstream-openbsd/lib/libc/gdtoa/sum.o
out/soong/.intermediates/bionic/libc/libc_gdtoa/android_x86_x86_64_static_apex10000/obj/bionic/libc/upstream-openbsd/lib/libc/gdtoa/sum.sdump
out/soong/.intermediates/bionic/libc/libc_gdtoa/android_x86_x86_64_static_apex10000/obj/bionic/libc/upstream-openbsd/lib/libc/gdtoa/ulp.o
out/soong/.intermediates/bionic/libc/libc_gdtoa/android_x86_x86_64_static_apex10000/obj/bionic/libc/upstream-openbsd/lib/libc/gdtoa/ulp.sdump