out/soong/.intermediates/system/connectivity/wificond/libwificond_ipc/android_x86_64_static/gen/aidl/android/net/wifi/nl80211/BnApInterface.h
out/soong/.intermediates/system/connectivity/wificond/libwificond_ipc/android_x86_64_static/gen/aidl/android/net/wifi/nl80211/BnApInterfaceEventCallback.h
out/soong/.intermediates/system/connectivity/wificond/libwificond_ipc/android_x86_64_static/gen/aidl/android/net/wifi/nl80211/BnClientInterface.h
out/soong/.intermediates/system/connectivity/wificond/libwificond_ipc/android_x86_64_static/gen/aidl/android/net/wifi/nl80211/BnInterfaceEventCallback.h
out/soong/.intermediates/system/connectivity/wificond/libwificond_ipc/android_x86_64_static/gen/aidl/android/net/wifi/nl80211/BnPnoScanEvent.h
out/soong/.intermediates/system/connectivity/wificond/libwificond_ipc/android_x86_64_static/gen/aidl/android/net/wifi/nl80211/BnScanEvent.h
out/soong/.intermediates/system/connectivity/wificond/libwificond_ipc/android_x86_64_static/gen/aidl/android/net/wifi/nl80211/BnSendMgmtFrameEvent.h
out/soong/.intermediates/system/connectivity/wificond/libwificond_ipc/android_x86_64_static/gen/aidl/android/net/wifi/nl80211/BnWifiScannerImpl.h
out/soong/.intermediates/system/connectivity/wificond/libwificond_ipc/android_x86_64_static/gen/aidl/android/net/wifi/nl80211/BnWificond.h
out/soong/.intermediates/system/connectivity/wificond/libwificond_ipc/android_x86_64_static/gen/aidl/android/net/wifi/nl80211/BnWificondEventCallback.h
out/soong/.intermediates/system/connectivity/wificond/libwificond_ipc/android_x86_64_static/gen/aidl/android/net/wifi/nl80211/BpApInterface.h
out/soong/.intermediates/system/connectivity/wificond/libwificond_ipc/android_x86_64_static/gen/aidl/android/net/wifi/nl80211/BpApInterfaceEventCallback.h
out/soong/.intermediates/system/connectivity/wificond/libwificond_ipc/android_x86_64_static/gen/aidl/android/net/wifi/nl80211/BpClientInterface.h
out/soong/.intermediates/system/connectivity/wificond/libwificond_ipc/android_x86_64_static/gen/aidl/android/net/wifi/nl80211/BpInterfaceEventCallback.h
out/soong/.intermediates/system/connectivity/wificond/libwificond_ipc/android_x86_64_static/gen/aidl/android/net/wifi/nl80211/BpPnoScanEvent.h
out/soong/.intermediates/system/connectivity/wificond/libwificond_ipc/android_x86_64_static/gen/aidl/android/net/wifi/nl80211/BpScanEvent.h
out/soong/.intermediates/system/connectivity/wificond/libwificond_ipc/android_x86_64_static/gen/aidl/android/net/wifi/nl80211/BpSendMgmtFrameEvent.h
out/soong/.intermediates/system/connectivity/wificond/libwificond_ipc/android_x86_64_static/gen/aidl/android/net/wifi/nl80211/BpWifiScannerImpl.h
out/soong/.intermediates/system/connectivity/wificond/libwificond_ipc/android_x86_64_static/gen/aidl/android/net/wifi/nl80211/BpWificond.h
out/soong/.intermediates/system/connectivity/wificond/libwificond_ipc/android_x86_64_static/gen/aidl/android/net/wifi/nl80211/BpWificondEventCallback.h
out/soong/.intermediates/system/connectivity/wificond/libwificond_ipc/android_x86_64_static/gen/aidl/android/net/wifi/nl80211/IApInterface.h
out/soong/.intermediates/system/connectivity/wificond/libwificond_ipc/android_x86_64_static/gen/aidl/android/net/wifi/nl80211/IApInterfaceEventCallback.h
out/soong/.intermediates/system/connectivity/wificond/libwificond_ipc/android_x86_64_static/gen/aidl/android/net/wifi/nl80211/IClientInterface.h
out/soong/.intermediates/system/connectivity/wificond/libwificond_ipc/android_x86_64_static/gen/aidl/android/net/wifi/nl80211/IInterfaceEventCallback.h
out/soong/.intermediates/system/connectivity/wificond/libwificond_ipc/android_x86_64_static/gen/aidl/android/net/wifi/nl80211/IPnoScanEvent.h
out/soong/.intermediates/system/connectivity/wificond/libwificond_ipc/android_x86_64_static/gen/aidl/android/net/wifi/nl80211/IScanEvent.h
out/soong/.intermediates/system/connectivity/wificond/libwificond_ipc/android_x86_64_static/gen/aidl/android/net/wifi/nl80211/ISendMgmtFrameEvent.h
out/soong/.intermediates/system/connectivity/wificond/libwificond_ipc/android_x86_64_static/gen/aidl/android/net/wifi/nl80211/IWifiScannerImpl.h
out/soong/.intermediates/system/connectivity/wificond/libwificond_ipc/android_x86_64_static/gen/aidl/android/net/wifi/nl80211/IWificond.h
out/soong/.intermediates/system/connectivity/wificond/libwificond_ipc/android_x86_64_static/gen/aidl/android/net/wifi/nl80211/IWificondEventCallback.h
out/soong/.intermediates/system/connectivity/wificond/libwificond_ipc/android_x86_64_static/obj/.intermediates/system/connectivity/wificond/libwificond_ipc/android_x86_64_static/gen/aidl/android/net/wifi/nl80211/IApInterface.o
out/soong/.intermediates/system/connectivity/wificond/libwificond_ipc/android_x86_64_static/obj/.intermediates/system/connectivity/wificond/libwificond_ipc/android_x86_64_static/gen/aidl/android/net/wifi/nl80211/IApInterfaceEventCallback.o
out/soong/.intermediates/system/connectivity/wificond/libwificond_ipc/android_x86_64_static/obj/.intermediates/system/connectivity/wificond/libwificond_ipc/android_x86_64_static/gen/aidl/android/net/wifi/nl80211/IClientInterface.o
out/soong/.intermediates/system/connectivity/wificond/libwificond_ipc/android_x86_64_static/obj/.intermediates/system/connectivity/wificond/libwificond_ipc/android_x86_64_static/gen/aidl/android/net/wifi/nl80211/IInterfaceEventCallback.o
out/soong/.intermediates/system/connectivity/wificond/libwificond_ipc/android_x86_64_static/obj/.intermediates/system/connectivity/wificond/libwificond_ipc/android_x86_64_static/gen/aidl/android/net/wifi/nl80211/IPnoScanEvent.o
out/soong/.intermediates/system/connectivity/wificond/libwificond_ipc/android_x86_64_static/obj/.intermediates/system/connectivity/wificond/libwificond_ipc/android_x86_64_static/gen/aidl/android/net/wifi/nl80211/IScanEvent.o
out/soong/.intermediates/system/connectivity/wificond/libwificond_ipc/android_x86_64_static/obj/.intermediates/system/connectivity/wificond/libwificond_ipc/android_x86_64_static/gen/aidl/android/net/wifi/nl80211/ISendMgmtFrameEvent.o
out/soong/.intermediates/system/connectivity/wificond/libwificond_ipc/android_x86_64_static/obj/.intermediates/system/connectivity/wificond/libwificond_ipc/android_x86_64_static/gen/aidl/android/net/wifi/nl80211/IWifiScannerImpl.o
out/soong/.intermediates/system/connectivity/wificond/libwificond_ipc/android_x86_64_static/obj/.intermediates/system/connectivity/wificond/libwificond_ipc/android_x86_64_static/gen/aidl/android/net/wifi/nl80211/IWificond.o
out/soong/.intermediates/system/connectivity/wificond/libwificond_ipc/android_x86_64_static/obj/.intermediates/system/connectivity/wificond/libwificond_ipc/android_x86_64_static/gen/aidl/android/net/wifi/nl80211/IWificondEventCallback.o
out/soong/.intermediates/system/connectivity/wificond/libwificond_ipc/android_x86_64_static/obj/system/connectivity/wificond/client/native_wifi_client.o
out/soong/.intermediates/system/connectivity/wificond/libwificond_ipc/android_x86_64_static/obj/system/connectivity/wificond/device_wiphy_capabilities.o
out/soong/.intermediates/system/connectivity/wificond/libwificond_ipc/android_x86_64_static/obj/system/connectivity/wificond/ipc_constants.o
out/soong/.intermediates/system/connectivity/wificond/libwificond_ipc/android_x86_64_static/obj/system/connectivity/wificond/scanning/channel_settings.o
out/soong/.intermediates/system/connectivity/wificond/libwificond_ipc/android_x86_64_static/obj/system/connectivity/wificond/scanning/hidden_network.o
out/soong/.intermediates/system/connectivity/wificond/libwificond_ipc/android_x86_64_static/obj/system/connectivity/wificond/scanning/pno_network.o
out/soong/.intermediates/system/connectivity/wificond/libwificond_ipc/android_x86_64_static/obj/system/connectivity/wificond/scanning/pno_settings.o
out/soong/.intermediates/system/connectivity/wificond/libwificond_ipc/android_x86_64_static/obj/system/connectivity/wificond/scanning/radio_chain_info.o
out/soong/.intermediates/system/connectivity/wificond/libwificond_ipc/android_x86_64_static/obj/system/connectivity/wificond/scanning/scan_result.o
out/soong/.intermediates/system/connectivity/wificond/libwificond_ipc/android_x86_64_static/obj/system/connectivity/wificond/scanning/single_scan_settings.o