out/soong/.intermediates/system/libhwbinder/libhwbinder-impl-internal/android_x86_x86_64_static_apex30/obj/system/libhwbinder/Binder.o
out/soong/.intermediates/system/libhwbinder/libhwbinder-impl-internal/android_x86_x86_64_static_apex30/obj/system/libhwbinder/Binder.sdump
out/soong/.intermediates/system/libhwbinder/libhwbinder-impl-internal/android_x86_x86_64_static_apex30/obj/system/libhwbinder/BpHwBinder.o
out/soong/.intermediates/system/libhwbinder/libhwbinder-impl-internal/android_x86_x86_64_static_apex30/obj/system/libhwbinder/BpHwBinder.sdump
out/soong/.intermediates/system/libhwbinder/libhwbinder-impl-internal/android_x86_x86_64_static_apex30/obj/system/libhwbinder/BufferedTextOutput.o
out/soong/.intermediates/system/libhwbinder/libhwbinder-impl-internal/android_x86_x86_64_static_apex30/obj/system/libhwbinder/BufferedTextOutput.sdump
out/soong/.intermediates/system/libhwbinder/libhwbinder-impl-internal/android_x86_x86_64_static_apex30/obj/system/libhwbinder/Debug.o
out/soong/.intermediates/system/libhwbinder/libhwbinder-impl-internal/android_x86_x86_64_static_apex30/obj/system/libhwbinder/Debug.sdump
out/soong/.intermediates/system/libhwbinder/libhwbinder-impl-internal/android_x86_x86_64_static_apex30/obj/system/libhwbinder/IInterface.o
out/soong/.intermediates/system/libhwbinder/libhwbinder-impl-internal/android_x86_x86_64_static_apex30/obj/system/libhwbinder/IInterface.sdump
out/soong/.intermediates/system/libhwbinder/libhwbinder-impl-internal/android_x86_x86_64_static_apex30/obj/system/libhwbinder/IPCThreadState.o
out/soong/.intermediates/system/libhwbinder/libhwbinder-impl-internal/android_x86_x86_64_static_apex30/obj/system/libhwbinder/IPCThreadState.sdump
out/soong/.intermediates/system/libhwbinder/libhwbinder-impl-internal/android_x86_x86_64_static_apex30/obj/system/libhwbinder/Parcel.o
out/soong/.intermediates/system/libhwbinder/libhwbinder-impl-internal/android_x86_x86_64_static_apex30/obj/system/libhwbinder/Parcel.sdump
out/soong/.intermediates/system/libhwbinder/libhwbinder-impl-internal/android_x86_x86_64_static_apex30/obj/system/libhwbinder/ProcessState.o
out/soong/.intermediates/system/libhwbinder/libhwbinder-impl-internal/android_x86_x86_64_static_apex30/obj/system/libhwbinder/ProcessState.sdump
out/soong/.intermediates/system/libhwbinder/libhwbinder-impl-internal/android_x86_x86_64_static_apex30/obj/system/libhwbinder/Static.o
out/soong/.intermediates/system/libhwbinder/libhwbinder-impl-internal/android_x86_x86_64_static_apex30/obj/system/libhwbinder/Static.sdump
out/soong/.intermediates/system/libhwbinder/libhwbinder-impl-internal/android_x86_x86_64_static_apex30/obj/system/libhwbinder/TextOutput.o
out/soong/.intermediates/system/libhwbinder/libhwbinder-impl-internal/android_x86_x86_64_static_apex30/obj/system/libhwbinder/TextOutput.sdump
out/soong/.intermediates/system/libhwbinder/libhwbinder-impl-internal/android_x86_x86_64_static_apex30/obj/system/libhwbinder/Utils.o
out/soong/.intermediates/system/libhwbinder/libhwbinder-impl-internal/android_x86_x86_64_static_apex30/obj/system/libhwbinder/Utils.sdump