out/soong/.intermediates/hardware/interfaces/gnss/aidl/android.hardware.gnss-V1-cpp/android_x86_64_static/obj/.intermediates/hardware/interfaces/gnss/aidl/android.hardware.gnss-V1-cpp-source/gen/android/hardware/gnss/BlocklistedSource.o
out/soong/.intermediates/hardware/interfaces/gnss/aidl/android.hardware.gnss-V1-cpp/android_x86_64_static/obj/.intermediates/hardware/interfaces/gnss/aidl/android.hardware.gnss-V1-cpp-source/gen/android/hardware/gnss/BlocklistedSource.tidy
out/soong/.intermediates/hardware/interfaces/gnss/aidl/android.hardware.gnss-V1-cpp/android_x86_64_static/obj/.intermediates/hardware/interfaces/gnss/aidl/android.hardware.gnss-V1-cpp-source/gen/android/hardware/gnss/CorrelationVector.o
out/soong/.intermediates/hardware/interfaces/gnss/aidl/android.hardware.gnss-V1-cpp/android_x86_64_static/obj/.intermediates/hardware/interfaces/gnss/aidl/android.hardware.gnss-V1-cpp-source/gen/android/hardware/gnss/CorrelationVector.tidy
out/soong/.intermediates/hardware/interfaces/gnss/aidl/android.hardware.gnss-V1-cpp/android_x86_64_static/obj/.intermediates/hardware/interfaces/gnss/aidl/android.hardware.gnss-V1-cpp-source/gen/android/hardware/gnss/ElapsedRealtime.o
out/soong/.intermediates/hardware/interfaces/gnss/aidl/android.hardware.gnss-V1-cpp/android_x86_64_static/obj/.intermediates/hardware/interfaces/gnss/aidl/android.hardware.gnss-V1-cpp-source/gen/android/hardware/gnss/ElapsedRealtime.tidy
out/soong/.intermediates/hardware/interfaces/gnss/aidl/android.hardware.gnss-V1-cpp/android_x86_64_static/obj/.intermediates/hardware/interfaces/gnss/aidl/android.hardware.gnss-V1-cpp-source/gen/android/hardware/gnss/GnssClock.o
out/soong/.intermediates/hardware/interfaces/gnss/aidl/android.hardware.gnss-V1-cpp/android_x86_64_static/obj/.intermediates/hardware/interfaces/gnss/aidl/android.hardware.gnss-V1-cpp-source/gen/android/hardware/gnss/GnssClock.tidy
out/soong/.intermediates/hardware/interfaces/gnss/aidl/android.hardware.gnss-V1-cpp/android_x86_64_static/obj/.intermediates/hardware/interfaces/gnss/aidl/android.hardware.gnss-V1-cpp-source/gen/android/hardware/gnss/GnssConstellationType.o
out/soong/.intermediates/hardware/interfaces/gnss/aidl/android.hardware.gnss-V1-cpp/android_x86_64_static/obj/.intermediates/hardware/interfaces/gnss/aidl/android.hardware.gnss-V1-cpp-source/gen/android/hardware/gnss/GnssConstellationType.tidy
out/soong/.intermediates/hardware/interfaces/gnss/aidl/android.hardware.gnss-V1-cpp/android_x86_64_static/obj/.intermediates/hardware/interfaces/gnss/aidl/android.hardware.gnss-V1-cpp-source/gen/android/hardware/gnss/GnssData.o
out/soong/.intermediates/hardware/interfaces/gnss/aidl/android.hardware.gnss-V1-cpp/android_x86_64_static/obj/.intermediates/hardware/interfaces/gnss/aidl/android.hardware.gnss-V1-cpp-source/gen/android/hardware/gnss/GnssData.tidy
out/soong/.intermediates/hardware/interfaces/gnss/aidl/android.hardware.gnss-V1-cpp/android_x86_64_static/obj/.intermediates/hardware/interfaces/gnss/aidl/android.hardware.gnss-V1-cpp-source/gen/android/hardware/gnss/GnssMeasurement.o
out/soong/.intermediates/hardware/interfaces/gnss/aidl/android.hardware.gnss-V1-cpp/android_x86_64_static/obj/.intermediates/hardware/interfaces/gnss/aidl/android.hardware.gnss-V1-cpp-source/gen/android/hardware/gnss/GnssMeasurement.tidy
out/soong/.intermediates/hardware/interfaces/gnss/aidl/android.hardware.gnss-V1-cpp/android_x86_64_static/obj/.intermediates/hardware/interfaces/gnss/aidl/android.hardware.gnss-V1-cpp-source/gen/android/hardware/gnss/GnssMultipathIndicator.o
out/soong/.intermediates/hardware/interfaces/gnss/aidl/android.hardware.gnss-V1-cpp/android_x86_64_static/obj/.intermediates/hardware/interfaces/gnss/aidl/android.hardware.gnss-V1-cpp-source/gen/android/hardware/gnss/GnssMultipathIndicator.tidy
out/soong/.intermediates/hardware/interfaces/gnss/aidl/android.hardware.gnss-V1-cpp/android_x86_64_static/obj/.intermediates/hardware/interfaces/gnss/aidl/android.hardware.gnss-V1-cpp-source/gen/android/hardware/gnss/GnssPowerStats.o
out/soong/.intermediates/hardware/interfaces/gnss/aidl/android.hardware.gnss-V1-cpp/android_x86_64_static/obj/.intermediates/hardware/interfaces/gnss/aidl/android.hardware.gnss-V1-cpp-source/gen/android/hardware/gnss/GnssPowerStats.tidy
out/soong/.intermediates/hardware/interfaces/gnss/aidl/android.hardware.gnss-V1-cpp/android_x86_64_static/obj/.intermediates/hardware/interfaces/gnss/aidl/android.hardware.gnss-V1-cpp-source/gen/android/hardware/gnss/GnssSignalType.o
out/soong/.intermediates/hardware/interfaces/gnss/aidl/android.hardware.gnss-V1-cpp/android_x86_64_static/obj/.intermediates/hardware/interfaces/gnss/aidl/android.hardware.gnss-V1-cpp-source/gen/android/hardware/gnss/GnssSignalType.tidy
out/soong/.intermediates/hardware/interfaces/gnss/aidl/android.hardware.gnss-V1-cpp/android_x86_64_static/obj/.intermediates/hardware/interfaces/gnss/aidl/android.hardware.gnss-V1-cpp-source/gen/android/hardware/gnss/IGnss.o
out/soong/.intermediates/hardware/interfaces/gnss/aidl/android.hardware.gnss-V1-cpp/android_x86_64_static/obj/.intermediates/hardware/interfaces/gnss/aidl/android.hardware.gnss-V1-cpp-source/gen/android/hardware/gnss/IGnss.tidy
out/soong/.intermediates/hardware/interfaces/gnss/aidl/android.hardware.gnss-V1-cpp/android_x86_64_static/obj/.intermediates/hardware/interfaces/gnss/aidl/android.hardware.gnss-V1-cpp-source/gen/android/hardware/gnss/IGnssCallback.o
out/soong/.intermediates/hardware/interfaces/gnss/aidl/android.hardware.gnss-V1-cpp/android_x86_64_static/obj/.intermediates/hardware/interfaces/gnss/aidl/android.hardware.gnss-V1-cpp-source/gen/android/hardware/gnss/IGnssCallback.tidy
out/soong/.intermediates/hardware/interfaces/gnss/aidl/android.hardware.gnss-V1-cpp/android_x86_64_static/obj/.intermediates/hardware/interfaces/gnss/aidl/android.hardware.gnss-V1-cpp-source/gen/android/hardware/gnss/IGnssConfiguration.o
out/soong/.intermediates/hardware/interfaces/gnss/aidl/android.hardware.gnss-V1-cpp/android_x86_64_static/obj/.intermediates/hardware/interfaces/gnss/aidl/android.hardware.gnss-V1-cpp-source/gen/android/hardware/gnss/IGnssConfiguration.tidy
out/soong/.intermediates/hardware/interfaces/gnss/aidl/android.hardware.gnss-V1-cpp/android_x86_64_static/obj/.intermediates/hardware/interfaces/gnss/aidl/android.hardware.gnss-V1-cpp-source/gen/android/hardware/gnss/IGnssMeasurementCallback.o
out/soong/.intermediates/hardware/interfaces/gnss/aidl/android.hardware.gnss-V1-cpp/android_x86_64_static/obj/.intermediates/hardware/interfaces/gnss/aidl/android.hardware.gnss-V1-cpp-source/gen/android/hardware/gnss/IGnssMeasurementCallback.tidy
out/soong/.intermediates/hardware/interfaces/gnss/aidl/android.hardware.gnss-V1-cpp/android_x86_64_static/obj/.intermediates/hardware/interfaces/gnss/aidl/android.hardware.gnss-V1-cpp-source/gen/android/hardware/gnss/IGnssMeasurementInterface.o
out/soong/.intermediates/hardware/interfaces/gnss/aidl/android.hardware.gnss-V1-cpp/android_x86_64_static/obj/.intermediates/hardware/interfaces/gnss/aidl/android.hardware.gnss-V1-cpp-source/gen/android/hardware/gnss/IGnssMeasurementInterface.tidy
out/soong/.intermediates/hardware/interfaces/gnss/aidl/android.hardware.gnss-V1-cpp/android_x86_64_static/obj/.intermediates/hardware/interfaces/gnss/aidl/android.hardware.gnss-V1-cpp-source/gen/android/hardware/gnss/IGnssPowerIndication.o
out/soong/.intermediates/hardware/interfaces/gnss/aidl/android.hardware.gnss-V1-cpp/android_x86_64_static/obj/.intermediates/hardware/interfaces/gnss/aidl/android.hardware.gnss-V1-cpp-source/gen/android/hardware/gnss/IGnssPowerIndication.tidy
out/soong/.intermediates/hardware/interfaces/gnss/aidl/android.hardware.gnss-V1-cpp/android_x86_64_static/obj/.intermediates/hardware/interfaces/gnss/aidl/android.hardware.gnss-V1-cpp-source/gen/android/hardware/gnss/IGnssPowerIndicationCallback.o
out/soong/.intermediates/hardware/interfaces/gnss/aidl/android.hardware.gnss-V1-cpp/android_x86_64_static/obj/.intermediates/hardware/interfaces/gnss/aidl/android.hardware.gnss-V1-cpp-source/gen/android/hardware/gnss/IGnssPowerIndicationCallback.tidy
out/soong/.intermediates/hardware/interfaces/gnss/aidl/android.hardware.gnss-V1-cpp/android_x86_64_static/obj/.intermediates/hardware/interfaces/gnss/aidl/android.hardware.gnss-V1-cpp-source/gen/android/hardware/gnss/IGnssPsds.o
out/soong/.intermediates/hardware/interfaces/gnss/aidl/android.hardware.gnss-V1-cpp/android_x86_64_static/obj/.intermediates/hardware/interfaces/gnss/aidl/android.hardware.gnss-V1-cpp-source/gen/android/hardware/gnss/IGnssPsds.tidy
out/soong/.intermediates/hardware/interfaces/gnss/aidl/android.hardware.gnss-V1-cpp/android_x86_64_static/obj/.intermediates/hardware/interfaces/gnss/aidl/android.hardware.gnss-V1-cpp-source/gen/android/hardware/gnss/IGnssPsdsCallback.o
out/soong/.intermediates/hardware/interfaces/gnss/aidl/android.hardware.gnss-V1-cpp/android_x86_64_static/obj/.intermediates/hardware/interfaces/gnss/aidl/android.hardware.gnss-V1-cpp-source/gen/android/hardware/gnss/IGnssPsdsCallback.tidy
out/soong/.intermediates/hardware/interfaces/gnss/aidl/android.hardware.gnss-V1-cpp/android_x86_64_static/obj/.intermediates/hardware/interfaces/gnss/aidl/android.hardware.gnss-V1-cpp-source/gen/android/hardware/gnss/PsdsType.o
out/soong/.intermediates/hardware/interfaces/gnss/aidl/android.hardware.gnss-V1-cpp/android_x86_64_static/obj/.intermediates/hardware/interfaces/gnss/aidl/android.hardware.gnss-V1-cpp-source/gen/android/hardware/gnss/PsdsType.tidy
out/soong/.intermediates/hardware/interfaces/gnss/aidl/android.hardware.gnss-V1-cpp/android_x86_64_static/obj/.intermediates/hardware/interfaces/gnss/aidl/android.hardware.gnss-V1-cpp-source/gen/android/hardware/gnss/SatelliteClockInfo.o
out/soong/.intermediates/hardware/interfaces/gnss/aidl/android.hardware.gnss-V1-cpp/android_x86_64_static/obj/.intermediates/hardware/interfaces/gnss/aidl/android.hardware.gnss-V1-cpp-source/gen/android/hardware/gnss/SatelliteClockInfo.tidy
out/soong/.intermediates/hardware/interfaces/gnss/aidl/android.hardware.gnss-V1-cpp/android_x86_64_static/obj/.intermediates/hardware/interfaces/gnss/aidl/android.hardware.gnss-V1-cpp-source/gen/android/hardware/gnss/SatellitePositionEcef.o
out/soong/.intermediates/hardware/interfaces/gnss/aidl/android.hardware.gnss-V1-cpp/android_x86_64_static/obj/.intermediates/hardware/interfaces/gnss/aidl/android.hardware.gnss-V1-cpp-source/gen/android/hardware/gnss/SatellitePositionEcef.tidy
out/soong/.intermediates/hardware/interfaces/gnss/aidl/android.hardware.gnss-V1-cpp/android_x86_64_static/obj/.intermediates/hardware/interfaces/gnss/aidl/android.hardware.gnss-V1-cpp-source/gen/android/hardware/gnss/SatellitePvt.o
out/soong/.intermediates/hardware/interfaces/gnss/aidl/android.hardware.gnss-V1-cpp/android_x86_64_static/obj/.intermediates/hardware/interfaces/gnss/aidl/android.hardware.gnss-V1-cpp-source/gen/android/hardware/gnss/SatellitePvt.tidy
out/soong/.intermediates/hardware/interfaces/gnss/aidl/android.hardware.gnss-V1-cpp/android_x86_64_static/obj/.intermediates/hardware/interfaces/gnss/aidl/android.hardware.gnss-V1-cpp-source/gen/android/hardware/gnss/SatelliteVelocityEcef.o
out/soong/.intermediates/hardware/interfaces/gnss/aidl/android.hardware.gnss-V1-cpp/android_x86_64_static/obj/.intermediates/hardware/interfaces/gnss/aidl/android.hardware.gnss-V1-cpp-source/gen/android/hardware/gnss/SatelliteVelocityEcef.tidy