out/soong/.intermediates/hardware/interfaces/media/bufferpool/2.0/android.hardware.media.bufferpool@2.0_genc++_headers/gen/android/hardware/media/bufferpool/2.0/BnHwAccessor.h
out/soong/.intermediates/hardware/interfaces/media/bufferpool/2.0/android.hardware.media.bufferpool@2.0_genc++_headers/gen/android/hardware/media/bufferpool/2.0/BnHwClientManager.h
out/soong/.intermediates/hardware/interfaces/media/bufferpool/2.0/android.hardware.media.bufferpool@2.0_genc++_headers/gen/android/hardware/media/bufferpool/2.0/BnHwConnection.h
out/soong/.intermediates/hardware/interfaces/media/bufferpool/2.0/android.hardware.media.bufferpool@2.0_genc++_headers/gen/android/hardware/media/bufferpool/2.0/BnHwObserver.h
out/soong/.intermediates/hardware/interfaces/media/bufferpool/2.0/android.hardware.media.bufferpool@2.0_genc++_headers/gen/android/hardware/media/bufferpool/2.0/BpHwAccessor.h
out/soong/.intermediates/hardware/interfaces/media/bufferpool/2.0/android.hardware.media.bufferpool@2.0_genc++_headers/gen/android/hardware/media/bufferpool/2.0/BpHwClientManager.h
out/soong/.intermediates/hardware/interfaces/media/bufferpool/2.0/android.hardware.media.bufferpool@2.0_genc++_headers/gen/android/hardware/media/bufferpool/2.0/BpHwConnection.h
out/soong/.intermediates/hardware/interfaces/media/bufferpool/2.0/android.hardware.media.bufferpool@2.0_genc++_headers/gen/android/hardware/media/bufferpool/2.0/BpHwObserver.h
out/soong/.intermediates/hardware/interfaces/media/bufferpool/2.0/android.hardware.media.bufferpool@2.0_genc++_headers/gen/android/hardware/media/bufferpool/2.0/BsAccessor.h
out/soong/.intermediates/hardware/interfaces/media/bufferpool/2.0/android.hardware.media.bufferpool@2.0_genc++_headers/gen/android/hardware/media/bufferpool/2.0/BsClientManager.h
out/soong/.intermediates/hardware/interfaces/media/bufferpool/2.0/android.hardware.media.bufferpool@2.0_genc++_headers/gen/android/hardware/media/bufferpool/2.0/BsConnection.h
out/soong/.intermediates/hardware/interfaces/media/bufferpool/2.0/android.hardware.media.bufferpool@2.0_genc++_headers/gen/android/hardware/media/bufferpool/2.0/BsObserver.h
out/soong/.intermediates/hardware/interfaces/media/bufferpool/2.0/android.hardware.media.bufferpool@2.0_genc++_headers/gen/android/hardware/media/bufferpool/2.0/IAccessor.h
out/soong/.intermediates/hardware/interfaces/media/bufferpool/2.0/android.hardware.media.bufferpool@2.0_genc++_headers/gen/android/hardware/media/bufferpool/2.0/IClientManager.h
out/soong/.intermediates/hardware/interfaces/media/bufferpool/2.0/android.hardware.media.bufferpool@2.0_genc++_headers/gen/android/hardware/media/bufferpool/2.0/IConnection.h
out/soong/.intermediates/hardware/interfaces/media/bufferpool/2.0/android.hardware.media.bufferpool@2.0_genc++_headers/gen/android/hardware/media/bufferpool/2.0/IHwAccessor.h
out/soong/.intermediates/hardware/interfaces/media/bufferpool/2.0/android.hardware.media.bufferpool@2.0_genc++_headers/gen/android/hardware/media/bufferpool/2.0/IHwClientManager.h
out/soong/.intermediates/hardware/interfaces/media/bufferpool/2.0/android.hardware.media.bufferpool@2.0_genc++_headers/gen/android/hardware/media/bufferpool/2.0/IHwConnection.h
out/soong/.intermediates/hardware/interfaces/media/bufferpool/2.0/android.hardware.media.bufferpool@2.0_genc++_headers/gen/android/hardware/media/bufferpool/2.0/IHwObserver.h
out/soong/.intermediates/hardware/interfaces/media/bufferpool/2.0/android.hardware.media.bufferpool@2.0_genc++_headers/gen/android/hardware/media/bufferpool/2.0/IObserver.h
out/soong/.intermediates/hardware/interfaces/media/bufferpool/2.0/android.hardware.media.bufferpool@2.0_genc++_headers/gen/android/hardware/media/bufferpool/2.0/hwtypes.h
out/soong/.intermediates/hardware/interfaces/media/bufferpool/2.0/android.hardware.media.bufferpool@2.0_genc++_headers/gen/android/hardware/media/bufferpool/2.0/types.h