out/soong/.intermediates/hardware/interfaces/media/omx/1.0/android.hardware.media.omx@1.0_genc++_headers/gen/android/hardware/media/omx/1.0/BnHwGraphicBufferSource.h
out/soong/.intermediates/hardware/interfaces/media/omx/1.0/android.hardware.media.omx@1.0_genc++_headers/gen/android/hardware/media/omx/1.0/BnHwOmx.h
out/soong/.intermediates/hardware/interfaces/media/omx/1.0/android.hardware.media.omx@1.0_genc++_headers/gen/android/hardware/media/omx/1.0/BnHwOmxBufferSource.h
out/soong/.intermediates/hardware/interfaces/media/omx/1.0/android.hardware.media.omx@1.0_genc++_headers/gen/android/hardware/media/omx/1.0/BnHwOmxNode.h
out/soong/.intermediates/hardware/interfaces/media/omx/1.0/android.hardware.media.omx@1.0_genc++_headers/gen/android/hardware/media/omx/1.0/BnHwOmxObserver.h
out/soong/.intermediates/hardware/interfaces/media/omx/1.0/android.hardware.media.omx@1.0_genc++_headers/gen/android/hardware/media/omx/1.0/BnHwOmxStore.h
out/soong/.intermediates/hardware/interfaces/media/omx/1.0/android.hardware.media.omx@1.0_genc++_headers/gen/android/hardware/media/omx/1.0/BpHwGraphicBufferSource.h
out/soong/.intermediates/hardware/interfaces/media/omx/1.0/android.hardware.media.omx@1.0_genc++_headers/gen/android/hardware/media/omx/1.0/BpHwOmx.h
out/soong/.intermediates/hardware/interfaces/media/omx/1.0/android.hardware.media.omx@1.0_genc++_headers/gen/android/hardware/media/omx/1.0/BpHwOmxBufferSource.h
out/soong/.intermediates/hardware/interfaces/media/omx/1.0/android.hardware.media.omx@1.0_genc++_headers/gen/android/hardware/media/omx/1.0/BpHwOmxNode.h
out/soong/.intermediates/hardware/interfaces/media/omx/1.0/android.hardware.media.omx@1.0_genc++_headers/gen/android/hardware/media/omx/1.0/BpHwOmxObserver.h
out/soong/.intermediates/hardware/interfaces/media/omx/1.0/android.hardware.media.omx@1.0_genc++_headers/gen/android/hardware/media/omx/1.0/BpHwOmxStore.h
out/soong/.intermediates/hardware/interfaces/media/omx/1.0/android.hardware.media.omx@1.0_genc++_headers/gen/android/hardware/media/omx/1.0/BsGraphicBufferSource.h
out/soong/.intermediates/hardware/interfaces/media/omx/1.0/android.hardware.media.omx@1.0_genc++_headers/gen/android/hardware/media/omx/1.0/BsOmx.h
out/soong/.intermediates/hardware/interfaces/media/omx/1.0/android.hardware.media.omx@1.0_genc++_headers/gen/android/hardware/media/omx/1.0/BsOmxBufferSource.h
out/soong/.intermediates/hardware/interfaces/media/omx/1.0/android.hardware.media.omx@1.0_genc++_headers/gen/android/hardware/media/omx/1.0/BsOmxNode.h
out/soong/.intermediates/hardware/interfaces/media/omx/1.0/android.hardware.media.omx@1.0_genc++_headers/gen/android/hardware/media/omx/1.0/BsOmxObserver.h
out/soong/.intermediates/hardware/interfaces/media/omx/1.0/android.hardware.media.omx@1.0_genc++_headers/gen/android/hardware/media/omx/1.0/BsOmxStore.h
out/soong/.intermediates/hardware/interfaces/media/omx/1.0/android.hardware.media.omx@1.0_genc++_headers/gen/android/hardware/media/omx/1.0/IGraphicBufferSource.h
out/soong/.intermediates/hardware/interfaces/media/omx/1.0/android.hardware.media.omx@1.0_genc++_headers/gen/android/hardware/media/omx/1.0/IHwGraphicBufferSource.h
out/soong/.intermediates/hardware/interfaces/media/omx/1.0/android.hardware.media.omx@1.0_genc++_headers/gen/android/hardware/media/omx/1.0/IHwOmx.h
out/soong/.intermediates/hardware/interfaces/media/omx/1.0/android.hardware.media.omx@1.0_genc++_headers/gen/android/hardware/media/omx/1.0/IHwOmxBufferSource.h
out/soong/.intermediates/hardware/interfaces/media/omx/1.0/android.hardware.media.omx@1.0_genc++_headers/gen/android/hardware/media/omx/1.0/IHwOmxNode.h
out/soong/.intermediates/hardware/interfaces/media/omx/1.0/android.hardware.media.omx@1.0_genc++_headers/gen/android/hardware/media/omx/1.0/IHwOmxObserver.h
out/soong/.intermediates/hardware/interfaces/media/omx/1.0/android.hardware.media.omx@1.0_genc++_headers/gen/android/hardware/media/omx/1.0/IHwOmxStore.h
out/soong/.intermediates/hardware/interfaces/media/omx/1.0/android.hardware.media.omx@1.0_genc++_headers/gen/android/hardware/media/omx/1.0/IOmx.h
out/soong/.intermediates/hardware/interfaces/media/omx/1.0/android.hardware.media.omx@1.0_genc++_headers/gen/android/hardware/media/omx/1.0/IOmxBufferSource.h
out/soong/.intermediates/hardware/interfaces/media/omx/1.0/android.hardware.media.omx@1.0_genc++_headers/gen/android/hardware/media/omx/1.0/IOmxNode.h
out/soong/.intermediates/hardware/interfaces/media/omx/1.0/android.hardware.media.omx@1.0_genc++_headers/gen/android/hardware/media/omx/1.0/IOmxObserver.h
out/soong/.intermediates/hardware/interfaces/media/omx/1.0/android.hardware.media.omx@1.0_genc++_headers/gen/android/hardware/media/omx/1.0/IOmxStore.h
out/soong/.intermediates/hardware/interfaces/media/omx/1.0/android.hardware.media.omx@1.0_genc++_headers/gen/android/hardware/media/omx/1.0/hwtypes.h
out/soong/.intermediates/hardware/interfaces/media/omx/1.0/android.hardware.media.omx@1.0_genc++_headers/gen/android/hardware/media/omx/1.0/types.h