out/soong/.intermediates/hardware/interfaces/gnss/2.1/android.hardware.gnss@2.1_genc++_headers/gen/android/hardware/gnss/2.1/BnHwGnss.h
out/soong/.intermediates/hardware/interfaces/gnss/2.1/android.hardware.gnss@2.1_genc++_headers/gen/android/hardware/gnss/2.1/BnHwGnssAntennaInfo.h
out/soong/.intermediates/hardware/interfaces/gnss/2.1/android.hardware.gnss@2.1_genc++_headers/gen/android/hardware/gnss/2.1/BnHwGnssAntennaInfoCallback.h
out/soong/.intermediates/hardware/interfaces/gnss/2.1/android.hardware.gnss@2.1_genc++_headers/gen/android/hardware/gnss/2.1/BnHwGnssCallback.h
out/soong/.intermediates/hardware/interfaces/gnss/2.1/android.hardware.gnss@2.1_genc++_headers/gen/android/hardware/gnss/2.1/BnHwGnssConfiguration.h
out/soong/.intermediates/hardware/interfaces/gnss/2.1/android.hardware.gnss@2.1_genc++_headers/gen/android/hardware/gnss/2.1/BnHwGnssMeasurement.h
out/soong/.intermediates/hardware/interfaces/gnss/2.1/android.hardware.gnss@2.1_genc++_headers/gen/android/hardware/gnss/2.1/BnHwGnssMeasurementCallback.h
out/soong/.intermediates/hardware/interfaces/gnss/2.1/android.hardware.gnss@2.1_genc++_headers/gen/android/hardware/gnss/2.1/BpHwGnss.h
out/soong/.intermediates/hardware/interfaces/gnss/2.1/android.hardware.gnss@2.1_genc++_headers/gen/android/hardware/gnss/2.1/BpHwGnssAntennaInfo.h
out/soong/.intermediates/hardware/interfaces/gnss/2.1/android.hardware.gnss@2.1_genc++_headers/gen/android/hardware/gnss/2.1/BpHwGnssAntennaInfoCallback.h
out/soong/.intermediates/hardware/interfaces/gnss/2.1/android.hardware.gnss@2.1_genc++_headers/gen/android/hardware/gnss/2.1/BpHwGnssCallback.h
out/soong/.intermediates/hardware/interfaces/gnss/2.1/android.hardware.gnss@2.1_genc++_headers/gen/android/hardware/gnss/2.1/BpHwGnssConfiguration.h
out/soong/.intermediates/hardware/interfaces/gnss/2.1/android.hardware.gnss@2.1_genc++_headers/gen/android/hardware/gnss/2.1/BpHwGnssMeasurement.h
out/soong/.intermediates/hardware/interfaces/gnss/2.1/android.hardware.gnss@2.1_genc++_headers/gen/android/hardware/gnss/2.1/BpHwGnssMeasurementCallback.h
out/soong/.intermediates/hardware/interfaces/gnss/2.1/android.hardware.gnss@2.1_genc++_headers/gen/android/hardware/gnss/2.1/BsGnss.h
out/soong/.intermediates/hardware/interfaces/gnss/2.1/android.hardware.gnss@2.1_genc++_headers/gen/android/hardware/gnss/2.1/BsGnssAntennaInfo.h
out/soong/.intermediates/hardware/interfaces/gnss/2.1/android.hardware.gnss@2.1_genc++_headers/gen/android/hardware/gnss/2.1/BsGnssAntennaInfoCallback.h
out/soong/.intermediates/hardware/interfaces/gnss/2.1/android.hardware.gnss@2.1_genc++_headers/gen/android/hardware/gnss/2.1/BsGnssCallback.h
out/soong/.intermediates/hardware/interfaces/gnss/2.1/android.hardware.gnss@2.1_genc++_headers/gen/android/hardware/gnss/2.1/BsGnssConfiguration.h
out/soong/.intermediates/hardware/interfaces/gnss/2.1/android.hardware.gnss@2.1_genc++_headers/gen/android/hardware/gnss/2.1/BsGnssMeasurement.h
out/soong/.intermediates/hardware/interfaces/gnss/2.1/android.hardware.gnss@2.1_genc++_headers/gen/android/hardware/gnss/2.1/BsGnssMeasurementCallback.h
out/soong/.intermediates/hardware/interfaces/gnss/2.1/android.hardware.gnss@2.1_genc++_headers/gen/android/hardware/gnss/2.1/IGnss.h
out/soong/.intermediates/hardware/interfaces/gnss/2.1/android.hardware.gnss@2.1_genc++_headers/gen/android/hardware/gnss/2.1/IGnssAntennaInfo.h
out/soong/.intermediates/hardware/interfaces/gnss/2.1/android.hardware.gnss@2.1_genc++_headers/gen/android/hardware/gnss/2.1/IGnssAntennaInfoCallback.h
out/soong/.intermediates/hardware/interfaces/gnss/2.1/android.hardware.gnss@2.1_genc++_headers/gen/android/hardware/gnss/2.1/IGnssCallback.h
out/soong/.intermediates/hardware/interfaces/gnss/2.1/android.hardware.gnss@2.1_genc++_headers/gen/android/hardware/gnss/2.1/IGnssConfiguration.h
out/soong/.intermediates/hardware/interfaces/gnss/2.1/android.hardware.gnss@2.1_genc++_headers/gen/android/hardware/gnss/2.1/IGnssMeasurement.h
out/soong/.intermediates/hardware/interfaces/gnss/2.1/android.hardware.gnss@2.1_genc++_headers/gen/android/hardware/gnss/2.1/IGnssMeasurementCallback.h
out/soong/.intermediates/hardware/interfaces/gnss/2.1/android.hardware.gnss@2.1_genc++_headers/gen/android/hardware/gnss/2.1/IHwGnss.h
out/soong/.intermediates/hardware/interfaces/gnss/2.1/android.hardware.gnss@2.1_genc++_headers/gen/android/hardware/gnss/2.1/IHwGnssAntennaInfo.h
out/soong/.intermediates/hardware/interfaces/gnss/2.1/android.hardware.gnss@2.1_genc++_headers/gen/android/hardware/gnss/2.1/IHwGnssAntennaInfoCallback.h
out/soong/.intermediates/hardware/interfaces/gnss/2.1/android.hardware.gnss@2.1_genc++_headers/gen/android/hardware/gnss/2.1/IHwGnssCallback.h
out/soong/.intermediates/hardware/interfaces/gnss/2.1/android.hardware.gnss@2.1_genc++_headers/gen/android/hardware/gnss/2.1/IHwGnssConfiguration.h
out/soong/.intermediates/hardware/interfaces/gnss/2.1/android.hardware.gnss@2.1_genc++_headers/gen/android/hardware/gnss/2.1/IHwGnssMeasurement.h
out/soong/.intermediates/hardware/interfaces/gnss/2.1/android.hardware.gnss@2.1_genc++_headers/gen/android/hardware/gnss/2.1/IHwGnssMeasurementCallback.h
out/soong/.intermediates/hardware/interfaces/gnss/2.1/android.hardware.gnss@2.1_genc++_headers/gen/android/hardware/gnss/2.1/hwtypes.h
out/soong/.intermediates/hardware/interfaces/gnss/2.1/android.hardware.gnss@2.1_genc++_headers/gen/android/hardware/gnss/2.1/types.h