out/soong/.intermediates/hardware/interfaces/neuralnetworks/1.2/android.hardware.neuralnetworks@1.2_genc++_headers/gen/android/hardware/neuralnetworks/1.2/BnHwBurstCallback.h
out/soong/.intermediates/hardware/interfaces/neuralnetworks/1.2/android.hardware.neuralnetworks@1.2_genc++_headers/gen/android/hardware/neuralnetworks/1.2/BnHwBurstContext.h
out/soong/.intermediates/hardware/interfaces/neuralnetworks/1.2/android.hardware.neuralnetworks@1.2_genc++_headers/gen/android/hardware/neuralnetworks/1.2/BnHwDevice.h
out/soong/.intermediates/hardware/interfaces/neuralnetworks/1.2/android.hardware.neuralnetworks@1.2_genc++_headers/gen/android/hardware/neuralnetworks/1.2/BnHwExecutionCallback.h
out/soong/.intermediates/hardware/interfaces/neuralnetworks/1.2/android.hardware.neuralnetworks@1.2_genc++_headers/gen/android/hardware/neuralnetworks/1.2/BnHwPreparedModel.h
out/soong/.intermediates/hardware/interfaces/neuralnetworks/1.2/android.hardware.neuralnetworks@1.2_genc++_headers/gen/android/hardware/neuralnetworks/1.2/BnHwPreparedModelCallback.h
out/soong/.intermediates/hardware/interfaces/neuralnetworks/1.2/android.hardware.neuralnetworks@1.2_genc++_headers/gen/android/hardware/neuralnetworks/1.2/BpHwBurstCallback.h
out/soong/.intermediates/hardware/interfaces/neuralnetworks/1.2/android.hardware.neuralnetworks@1.2_genc++_headers/gen/android/hardware/neuralnetworks/1.2/BpHwBurstContext.h
out/soong/.intermediates/hardware/interfaces/neuralnetworks/1.2/android.hardware.neuralnetworks@1.2_genc++_headers/gen/android/hardware/neuralnetworks/1.2/BpHwDevice.h
out/soong/.intermediates/hardware/interfaces/neuralnetworks/1.2/android.hardware.neuralnetworks@1.2_genc++_headers/gen/android/hardware/neuralnetworks/1.2/BpHwExecutionCallback.h
out/soong/.intermediates/hardware/interfaces/neuralnetworks/1.2/android.hardware.neuralnetworks@1.2_genc++_headers/gen/android/hardware/neuralnetworks/1.2/BpHwPreparedModel.h
out/soong/.intermediates/hardware/interfaces/neuralnetworks/1.2/android.hardware.neuralnetworks@1.2_genc++_headers/gen/android/hardware/neuralnetworks/1.2/BpHwPreparedModelCallback.h
out/soong/.intermediates/hardware/interfaces/neuralnetworks/1.2/android.hardware.neuralnetworks@1.2_genc++_headers/gen/android/hardware/neuralnetworks/1.2/BsBurstCallback.h
out/soong/.intermediates/hardware/interfaces/neuralnetworks/1.2/android.hardware.neuralnetworks@1.2_genc++_headers/gen/android/hardware/neuralnetworks/1.2/BsBurstContext.h
out/soong/.intermediates/hardware/interfaces/neuralnetworks/1.2/android.hardware.neuralnetworks@1.2_genc++_headers/gen/android/hardware/neuralnetworks/1.2/BsDevice.h
out/soong/.intermediates/hardware/interfaces/neuralnetworks/1.2/android.hardware.neuralnetworks@1.2_genc++_headers/gen/android/hardware/neuralnetworks/1.2/BsExecutionCallback.h
out/soong/.intermediates/hardware/interfaces/neuralnetworks/1.2/android.hardware.neuralnetworks@1.2_genc++_headers/gen/android/hardware/neuralnetworks/1.2/BsPreparedModel.h
out/soong/.intermediates/hardware/interfaces/neuralnetworks/1.2/android.hardware.neuralnetworks@1.2_genc++_headers/gen/android/hardware/neuralnetworks/1.2/BsPreparedModelCallback.h
out/soong/.intermediates/hardware/interfaces/neuralnetworks/1.2/android.hardware.neuralnetworks@1.2_genc++_headers/gen/android/hardware/neuralnetworks/1.2/IBurstCallback.h
out/soong/.intermediates/hardware/interfaces/neuralnetworks/1.2/android.hardware.neuralnetworks@1.2_genc++_headers/gen/android/hardware/neuralnetworks/1.2/IBurstContext.h
out/soong/.intermediates/hardware/interfaces/neuralnetworks/1.2/android.hardware.neuralnetworks@1.2_genc++_headers/gen/android/hardware/neuralnetworks/1.2/IDevice.h
out/soong/.intermediates/hardware/interfaces/neuralnetworks/1.2/android.hardware.neuralnetworks@1.2_genc++_headers/gen/android/hardware/neuralnetworks/1.2/IExecutionCallback.h
out/soong/.intermediates/hardware/interfaces/neuralnetworks/1.2/android.hardware.neuralnetworks@1.2_genc++_headers/gen/android/hardware/neuralnetworks/1.2/IHwBurstCallback.h
out/soong/.intermediates/hardware/interfaces/neuralnetworks/1.2/android.hardware.neuralnetworks@1.2_genc++_headers/gen/android/hardware/neuralnetworks/1.2/IHwBurstContext.h
out/soong/.intermediates/hardware/interfaces/neuralnetworks/1.2/android.hardware.neuralnetworks@1.2_genc++_headers/gen/android/hardware/neuralnetworks/1.2/IHwDevice.h
out/soong/.intermediates/hardware/interfaces/neuralnetworks/1.2/android.hardware.neuralnetworks@1.2_genc++_headers/gen/android/hardware/neuralnetworks/1.2/IHwExecutionCallback.h
out/soong/.intermediates/hardware/interfaces/neuralnetworks/1.2/android.hardware.neuralnetworks@1.2_genc++_headers/gen/android/hardware/neuralnetworks/1.2/IHwPreparedModel.h
out/soong/.intermediates/hardware/interfaces/neuralnetworks/1.2/android.hardware.neuralnetworks@1.2_genc++_headers/gen/android/hardware/neuralnetworks/1.2/IHwPreparedModelCallback.h
out/soong/.intermediates/hardware/interfaces/neuralnetworks/1.2/android.hardware.neuralnetworks@1.2_genc++_headers/gen/android/hardware/neuralnetworks/1.2/IPreparedModel.h
out/soong/.intermediates/hardware/interfaces/neuralnetworks/1.2/android.hardware.neuralnetworks@1.2_genc++_headers/gen/android/hardware/neuralnetworks/1.2/IPreparedModelCallback.h
out/soong/.intermediates/hardware/interfaces/neuralnetworks/1.2/android.hardware.neuralnetworks@1.2_genc++_headers/gen/android/hardware/neuralnetworks/1.2/hwtypes.h
out/soong/.intermediates/hardware/interfaces/neuralnetworks/1.2/android.hardware.neuralnetworks@1.2_genc++_headers/gen/android/hardware/neuralnetworks/1.2/types.h