out/soong/.intermediates/hardware/interfaces/audio/6.0/android.hardware.audio@6.0_genc++_headers/gen/android/hardware/audio/6.0/BnHwDevice.h
out/soong/.intermediates/hardware/interfaces/audio/6.0/android.hardware.audio@6.0_genc++_headers/gen/android/hardware/audio/6.0/BnHwDevicesFactory.h
out/soong/.intermediates/hardware/interfaces/audio/6.0/android.hardware.audio@6.0_genc++_headers/gen/android/hardware/audio/6.0/BnHwPrimaryDevice.h
out/soong/.intermediates/hardware/interfaces/audio/6.0/android.hardware.audio@6.0_genc++_headers/gen/android/hardware/audio/6.0/BnHwStream.h
out/soong/.intermediates/hardware/interfaces/audio/6.0/android.hardware.audio@6.0_genc++_headers/gen/android/hardware/audio/6.0/BnHwStreamIn.h
out/soong/.intermediates/hardware/interfaces/audio/6.0/android.hardware.audio@6.0_genc++_headers/gen/android/hardware/audio/6.0/BnHwStreamOut.h
out/soong/.intermediates/hardware/interfaces/audio/6.0/android.hardware.audio@6.0_genc++_headers/gen/android/hardware/audio/6.0/BnHwStreamOutCallback.h
out/soong/.intermediates/hardware/interfaces/audio/6.0/android.hardware.audio@6.0_genc++_headers/gen/android/hardware/audio/6.0/BnHwStreamOutEventCallback.h
out/soong/.intermediates/hardware/interfaces/audio/6.0/android.hardware.audio@6.0_genc++_headers/gen/android/hardware/audio/6.0/BpHwDevice.h
out/soong/.intermediates/hardware/interfaces/audio/6.0/android.hardware.audio@6.0_genc++_headers/gen/android/hardware/audio/6.0/BpHwDevicesFactory.h
out/soong/.intermediates/hardware/interfaces/audio/6.0/android.hardware.audio@6.0_genc++_headers/gen/android/hardware/audio/6.0/BpHwPrimaryDevice.h
out/soong/.intermediates/hardware/interfaces/audio/6.0/android.hardware.audio@6.0_genc++_headers/gen/android/hardware/audio/6.0/BpHwStream.h
out/soong/.intermediates/hardware/interfaces/audio/6.0/android.hardware.audio@6.0_genc++_headers/gen/android/hardware/audio/6.0/BpHwStreamIn.h
out/soong/.intermediates/hardware/interfaces/audio/6.0/android.hardware.audio@6.0_genc++_headers/gen/android/hardware/audio/6.0/BpHwStreamOut.h
out/soong/.intermediates/hardware/interfaces/audio/6.0/android.hardware.audio@6.0_genc++_headers/gen/android/hardware/audio/6.0/BpHwStreamOutCallback.h
out/soong/.intermediates/hardware/interfaces/audio/6.0/android.hardware.audio@6.0_genc++_headers/gen/android/hardware/audio/6.0/BpHwStreamOutEventCallback.h
out/soong/.intermediates/hardware/interfaces/audio/6.0/android.hardware.audio@6.0_genc++_headers/gen/android/hardware/audio/6.0/BsDevice.h
out/soong/.intermediates/hardware/interfaces/audio/6.0/android.hardware.audio@6.0_genc++_headers/gen/android/hardware/audio/6.0/BsDevicesFactory.h
out/soong/.intermediates/hardware/interfaces/audio/6.0/android.hardware.audio@6.0_genc++_headers/gen/android/hardware/audio/6.0/BsPrimaryDevice.h
out/soong/.intermediates/hardware/interfaces/audio/6.0/android.hardware.audio@6.0_genc++_headers/gen/android/hardware/audio/6.0/BsStream.h
out/soong/.intermediates/hardware/interfaces/audio/6.0/android.hardware.audio@6.0_genc++_headers/gen/android/hardware/audio/6.0/BsStreamIn.h
out/soong/.intermediates/hardware/interfaces/audio/6.0/android.hardware.audio@6.0_genc++_headers/gen/android/hardware/audio/6.0/BsStreamOut.h
out/soong/.intermediates/hardware/interfaces/audio/6.0/android.hardware.audio@6.0_genc++_headers/gen/android/hardware/audio/6.0/BsStreamOutCallback.h
out/soong/.intermediates/hardware/interfaces/audio/6.0/android.hardware.audio@6.0_genc++_headers/gen/android/hardware/audio/6.0/BsStreamOutEventCallback.h
out/soong/.intermediates/hardware/interfaces/audio/6.0/android.hardware.audio@6.0_genc++_headers/gen/android/hardware/audio/6.0/IDevice.h
out/soong/.intermediates/hardware/interfaces/audio/6.0/android.hardware.audio@6.0_genc++_headers/gen/android/hardware/audio/6.0/IDevicesFactory.h
out/soong/.intermediates/hardware/interfaces/audio/6.0/android.hardware.audio@6.0_genc++_headers/gen/android/hardware/audio/6.0/IHwDevice.h
out/soong/.intermediates/hardware/interfaces/audio/6.0/android.hardware.audio@6.0_genc++_headers/gen/android/hardware/audio/6.0/IHwDevicesFactory.h
out/soong/.intermediates/hardware/interfaces/audio/6.0/android.hardware.audio@6.0_genc++_headers/gen/android/hardware/audio/6.0/IHwPrimaryDevice.h
out/soong/.intermediates/hardware/interfaces/audio/6.0/android.hardware.audio@6.0_genc++_headers/gen/android/hardware/audio/6.0/IHwStream.h
out/soong/.intermediates/hardware/interfaces/audio/6.0/android.hardware.audio@6.0_genc++_headers/gen/android/hardware/audio/6.0/IHwStreamIn.h
out/soong/.intermediates/hardware/interfaces/audio/6.0/android.hardware.audio@6.0_genc++_headers/gen/android/hardware/audio/6.0/IHwStreamOut.h
out/soong/.intermediates/hardware/interfaces/audio/6.0/android.hardware.audio@6.0_genc++_headers/gen/android/hardware/audio/6.0/IHwStreamOutCallback.h
out/soong/.intermediates/hardware/interfaces/audio/6.0/android.hardware.audio@6.0_genc++_headers/gen/android/hardware/audio/6.0/IHwStreamOutEventCallback.h
out/soong/.intermediates/hardware/interfaces/audio/6.0/android.hardware.audio@6.0_genc++_headers/gen/android/hardware/audio/6.0/IPrimaryDevice.h
out/soong/.intermediates/hardware/interfaces/audio/6.0/android.hardware.audio@6.0_genc++_headers/gen/android/hardware/audio/6.0/IStream.h
out/soong/.intermediates/hardware/interfaces/audio/6.0/android.hardware.audio@6.0_genc++_headers/gen/android/hardware/audio/6.0/IStreamIn.h
out/soong/.intermediates/hardware/interfaces/audio/6.0/android.hardware.audio@6.0_genc++_headers/gen/android/hardware/audio/6.0/IStreamOut.h
out/soong/.intermediates/hardware/interfaces/audio/6.0/android.hardware.audio@6.0_genc++_headers/gen/android/hardware/audio/6.0/IStreamOutCallback.h
out/soong/.intermediates/hardware/interfaces/audio/6.0/android.hardware.audio@6.0_genc++_headers/gen/android/hardware/audio/6.0/IStreamOutEventCallback.h
out/soong/.intermediates/hardware/interfaces/audio/6.0/android.hardware.audio@6.0_genc++_headers/gen/android/hardware/audio/6.0/hwtypes.h
out/soong/.intermediates/hardware/interfaces/audio/6.0/android.hardware.audio@6.0_genc++_headers/gen/android/hardware/audio/6.0/types.h