out/soong/.intermediates/hardware/interfaces/radio/1.1/android.hardware.radio@1.1_genc++_headers/gen/android/hardware/radio/1.1/BnHwRadio.h
out/soong/.intermediates/hardware/interfaces/radio/1.1/android.hardware.radio@1.1_genc++_headers/gen/android/hardware/radio/1.1/BnHwRadioIndication.h
out/soong/.intermediates/hardware/interfaces/radio/1.1/android.hardware.radio@1.1_genc++_headers/gen/android/hardware/radio/1.1/BnHwRadioResponse.h
out/soong/.intermediates/hardware/interfaces/radio/1.1/android.hardware.radio@1.1_genc++_headers/gen/android/hardware/radio/1.1/BnHwSap.h
out/soong/.intermediates/hardware/interfaces/radio/1.1/android.hardware.radio@1.1_genc++_headers/gen/android/hardware/radio/1.1/BpHwRadio.h
out/soong/.intermediates/hardware/interfaces/radio/1.1/android.hardware.radio@1.1_genc++_headers/gen/android/hardware/radio/1.1/BpHwRadioIndication.h
out/soong/.intermediates/hardware/interfaces/radio/1.1/android.hardware.radio@1.1_genc++_headers/gen/android/hardware/radio/1.1/BpHwRadioResponse.h
out/soong/.intermediates/hardware/interfaces/radio/1.1/android.hardware.radio@1.1_genc++_headers/gen/android/hardware/radio/1.1/BpHwSap.h
out/soong/.intermediates/hardware/interfaces/radio/1.1/android.hardware.radio@1.1_genc++_headers/gen/android/hardware/radio/1.1/BsRadio.h
out/soong/.intermediates/hardware/interfaces/radio/1.1/android.hardware.radio@1.1_genc++_headers/gen/android/hardware/radio/1.1/BsRadioIndication.h
out/soong/.intermediates/hardware/interfaces/radio/1.1/android.hardware.radio@1.1_genc++_headers/gen/android/hardware/radio/1.1/BsRadioResponse.h
out/soong/.intermediates/hardware/interfaces/radio/1.1/android.hardware.radio@1.1_genc++_headers/gen/android/hardware/radio/1.1/BsSap.h
out/soong/.intermediates/hardware/interfaces/radio/1.1/android.hardware.radio@1.1_genc++_headers/gen/android/hardware/radio/1.1/IHwRadio.h
out/soong/.intermediates/hardware/interfaces/radio/1.1/android.hardware.radio@1.1_genc++_headers/gen/android/hardware/radio/1.1/IHwRadioIndication.h
out/soong/.intermediates/hardware/interfaces/radio/1.1/android.hardware.radio@1.1_genc++_headers/gen/android/hardware/radio/1.1/IHwRadioResponse.h
out/soong/.intermediates/hardware/interfaces/radio/1.1/android.hardware.radio@1.1_genc++_headers/gen/android/hardware/radio/1.1/IHwSap.h
out/soong/.intermediates/hardware/interfaces/radio/1.1/android.hardware.radio@1.1_genc++_headers/gen/android/hardware/radio/1.1/IRadio.h
out/soong/.intermediates/hardware/interfaces/radio/1.1/android.hardware.radio@1.1_genc++_headers/gen/android/hardware/radio/1.1/IRadioIndication.h
out/soong/.intermediates/hardware/interfaces/radio/1.1/android.hardware.radio@1.1_genc++_headers/gen/android/hardware/radio/1.1/IRadioResponse.h
out/soong/.intermediates/hardware/interfaces/radio/1.1/android.hardware.radio@1.1_genc++_headers/gen/android/hardware/radio/1.1/ISap.h
out/soong/.intermediates/hardware/interfaces/radio/1.1/android.hardware.radio@1.1_genc++_headers/gen/android/hardware/radio/1.1/hwtypes.h
out/soong/.intermediates/hardware/interfaces/radio/1.1/android.hardware.radio@1.1_genc++_headers/gen/android/hardware/radio/1.1/types.h