out/soong/.intermediates/hardware/interfaces/cas/1.0/android.hardware.cas@1.0_genc++_headers/gen/android/hardware/cas/1.0/BnHwCas.h
out/soong/.intermediates/hardware/interfaces/cas/1.0/android.hardware.cas@1.0_genc++_headers/gen/android/hardware/cas/1.0/BnHwCasListener.h
out/soong/.intermediates/hardware/interfaces/cas/1.0/android.hardware.cas@1.0_genc++_headers/gen/android/hardware/cas/1.0/BnHwDescramblerBase.h
out/soong/.intermediates/hardware/interfaces/cas/1.0/android.hardware.cas@1.0_genc++_headers/gen/android/hardware/cas/1.0/BnHwMediaCasService.h
out/soong/.intermediates/hardware/interfaces/cas/1.0/android.hardware.cas@1.0_genc++_headers/gen/android/hardware/cas/1.0/BpHwCas.h
out/soong/.intermediates/hardware/interfaces/cas/1.0/android.hardware.cas@1.0_genc++_headers/gen/android/hardware/cas/1.0/BpHwCasListener.h
out/soong/.intermediates/hardware/interfaces/cas/1.0/android.hardware.cas@1.0_genc++_headers/gen/android/hardware/cas/1.0/BpHwDescramblerBase.h
out/soong/.intermediates/hardware/interfaces/cas/1.0/android.hardware.cas@1.0_genc++_headers/gen/android/hardware/cas/1.0/BpHwMediaCasService.h
out/soong/.intermediates/hardware/interfaces/cas/1.0/android.hardware.cas@1.0_genc++_headers/gen/android/hardware/cas/1.0/BsCas.h
out/soong/.intermediates/hardware/interfaces/cas/1.0/android.hardware.cas@1.0_genc++_headers/gen/android/hardware/cas/1.0/BsCasListener.h
out/soong/.intermediates/hardware/interfaces/cas/1.0/android.hardware.cas@1.0_genc++_headers/gen/android/hardware/cas/1.0/BsDescramblerBase.h
out/soong/.intermediates/hardware/interfaces/cas/1.0/android.hardware.cas@1.0_genc++_headers/gen/android/hardware/cas/1.0/BsMediaCasService.h
out/soong/.intermediates/hardware/interfaces/cas/1.0/android.hardware.cas@1.0_genc++_headers/gen/android/hardware/cas/1.0/ICas.h
out/soong/.intermediates/hardware/interfaces/cas/1.0/android.hardware.cas@1.0_genc++_headers/gen/android/hardware/cas/1.0/ICasListener.h
out/soong/.intermediates/hardware/interfaces/cas/1.0/android.hardware.cas@1.0_genc++_headers/gen/android/hardware/cas/1.0/IDescramblerBase.h
out/soong/.intermediates/hardware/interfaces/cas/1.0/android.hardware.cas@1.0_genc++_headers/gen/android/hardware/cas/1.0/IHwCas.h
out/soong/.intermediates/hardware/interfaces/cas/1.0/android.hardware.cas@1.0_genc++_headers/gen/android/hardware/cas/1.0/IHwCasListener.h
out/soong/.intermediates/hardware/interfaces/cas/1.0/android.hardware.cas@1.0_genc++_headers/gen/android/hardware/cas/1.0/IHwDescramblerBase.h
out/soong/.intermediates/hardware/interfaces/cas/1.0/android.hardware.cas@1.0_genc++_headers/gen/android/hardware/cas/1.0/IHwMediaCasService.h
out/soong/.intermediates/hardware/interfaces/cas/1.0/android.hardware.cas@1.0_genc++_headers/gen/android/hardware/cas/1.0/IMediaCasService.h
out/soong/.intermediates/hardware/interfaces/cas/1.0/android.hardware.cas@1.0_genc++_headers/gen/android/hardware/cas/1.0/hwtypes.h
out/soong/.intermediates/hardware/interfaces/cas/1.0/android.hardware.cas@1.0_genc++_headers/gen/android/hardware/cas/1.0/types.h