out/soong/.intermediates/hardware/interfaces/drm/1.4/android.hardware.drm@1.4_genc++_headers/gen/android/hardware/drm/1.4/BnHwCryptoFactory.h
out/soong/.intermediates/hardware/interfaces/drm/1.4/android.hardware.drm@1.4_genc++_headers/gen/android/hardware/drm/1.4/BnHwCryptoPlugin.h
out/soong/.intermediates/hardware/interfaces/drm/1.4/android.hardware.drm@1.4_genc++_headers/gen/android/hardware/drm/1.4/BnHwDrmFactory.h
out/soong/.intermediates/hardware/interfaces/drm/1.4/android.hardware.drm@1.4_genc++_headers/gen/android/hardware/drm/1.4/BnHwDrmPlugin.h
out/soong/.intermediates/hardware/interfaces/drm/1.4/android.hardware.drm@1.4_genc++_headers/gen/android/hardware/drm/1.4/BpHwCryptoFactory.h
out/soong/.intermediates/hardware/interfaces/drm/1.4/android.hardware.drm@1.4_genc++_headers/gen/android/hardware/drm/1.4/BpHwCryptoPlugin.h
out/soong/.intermediates/hardware/interfaces/drm/1.4/android.hardware.drm@1.4_genc++_headers/gen/android/hardware/drm/1.4/BpHwDrmFactory.h
out/soong/.intermediates/hardware/interfaces/drm/1.4/android.hardware.drm@1.4_genc++_headers/gen/android/hardware/drm/1.4/BpHwDrmPlugin.h
out/soong/.intermediates/hardware/interfaces/drm/1.4/android.hardware.drm@1.4_genc++_headers/gen/android/hardware/drm/1.4/BsCryptoFactory.h
out/soong/.intermediates/hardware/interfaces/drm/1.4/android.hardware.drm@1.4_genc++_headers/gen/android/hardware/drm/1.4/BsCryptoPlugin.h
out/soong/.intermediates/hardware/interfaces/drm/1.4/android.hardware.drm@1.4_genc++_headers/gen/android/hardware/drm/1.4/BsDrmFactory.h
out/soong/.intermediates/hardware/interfaces/drm/1.4/android.hardware.drm@1.4_genc++_headers/gen/android/hardware/drm/1.4/BsDrmPlugin.h
out/soong/.intermediates/hardware/interfaces/drm/1.4/android.hardware.drm@1.4_genc++_headers/gen/android/hardware/drm/1.4/ICryptoFactory.h
out/soong/.intermediates/hardware/interfaces/drm/1.4/android.hardware.drm@1.4_genc++_headers/gen/android/hardware/drm/1.4/ICryptoPlugin.h
out/soong/.intermediates/hardware/interfaces/drm/1.4/android.hardware.drm@1.4_genc++_headers/gen/android/hardware/drm/1.4/IDrmFactory.h
out/soong/.intermediates/hardware/interfaces/drm/1.4/android.hardware.drm@1.4_genc++_headers/gen/android/hardware/drm/1.4/IDrmPlugin.h
out/soong/.intermediates/hardware/interfaces/drm/1.4/android.hardware.drm@1.4_genc++_headers/gen/android/hardware/drm/1.4/IHwCryptoFactory.h
out/soong/.intermediates/hardware/interfaces/drm/1.4/android.hardware.drm@1.4_genc++_headers/gen/android/hardware/drm/1.4/IHwCryptoPlugin.h
out/soong/.intermediates/hardware/interfaces/drm/1.4/android.hardware.drm@1.4_genc++_headers/gen/android/hardware/drm/1.4/IHwDrmFactory.h
out/soong/.intermediates/hardware/interfaces/drm/1.4/android.hardware.drm@1.4_genc++_headers/gen/android/hardware/drm/1.4/IHwDrmPlugin.h
out/soong/.intermediates/hardware/interfaces/drm/1.4/android.hardware.drm@1.4_genc++_headers/gen/android/hardware/drm/1.4/hwtypes.h
out/soong/.intermediates/hardware/interfaces/drm/1.4/android.hardware.drm@1.4_genc++_headers/gen/android/hardware/drm/1.4/types.h