out/soong/.intermediates/kernel/prebuilts/common-modules/virtual-device/5.10/x86-64/virt_device_prebuilts_kernel_modules-5.10-x86_64/android_x86_64/depmod/lib/modules/0.0/modules.alias
out/soong/.intermediates/kernel/prebuilts/common-modules/virtual-device/5.10/x86-64/virt_device_prebuilts_kernel_modules-5.10-x86_64/android_x86_64/depmod/lib/modules/0.0/modules.dep
out/soong/.intermediates/kernel/prebuilts/common-modules/virtual-device/5.10/x86-64/virt_device_prebuilts_kernel_modules-5.10-x86_64/android_x86_64/depmod/lib/modules/0.0/modules.load
out/soong/.intermediates/kernel/prebuilts/common-modules/virtual-device/5.10/x86-64/virt_device_prebuilts_kernel_modules-5.10-x86_64/android_x86_64/depmod/lib/modules/0.0/modules.softdep
out/soong/.intermediates/kernel/prebuilts/common-modules/virtual-device/5.10/x86-64/virt_device_prebuilts_kernel_modules-5.10-x86_64/android_x86_64/stripped/ac97_bus.ko
out/soong/.intermediates/kernel/prebuilts/common-modules/virtual-device/5.10/x86-64/virt_device_prebuilts_kernel_modules-5.10-x86_64/android_x86_64/stripped/btintel.ko
out/soong/.intermediates/kernel/prebuilts/common-modules/virtual-device/5.10/x86-64/virt_device_prebuilts_kernel_modules-5.10-x86_64/android_x86_64/stripped/btrtl.ko
out/soong/.intermediates/kernel/prebuilts/common-modules/virtual-device/5.10/x86-64/virt_device_prebuilts_kernel_modules-5.10-x86_64/android_x86_64/stripped/btusb.ko
out/soong/.intermediates/kernel/prebuilts/common-modules/virtual-device/5.10/x86-64/virt_device_prebuilts_kernel_modules-5.10-x86_64/android_x86_64/stripped/cfg80211.ko
out/soong/.intermediates/kernel/prebuilts/common-modules/virtual-device/5.10/x86-64/virt_device_prebuilts_kernel_modules-5.10-x86_64/android_x86_64/stripped/dummy-cpufreq.ko
out/soong/.intermediates/kernel/prebuilts/common-modules/virtual-device/5.10/x86-64/virt_device_prebuilts_kernel_modules-5.10-x86_64/android_x86_64/stripped/failover.ko
out/soong/.intermediates/kernel/prebuilts/common-modules/virtual-device/5.10/x86-64/virt_device_prebuilts_kernel_modules-5.10-x86_64/android_x86_64/stripped/gnss-cmdline.ko
out/soong/.intermediates/kernel/prebuilts/common-modules/virtual-device/5.10/x86-64/virt_device_prebuilts_kernel_modules-5.10-x86_64/android_x86_64/stripped/gnss-serial.ko
out/soong/.intermediates/kernel/prebuilts/common-modules/virtual-device/5.10/x86-64/virt_device_prebuilts_kernel_modules-5.10-x86_64/android_x86_64/stripped/goldfish_address_space.ko
out/soong/.intermediates/kernel/prebuilts/common-modules/virtual-device/5.10/x86-64/virt_device_prebuilts_kernel_modules-5.10-x86_64/android_x86_64/stripped/goldfish_battery.ko
out/soong/.intermediates/kernel/prebuilts/common-modules/virtual-device/5.10/x86-64/virt_device_prebuilts_kernel_modules-5.10-x86_64/android_x86_64/stripped/goldfish_pipe.ko
out/soong/.intermediates/kernel/prebuilts/common-modules/virtual-device/5.10/x86-64/virt_device_prebuilts_kernel_modules-5.10-x86_64/android_x86_64/stripped/goldfish_sync.ko
out/soong/.intermediates/kernel/prebuilts/common-modules/virtual-device/5.10/x86-64/virt_device_prebuilts_kernel_modules-5.10-x86_64/android_x86_64/stripped/gs_usb.ko
out/soong/.intermediates/kernel/prebuilts/common-modules/virtual-device/5.10/x86-64/virt_device_prebuilts_kernel_modules-5.10-x86_64/android_x86_64/stripped/hci_vhci.ko
out/soong/.intermediates/kernel/prebuilts/common-modules/virtual-device/5.10/x86-64/virt_device_prebuilts_kernel_modules-5.10-x86_64/android_x86_64/stripped/ledtrig-audio.ko
out/soong/.intermediates/kernel/prebuilts/common-modules/virtual-device/5.10/x86-64/virt_device_prebuilts_kernel_modules-5.10-x86_64/android_x86_64/stripped/lzo-rle.ko
out/soong/.intermediates/kernel/prebuilts/common-modules/virtual-device/5.10/x86-64/virt_device_prebuilts_kernel_modules-5.10-x86_64/android_x86_64/stripped/lzo.ko
out/soong/.intermediates/kernel/prebuilts/common-modules/virtual-device/5.10/x86-64/virt_device_prebuilts_kernel_modules-5.10-x86_64/android_x86_64/stripped/mac80211.ko
out/soong/.intermediates/kernel/prebuilts/common-modules/virtual-device/5.10/x86-64/virt_device_prebuilts_kernel_modules-5.10-x86_64/android_x86_64/stripped/mac80211_hwsim.ko
out/soong/.intermediates/kernel/prebuilts/common-modules/virtual-device/5.10/x86-64/virt_device_prebuilts_kernel_modules-5.10-x86_64/android_x86_64/stripped/md-mod.ko
out/soong/.intermediates/kernel/prebuilts/common-modules/virtual-device/5.10/x86-64/virt_device_prebuilts_kernel_modules-5.10-x86_64/android_x86_64/stripped/nd_virtio.ko
out/soong/.intermediates/kernel/prebuilts/common-modules/virtual-device/5.10/x86-64/virt_device_prebuilts_kernel_modules-5.10-x86_64/android_x86_64/stripped/net_failover.ko
out/soong/.intermediates/kernel/prebuilts/common-modules/virtual-device/5.10/x86-64/virt_device_prebuilts_kernel_modules-5.10-x86_64/android_x86_64/stripped/psmouse.ko
out/soong/.intermediates/kernel/prebuilts/common-modules/virtual-device/5.10/x86-64/virt_device_prebuilts_kernel_modules-5.10-x86_64/android_x86_64/stripped/pulse8-cec.ko
out/soong/.intermediates/kernel/prebuilts/common-modules/virtual-device/5.10/x86-64/virt_device_prebuilts_kernel_modules-5.10-x86_64/android_x86_64/stripped/rtc-test.ko
out/soong/.intermediates/kernel/prebuilts/common-modules/virtual-device/5.10/x86-64/virt_device_prebuilts_kernel_modules-5.10-x86_64/android_x86_64/stripped/slcan.ko
out/soong/.intermediates/kernel/prebuilts/common-modules/virtual-device/5.10/x86-64/virt_device_prebuilts_kernel_modules-5.10-x86_64/android_x86_64/stripped/snd-ac97-codec.ko
out/soong/.intermediates/kernel/prebuilts/common-modules/virtual-device/5.10/x86-64/virt_device_prebuilts_kernel_modules-5.10-x86_64/android_x86_64/stripped/snd-hda-codec-generic.ko
out/soong/.intermediates/kernel/prebuilts/common-modules/virtual-device/5.10/x86-64/virt_device_prebuilts_kernel_modules-5.10-x86_64/android_x86_64/stripped/snd-hda-codec-realtek.ko
out/soong/.intermediates/kernel/prebuilts/common-modules/virtual-device/5.10/x86-64/virt_device_prebuilts_kernel_modules-5.10-x86_64/android_x86_64/stripped/snd-hda-codec.ko
out/soong/.intermediates/kernel/prebuilts/common-modules/virtual-device/5.10/x86-64/virt_device_prebuilts_kernel_modules-5.10-x86_64/android_x86_64/stripped/snd-hda-core.ko
out/soong/.intermediates/kernel/prebuilts/common-modules/virtual-device/5.10/x86-64/virt_device_prebuilts_kernel_modules-5.10-x86_64/android_x86_64/stripped/snd-hda-intel.ko
out/soong/.intermediates/kernel/prebuilts/common-modules/virtual-device/5.10/x86-64/virt_device_prebuilts_kernel_modules-5.10-x86_64/android_x86_64/stripped/snd-intel-dspcfg.ko
out/soong/.intermediates/kernel/prebuilts/common-modules/virtual-device/5.10/x86-64/virt_device_prebuilts_kernel_modules-5.10-x86_64/android_x86_64/stripped/snd-intel8x0.ko
out/soong/.intermediates/kernel/prebuilts/common-modules/virtual-device/5.10/x86-64/virt_device_prebuilts_kernel_modules-5.10-x86_64/android_x86_64/stripped/system_heap.ko
out/soong/.intermediates/kernel/prebuilts/common-modules/virtual-device/5.10/x86-64/virt_device_prebuilts_kernel_modules-5.10-x86_64/android_x86_64/stripped/test_meminit.ko
out/soong/.intermediates/kernel/prebuilts/common-modules/virtual-device/5.10/x86-64/virt_device_prebuilts_kernel_modules-5.10-x86_64/android_x86_64/stripped/test_stackinit.ko
out/soong/.intermediates/kernel/prebuilts/common-modules/virtual-device/5.10/x86-64/virt_device_prebuilts_kernel_modules-5.10-x86_64/android_x86_64/stripped/tpm.ko
out/soong/.intermediates/kernel/prebuilts/common-modules/virtual-device/5.10/x86-64/virt_device_prebuilts_kernel_modules-5.10-x86_64/android_x86_64/stripped/tpm_vtpm_proxy.ko
out/soong/.intermediates/kernel/prebuilts/common-modules/virtual-device/5.10/x86-64/virt_device_prebuilts_kernel_modules-5.10-x86_64/android_x86_64/stripped/usbip-core.ko
out/soong/.intermediates/kernel/prebuilts/common-modules/virtual-device/5.10/x86-64/virt_device_prebuilts_kernel_modules-5.10-x86_64/android_x86_64/stripped/vcan.ko
out/soong/.intermediates/kernel/prebuilts/common-modules/virtual-device/5.10/x86-64/virt_device_prebuilts_kernel_modules-5.10-x86_64/android_x86_64/stripped/vhci-hcd.ko
out/soong/.intermediates/kernel/prebuilts/common-modules/virtual-device/5.10/x86-64/virt_device_prebuilts_kernel_modules-5.10-x86_64/android_x86_64/stripped/virt_wifi.ko
out/soong/.intermediates/kernel/prebuilts/common-modules/virtual-device/5.10/x86-64/virt_device_prebuilts_kernel_modules-5.10-x86_64/android_x86_64/stripped/virt_wifi_sim.ko
out/soong/.intermediates/kernel/prebuilts/common-modules/virtual-device/5.10/x86-64/virt_device_prebuilts_kernel_modules-5.10-x86_64/android_x86_64/stripped/virtio-gpu.ko
out/soong/.intermediates/kernel/prebuilts/common-modules/virtual-device/5.10/x86-64/virt_device_prebuilts_kernel_modules-5.10-x86_64/android_x86_64/stripped/virtio-rng.ko
out/soong/.intermediates/kernel/prebuilts/common-modules/virtual-device/5.10/x86-64/virt_device_prebuilts_kernel_modules-5.10-x86_64/android_x86_64/stripped/virtio_balloon.ko
out/soong/.intermediates/kernel/prebuilts/common-modules/virtual-device/5.10/x86-64/virt_device_prebuilts_kernel_modules-5.10-x86_64/android_x86_64/stripped/virtio_blk.ko
out/soong/.intermediates/kernel/prebuilts/common-modules/virtual-device/5.10/x86-64/virt_device_prebuilts_kernel_modules-5.10-x86_64/android_x86_64/stripped/virtio_console.ko
out/soong/.intermediates/kernel/prebuilts/common-modules/virtual-device/5.10/x86-64/virt_device_prebuilts_kernel_modules-5.10-x86_64/android_x86_64/stripped/virtio_dma_buf.ko
out/soong/.intermediates/kernel/prebuilts/common-modules/virtual-device/5.10/x86-64/virt_device_prebuilts_kernel_modules-5.10-x86_64/android_x86_64/stripped/virtio_input.ko
out/soong/.intermediates/kernel/prebuilts/common-modules/virtual-device/5.10/x86-64/virt_device_prebuilts_kernel_modules-5.10-x86_64/android_x86_64/stripped/virtio_mem.ko
out/soong/.intermediates/kernel/prebuilts/common-modules/virtual-device/5.10/x86-64/virt_device_prebuilts_kernel_modules-5.10-x86_64/android_x86_64/stripped/virtio_mmio.ko
out/soong/.intermediates/kernel/prebuilts/common-modules/virtual-device/5.10/x86-64/virt_device_prebuilts_kernel_modules-5.10-x86_64/android_x86_64/stripped/virtio_net.ko
out/soong/.intermediates/kernel/prebuilts/common-modules/virtual-device/5.10/x86-64/virt_device_prebuilts_kernel_modules-5.10-x86_64/android_x86_64/stripped/virtio_pci.ko
out/soong/.intermediates/kernel/prebuilts/common-modules/virtual-device/5.10/x86-64/virt_device_prebuilts_kernel_modules-5.10-x86_64/android_x86_64/stripped/virtio_pmem.ko
out/soong/.intermediates/kernel/prebuilts/common-modules/virtual-device/5.10/x86-64/virt_device_prebuilts_kernel_modules-5.10-x86_64/android_x86_64/stripped/virtio_snd.ko
out/soong/.intermediates/kernel/prebuilts/common-modules/virtual-device/5.10/x86-64/virt_device_prebuilts_kernel_modules-5.10-x86_64/android_x86_64/stripped/vmw_vsock_virtio_transport.ko
out/soong/.intermediates/kernel/prebuilts/common-modules/virtual-device/5.10/x86-64/virt_device_prebuilts_kernel_modules-5.10-x86_64/android_x86_64/stripped/zram.ko
out/soong/.intermediates/kernel/prebuilts/common-modules/virtual-device/5.10/x86-64/virt_device_prebuilts_kernel_modules-5.10-x86_64/android_x86_64/stripped/zsmalloc.ko