out/soong/.intermediates/frameworks/base/media/audio_common-aidl-cpp-source/gen/android/media/audio/common/AudioChannelMask.cpp
out/soong/.intermediates/frameworks/base/media/audio_common-aidl-cpp-source/gen/android/media/audio/common/AudioConfig.cpp
out/soong/.intermediates/frameworks/base/media/audio_common-aidl-cpp-source/gen/android/media/audio/common/AudioFormat.cpp
out/soong/.intermediates/frameworks/base/media/audio_common-aidl-cpp-source/gen/android/media/audio/common/AudioOffloadInfo.cpp
out/soong/.intermediates/frameworks/base/media/audio_common-aidl-cpp-source/gen/android/media/audio/common/AudioStreamType.cpp
out/soong/.intermediates/frameworks/base/media/audio_common-aidl-cpp-source/gen/android/media/audio/common/AudioUsage.cpp
out/soong/.intermediates/frameworks/base/media/audio_common-aidl-cpp-source/gen/include/android/media/audio/common/AudioChannelMask.h
out/soong/.intermediates/frameworks/base/media/audio_common-aidl-cpp-source/gen/include/android/media/audio/common/AudioConfig.h
out/soong/.intermediates/frameworks/base/media/audio_common-aidl-cpp-source/gen/include/android/media/audio/common/AudioFormat.h
out/soong/.intermediates/frameworks/base/media/audio_common-aidl-cpp-source/gen/include/android/media/audio/common/AudioOffloadInfo.h
out/soong/.intermediates/frameworks/base/media/audio_common-aidl-cpp-source/gen/include/android/media/audio/common/AudioStreamType.h
out/soong/.intermediates/frameworks/base/media/audio_common-aidl-cpp-source/gen/include/android/media/audio/common/AudioUsage.h
out/soong/.intermediates/frameworks/base/media/audio_common-aidl-cpp-source/gen/include/android/media/audio/common/BnAudioChannelMask.h
out/soong/.intermediates/frameworks/base/media/audio_common-aidl-cpp-source/gen/include/android/media/audio/common/BnAudioConfig.h
out/soong/.intermediates/frameworks/base/media/audio_common-aidl-cpp-source/gen/include/android/media/audio/common/BnAudioFormat.h
out/soong/.intermediates/frameworks/base/media/audio_common-aidl-cpp-source/gen/include/android/media/audio/common/BnAudioOffloadInfo.h
out/soong/.intermediates/frameworks/base/media/audio_common-aidl-cpp-source/gen/include/android/media/audio/common/BnAudioStreamType.h
out/soong/.intermediates/frameworks/base/media/audio_common-aidl-cpp-source/gen/include/android/media/audio/common/BnAudioUsage.h
out/soong/.intermediates/frameworks/base/media/audio_common-aidl-cpp-source/gen/include/android/media/audio/common/BpAudioChannelMask.h
out/soong/.intermediates/frameworks/base/media/audio_common-aidl-cpp-source/gen/include/android/media/audio/common/BpAudioConfig.h
out/soong/.intermediates/frameworks/base/media/audio_common-aidl-cpp-source/gen/include/android/media/audio/common/BpAudioFormat.h
out/soong/.intermediates/frameworks/base/media/audio_common-aidl-cpp-source/gen/include/android/media/audio/common/BpAudioOffloadInfo.h
out/soong/.intermediates/frameworks/base/media/audio_common-aidl-cpp-source/gen/include/android/media/audio/common/BpAudioStreamType.h
out/soong/.intermediates/frameworks/base/media/audio_common-aidl-cpp-source/gen/include/android/media/audio/common/BpAudioUsage.h