out/soong/.intermediates/frameworks/base/framework-javastream-protos/gen/gensrcs/frameworks/base/core/proto/android/app/activitymanager.srcjar
out/soong/.intermediates/frameworks/base/framework-javastream-protos/gen/gensrcs/frameworks/base/core/proto/android/app/alarmmanager.srcjar
out/soong/.intermediates/frameworks/base/framework-javastream-protos/gen/gensrcs/frameworks/base/core/proto/android/app/appexitinfo.srcjar
out/soong/.intermediates/frameworks/base/framework-javastream-protos/gen/gensrcs/frameworks/base/core/proto/android/app/location_time_zone_manager.srcjar
out/soong/.intermediates/frameworks/base/framework-javastream-protos/gen/gensrcs/frameworks/base/core/proto/android/app/notification.srcjar
out/soong/.intermediates/frameworks/base/framework-javastream-protos/gen/gensrcs/frameworks/base/core/proto/android/app/notification_channel.srcjar
out/soong/.intermediates/frameworks/base/framework-javastream-protos/gen/gensrcs/frameworks/base/core/proto/android/app/notification_channel_group.srcjar
out/soong/.intermediates/frameworks/base/framework-javastream-protos/gen/gensrcs/frameworks/base/core/proto/android/app/notificationmanager.srcjar
out/soong/.intermediates/frameworks/base/framework-javastream-protos/gen/gensrcs/frameworks/base/core/proto/android/app/pendingintent.srcjar
out/soong/.intermediates/frameworks/base/framework-javastream-protos/gen/gensrcs/frameworks/base/core/proto/android/app/profilerinfo.srcjar
out/soong/.intermediates/frameworks/base/framework-javastream-protos/gen/gensrcs/frameworks/base/core/proto/android/app/statusbarmanager.srcjar
out/soong/.intermediates/frameworks/base/framework-javastream-protos/gen/gensrcs/frameworks/base/core/proto/android/app/time_zone_detector.srcjar
out/soong/.intermediates/frameworks/base/framework-javastream-protos/gen/gensrcs/frameworks/base/core/proto/android/app/window_configuration.srcjar
out/soong/.intermediates/frameworks/base/framework-javastream-protos/gen/gensrcs/frameworks/base/core/proto/android/content/activityinfo.srcjar
out/soong/.intermediates/frameworks/base/framework-javastream-protos/gen/gensrcs/frameworks/base/core/proto/android/content/clipdata.srcjar
out/soong/.intermediates/frameworks/base/framework-javastream-protos/gen/gensrcs/frameworks/base/core/proto/android/content/clipdescription.srcjar
out/soong/.intermediates/frameworks/base/framework-javastream-protos/gen/gensrcs/frameworks/base/core/proto/android/content/component_name.srcjar
out/soong/.intermediates/frameworks/base/framework-javastream-protos/gen/gensrcs/frameworks/base/core/proto/android/content/configuration.srcjar
out/soong/.intermediates/frameworks/base/framework-javastream-protos/gen/gensrcs/frameworks/base/core/proto/android/content/featureinfo.srcjar
out/soong/.intermediates/frameworks/base/framework-javastream-protos/gen/gensrcs/frameworks/base/core/proto/android/content/intent.srcjar
out/soong/.intermediates/frameworks/base/framework-javastream-protos/gen/gensrcs/frameworks/base/core/proto/android/content/locale.srcjar
out/soong/.intermediates/frameworks/base/framework-javastream-protos/gen/gensrcs/frameworks/base/core/proto/android/content/locusid.srcjar
out/soong/.intermediates/frameworks/base/framework-javastream-protos/gen/gensrcs/frameworks/base/core/proto/android/content/package_item_info.srcjar
out/soong/.intermediates/frameworks/base/framework-javastream-protos/gen/gensrcs/frameworks/base/core/proto/android/graphics/pixelformat.srcjar
out/soong/.intermediates/frameworks/base/framework-javastream-protos/gen/gensrcs/frameworks/base/core/proto/android/graphics/point.srcjar
out/soong/.intermediates/frameworks/base/framework-javastream-protos/gen/gensrcs/frameworks/base/core/proto/android/graphics/rect.srcjar
out/soong/.intermediates/frameworks/base/framework-javastream-protos/gen/gensrcs/frameworks/base/core/proto/android/hardware/location/context_hub_info.srcjar
out/soong/.intermediates/frameworks/base/framework-javastream-protos/gen/gensrcs/frameworks/base/core/proto/android/hardware/sensorprivacy.srcjar
out/soong/.intermediates/frameworks/base/framework-javastream-protos/gen/gensrcs/frameworks/base/core/proto/android/inputmethodservice/inputmethodservice.srcjar
out/soong/.intermediates/frameworks/base/framework-javastream-protos/gen/gensrcs/frameworks/base/core/proto/android/inputmethodservice/softinputwindow.srcjar
out/soong/.intermediates/frameworks/base/framework-javastream-protos/gen/gensrcs/frameworks/base/core/proto/android/internal/binder_latency.srcjar
out/soong/.intermediates/frameworks/base/framework-javastream-protos/gen/gensrcs/frameworks/base/core/proto/android/internal/locallog.srcjar
out/soong/.intermediates/frameworks/base/framework-javastream-protos/gen/gensrcs/frameworks/base/core/proto/android/internal/powerprofile.srcjar
out/soong/.intermediates/frameworks/base/framework-javastream-protos/gen/gensrcs/frameworks/base/core/proto/android/internal/processstats.srcjar
out/soong/.intermediates/frameworks/base/framework-javastream-protos/gen/gensrcs/frameworks/base/core/proto/android/internal/protolog.srcjar
out/soong/.intermediates/frameworks/base/framework-javastream-protos/gen/gensrcs/frameworks/base/core/proto/android/media/audioattributes.srcjar
out/soong/.intermediates/frameworks/base/framework-javastream-protos/gen/gensrcs/frameworks/base/core/proto/android/net/network.srcjar
out/soong/.intermediates/frameworks/base/framework-javastream-protos/gen/gensrcs/frameworks/base/core/proto/android/net/networkcapabilities.srcjar
out/soong/.intermediates/frameworks/base/framework-javastream-protos/gen/gensrcs/frameworks/base/core/proto/android/net/networkrequest.srcjar
out/soong/.intermediates/frameworks/base/framework-javastream-protos/gen/gensrcs/frameworks/base/core/proto/android/nfc/aid_group.srcjar
out/soong/.intermediates/frameworks/base/framework-javastream-protos/gen/gensrcs/frameworks/base/core/proto/android/nfc/apdu_service_info.srcjar
out/soong/.intermediates/frameworks/base/framework-javastream-protos/gen/gensrcs/frameworks/base/core/proto/android/nfc/card_emulation.srcjar
out/soong/.intermediates/frameworks/base/framework-javastream-protos/gen/gensrcs/frameworks/base/core/proto/android/nfc/ndef.srcjar
out/soong/.intermediates/frameworks/base/framework-javastream-protos/gen/gensrcs/frameworks/base/core/proto/android/nfc/nfc_fservice_info.srcjar
out/soong/.intermediates/frameworks/base/framework-javastream-protos/gen/gensrcs/frameworks/base/core/proto/android/nfc/nfc_service.srcjar
out/soong/.intermediates/frameworks/base/framework-javastream-protos/gen/gensrcs/frameworks/base/core/proto/android/os/backtrace.srcjar
out/soong/.intermediates/frameworks/base/framework-javastream-protos/gen/gensrcs/frameworks/base/core/proto/android/os/batterystats.srcjar
out/soong/.intermediates/frameworks/base/framework-javastream-protos/gen/gensrcs/frameworks/base/core/proto/android/os/batterytype.srcjar
out/soong/.intermediates/frameworks/base/framework-javastream-protos/gen/gensrcs/frameworks/base/core/proto/android/os/batteryusagestats.srcjar
out/soong/.intermediates/frameworks/base/framework-javastream-protos/gen/gensrcs/frameworks/base/core/proto/android/os/bundle.srcjar
out/soong/.intermediates/frameworks/base/framework-javastream-protos/gen/gensrcs/frameworks/base/core/proto/android/os/cpu_usage.srcjar
out/soong/.intermediates/frameworks/base/framework-javastream-protos/gen/gensrcs/frameworks/base/core/proto/android/os/cpufreq.srcjar
out/soong/.intermediates/frameworks/base/framework-javastream-protos/gen/gensrcs/frameworks/base/core/proto/android/os/cpuinfo.srcjar
out/soong/.intermediates/frameworks/base/framework-javastream-protos/gen/gensrcs/frameworks/base/core/proto/android/os/data.srcjar
out/soong/.intermediates/frameworks/base/framework-javastream-protos/gen/gensrcs/frameworks/base/core/proto/android/os/header.srcjar
out/soong/.intermediates/frameworks/base/framework-javastream-protos/gen/gensrcs/frameworks/base/core/proto/android/os/incident.srcjar
out/soong/.intermediates/frameworks/base/framework-javastream-protos/gen/gensrcs/frameworks/base/core/proto/android/os/kernelwake.srcjar
out/soong/.intermediates/frameworks/base/framework-javastream-protos/gen/gensrcs/frameworks/base/core/proto/android/os/looper.srcjar
out/soong/.intermediates/frameworks/base/framework-javastream-protos/gen/gensrcs/frameworks/base/core/proto/android/os/message.srcjar
out/soong/.intermediates/frameworks/base/framework-javastream-protos/gen/gensrcs/frameworks/base/core/proto/android/os/messagequeue.srcjar
out/soong/.intermediates/frameworks/base/framework-javastream-protos/gen/gensrcs/frameworks/base/core/proto/android/os/metadata.srcjar
out/soong/.intermediates/frameworks/base/framework-javastream-protos/gen/gensrcs/frameworks/base/core/proto/android/os/pagetypeinfo.srcjar
out/soong/.intermediates/frameworks/base/framework-javastream-protos/gen/gensrcs/frameworks/base/core/proto/android/os/patternmatcher.srcjar
out/soong/.intermediates/frameworks/base/framework-javastream-protos/gen/gensrcs/frameworks/base/core/proto/android/os/persistablebundle.srcjar
out/soong/.intermediates/frameworks/base/framework-javastream-protos/gen/gensrcs/frameworks/base/core/proto/android/os/powermanager.srcjar
out/soong/.intermediates/frameworks/base/framework-javastream-protos/gen/gensrcs/frameworks/base/core/proto/android/os/procrank.srcjar
out/soong/.intermediates/frameworks/base/framework-javastream-protos/gen/gensrcs/frameworks/base/core/proto/android/os/ps.srcjar
out/soong/.intermediates/frameworks/base/framework-javastream-protos/gen/gensrcs/frameworks/base/core/proto/android/os/statsdata.srcjar
out/soong/.intermediates/frameworks/base/framework-javastream-protos/gen/gensrcs/frameworks/base/core/proto/android/os/system_properties.srcjar
out/soong/.intermediates/frameworks/base/framework-javastream-protos/gen/gensrcs/frameworks/base/core/proto/android/os/worksource.srcjar
out/soong/.intermediates/frameworks/base/framework-javastream-protos/gen/gensrcs/frameworks/base/core/proto/android/privacy.srcjar
out/soong/.intermediates/frameworks/base/framework-javastream-protos/gen/gensrcs/frameworks/base/core/proto/android/providers/settings.srcjar
out/soong/.intermediates/frameworks/base/framework-javastream-protos/gen/gensrcs/frameworks/base/core/proto/android/providers/settings/common.srcjar
out/soong/.intermediates/frameworks/base/framework-javastream-protos/gen/gensrcs/frameworks/base/core/proto/android/providers/settings/config.srcjar
out/soong/.intermediates/frameworks/base/framework-javastream-protos/gen/gensrcs/frameworks/base/core/proto/android/providers/settings/global.srcjar
out/soong/.intermediates/frameworks/base/framework-javastream-protos/gen/gensrcs/frameworks/base/core/proto/android/providers/settings/secure.srcjar
out/soong/.intermediates/frameworks/base/framework-javastream-protos/gen/gensrcs/frameworks/base/core/proto/android/providers/settings/system.srcjar
out/soong/.intermediates/frameworks/base/framework-javastream-protos/gen/gensrcs/frameworks/base/core/proto/android/section.srcjar
out/soong/.intermediates/frameworks/base/framework-javastream-protos/gen/gensrcs/frameworks/base/core/proto/android/server/accessibility.srcjar
out/soong/.intermediates/frameworks/base/framework-javastream-protos/gen/gensrcs/frameworks/base/core/proto/android/server/accessibilitytrace.srcjar
out/soong/.intermediates/frameworks/base/framework-javastream-protos/gen/gensrcs/frameworks/base/core/proto/android/server/activitymanagerservice.srcjar
out/soong/.intermediates/frameworks/base/framework-javastream-protos/gen/gensrcs/frameworks/base/core/proto/android/server/alarm/alarmmanagerservice.srcjar
out/soong/.intermediates/frameworks/base/framework-javastream-protos/gen/gensrcs/frameworks/base/core/proto/android/server/animationadapter.srcjar
out/soong/.intermediates/frameworks/base/framework-javastream-protos/gen/gensrcs/frameworks/base/core/proto/android/server/apphibernationservice.srcjar
out/soong/.intermediates/frameworks/base/framework-javastream-protos/gen/gensrcs/frameworks/base/core/proto/android/server/appstatetracker.srcjar
out/soong/.intermediates/frameworks/base/framework-javastream-protos/gen/gensrcs/frameworks/base/core/proto/android/server/biometrics.srcjar
out/soong/.intermediates/frameworks/base/framework-javastream-protos/gen/gensrcs/frameworks/base/core/proto/android/server/blobstoremanagerservice.srcjar
out/soong/.intermediates/frameworks/base/framework-javastream-protos/gen/gensrcs/frameworks/base/core/proto/android/server/bluetooth_manager_service.srcjar
out/soong/.intermediates/frameworks/base/framework-javastream-protos/gen/gensrcs/frameworks/base/core/proto/android/server/face.srcjar
out/soong/.intermediates/frameworks/base/framework-javastream-protos/gen/gensrcs/frameworks/base/core/proto/android/server/fingerprint.srcjar
out/soong/.intermediates/frameworks/base/framework-javastream-protos/gen/gensrcs/frameworks/base/core/proto/android/server/inputmethod/inputmethodmanagerservice.srcjar
out/soong/.intermediates/frameworks/base/framework-javastream-protos/gen/gensrcs/frameworks/base/core/proto/android/server/intentresolver.srcjar
out/soong/.intermediates/frameworks/base/framework-javastream-protos/gen/gensrcs/frameworks/base/core/proto/android/server/jobscheduler.srcjar
out/soong/.intermediates/frameworks/base/framework-javastream-protos/gen/gensrcs/frameworks/base/core/proto/android/server/location/context_hub.srcjar
out/soong/.intermediates/frameworks/base/framework-javastream-protos/gen/gensrcs/frameworks/base/core/proto/android/server/notificationhistory.srcjar
out/soong/.intermediates/frameworks/base/framework-javastream-protos/gen/gensrcs/frameworks/base/core/proto/android/server/peopleservice.srcjar
out/soong/.intermediates/frameworks/base/framework-javastream-protos/gen/gensrcs/frameworks/base/core/proto/android/server/powermanagerservice.srcjar
out/soong/.intermediates/frameworks/base/framework-javastream-protos/gen/gensrcs/frameworks/base/core/proto/android/server/powerstatsservice.srcjar
out/soong/.intermediates/frameworks/base/framework-javastream-protos/gen/gensrcs/frameworks/base/core/proto/android/server/statlogger.srcjar
out/soong/.intermediates/frameworks/base/framework-javastream-protos/gen/gensrcs/frameworks/base/core/proto/android/server/surfaceanimator.srcjar
out/soong/.intermediates/frameworks/base/framework-javastream-protos/gen/gensrcs/frameworks/base/core/proto/android/server/syncstorageengine.srcjar
out/soong/.intermediates/frameworks/base/framework-javastream-protos/gen/gensrcs/frameworks/base/core/proto/android/server/usagestatsservice.srcjar
out/soong/.intermediates/frameworks/base/framework-javastream-protos/gen/gensrcs/frameworks/base/core/proto/android/server/usagestatsservice_v2.srcjar
out/soong/.intermediates/frameworks/base/framework-javastream-protos/gen/gensrcs/frameworks/base/core/proto/android/server/vibrator/vibratormanagerservice.srcjar
out/soong/.intermediates/frameworks/base/framework-javastream-protos/gen/gensrcs/frameworks/base/core/proto/android/server/windowcontainerthumbnail.srcjar
out/soong/.intermediates/frameworks/base/framework-javastream-protos/gen/gensrcs/frameworks/base/core/proto/android/server/windowmanagerservice.srcjar
out/soong/.intermediates/frameworks/base/framework-javastream-protos/gen/gensrcs/frameworks/base/core/proto/android/server/windowmanagertrace.srcjar
out/soong/.intermediates/frameworks/base/framework-javastream-protos/gen/gensrcs/frameworks/base/core/proto/android/server/wirelesschargerdetector.srcjar
out/soong/.intermediates/frameworks/base/framework-javastream-protos/gen/gensrcs/frameworks/base/core/proto/android/service/adb.srcjar
out/soong/.intermediates/frameworks/base/framework-javastream-protos/gen/gensrcs/frameworks/base/core/proto/android/service/appwidget.srcjar
out/soong/.intermediates/frameworks/base/framework-javastream-protos/gen/gensrcs/frameworks/base/core/proto/android/service/battery.srcjar
out/soong/.intermediates/frameworks/base/framework-javastream-protos/gen/gensrcs/frameworks/base/core/proto/android/service/batterystats.srcjar
out/soong/.intermediates/frameworks/base/framework-javastream-protos/gen/gensrcs/frameworks/base/core/proto/android/service/diskstats.srcjar
out/soong/.intermediates/frameworks/base/framework-javastream-protos/gen/gensrcs/frameworks/base/core/proto/android/service/dropbox.srcjar
out/soong/.intermediates/frameworks/base/framework-javastream-protos/gen/gensrcs/frameworks/base/core/proto/android/service/graphicsstats.srcjar
out/soong/.intermediates/frameworks/base/framework-javastream-protos/gen/gensrcs/frameworks/base/core/proto/android/service/netstats.srcjar
out/soong/.intermediates/frameworks/base/framework-javastream-protos/gen/gensrcs/frameworks/base/core/proto/android/service/network_watchlist.srcjar
out/soong/.intermediates/frameworks/base/framework-javastream-protos/gen/gensrcs/frameworks/base/core/proto/android/service/notification.srcjar
out/soong/.intermediates/frameworks/base/framework-javastream-protos/gen/gensrcs/frameworks/base/core/proto/android/service/package.srcjar
out/soong/.intermediates/frameworks/base/framework-javastream-protos/gen/gensrcs/frameworks/base/core/proto/android/service/print.srcjar
out/soong/.intermediates/frameworks/base/framework-javastream-protos/gen/gensrcs/frameworks/base/core/proto/android/service/procstats.srcjar
out/soong/.intermediates/frameworks/base/framework-javastream-protos/gen/gensrcs/frameworks/base/core/proto/android/service/restricted_image.srcjar
out/soong/.intermediates/frameworks/base/framework-javastream-protos/gen/gensrcs/frameworks/base/core/proto/android/service/runtime.srcjar
out/soong/.intermediates/frameworks/base/framework-javastream-protos/gen/gensrcs/frameworks/base/core/proto/android/service/sensor_service.srcjar
out/soong/.intermediates/frameworks/base/framework-javastream-protos/gen/gensrcs/frameworks/base/core/proto/android/service/usb.srcjar
out/soong/.intermediates/frameworks/base/framework-javastream-protos/gen/gensrcs/frameworks/base/core/proto/android/typedef.srcjar
out/soong/.intermediates/frameworks/base/framework-javastream-protos/gen/gensrcs/frameworks/base/core/proto/android/util/common.srcjar
out/soong/.intermediates/frameworks/base/framework-javastream-protos/gen/gensrcs/frameworks/base/core/proto/android/util/event_log_tags.srcjar
out/soong/.intermediates/frameworks/base/framework-javastream-protos/gen/gensrcs/frameworks/base/core/proto/android/util/log.srcjar
out/soong/.intermediates/frameworks/base/framework-javastream-protos/gen/gensrcs/frameworks/base/core/proto/android/util/quotatracker.srcjar
out/soong/.intermediates/frameworks/base/framework-javastream-protos/gen/gensrcs/frameworks/base/core/proto/android/util/textdump.srcjar
out/soong/.intermediates/frameworks/base/framework-javastream-protos/gen/gensrcs/frameworks/base/core/proto/android/view/display.srcjar
out/soong/.intermediates/frameworks/base/framework-javastream-protos/gen/gensrcs/frameworks/base/core/proto/android/view/displaycutout.srcjar
out/soong/.intermediates/frameworks/base/framework-javastream-protos/gen/gensrcs/frameworks/base/core/proto/android/view/displayinfo.srcjar
out/soong/.intermediates/frameworks/base/framework-javastream-protos/gen/gensrcs/frameworks/base/core/proto/android/view/imefocuscontroller.srcjar
out/soong/.intermediates/frameworks/base/framework-javastream-protos/gen/gensrcs/frameworks/base/core/proto/android/view/imeinsetssourceconsumer.srcjar
out/soong/.intermediates/frameworks/base/framework-javastream-protos/gen/gensrcs/frameworks/base/core/proto/android/view/inputmethod/editorinfo.srcjar
out/soong/.intermediates/frameworks/base/framework-javastream-protos/gen/gensrcs/frameworks/base/core/proto/android/view/inputmethod/inputconnection.srcjar
out/soong/.intermediates/frameworks/base/framework-javastream-protos/gen/gensrcs/frameworks/base/core/proto/android/view/inputmethod/inputmethodeditortrace.srcjar
out/soong/.intermediates/frameworks/base/framework-javastream-protos/gen/gensrcs/frameworks/base/core/proto/android/view/inputmethod/inputmethodmanager.srcjar
out/soong/.intermediates/frameworks/base/framework-javastream-protos/gen/gensrcs/frameworks/base/core/proto/android/view/insetsanimationcontrolimpl.srcjar
out/soong/.intermediates/frameworks/base/framework-javastream-protos/gen/gensrcs/frameworks/base/core/proto/android/view/insetscontroller.srcjar
out/soong/.intermediates/frameworks/base/framework-javastream-protos/gen/gensrcs/frameworks/base/core/proto/android/view/insetssource.srcjar
out/soong/.intermediates/frameworks/base/framework-javastream-protos/gen/gensrcs/frameworks/base/core/proto/android/view/insetssourceconsumer.srcjar
out/soong/.intermediates/frameworks/base/framework-javastream-protos/gen/gensrcs/frameworks/base/core/proto/android/view/insetssourcecontrol.srcjar
out/soong/.intermediates/frameworks/base/framework-javastream-protos/gen/gensrcs/frameworks/base/core/proto/android/view/insetsstate.srcjar
out/soong/.intermediates/frameworks/base/framework-javastream-protos/gen/gensrcs/frameworks/base/core/proto/android/view/remote_animation_target.srcjar
out/soong/.intermediates/frameworks/base/framework-javastream-protos/gen/gensrcs/frameworks/base/core/proto/android/view/surface.srcjar
out/soong/.intermediates/frameworks/base/framework-javastream-protos/gen/gensrcs/frameworks/base/core/proto/android/view/surfacecontrol.srcjar
out/soong/.intermediates/frameworks/base/framework-javastream-protos/gen/gensrcs/frameworks/base/core/proto/android/view/viewrootimpl.srcjar
out/soong/.intermediates/frameworks/base/framework-javastream-protos/gen/gensrcs/frameworks/base/core/proto/android/view/windowlayoutparams.srcjar
out/soong/.intermediates/frameworks/base/framework-javastream-protos/gen/gensrcs/frameworks/base/proto/src/ipconnectivity.srcjar
out/soong/.intermediates/frameworks/base/framework-javastream-protos/gen/gensrcs/frameworks/proto_logging/stats/enums/app/enums.srcjar
out/soong/.intermediates/frameworks/base/framework-javastream-protos/gen/gensrcs/frameworks/proto_logging/stats/enums/app/job/enums.srcjar
out/soong/.intermediates/frameworks/base/framework-javastream-protos/gen/gensrcs/frameworks/proto_logging/stats/enums/app/media_output_enum.srcjar
out/soong/.intermediates/frameworks/base/framework-javastream-protos/gen/gensrcs/frameworks/proto_logging/stats/enums/app/settings_enums.srcjar
out/soong/.intermediates/frameworks/base/framework-javastream-protos/gen/gensrcs/frameworks/proto_logging/stats/enums/app/tvsettings_enums.srcjar
out/soong/.intermediates/frameworks/base/framework-javastream-protos/gen/gensrcs/frameworks/proto_logging/stats/enums/bluetooth/a2dp/enums.srcjar
out/soong/.intermediates/frameworks/base/framework-javastream-protos/gen/gensrcs/frameworks/proto_logging/stats/enums/bluetooth/enums.srcjar
out/soong/.intermediates/frameworks/base/framework-javastream-protos/gen/gensrcs/frameworks/proto_logging/stats/enums/bluetooth/hci/enums.srcjar
out/soong/.intermediates/frameworks/base/framework-javastream-protos/gen/gensrcs/frameworks/proto_logging/stats/enums/bluetooth/hfp/enums.srcjar
out/soong/.intermediates/frameworks/base/framework-javastream-protos/gen/gensrcs/frameworks/proto_logging/stats/enums/bluetooth/smp/enums.srcjar
out/soong/.intermediates/frameworks/base/framework-javastream-protos/gen/gensrcs/frameworks/proto_logging/stats/enums/debug/enums.srcjar
out/soong/.intermediates/frameworks/base/framework-javastream-protos/gen/gensrcs/frameworks/proto_logging/stats/enums/hardware/biometrics/enums.srcjar
out/soong/.intermediates/frameworks/base/framework-javastream-protos/gen/gensrcs/frameworks/proto_logging/stats/enums/hardware/sensor/assist/enums.srcjar
out/soong/.intermediates/frameworks/base/framework-javastream-protos/gen/gensrcs/frameworks/proto_logging/stats/enums/net/enums.srcjar
out/soong/.intermediates/frameworks/base/framework-javastream-protos/gen/gensrcs/frameworks/proto_logging/stats/enums/os/enums.srcjar
out/soong/.intermediates/frameworks/base/framework-javastream-protos/gen/gensrcs/frameworks/proto_logging/stats/enums/server/connectivity/data_stall_event.srcjar
out/soong/.intermediates/frameworks/base/framework-javastream-protos/gen/gensrcs/frameworks/proto_logging/stats/enums/server/enums.srcjar
out/soong/.intermediates/frameworks/base/framework-javastream-protos/gen/gensrcs/frameworks/proto_logging/stats/enums/server/job/enums.srcjar
out/soong/.intermediates/frameworks/base/framework-javastream-protos/gen/gensrcs/frameworks/proto_logging/stats/enums/server/location/enums.srcjar
out/soong/.intermediates/frameworks/base/framework-javastream-protos/gen/gensrcs/frameworks/proto_logging/stats/enums/service/enums.srcjar
out/soong/.intermediates/frameworks/base/framework-javastream-protos/gen/gensrcs/frameworks/proto_logging/stats/enums/service/procstats_enum.srcjar
out/soong/.intermediates/frameworks/base/framework-javastream-protos/gen/gensrcs/frameworks/proto_logging/stats/enums/stats/accessibility/accessibility_enums.srcjar
out/soong/.intermediates/frameworks/base/framework-javastream-protos/gen/gensrcs/frameworks/proto_logging/stats/enums/stats/connectivity/network_stack.srcjar
out/soong/.intermediates/frameworks/base/framework-javastream-protos/gen/gensrcs/frameworks/proto_logging/stats/enums/stats/connectivity/tethering.srcjar
out/soong/.intermediates/frameworks/base/framework-javastream-protos/gen/gensrcs/frameworks/proto_logging/stats/enums/stats/devicepolicy/device_policy.srcjar
out/soong/.intermediates/frameworks/base/framework-javastream-protos/gen/gensrcs/frameworks/proto_logging/stats/enums/stats/devicepolicy/device_policy_enums.srcjar
out/soong/.intermediates/frameworks/base/framework-javastream-protos/gen/gensrcs/frameworks/proto_logging/stats/enums/stats/dnsresolver/dns_resolver.srcjar
out/soong/.intermediates/frameworks/base/framework-javastream-protos/gen/gensrcs/frameworks/proto_logging/stats/enums/stats/docsui/docsui_enums.srcjar
out/soong/.intermediates/frameworks/base/framework-javastream-protos/gen/gensrcs/frameworks/proto_logging/stats/enums/stats/enums.srcjar
out/soong/.intermediates/frameworks/base/framework-javastream-protos/gen/gensrcs/frameworks/proto_logging/stats/enums/stats/hdmi/enums.srcjar
out/soong/.intermediates/frameworks/base/framework-javastream-protos/gen/gensrcs/frameworks/proto_logging/stats/enums/stats/intelligence/enums.srcjar
out/soong/.intermediates/frameworks/base/framework-javastream-protos/gen/gensrcs/frameworks/proto_logging/stats/enums/stats/launcher/launcher.srcjar
out/soong/.intermediates/frameworks/base/framework-javastream-protos/gen/gensrcs/frameworks/proto_logging/stats/enums/stats/location/location_enums.srcjar
out/soong/.intermediates/frameworks/base/framework-javastream-protos/gen/gensrcs/frameworks/proto_logging/stats/enums/stats/mediametrics/mediametrics.srcjar
out/soong/.intermediates/frameworks/base/framework-javastream-protos/gen/gensrcs/frameworks/proto_logging/stats/enums/stats/mediaprovider/mediaprovider_enums.srcjar
out/soong/.intermediates/frameworks/base/framework-javastream-protos/gen/gensrcs/frameworks/proto_logging/stats/enums/stats/otaupdate/updateengine_enums.srcjar
out/soong/.intermediates/frameworks/base/framework-javastream-protos/gen/gensrcs/frameworks/proto_logging/stats/enums/stats/storage/storage_enums.srcjar
out/soong/.intermediates/frameworks/base/framework-javastream-protos/gen/gensrcs/frameworks/proto_logging/stats/enums/stats/style/style_enums.srcjar
out/soong/.intermediates/frameworks/base/framework-javastream-protos/gen/gensrcs/frameworks/proto_logging/stats/enums/stats/sysui/notification_enums.srcjar
out/soong/.intermediates/frameworks/base/framework-javastream-protos/gen/gensrcs/frameworks/proto_logging/stats/enums/stats/textclassifier/textclassifier_enums.srcjar
out/soong/.intermediates/frameworks/base/framework-javastream-protos/gen/gensrcs/frameworks/proto_logging/stats/enums/stats/tls/enums.srcjar
out/soong/.intermediates/frameworks/base/framework-javastream-protos/gen/gensrcs/frameworks/proto_logging/stats/enums/stats/tv/tif_enums.srcjar
out/soong/.intermediates/frameworks/base/framework-javastream-protos/gen/gensrcs/frameworks/proto_logging/stats/enums/stats/wm/enums.srcjar
out/soong/.intermediates/frameworks/base/framework-javastream-protos/gen/gensrcs/frameworks/proto_logging/stats/enums/system/security/keystore2/enums.srcjar
out/soong/.intermediates/frameworks/base/framework-javastream-protos/gen/gensrcs/frameworks/proto_logging/stats/enums/telecomm/enums.srcjar
out/soong/.intermediates/frameworks/base/framework-javastream-protos/gen/gensrcs/frameworks/proto_logging/stats/enums/telephony/enums.srcjar
out/soong/.intermediates/frameworks/base/framework-javastream-protos/gen/gensrcs/frameworks/proto_logging/stats/enums/view/enums.srcjar
out/soong/.intermediates/frameworks/base/framework-javastream-protos/gen/gensrcs/frameworks/proto_logging/stats/enums/wifi/enums.srcjar
out/soong/.intermediates/frameworks/base/framework-javastream-protos/gen/gensrcs/frameworks/proto_logging/stats/message/mediametrics_message.srcjar
out/soong/.intermediates/frameworks/base/framework-javastream-protos/gen/gensrcs/packages/modules/Permission/service/proto/com/android/role/roleservice.srcjar
out/soong/.intermediates/frameworks/base/framework-javastream-protos/gen/gensrcs/system/core/debuggerd/proto/tombstone.srcjar