out/soong/.intermediates/frameworks/base/libplatformprotos/linux_glibc_x86_64_static/gen/proto/frameworks/base/core/proto/android/app/activitymanager.pb.h
out/soong/.intermediates/frameworks/base/libplatformprotos/linux_glibc_x86_64_static/gen/proto/frameworks/base/core/proto/android/app/alarmmanager.pb.h
out/soong/.intermediates/frameworks/base/libplatformprotos/linux_glibc_x86_64_static/gen/proto/frameworks/base/core/proto/android/app/appexitinfo.pb.h
out/soong/.intermediates/frameworks/base/libplatformprotos/linux_glibc_x86_64_static/gen/proto/frameworks/base/core/proto/android/app/location_time_zone_manager.pb.h
out/soong/.intermediates/frameworks/base/libplatformprotos/linux_glibc_x86_64_static/gen/proto/frameworks/base/core/proto/android/app/notification.pb.h
out/soong/.intermediates/frameworks/base/libplatformprotos/linux_glibc_x86_64_static/gen/proto/frameworks/base/core/proto/android/app/notification_channel.pb.h
out/soong/.intermediates/frameworks/base/libplatformprotos/linux_glibc_x86_64_static/gen/proto/frameworks/base/core/proto/android/app/notification_channel_group.pb.h
out/soong/.intermediates/frameworks/base/libplatformprotos/linux_glibc_x86_64_static/gen/proto/frameworks/base/core/proto/android/app/notificationmanager.pb.h
out/soong/.intermediates/frameworks/base/libplatformprotos/linux_glibc_x86_64_static/gen/proto/frameworks/base/core/proto/android/app/pendingintent.pb.h
out/soong/.intermediates/frameworks/base/libplatformprotos/linux_glibc_x86_64_static/gen/proto/frameworks/base/core/proto/android/app/profilerinfo.pb.h
out/soong/.intermediates/frameworks/base/libplatformprotos/linux_glibc_x86_64_static/gen/proto/frameworks/base/core/proto/android/app/statusbarmanager.pb.h
out/soong/.intermediates/frameworks/base/libplatformprotos/linux_glibc_x86_64_static/gen/proto/frameworks/base/core/proto/android/app/time_zone_detector.pb.h
out/soong/.intermediates/frameworks/base/libplatformprotos/linux_glibc_x86_64_static/gen/proto/frameworks/base/core/proto/android/app/window_configuration.pb.h
out/soong/.intermediates/frameworks/base/libplatformprotos/linux_glibc_x86_64_static/gen/proto/frameworks/base/core/proto/android/content/activityinfo.pb.h
out/soong/.intermediates/frameworks/base/libplatformprotos/linux_glibc_x86_64_static/gen/proto/frameworks/base/core/proto/android/content/clipdata.pb.h
out/soong/.intermediates/frameworks/base/libplatformprotos/linux_glibc_x86_64_static/gen/proto/frameworks/base/core/proto/android/content/clipdescription.pb.h
out/soong/.intermediates/frameworks/base/libplatformprotos/linux_glibc_x86_64_static/gen/proto/frameworks/base/core/proto/android/content/component_name.pb.h
out/soong/.intermediates/frameworks/base/libplatformprotos/linux_glibc_x86_64_static/gen/proto/frameworks/base/core/proto/android/content/configuration.pb.h
out/soong/.intermediates/frameworks/base/libplatformprotos/linux_glibc_x86_64_static/gen/proto/frameworks/base/core/proto/android/content/featureinfo.pb.h
out/soong/.intermediates/frameworks/base/libplatformprotos/linux_glibc_x86_64_static/gen/proto/frameworks/base/core/proto/android/content/intent.pb.h
out/soong/.intermediates/frameworks/base/libplatformprotos/linux_glibc_x86_64_static/gen/proto/frameworks/base/core/proto/android/content/locale.pb.h
out/soong/.intermediates/frameworks/base/libplatformprotos/linux_glibc_x86_64_static/gen/proto/frameworks/base/core/proto/android/content/locusid.pb.h
out/soong/.intermediates/frameworks/base/libplatformprotos/linux_glibc_x86_64_static/gen/proto/frameworks/base/core/proto/android/content/package_item_info.pb.h
out/soong/.intermediates/frameworks/base/libplatformprotos/linux_glibc_x86_64_static/gen/proto/frameworks/base/core/proto/android/graphics/pixelformat.pb.h
out/soong/.intermediates/frameworks/base/libplatformprotos/linux_glibc_x86_64_static/gen/proto/frameworks/base/core/proto/android/graphics/point.pb.h
out/soong/.intermediates/frameworks/base/libplatformprotos/linux_glibc_x86_64_static/gen/proto/frameworks/base/core/proto/android/graphics/rect.pb.h
out/soong/.intermediates/frameworks/base/libplatformprotos/linux_glibc_x86_64_static/gen/proto/frameworks/base/core/proto/android/hardware/location/context_hub_info.pb.h
out/soong/.intermediates/frameworks/base/libplatformprotos/linux_glibc_x86_64_static/gen/proto/frameworks/base/core/proto/android/hardware/sensorprivacy.pb.h
out/soong/.intermediates/frameworks/base/libplatformprotos/linux_glibc_x86_64_static/gen/proto/frameworks/base/core/proto/android/inputmethodservice/inputmethodservice.pb.h
out/soong/.intermediates/frameworks/base/libplatformprotos/linux_glibc_x86_64_static/gen/proto/frameworks/base/core/proto/android/inputmethodservice/softinputwindow.pb.h
out/soong/.intermediates/frameworks/base/libplatformprotos/linux_glibc_x86_64_static/gen/proto/frameworks/base/core/proto/android/internal/binder_latency.pb.h
out/soong/.intermediates/frameworks/base/libplatformprotos/linux_glibc_x86_64_static/gen/proto/frameworks/base/core/proto/android/internal/locallog.pb.h
out/soong/.intermediates/frameworks/base/libplatformprotos/linux_glibc_x86_64_static/gen/proto/frameworks/base/core/proto/android/internal/powerprofile.pb.h
out/soong/.intermediates/frameworks/base/libplatformprotos/linux_glibc_x86_64_static/gen/proto/frameworks/base/core/proto/android/internal/processstats.pb.h
out/soong/.intermediates/frameworks/base/libplatformprotos/linux_glibc_x86_64_static/gen/proto/frameworks/base/core/proto/android/internal/protolog.pb.h
out/soong/.intermediates/frameworks/base/libplatformprotos/linux_glibc_x86_64_static/gen/proto/frameworks/base/core/proto/android/media/audioattributes.pb.h
out/soong/.intermediates/frameworks/base/libplatformprotos/linux_glibc_x86_64_static/gen/proto/frameworks/base/core/proto/android/net/network.pb.h
out/soong/.intermediates/frameworks/base/libplatformprotos/linux_glibc_x86_64_static/gen/proto/frameworks/base/core/proto/android/net/networkcapabilities.pb.h
out/soong/.intermediates/frameworks/base/libplatformprotos/linux_glibc_x86_64_static/gen/proto/frameworks/base/core/proto/android/net/networkrequest.pb.h
out/soong/.intermediates/frameworks/base/libplatformprotos/linux_glibc_x86_64_static/gen/proto/frameworks/base/core/proto/android/nfc/aid_group.pb.h
out/soong/.intermediates/frameworks/base/libplatformprotos/linux_glibc_x86_64_static/gen/proto/frameworks/base/core/proto/android/nfc/apdu_service_info.pb.h
out/soong/.intermediates/frameworks/base/libplatformprotos/linux_glibc_x86_64_static/gen/proto/frameworks/base/core/proto/android/nfc/card_emulation.pb.h
out/soong/.intermediates/frameworks/base/libplatformprotos/linux_glibc_x86_64_static/gen/proto/frameworks/base/core/proto/android/nfc/ndef.pb.h
out/soong/.intermediates/frameworks/base/libplatformprotos/linux_glibc_x86_64_static/gen/proto/frameworks/base/core/proto/android/nfc/nfc_fservice_info.pb.h
out/soong/.intermediates/frameworks/base/libplatformprotos/linux_glibc_x86_64_static/gen/proto/frameworks/base/core/proto/android/nfc/nfc_service.pb.h
out/soong/.intermediates/frameworks/base/libplatformprotos/linux_glibc_x86_64_static/gen/proto/frameworks/base/core/proto/android/os/backtrace.pb.h
out/soong/.intermediates/frameworks/base/libplatformprotos/linux_glibc_x86_64_static/gen/proto/frameworks/base/core/proto/android/os/batterystats.pb.h
out/soong/.intermediates/frameworks/base/libplatformprotos/linux_glibc_x86_64_static/gen/proto/frameworks/base/core/proto/android/os/batterytype.pb.h
out/soong/.intermediates/frameworks/base/libplatformprotos/linux_glibc_x86_64_static/gen/proto/frameworks/base/core/proto/android/os/batteryusagestats.pb.h
out/soong/.intermediates/frameworks/base/libplatformprotos/linux_glibc_x86_64_static/gen/proto/frameworks/base/core/proto/android/os/bundle.pb.h
out/soong/.intermediates/frameworks/base/libplatformprotos/linux_glibc_x86_64_static/gen/proto/frameworks/base/core/proto/android/os/cpu_usage.pb.h
out/soong/.intermediates/frameworks/base/libplatformprotos/linux_glibc_x86_64_static/gen/proto/frameworks/base/core/proto/android/os/cpufreq.pb.h
out/soong/.intermediates/frameworks/base/libplatformprotos/linux_glibc_x86_64_static/gen/proto/frameworks/base/core/proto/android/os/cpuinfo.pb.h
out/soong/.intermediates/frameworks/base/libplatformprotos/linux_glibc_x86_64_static/gen/proto/frameworks/base/core/proto/android/os/data.pb.h
out/soong/.intermediates/frameworks/base/libplatformprotos/linux_glibc_x86_64_static/gen/proto/frameworks/base/core/proto/android/os/header.pb.h
out/soong/.intermediates/frameworks/base/libplatformprotos/linux_glibc_x86_64_static/gen/proto/frameworks/base/core/proto/android/os/incident.pb.h
out/soong/.intermediates/frameworks/base/libplatformprotos/linux_glibc_x86_64_static/gen/proto/frameworks/base/core/proto/android/os/kernelwake.pb.h
out/soong/.intermediates/frameworks/base/libplatformprotos/linux_glibc_x86_64_static/gen/proto/frameworks/base/core/proto/android/os/looper.pb.h
out/soong/.intermediates/frameworks/base/libplatformprotos/linux_glibc_x86_64_static/gen/proto/frameworks/base/core/proto/android/os/message.pb.h
out/soong/.intermediates/frameworks/base/libplatformprotos/linux_glibc_x86_64_static/gen/proto/frameworks/base/core/proto/android/os/messagequeue.pb.h
out/soong/.intermediates/frameworks/base/libplatformprotos/linux_glibc_x86_64_static/gen/proto/frameworks/base/core/proto/android/os/metadata.pb.h
out/soong/.intermediates/frameworks/base/libplatformprotos/linux_glibc_x86_64_static/gen/proto/frameworks/base/core/proto/android/os/pagetypeinfo.pb.h
out/soong/.intermediates/frameworks/base/libplatformprotos/linux_glibc_x86_64_static/gen/proto/frameworks/base/core/proto/android/os/patternmatcher.pb.h
out/soong/.intermediates/frameworks/base/libplatformprotos/linux_glibc_x86_64_static/gen/proto/frameworks/base/core/proto/android/os/persistablebundle.pb.h
out/soong/.intermediates/frameworks/base/libplatformprotos/linux_glibc_x86_64_static/gen/proto/frameworks/base/core/proto/android/os/powermanager.pb.h
out/soong/.intermediates/frameworks/base/libplatformprotos/linux_glibc_x86_64_static/gen/proto/frameworks/base/core/proto/android/os/procrank.pb.h
out/soong/.intermediates/frameworks/base/libplatformprotos/linux_glibc_x86_64_static/gen/proto/frameworks/base/core/proto/android/os/ps.pb.h
out/soong/.intermediates/frameworks/base/libplatformprotos/linux_glibc_x86_64_static/gen/proto/frameworks/base/core/proto/android/os/statsdata.pb.h
out/soong/.intermediates/frameworks/base/libplatformprotos/linux_glibc_x86_64_static/gen/proto/frameworks/base/core/proto/android/os/system_properties.pb.h
out/soong/.intermediates/frameworks/base/libplatformprotos/linux_glibc_x86_64_static/gen/proto/frameworks/base/core/proto/android/os/worksource.pb.h
out/soong/.intermediates/frameworks/base/libplatformprotos/linux_glibc_x86_64_static/gen/proto/frameworks/base/core/proto/android/privacy.pb.h
out/soong/.intermediates/frameworks/base/libplatformprotos/linux_glibc_x86_64_static/gen/proto/frameworks/base/core/proto/android/providers/settings.pb.h
out/soong/.intermediates/frameworks/base/libplatformprotos/linux_glibc_x86_64_static/gen/proto/frameworks/base/core/proto/android/providers/settings/common.pb.h
out/soong/.intermediates/frameworks/base/libplatformprotos/linux_glibc_x86_64_static/gen/proto/frameworks/base/core/proto/android/providers/settings/config.pb.h
out/soong/.intermediates/frameworks/base/libplatformprotos/linux_glibc_x86_64_static/gen/proto/frameworks/base/core/proto/android/providers/settings/global.pb.h
out/soong/.intermediates/frameworks/base/libplatformprotos/linux_glibc_x86_64_static/gen/proto/frameworks/base/core/proto/android/providers/settings/secure.pb.h
out/soong/.intermediates/frameworks/base/libplatformprotos/linux_glibc_x86_64_static/gen/proto/frameworks/base/core/proto/android/providers/settings/system.pb.h
out/soong/.intermediates/frameworks/base/libplatformprotos/linux_glibc_x86_64_static/gen/proto/frameworks/base/core/proto/android/section.pb.h
out/soong/.intermediates/frameworks/base/libplatformprotos/linux_glibc_x86_64_static/gen/proto/frameworks/base/core/proto/android/server/accessibility.pb.h
out/soong/.intermediates/frameworks/base/libplatformprotos/linux_glibc_x86_64_static/gen/proto/frameworks/base/core/proto/android/server/accessibilitytrace.pb.h
out/soong/.intermediates/frameworks/base/libplatformprotos/linux_glibc_x86_64_static/gen/proto/frameworks/base/core/proto/android/server/activitymanagerservice.pb.h
out/soong/.intermediates/frameworks/base/libplatformprotos/linux_glibc_x86_64_static/gen/proto/frameworks/base/core/proto/android/server/alarm/alarmmanagerservice.pb.h
out/soong/.intermediates/frameworks/base/libplatformprotos/linux_glibc_x86_64_static/gen/proto/frameworks/base/core/proto/android/server/animationadapter.pb.h
out/soong/.intermediates/frameworks/base/libplatformprotos/linux_glibc_x86_64_static/gen/proto/frameworks/base/core/proto/android/server/apphibernationservice.pb.h
out/soong/.intermediates/frameworks/base/libplatformprotos/linux_glibc_x86_64_static/gen/proto/frameworks/base/core/proto/android/server/appstatetracker.pb.h
out/soong/.intermediates/frameworks/base/libplatformprotos/linux_glibc_x86_64_static/gen/proto/frameworks/base/core/proto/android/server/biometrics.pb.h
out/soong/.intermediates/frameworks/base/libplatformprotos/linux_glibc_x86_64_static/gen/proto/frameworks/base/core/proto/android/server/blobstoremanagerservice.pb.h
out/soong/.intermediates/frameworks/base/libplatformprotos/linux_glibc_x86_64_static/gen/proto/frameworks/base/core/proto/android/server/bluetooth_manager_service.pb.h
out/soong/.intermediates/frameworks/base/libplatformprotos/linux_glibc_x86_64_static/gen/proto/frameworks/base/core/proto/android/server/face.pb.h
out/soong/.intermediates/frameworks/base/libplatformprotos/linux_glibc_x86_64_static/gen/proto/frameworks/base/core/proto/android/server/fingerprint.pb.h
out/soong/.intermediates/frameworks/base/libplatformprotos/linux_glibc_x86_64_static/gen/proto/frameworks/base/core/proto/android/server/inputmethod/inputmethodmanagerservice.pb.h
out/soong/.intermediates/frameworks/base/libplatformprotos/linux_glibc_x86_64_static/gen/proto/frameworks/base/core/proto/android/server/intentresolver.pb.h
out/soong/.intermediates/frameworks/base/libplatformprotos/linux_glibc_x86_64_static/gen/proto/frameworks/base/core/proto/android/server/jobscheduler.pb.h
out/soong/.intermediates/frameworks/base/libplatformprotos/linux_glibc_x86_64_static/gen/proto/frameworks/base/core/proto/android/server/location/context_hub.pb.h
out/soong/.intermediates/frameworks/base/libplatformprotos/linux_glibc_x86_64_static/gen/proto/frameworks/base/core/proto/android/server/notificationhistory.pb.h
out/soong/.intermediates/frameworks/base/libplatformprotos/linux_glibc_x86_64_static/gen/proto/frameworks/base/core/proto/android/server/peopleservice.pb.h
out/soong/.intermediates/frameworks/base/libplatformprotos/linux_glibc_x86_64_static/gen/proto/frameworks/base/core/proto/android/server/powermanagerservice.pb.h
out/soong/.intermediates/frameworks/base/libplatformprotos/linux_glibc_x86_64_static/gen/proto/frameworks/base/core/proto/android/server/powerstatsservice.pb.h
out/soong/.intermediates/frameworks/base/libplatformprotos/linux_glibc_x86_64_static/gen/proto/frameworks/base/core/proto/android/server/statlogger.pb.h
out/soong/.intermediates/frameworks/base/libplatformprotos/linux_glibc_x86_64_static/gen/proto/frameworks/base/core/proto/android/server/surfaceanimator.pb.h
out/soong/.intermediates/frameworks/base/libplatformprotos/linux_glibc_x86_64_static/gen/proto/frameworks/base/core/proto/android/server/syncstorageengine.pb.h
out/soong/.intermediates/frameworks/base/libplatformprotos/linux_glibc_x86_64_static/gen/proto/frameworks/base/core/proto/android/server/usagestatsservice.pb.h
out/soong/.intermediates/frameworks/base/libplatformprotos/linux_glibc_x86_64_static/gen/proto/frameworks/base/core/proto/android/server/usagestatsservice_v2.pb.h
out/soong/.intermediates/frameworks/base/libplatformprotos/linux_glibc_x86_64_static/gen/proto/frameworks/base/core/proto/android/server/vibrator/vibratormanagerservice.pb.h
out/soong/.intermediates/frameworks/base/libplatformprotos/linux_glibc_x86_64_static/gen/proto/frameworks/base/core/proto/android/server/windowcontainerthumbnail.pb.h
out/soong/.intermediates/frameworks/base/libplatformprotos/linux_glibc_x86_64_static/gen/proto/frameworks/base/core/proto/android/server/windowmanagerservice.pb.h
out/soong/.intermediates/frameworks/base/libplatformprotos/linux_glibc_x86_64_static/gen/proto/frameworks/base/core/proto/android/server/windowmanagertrace.pb.h
out/soong/.intermediates/frameworks/base/libplatformprotos/linux_glibc_x86_64_static/gen/proto/frameworks/base/core/proto/android/server/wirelesschargerdetector.pb.h
out/soong/.intermediates/frameworks/base/libplatformprotos/linux_glibc_x86_64_static/gen/proto/frameworks/base/core/proto/android/service/adb.pb.h
out/soong/.intermediates/frameworks/base/libplatformprotos/linux_glibc_x86_64_static/gen/proto/frameworks/base/core/proto/android/service/appwidget.pb.h
out/soong/.intermediates/frameworks/base/libplatformprotos/linux_glibc_x86_64_static/gen/proto/frameworks/base/core/proto/android/service/battery.pb.h
out/soong/.intermediates/frameworks/base/libplatformprotos/linux_glibc_x86_64_static/gen/proto/frameworks/base/core/proto/android/service/batterystats.pb.h
out/soong/.intermediates/frameworks/base/libplatformprotos/linux_glibc_x86_64_static/gen/proto/frameworks/base/core/proto/android/service/diskstats.pb.h
out/soong/.intermediates/frameworks/base/libplatformprotos/linux_glibc_x86_64_static/gen/proto/frameworks/base/core/proto/android/service/dropbox.pb.h
out/soong/.intermediates/frameworks/base/libplatformprotos/linux_glibc_x86_64_static/gen/proto/frameworks/base/core/proto/android/service/graphicsstats.pb.h
out/soong/.intermediates/frameworks/base/libplatformprotos/linux_glibc_x86_64_static/gen/proto/frameworks/base/core/proto/android/service/netstats.pb.h
out/soong/.intermediates/frameworks/base/libplatformprotos/linux_glibc_x86_64_static/gen/proto/frameworks/base/core/proto/android/service/network_watchlist.pb.h
out/soong/.intermediates/frameworks/base/libplatformprotos/linux_glibc_x86_64_static/gen/proto/frameworks/base/core/proto/android/service/notification.pb.h
out/soong/.intermediates/frameworks/base/libplatformprotos/linux_glibc_x86_64_static/gen/proto/frameworks/base/core/proto/android/service/package.pb.h
out/soong/.intermediates/frameworks/base/libplatformprotos/linux_glibc_x86_64_static/gen/proto/frameworks/base/core/proto/android/service/print.pb.h
out/soong/.intermediates/frameworks/base/libplatformprotos/linux_glibc_x86_64_static/gen/proto/frameworks/base/core/proto/android/service/procstats.pb.h
out/soong/.intermediates/frameworks/base/libplatformprotos/linux_glibc_x86_64_static/gen/proto/frameworks/base/core/proto/android/service/restricted_image.pb.h
out/soong/.intermediates/frameworks/base/libplatformprotos/linux_glibc_x86_64_static/gen/proto/frameworks/base/core/proto/android/service/runtime.pb.h
out/soong/.intermediates/frameworks/base/libplatformprotos/linux_glibc_x86_64_static/gen/proto/frameworks/base/core/proto/android/service/sensor_service.pb.h
out/soong/.intermediates/frameworks/base/libplatformprotos/linux_glibc_x86_64_static/gen/proto/frameworks/base/core/proto/android/service/usb.pb.h
out/soong/.intermediates/frameworks/base/libplatformprotos/linux_glibc_x86_64_static/gen/proto/frameworks/base/core/proto/android/typedef.pb.h
out/soong/.intermediates/frameworks/base/libplatformprotos/linux_glibc_x86_64_static/gen/proto/frameworks/base/core/proto/android/util/common.pb.h
out/soong/.intermediates/frameworks/base/libplatformprotos/linux_glibc_x86_64_static/gen/proto/frameworks/base/core/proto/android/util/event_log_tags.pb.h
out/soong/.intermediates/frameworks/base/libplatformprotos/linux_glibc_x86_64_static/gen/proto/frameworks/base/core/proto/android/util/log.pb.h
out/soong/.intermediates/frameworks/base/libplatformprotos/linux_glibc_x86_64_static/gen/proto/frameworks/base/core/proto/android/util/quotatracker.pb.h
out/soong/.intermediates/frameworks/base/libplatformprotos/linux_glibc_x86_64_static/gen/proto/frameworks/base/core/proto/android/util/textdump.pb.h
out/soong/.intermediates/frameworks/base/libplatformprotos/linux_glibc_x86_64_static/gen/proto/frameworks/base/core/proto/android/view/display.pb.h
out/soong/.intermediates/frameworks/base/libplatformprotos/linux_glibc_x86_64_static/gen/proto/frameworks/base/core/proto/android/view/displaycutout.pb.h
out/soong/.intermediates/frameworks/base/libplatformprotos/linux_glibc_x86_64_static/gen/proto/frameworks/base/core/proto/android/view/displayinfo.pb.h
out/soong/.intermediates/frameworks/base/libplatformprotos/linux_glibc_x86_64_static/gen/proto/frameworks/base/core/proto/android/view/imefocuscontroller.pb.h
out/soong/.intermediates/frameworks/base/libplatformprotos/linux_glibc_x86_64_static/gen/proto/frameworks/base/core/proto/android/view/imeinsetssourceconsumer.pb.h
out/soong/.intermediates/frameworks/base/libplatformprotos/linux_glibc_x86_64_static/gen/proto/frameworks/base/core/proto/android/view/inputmethod/editorinfo.pb.h
out/soong/.intermediates/frameworks/base/libplatformprotos/linux_glibc_x86_64_static/gen/proto/frameworks/base/core/proto/android/view/inputmethod/inputconnection.pb.h
out/soong/.intermediates/frameworks/base/libplatformprotos/linux_glibc_x86_64_static/gen/proto/frameworks/base/core/proto/android/view/inputmethod/inputmethodeditortrace.pb.h
out/soong/.intermediates/frameworks/base/libplatformprotos/linux_glibc_x86_64_static/gen/proto/frameworks/base/core/proto/android/view/inputmethod/inputmethodmanager.pb.h
out/soong/.intermediates/frameworks/base/libplatformprotos/linux_glibc_x86_64_static/gen/proto/frameworks/base/core/proto/android/view/insetsanimationcontrolimpl.pb.h
out/soong/.intermediates/frameworks/base/libplatformprotos/linux_glibc_x86_64_static/gen/proto/frameworks/base/core/proto/android/view/insetscontroller.pb.h
out/soong/.intermediates/frameworks/base/libplatformprotos/linux_glibc_x86_64_static/gen/proto/frameworks/base/core/proto/android/view/insetssource.pb.h
out/soong/.intermediates/frameworks/base/libplatformprotos/linux_glibc_x86_64_static/gen/proto/frameworks/base/core/proto/android/view/insetssourceconsumer.pb.h
out/soong/.intermediates/frameworks/base/libplatformprotos/linux_glibc_x86_64_static/gen/proto/frameworks/base/core/proto/android/view/insetssourcecontrol.pb.h
out/soong/.intermediates/frameworks/base/libplatformprotos/linux_glibc_x86_64_static/gen/proto/frameworks/base/core/proto/android/view/insetsstate.pb.h
out/soong/.intermediates/frameworks/base/libplatformprotos/linux_glibc_x86_64_static/gen/proto/frameworks/base/core/proto/android/view/remote_animation_target.pb.h
out/soong/.intermediates/frameworks/base/libplatformprotos/linux_glibc_x86_64_static/gen/proto/frameworks/base/core/proto/android/view/surface.pb.h
out/soong/.intermediates/frameworks/base/libplatformprotos/linux_glibc_x86_64_static/gen/proto/frameworks/base/core/proto/android/view/surfacecontrol.pb.h
out/soong/.intermediates/frameworks/base/libplatformprotos/linux_glibc_x86_64_static/gen/proto/frameworks/base/core/proto/android/view/viewrootimpl.pb.h
out/soong/.intermediates/frameworks/base/libplatformprotos/linux_glibc_x86_64_static/gen/proto/frameworks/base/core/proto/android/view/windowlayoutparams.pb.h
out/soong/.intermediates/frameworks/base/libplatformprotos/linux_glibc_x86_64_static/gen/proto/frameworks/base/proto/src/ipconnectivity.pb.h
out/soong/.intermediates/frameworks/base/libplatformprotos/linux_glibc_x86_64_static/gen/proto/frameworks/proto_logging/stats/enums/app/enums.pb.h
out/soong/.intermediates/frameworks/base/libplatformprotos/linux_glibc_x86_64_static/gen/proto/frameworks/proto_logging/stats/enums/app/job/enums.pb.h
out/soong/.intermediates/frameworks/base/libplatformprotos/linux_glibc_x86_64_static/gen/proto/frameworks/proto_logging/stats/enums/app/media_output_enum.pb.h
out/soong/.intermediates/frameworks/base/libplatformprotos/linux_glibc_x86_64_static/gen/proto/frameworks/proto_logging/stats/enums/app/settings_enums.pb.h
out/soong/.intermediates/frameworks/base/libplatformprotos/linux_glibc_x86_64_static/gen/proto/frameworks/proto_logging/stats/enums/app/tvsettings_enums.pb.h
out/soong/.intermediates/frameworks/base/libplatformprotos/linux_glibc_x86_64_static/gen/proto/frameworks/proto_logging/stats/enums/bluetooth/a2dp/enums.pb.h
out/soong/.intermediates/frameworks/base/libplatformprotos/linux_glibc_x86_64_static/gen/proto/frameworks/proto_logging/stats/enums/bluetooth/enums.pb.h
out/soong/.intermediates/frameworks/base/libplatformprotos/linux_glibc_x86_64_static/gen/proto/frameworks/proto_logging/stats/enums/bluetooth/hci/enums.pb.h
out/soong/.intermediates/frameworks/base/libplatformprotos/linux_glibc_x86_64_static/gen/proto/frameworks/proto_logging/stats/enums/bluetooth/hfp/enums.pb.h
out/soong/.intermediates/frameworks/base/libplatformprotos/linux_glibc_x86_64_static/gen/proto/frameworks/proto_logging/stats/enums/bluetooth/smp/enums.pb.h
out/soong/.intermediates/frameworks/base/libplatformprotos/linux_glibc_x86_64_static/gen/proto/frameworks/proto_logging/stats/enums/debug/enums.pb.h
out/soong/.intermediates/frameworks/base/libplatformprotos/linux_glibc_x86_64_static/gen/proto/frameworks/proto_logging/stats/enums/hardware/biometrics/enums.pb.h
out/soong/.intermediates/frameworks/base/libplatformprotos/linux_glibc_x86_64_static/gen/proto/frameworks/proto_logging/stats/enums/hardware/sensor/assist/enums.pb.h
out/soong/.intermediates/frameworks/base/libplatformprotos/linux_glibc_x86_64_static/gen/proto/frameworks/proto_logging/stats/enums/net/enums.pb.h
out/soong/.intermediates/frameworks/base/libplatformprotos/linux_glibc_x86_64_static/gen/proto/frameworks/proto_logging/stats/enums/os/enums.pb.h
out/soong/.intermediates/frameworks/base/libplatformprotos/linux_glibc_x86_64_static/gen/proto/frameworks/proto_logging/stats/enums/server/connectivity/data_stall_event.pb.h
out/soong/.intermediates/frameworks/base/libplatformprotos/linux_glibc_x86_64_static/gen/proto/frameworks/proto_logging/stats/enums/server/enums.pb.h
out/soong/.intermediates/frameworks/base/libplatformprotos/linux_glibc_x86_64_static/gen/proto/frameworks/proto_logging/stats/enums/server/job/enums.pb.h
out/soong/.intermediates/frameworks/base/libplatformprotos/linux_glibc_x86_64_static/gen/proto/frameworks/proto_logging/stats/enums/server/location/enums.pb.h
out/soong/.intermediates/frameworks/base/libplatformprotos/linux_glibc_x86_64_static/gen/proto/frameworks/proto_logging/stats/enums/service/enums.pb.h
out/soong/.intermediates/frameworks/base/libplatformprotos/linux_glibc_x86_64_static/gen/proto/frameworks/proto_logging/stats/enums/service/procstats_enum.pb.h
out/soong/.intermediates/frameworks/base/libplatformprotos/linux_glibc_x86_64_static/gen/proto/frameworks/proto_logging/stats/enums/stats/accessibility/accessibility_enums.pb.h
out/soong/.intermediates/frameworks/base/libplatformprotos/linux_glibc_x86_64_static/gen/proto/frameworks/proto_logging/stats/enums/stats/connectivity/network_stack.pb.h
out/soong/.intermediates/frameworks/base/libplatformprotos/linux_glibc_x86_64_static/gen/proto/frameworks/proto_logging/stats/enums/stats/connectivity/tethering.pb.h
out/soong/.intermediates/frameworks/base/libplatformprotos/linux_glibc_x86_64_static/gen/proto/frameworks/proto_logging/stats/enums/stats/devicepolicy/device_policy.pb.h
out/soong/.intermediates/frameworks/base/libplatformprotos/linux_glibc_x86_64_static/gen/proto/frameworks/proto_logging/stats/enums/stats/devicepolicy/device_policy_enums.pb.h
out/soong/.intermediates/frameworks/base/libplatformprotos/linux_glibc_x86_64_static/gen/proto/frameworks/proto_logging/stats/enums/stats/dnsresolver/dns_resolver.pb.h
out/soong/.intermediates/frameworks/base/libplatformprotos/linux_glibc_x86_64_static/gen/proto/frameworks/proto_logging/stats/enums/stats/docsui/docsui_enums.pb.h
out/soong/.intermediates/frameworks/base/libplatformprotos/linux_glibc_x86_64_static/gen/proto/frameworks/proto_logging/stats/enums/stats/enums.pb.h
out/soong/.intermediates/frameworks/base/libplatformprotos/linux_glibc_x86_64_static/gen/proto/frameworks/proto_logging/stats/enums/stats/hdmi/enums.pb.h
out/soong/.intermediates/frameworks/base/libplatformprotos/linux_glibc_x86_64_static/gen/proto/frameworks/proto_logging/stats/enums/stats/intelligence/enums.pb.h
out/soong/.intermediates/frameworks/base/libplatformprotos/linux_glibc_x86_64_static/gen/proto/frameworks/proto_logging/stats/enums/stats/launcher/launcher.pb.h
out/soong/.intermediates/frameworks/base/libplatformprotos/linux_glibc_x86_64_static/gen/proto/frameworks/proto_logging/stats/enums/stats/location/location_enums.pb.h
out/soong/.intermediates/frameworks/base/libplatformprotos/linux_glibc_x86_64_static/gen/proto/frameworks/proto_logging/stats/enums/stats/mediametrics/mediametrics.pb.h
out/soong/.intermediates/frameworks/base/libplatformprotos/linux_glibc_x86_64_static/gen/proto/frameworks/proto_logging/stats/enums/stats/mediaprovider/mediaprovider_enums.pb.h
out/soong/.intermediates/frameworks/base/libplatformprotos/linux_glibc_x86_64_static/gen/proto/frameworks/proto_logging/stats/enums/stats/otaupdate/updateengine_enums.pb.h
out/soong/.intermediates/frameworks/base/libplatformprotos/linux_glibc_x86_64_static/gen/proto/frameworks/proto_logging/stats/enums/stats/storage/storage_enums.pb.h
out/soong/.intermediates/frameworks/base/libplatformprotos/linux_glibc_x86_64_static/gen/proto/frameworks/proto_logging/stats/enums/stats/style/style_enums.pb.h
out/soong/.intermediates/frameworks/base/libplatformprotos/linux_glibc_x86_64_static/gen/proto/frameworks/proto_logging/stats/enums/stats/sysui/notification_enums.pb.h
out/soong/.intermediates/frameworks/base/libplatformprotos/linux_glibc_x86_64_static/gen/proto/frameworks/proto_logging/stats/enums/stats/textclassifier/textclassifier_enums.pb.h
out/soong/.intermediates/frameworks/base/libplatformprotos/linux_glibc_x86_64_static/gen/proto/frameworks/proto_logging/stats/enums/stats/tls/enums.pb.h
out/soong/.intermediates/frameworks/base/libplatformprotos/linux_glibc_x86_64_static/gen/proto/frameworks/proto_logging/stats/enums/stats/tv/tif_enums.pb.h
out/soong/.intermediates/frameworks/base/libplatformprotos/linux_glibc_x86_64_static/gen/proto/frameworks/proto_logging/stats/enums/stats/wm/enums.pb.h
out/soong/.intermediates/frameworks/base/libplatformprotos/linux_glibc_x86_64_static/gen/proto/frameworks/proto_logging/stats/enums/system/security/keystore2/enums.pb.h
out/soong/.intermediates/frameworks/base/libplatformprotos/linux_glibc_x86_64_static/gen/proto/frameworks/proto_logging/stats/enums/telecomm/enums.pb.h
out/soong/.intermediates/frameworks/base/libplatformprotos/linux_glibc_x86_64_static/gen/proto/frameworks/proto_logging/stats/enums/telephony/enums.pb.h
out/soong/.intermediates/frameworks/base/libplatformprotos/linux_glibc_x86_64_static/gen/proto/frameworks/proto_logging/stats/enums/view/enums.pb.h
out/soong/.intermediates/frameworks/base/libplatformprotos/linux_glibc_x86_64_static/gen/proto/frameworks/proto_logging/stats/enums/wifi/enums.pb.h
out/soong/.intermediates/frameworks/base/libplatformprotos/linux_glibc_x86_64_static/gen/proto/frameworks/proto_logging/stats/message/mediametrics_message.pb.h
out/soong/.intermediates/frameworks/base/libplatformprotos/linux_glibc_x86_64_static/gen/proto/packages/modules/Permission/service/proto/com/android/role/roleservice.pb.h
out/soong/.intermediates/frameworks/base/libplatformprotos/linux_glibc_x86_64_static/obj/.intermediates/frameworks/base/libplatformprotos/linux_glibc_x86_64_static/gen/proto/frameworks/base/core/proto/android/app/activitymanager.pb.o
out/soong/.intermediates/frameworks/base/libplatformprotos/linux_glibc_x86_64_static/obj/.intermediates/frameworks/base/libplatformprotos/linux_glibc_x86_64_static/gen/proto/frameworks/base/core/proto/android/app/alarmmanager.pb.o
out/soong/.intermediates/frameworks/base/libplatformprotos/linux_glibc_x86_64_static/obj/.intermediates/frameworks/base/libplatformprotos/linux_glibc_x86_64_static/gen/proto/frameworks/base/core/proto/android/app/appexitinfo.pb.o
out/soong/.intermediates/frameworks/base/libplatformprotos/linux_glibc_x86_64_static/obj/.intermediates/frameworks/base/libplatformprotos/linux_glibc_x86_64_static/gen/proto/frameworks/base/core/proto/android/app/location_time_zone_manager.pb.o
out/soong/.intermediates/frameworks/base/libplatformprotos/linux_glibc_x86_64_static/obj/.intermediates/frameworks/base/libplatformprotos/linux_glibc_x86_64_static/gen/proto/frameworks/base/core/proto/android/app/notification.pb.o
out/soong/.intermediates/frameworks/base/libplatformprotos/linux_glibc_x86_64_static/obj/.intermediates/frameworks/base/libplatformprotos/linux_glibc_x86_64_static/gen/proto/frameworks/base/core/proto/android/app/notification_channel.pb.o
out/soong/.intermediates/frameworks/base/libplatformprotos/linux_glibc_x86_64_static/obj/.intermediates/frameworks/base/libplatformprotos/linux_glibc_x86_64_static/gen/proto/frameworks/base/core/proto/android/app/notification_channel_group.pb.o
out/soong/.intermediates/frameworks/base/libplatformprotos/linux_glibc_x86_64_static/obj/.intermediates/frameworks/base/libplatformprotos/linux_glibc_x86_64_static/gen/proto/frameworks/base/core/proto/android/app/notificationmanager.pb.o
out/soong/.intermediates/frameworks/base/libplatformprotos/linux_glibc_x86_64_static/obj/.intermediates/frameworks/base/libplatformprotos/linux_glibc_x86_64_static/gen/proto/frameworks/base/core/proto/android/app/pendingintent.pb.o
out/soong/.intermediates/frameworks/base/libplatformprotos/linux_glibc_x86_64_static/obj/.intermediates/frameworks/base/libplatformprotos/linux_glibc_x86_64_static/gen/proto/frameworks/base/core/proto/android/app/profilerinfo.pb.o
out/soong/.intermediates/frameworks/base/libplatformprotos/linux_glibc_x86_64_static/obj/.intermediates/frameworks/base/libplatformprotos/linux_glibc_x86_64_static/gen/proto/frameworks/base/core/proto/android/app/statusbarmanager.pb.o
out/soong/.intermediates/frameworks/base/libplatformprotos/linux_glibc_x86_64_static/obj/.intermediates/frameworks/base/libplatformprotos/linux_glibc_x86_64_static/gen/proto/frameworks/base/core/proto/android/app/time_zone_detector.pb.o
out/soong/.intermediates/frameworks/base/libplatformprotos/linux_glibc_x86_64_static/obj/.intermediates/frameworks/base/libplatformprotos/linux_glibc_x86_64_static/gen/proto/frameworks/base/core/proto/android/app/window_configuration.pb.o
out/soong/.intermediates/frameworks/base/libplatformprotos/linux_glibc_x86_64_static/obj/.intermediates/frameworks/base/libplatformprotos/linux_glibc_x86_64_static/gen/proto/frameworks/base/core/proto/android/content/activityinfo.pb.o
out/soong/.intermediates/frameworks/base/libplatformprotos/linux_glibc_x86_64_static/obj/.intermediates/frameworks/base/libplatformprotos/linux_glibc_x86_64_static/gen/proto/frameworks/base/core/proto/android/content/clipdata.pb.o
out/soong/.intermediates/frameworks/base/libplatformprotos/linux_glibc_x86_64_static/obj/.intermediates/frameworks/base/libplatformprotos/linux_glibc_x86_64_static/gen/proto/frameworks/base/core/proto/android/content/clipdescription.pb.o
out/soong/.intermediates/frameworks/base/libplatformprotos/linux_glibc_x86_64_static/obj/.intermediates/frameworks/base/libplatformprotos/linux_glibc_x86_64_static/gen/proto/frameworks/base/core/proto/android/content/component_name.pb.o
out/soong/.intermediates/frameworks/base/libplatformprotos/linux_glibc_x86_64_static/obj/.intermediates/frameworks/base/libplatformprotos/linux_glibc_x86_64_static/gen/proto/frameworks/base/core/proto/android/content/configuration.pb.o
out/soong/.intermediates/frameworks/base/libplatformprotos/linux_glibc_x86_64_static/obj/.intermediates/frameworks/base/libplatformprotos/linux_glibc_x86_64_static/gen/proto/frameworks/base/core/proto/android/content/featureinfo.pb.o
out/soong/.intermediates/frameworks/base/libplatformprotos/linux_glibc_x86_64_static/obj/.intermediates/frameworks/base/libplatformprotos/linux_glibc_x86_64_static/gen/proto/frameworks/base/core/proto/android/content/intent.pb.o
out/soong/.intermediates/frameworks/base/libplatformprotos/linux_glibc_x86_64_static/obj/.intermediates/frameworks/base/libplatformprotos/linux_glibc_x86_64_static/gen/proto/frameworks/base/core/proto/android/content/locale.pb.o
out/soong/.intermediates/frameworks/base/libplatformprotos/linux_glibc_x86_64_static/obj/.intermediates/frameworks/base/libplatformprotos/linux_glibc_x86_64_static/gen/proto/frameworks/base/core/proto/android/content/locusid.pb.o
out/soong/.intermediates/frameworks/base/libplatformprotos/linux_glibc_x86_64_static/obj/.intermediates/frameworks/base/libplatformprotos/linux_glibc_x86_64_static/gen/proto/frameworks/base/core/proto/android/content/package_item_info.pb.o
out/soong/.intermediates/frameworks/base/libplatformprotos/linux_glibc_x86_64_static/obj/.intermediates/frameworks/base/libplatformprotos/linux_glibc_x86_64_static/gen/proto/frameworks/base/core/proto/android/graphics/pixelformat.pb.o
out/soong/.intermediates/frameworks/base/libplatformprotos/linux_glibc_x86_64_static/obj/.intermediates/frameworks/base/libplatformprotos/linux_glibc_x86_64_static/gen/proto/frameworks/base/core/proto/android/graphics/point.pb.o
out/soong/.intermediates/frameworks/base/libplatformprotos/linux_glibc_x86_64_static/obj/.intermediates/frameworks/base/libplatformprotos/linux_glibc_x86_64_static/gen/proto/frameworks/base/core/proto/android/graphics/rect.pb.o
out/soong/.intermediates/frameworks/base/libplatformprotos/linux_glibc_x86_64_static/obj/.intermediates/frameworks/base/libplatformprotos/linux_glibc_x86_64_static/gen/proto/frameworks/base/core/proto/android/hardware/location/context_hub_info.pb.o
out/soong/.intermediates/frameworks/base/libplatformprotos/linux_glibc_x86_64_static/obj/.intermediates/frameworks/base/libplatformprotos/linux_glibc_x86_64_static/gen/proto/frameworks/base/core/proto/android/hardware/sensorprivacy.pb.o
out/soong/.intermediates/frameworks/base/libplatformprotos/linux_glibc_x86_64_static/obj/.intermediates/frameworks/base/libplatformprotos/linux_glibc_x86_64_static/gen/proto/frameworks/base/core/proto/android/inputmethodservice/inputmethodservice.pb.o
out/soong/.intermediates/frameworks/base/libplatformprotos/linux_glibc_x86_64_static/obj/.intermediates/frameworks/base/libplatformprotos/linux_glibc_x86_64_static/gen/proto/frameworks/base/core/proto/android/inputmethodservice/softinputwindow.pb.o
out/soong/.intermediates/frameworks/base/libplatformprotos/linux_glibc_x86_64_static/obj/.intermediates/frameworks/base/libplatformprotos/linux_glibc_x86_64_static/gen/proto/frameworks/base/core/proto/android/internal/binder_latency.pb.o
out/soong/.intermediates/frameworks/base/libplatformprotos/linux_glibc_x86_64_static/obj/.intermediates/frameworks/base/libplatformprotos/linux_glibc_x86_64_static/gen/proto/frameworks/base/core/proto/android/internal/locallog.pb.o
out/soong/.intermediates/frameworks/base/libplatformprotos/linux_glibc_x86_64_static/obj/.intermediates/frameworks/base/libplatformprotos/linux_glibc_x86_64_static/gen/proto/frameworks/base/core/proto/android/internal/powerprofile.pb.o
out/soong/.intermediates/frameworks/base/libplatformprotos/linux_glibc_x86_64_static/obj/.intermediates/frameworks/base/libplatformprotos/linux_glibc_x86_64_static/gen/proto/frameworks/base/core/proto/android/internal/processstats.pb.o
out/soong/.intermediates/frameworks/base/libplatformprotos/linux_glibc_x86_64_static/obj/.intermediates/frameworks/base/libplatformprotos/linux_glibc_x86_64_static/gen/proto/frameworks/base/core/proto/android/internal/protolog.pb.o
out/soong/.intermediates/frameworks/base/libplatformprotos/linux_glibc_x86_64_static/obj/.intermediates/frameworks/base/libplatformprotos/linux_glibc_x86_64_static/gen/proto/frameworks/base/core/proto/android/media/audioattributes.pb.o
out/soong/.intermediates/frameworks/base/libplatformprotos/linux_glibc_x86_64_static/obj/.intermediates/frameworks/base/libplatformprotos/linux_glibc_x86_64_static/gen/proto/frameworks/base/core/proto/android/net/network.pb.o
out/soong/.intermediates/frameworks/base/libplatformprotos/linux_glibc_x86_64_static/obj/.intermediates/frameworks/base/libplatformprotos/linux_glibc_x86_64_static/gen/proto/frameworks/base/core/proto/android/net/networkcapabilities.pb.o
out/soong/.intermediates/frameworks/base/libplatformprotos/linux_glibc_x86_64_static/obj/.intermediates/frameworks/base/libplatformprotos/linux_glibc_x86_64_static/gen/proto/frameworks/base/core/proto/android/net/networkrequest.pb.o
out/soong/.intermediates/frameworks/base/libplatformprotos/linux_glibc_x86_64_static/obj/.intermediates/frameworks/base/libplatformprotos/linux_glibc_x86_64_static/gen/proto/frameworks/base/core/proto/android/nfc/aid_group.pb.o
out/soong/.intermediates/frameworks/base/libplatformprotos/linux_glibc_x86_64_static/obj/.intermediates/frameworks/base/libplatformprotos/linux_glibc_x86_64_static/gen/proto/frameworks/base/core/proto/android/nfc/apdu_service_info.pb.o
out/soong/.intermediates/frameworks/base/libplatformprotos/linux_glibc_x86_64_static/obj/.intermediates/frameworks/base/libplatformprotos/linux_glibc_x86_64_static/gen/proto/frameworks/base/core/proto/android/nfc/card_emulation.pb.o
out/soong/.intermediates/frameworks/base/libplatformprotos/linux_glibc_x86_64_static/obj/.intermediates/frameworks/base/libplatformprotos/linux_glibc_x86_64_static/gen/proto/frameworks/base/core/proto/android/nfc/ndef.pb.o
out/soong/.intermediates/frameworks/base/libplatformprotos/linux_glibc_x86_64_static/obj/.intermediates/frameworks/base/libplatformprotos/linux_glibc_x86_64_static/gen/proto/frameworks/base/core/proto/android/nfc/nfc_fservice_info.pb.o
out/soong/.intermediates/frameworks/base/libplatformprotos/linux_glibc_x86_64_static/obj/.intermediates/frameworks/base/libplatformprotos/linux_glibc_x86_64_static/gen/proto/frameworks/base/core/proto/android/nfc/nfc_service.pb.o
out/soong/.intermediates/frameworks/base/libplatformprotos/linux_glibc_x86_64_static/obj/.intermediates/frameworks/base/libplatformprotos/linux_glibc_x86_64_static/gen/proto/frameworks/base/core/proto/android/os/backtrace.pb.o
out/soong/.intermediates/frameworks/base/libplatformprotos/linux_glibc_x86_64_static/obj/.intermediates/frameworks/base/libplatformprotos/linux_glibc_x86_64_static/gen/proto/frameworks/base/core/proto/android/os/batterystats.pb.o
out/soong/.intermediates/frameworks/base/libplatformprotos/linux_glibc_x86_64_static/obj/.intermediates/frameworks/base/libplatformprotos/linux_glibc_x86_64_static/gen/proto/frameworks/base/core/proto/android/os/batterytype.pb.o
out/soong/.intermediates/frameworks/base/libplatformprotos/linux_glibc_x86_64_static/obj/.intermediates/frameworks/base/libplatformprotos/linux_glibc_x86_64_static/gen/proto/frameworks/base/core/proto/android/os/batteryusagestats.pb.o
out/soong/.intermediates/frameworks/base/libplatformprotos/linux_glibc_x86_64_static/obj/.intermediates/frameworks/base/libplatformprotos/linux_glibc_x86_64_static/gen/proto/frameworks/base/core/proto/android/os/bundle.pb.o
out/soong/.intermediates/frameworks/base/libplatformprotos/linux_glibc_x86_64_static/obj/.intermediates/frameworks/base/libplatformprotos/linux_glibc_x86_64_static/gen/proto/frameworks/base/core/proto/android/os/cpu_usage.pb.o
out/soong/.intermediates/frameworks/base/libplatformprotos/linux_glibc_x86_64_static/obj/.intermediates/frameworks/base/libplatformprotos/linux_glibc_x86_64_static/gen/proto/frameworks/base/core/proto/android/os/cpufreq.pb.o
out/soong/.intermediates/frameworks/base/libplatformprotos/linux_glibc_x86_64_static/obj/.intermediates/frameworks/base/libplatformprotos/linux_glibc_x86_64_static/gen/proto/frameworks/base/core/proto/android/os/cpuinfo.pb.o
out/soong/.intermediates/frameworks/base/libplatformprotos/linux_glibc_x86_64_static/obj/.intermediates/frameworks/base/libplatformprotos/linux_glibc_x86_64_static/gen/proto/frameworks/base/core/proto/android/os/data.pb.o
out/soong/.intermediates/frameworks/base/libplatformprotos/linux_glibc_x86_64_static/obj/.intermediates/frameworks/base/libplatformprotos/linux_glibc_x86_64_static/gen/proto/frameworks/base/core/proto/android/os/header.pb.o
out/soong/.intermediates/frameworks/base/libplatformprotos/linux_glibc_x86_64_static/obj/.intermediates/frameworks/base/libplatformprotos/linux_glibc_x86_64_static/gen/proto/frameworks/base/core/proto/android/os/incident.pb.o
out/soong/.intermediates/frameworks/base/libplatformprotos/linux_glibc_x86_64_static/obj/.intermediates/frameworks/base/libplatformprotos/linux_glibc_x86_64_static/gen/proto/frameworks/base/core/proto/android/os/kernelwake.pb.o
out/soong/.intermediates/frameworks/base/libplatformprotos/linux_glibc_x86_64_static/obj/.intermediates/frameworks/base/libplatformprotos/linux_glibc_x86_64_static/gen/proto/frameworks/base/core/proto/android/os/looper.pb.o
out/soong/.intermediates/frameworks/base/libplatformprotos/linux_glibc_x86_64_static/obj/.intermediates/frameworks/base/libplatformprotos/linux_glibc_x86_64_static/gen/proto/frameworks/base/core/proto/android/os/message.pb.o
out/soong/.intermediates/frameworks/base/libplatformprotos/linux_glibc_x86_64_static/obj/.intermediates/frameworks/base/libplatformprotos/linux_glibc_x86_64_static/gen/proto/frameworks/base/core/proto/android/os/messagequeue.pb.o
out/soong/.intermediates/frameworks/base/libplatformprotos/linux_glibc_x86_64_static/obj/.intermediates/frameworks/base/libplatformprotos/linux_glibc_x86_64_static/gen/proto/frameworks/base/core/proto/android/os/metadata.pb.o
out/soong/.intermediates/frameworks/base/libplatformprotos/linux_glibc_x86_64_static/obj/.intermediates/frameworks/base/libplatformprotos/linux_glibc_x86_64_static/gen/proto/frameworks/base/core/proto/android/os/pagetypeinfo.pb.o
out/soong/.intermediates/frameworks/base/libplatformprotos/linux_glibc_x86_64_static/obj/.intermediates/frameworks/base/libplatformprotos/linux_glibc_x86_64_static/gen/proto/frameworks/base/core/proto/android/os/patternmatcher.pb.o
out/soong/.intermediates/frameworks/base/libplatformprotos/linux_glibc_x86_64_static/obj/.intermediates/frameworks/base/libplatformprotos/linux_glibc_x86_64_static/gen/proto/frameworks/base/core/proto/android/os/persistablebundle.pb.o
out/soong/.intermediates/frameworks/base/libplatformprotos/linux_glibc_x86_64_static/obj/.intermediates/frameworks/base/libplatformprotos/linux_glibc_x86_64_static/gen/proto/frameworks/base/core/proto/android/os/powermanager.pb.o
out/soong/.intermediates/frameworks/base/libplatformprotos/linux_glibc_x86_64_static/obj/.intermediates/frameworks/base/libplatformprotos/linux_glibc_x86_64_static/gen/proto/frameworks/base/core/proto/android/os/procrank.pb.o
out/soong/.intermediates/frameworks/base/libplatformprotos/linux_glibc_x86_64_static/obj/.intermediates/frameworks/base/libplatformprotos/linux_glibc_x86_64_static/gen/proto/frameworks/base/core/proto/android/os/ps.pb.o
out/soong/.intermediates/frameworks/base/libplatformprotos/linux_glibc_x86_64_static/obj/.intermediates/frameworks/base/libplatformprotos/linux_glibc_x86_64_static/gen/proto/frameworks/base/core/proto/android/os/statsdata.pb.o
out/soong/.intermediates/frameworks/base/libplatformprotos/linux_glibc_x86_64_static/obj/.intermediates/frameworks/base/libplatformprotos/linux_glibc_x86_64_static/gen/proto/frameworks/base/core/proto/android/os/system_properties.pb.o
out/soong/.intermediates/frameworks/base/libplatformprotos/linux_glibc_x86_64_static/obj/.intermediates/frameworks/base/libplatformprotos/linux_glibc_x86_64_static/gen/proto/frameworks/base/core/proto/android/os/worksource.pb.o
out/soong/.intermediates/frameworks/base/libplatformprotos/linux_glibc_x86_64_static/obj/.intermediates/frameworks/base/libplatformprotos/linux_glibc_x86_64_static/gen/proto/frameworks/base/core/proto/android/privacy.pb.o
out/soong/.intermediates/frameworks/base/libplatformprotos/linux_glibc_x86_64_static/obj/.intermediates/frameworks/base/libplatformprotos/linux_glibc_x86_64_static/gen/proto/frameworks/base/core/proto/android/providers/settings.pb.o
out/soong/.intermediates/frameworks/base/libplatformprotos/linux_glibc_x86_64_static/obj/.intermediates/frameworks/base/libplatformprotos/linux_glibc_x86_64_static/gen/proto/frameworks/base/core/proto/android/providers/settings/common.pb.o
out/soong/.intermediates/frameworks/base/libplatformprotos/linux_glibc_x86_64_static/obj/.intermediates/frameworks/base/libplatformprotos/linux_glibc_x86_64_static/gen/proto/frameworks/base/core/proto/android/providers/settings/config.pb.o
out/soong/.intermediates/frameworks/base/libplatformprotos/linux_glibc_x86_64_static/obj/.intermediates/frameworks/base/libplatformprotos/linux_glibc_x86_64_static/gen/proto/frameworks/base/core/proto/android/providers/settings/global.pb.o
out/soong/.intermediates/frameworks/base/libplatformprotos/linux_glibc_x86_64_static/obj/.intermediates/frameworks/base/libplatformprotos/linux_glibc_x86_64_static/gen/proto/frameworks/base/core/proto/android/providers/settings/secure.pb.o
out/soong/.intermediates/frameworks/base/libplatformprotos/linux_glibc_x86_64_static/obj/.intermediates/frameworks/base/libplatformprotos/linux_glibc_x86_64_static/gen/proto/frameworks/base/core/proto/android/providers/settings/system.pb.o
out/soong/.intermediates/frameworks/base/libplatformprotos/linux_glibc_x86_64_static/obj/.intermediates/frameworks/base/libplatformprotos/linux_glibc_x86_64_static/gen/proto/frameworks/base/core/proto/android/section.pb.o
out/soong/.intermediates/frameworks/base/libplatformprotos/linux_glibc_x86_64_static/obj/.intermediates/frameworks/base/libplatformprotos/linux_glibc_x86_64_static/gen/proto/frameworks/base/core/proto/android/server/accessibility.pb.o
out/soong/.intermediates/frameworks/base/libplatformprotos/linux_glibc_x86_64_static/obj/.intermediates/frameworks/base/libplatformprotos/linux_glibc_x86_64_static/gen/proto/frameworks/base/core/proto/android/server/accessibilitytrace.pb.o
out/soong/.intermediates/frameworks/base/libplatformprotos/linux_glibc_x86_64_static/obj/.intermediates/frameworks/base/libplatformprotos/linux_glibc_x86_64_static/gen/proto/frameworks/base/core/proto/android/server/activitymanagerservice.pb.o
out/soong/.intermediates/frameworks/base/libplatformprotos/linux_glibc_x86_64_static/obj/.intermediates/frameworks/base/libplatformprotos/linux_glibc_x86_64_static/gen/proto/frameworks/base/core/proto/android/server/alarm/alarmmanagerservice.pb.o
out/soong/.intermediates/frameworks/base/libplatformprotos/linux_glibc_x86_64_static/obj/.intermediates/frameworks/base/libplatformprotos/linux_glibc_x86_64_static/gen/proto/frameworks/base/core/proto/android/server/animationadapter.pb.o
out/soong/.intermediates/frameworks/base/libplatformprotos/linux_glibc_x86_64_static/obj/.intermediates/frameworks/base/libplatformprotos/linux_glibc_x86_64_static/gen/proto/frameworks/base/core/proto/android/server/apphibernationservice.pb.o
out/soong/.intermediates/frameworks/base/libplatformprotos/linux_glibc_x86_64_static/obj/.intermediates/frameworks/base/libplatformprotos/linux_glibc_x86_64_static/gen/proto/frameworks/base/core/proto/android/server/appstatetracker.pb.o
out/soong/.intermediates/frameworks/base/libplatformprotos/linux_glibc_x86_64_static/obj/.intermediates/frameworks/base/libplatformprotos/linux_glibc_x86_64_static/gen/proto/frameworks/base/core/proto/android/server/biometrics.pb.o
out/soong/.intermediates/frameworks/base/libplatformprotos/linux_glibc_x86_64_static/obj/.intermediates/frameworks/base/libplatformprotos/linux_glibc_x86_64_static/gen/proto/frameworks/base/core/proto/android/server/blobstoremanagerservice.pb.o
out/soong/.intermediates/frameworks/base/libplatformprotos/linux_glibc_x86_64_static/obj/.intermediates/frameworks/base/libplatformprotos/linux_glibc_x86_64_static/gen/proto/frameworks/base/core/proto/android/server/bluetooth_manager_service.pb.o
out/soong/.intermediates/frameworks/base/libplatformprotos/linux_glibc_x86_64_static/obj/.intermediates/frameworks/base/libplatformprotos/linux_glibc_x86_64_static/gen/proto/frameworks/base/core/proto/android/server/face.pb.o
out/soong/.intermediates/frameworks/base/libplatformprotos/linux_glibc_x86_64_static/obj/.intermediates/frameworks/base/libplatformprotos/linux_glibc_x86_64_static/gen/proto/frameworks/base/core/proto/android/server/fingerprint.pb.o
out/soong/.intermediates/frameworks/base/libplatformprotos/linux_glibc_x86_64_static/obj/.intermediates/frameworks/base/libplatformprotos/linux_glibc_x86_64_static/gen/proto/frameworks/base/core/proto/android/server/inputmethod/inputmethodmanagerservice.pb.o
out/soong/.intermediates/frameworks/base/libplatformprotos/linux_glibc_x86_64_static/obj/.intermediates/frameworks/base/libplatformprotos/linux_glibc_x86_64_static/gen/proto/frameworks/base/core/proto/android/server/intentresolver.pb.o
out/soong/.intermediates/frameworks/base/libplatformprotos/linux_glibc_x86_64_static/obj/.intermediates/frameworks/base/libplatformprotos/linux_glibc_x86_64_static/gen/proto/frameworks/base/core/proto/android/server/jobscheduler.pb.o
out/soong/.intermediates/frameworks/base/libplatformprotos/linux_glibc_x86_64_static/obj/.intermediates/frameworks/base/libplatformprotos/linux_glibc_x86_64_static/gen/proto/frameworks/base/core/proto/android/server/location/context_hub.pb.o
out/soong/.intermediates/frameworks/base/libplatformprotos/linux_glibc_x86_64_static/obj/.intermediates/frameworks/base/libplatformprotos/linux_glibc_x86_64_static/gen/proto/frameworks/base/core/proto/android/server/notificationhistory.pb.o
out/soong/.intermediates/frameworks/base/libplatformprotos/linux_glibc_x86_64_static/obj/.intermediates/frameworks/base/libplatformprotos/linux_glibc_x86_64_static/gen/proto/frameworks/base/core/proto/android/server/peopleservice.pb.o
out/soong/.intermediates/frameworks/base/libplatformprotos/linux_glibc_x86_64_static/obj/.intermediates/frameworks/base/libplatformprotos/linux_glibc_x86_64_static/gen/proto/frameworks/base/core/proto/android/server/powermanagerservice.pb.o
out/soong/.intermediates/frameworks/base/libplatformprotos/linux_glibc_x86_64_static/obj/.intermediates/frameworks/base/libplatformprotos/linux_glibc_x86_64_static/gen/proto/frameworks/base/core/proto/android/server/powerstatsservice.pb.o
out/soong/.intermediates/frameworks/base/libplatformprotos/linux_glibc_x86_64_static/obj/.intermediates/frameworks/base/libplatformprotos/linux_glibc_x86_64_static/gen/proto/frameworks/base/core/proto/android/server/statlogger.pb.o
out/soong/.intermediates/frameworks/base/libplatformprotos/linux_glibc_x86_64_static/obj/.intermediates/frameworks/base/libplatformprotos/linux_glibc_x86_64_static/gen/proto/frameworks/base/core/proto/android/server/surfaceanimator.pb.o
out/soong/.intermediates/frameworks/base/libplatformprotos/linux_glibc_x86_64_static/obj/.intermediates/frameworks/base/libplatformprotos/linux_glibc_x86_64_static/gen/proto/frameworks/base/core/proto/android/server/syncstorageengine.pb.o
out/soong/.intermediates/frameworks/base/libplatformprotos/linux_glibc_x86_64_static/obj/.intermediates/frameworks/base/libplatformprotos/linux_glibc_x86_64_static/gen/proto/frameworks/base/core/proto/android/server/usagestatsservice.pb.o
out/soong/.intermediates/frameworks/base/libplatformprotos/linux_glibc_x86_64_static/obj/.intermediates/frameworks/base/libplatformprotos/linux_glibc_x86_64_static/gen/proto/frameworks/base/core/proto/android/server/usagestatsservice_v2.pb.o
out/soong/.intermediates/frameworks/base/libplatformprotos/linux_glibc_x86_64_static/obj/.intermediates/frameworks/base/libplatformprotos/linux_glibc_x86_64_static/gen/proto/frameworks/base/core/proto/android/server/vibrator/vibratormanagerservice.pb.o
out/soong/.intermediates/frameworks/base/libplatformprotos/linux_glibc_x86_64_static/obj/.intermediates/frameworks/base/libplatformprotos/linux_glibc_x86_64_static/gen/proto/frameworks/base/core/proto/android/server/windowcontainerthumbnail.pb.o
out/soong/.intermediates/frameworks/base/libplatformprotos/linux_glibc_x86_64_static/obj/.intermediates/frameworks/base/libplatformprotos/linux_glibc_x86_64_static/gen/proto/frameworks/base/core/proto/android/server/windowmanagerservice.pb.o
out/soong/.intermediates/frameworks/base/libplatformprotos/linux_glibc_x86_64_static/obj/.intermediates/frameworks/base/libplatformprotos/linux_glibc_x86_64_static/gen/proto/frameworks/base/core/proto/android/server/windowmanagertrace.pb.o
out/soong/.intermediates/frameworks/base/libplatformprotos/linux_glibc_x86_64_static/obj/.intermediates/frameworks/base/libplatformprotos/linux_glibc_x86_64_static/gen/proto/frameworks/base/core/proto/android/server/wirelesschargerdetector.pb.o
out/soong/.intermediates/frameworks/base/libplatformprotos/linux_glibc_x86_64_static/obj/.intermediates/frameworks/base/libplatformprotos/linux_glibc_x86_64_static/gen/proto/frameworks/base/core/proto/android/service/adb.pb.o
out/soong/.intermediates/frameworks/base/libplatformprotos/linux_glibc_x86_64_static/obj/.intermediates/frameworks/base/libplatformprotos/linux_glibc_x86_64_static/gen/proto/frameworks/base/core/proto/android/service/appwidget.pb.o
out/soong/.intermediates/frameworks/base/libplatformprotos/linux_glibc_x86_64_static/obj/.intermediates/frameworks/base/libplatformprotos/linux_glibc_x86_64_static/gen/proto/frameworks/base/core/proto/android/service/battery.pb.o
out/soong/.intermediates/frameworks/base/libplatformprotos/linux_glibc_x86_64_static/obj/.intermediates/frameworks/base/libplatformprotos/linux_glibc_x86_64_static/gen/proto/frameworks/base/core/proto/android/service/batterystats.pb.o
out/soong/.intermediates/frameworks/base/libplatformprotos/linux_glibc_x86_64_static/obj/.intermediates/frameworks/base/libplatformprotos/linux_glibc_x86_64_static/gen/proto/frameworks/base/core/proto/android/service/diskstats.pb.o
out/soong/.intermediates/frameworks/base/libplatformprotos/linux_glibc_x86_64_static/obj/.intermediates/frameworks/base/libplatformprotos/linux_glibc_x86_64_static/gen/proto/frameworks/base/core/proto/android/service/dropbox.pb.o
out/soong/.intermediates/frameworks/base/libplatformprotos/linux_glibc_x86_64_static/obj/.intermediates/frameworks/base/libplatformprotos/linux_glibc_x86_64_static/gen/proto/frameworks/base/core/proto/android/service/graphicsstats.pb.o
out/soong/.intermediates/frameworks/base/libplatformprotos/linux_glibc_x86_64_static/obj/.intermediates/frameworks/base/libplatformprotos/linux_glibc_x86_64_static/gen/proto/frameworks/base/core/proto/android/service/netstats.pb.o
out/soong/.intermediates/frameworks/base/libplatformprotos/linux_glibc_x86_64_static/obj/.intermediates/frameworks/base/libplatformprotos/linux_glibc_x86_64_static/gen/proto/frameworks/base/core/proto/android/service/network_watchlist.pb.o
out/soong/.intermediates/frameworks/base/libplatformprotos/linux_glibc_x86_64_static/obj/.intermediates/frameworks/base/libplatformprotos/linux_glibc_x86_64_static/gen/proto/frameworks/base/core/proto/android/service/notification.pb.o
out/soong/.intermediates/frameworks/base/libplatformprotos/linux_glibc_x86_64_static/obj/.intermediates/frameworks/base/libplatformprotos/linux_glibc_x86_64_static/gen/proto/frameworks/base/core/proto/android/service/package.pb.o
out/soong/.intermediates/frameworks/base/libplatformprotos/linux_glibc_x86_64_static/obj/.intermediates/frameworks/base/libplatformprotos/linux_glibc_x86_64_static/gen/proto/frameworks/base/core/proto/android/service/print.pb.o
out/soong/.intermediates/frameworks/base/libplatformprotos/linux_glibc_x86_64_static/obj/.intermediates/frameworks/base/libplatformprotos/linux_glibc_x86_64_static/gen/proto/frameworks/base/core/proto/android/service/procstats.pb.o
out/soong/.intermediates/frameworks/base/libplatformprotos/linux_glibc_x86_64_static/obj/.intermediates/frameworks/base/libplatformprotos/linux_glibc_x86_64_static/gen/proto/frameworks/base/core/proto/android/service/restricted_image.pb.o
out/soong/.intermediates/frameworks/base/libplatformprotos/linux_glibc_x86_64_static/obj/.intermediates/frameworks/base/libplatformprotos/linux_glibc_x86_64_static/gen/proto/frameworks/base/core/proto/android/service/runtime.pb.o
out/soong/.intermediates/frameworks/base/libplatformprotos/linux_glibc_x86_64_static/obj/.intermediates/frameworks/base/libplatformprotos/linux_glibc_x86_64_static/gen/proto/frameworks/base/core/proto/android/service/sensor_service.pb.o
out/soong/.intermediates/frameworks/base/libplatformprotos/linux_glibc_x86_64_static/obj/.intermediates/frameworks/base/libplatformprotos/linux_glibc_x86_64_static/gen/proto/frameworks/base/core/proto/android/service/usb.pb.o
out/soong/.intermediates/frameworks/base/libplatformprotos/linux_glibc_x86_64_static/obj/.intermediates/frameworks/base/libplatformprotos/linux_glibc_x86_64_static/gen/proto/frameworks/base/core/proto/android/typedef.pb.o
out/soong/.intermediates/frameworks/base/libplatformprotos/linux_glibc_x86_64_static/obj/.intermediates/frameworks/base/libplatformprotos/linux_glibc_x86_64_static/gen/proto/frameworks/base/core/proto/android/util/common.pb.o
out/soong/.intermediates/frameworks/base/libplatformprotos/linux_glibc_x86_64_static/obj/.intermediates/frameworks/base/libplatformprotos/linux_glibc_x86_64_static/gen/proto/frameworks/base/core/proto/android/util/event_log_tags.pb.o
out/soong/.intermediates/frameworks/base/libplatformprotos/linux_glibc_x86_64_static/obj/.intermediates/frameworks/base/libplatformprotos/linux_glibc_x86_64_static/gen/proto/frameworks/base/core/proto/android/util/log.pb.o
out/soong/.intermediates/frameworks/base/libplatformprotos/linux_glibc_x86_64_static/obj/.intermediates/frameworks/base/libplatformprotos/linux_glibc_x86_64_static/gen/proto/frameworks/base/core/proto/android/util/quotatracker.pb.o
out/soong/.intermediates/frameworks/base/libplatformprotos/linux_glibc_x86_64_static/obj/.intermediates/frameworks/base/libplatformprotos/linux_glibc_x86_64_static/gen/proto/frameworks/base/core/proto/android/util/textdump.pb.o
out/soong/.intermediates/frameworks/base/libplatformprotos/linux_glibc_x86_64_static/obj/.intermediates/frameworks/base/libplatformprotos/linux_glibc_x86_64_static/gen/proto/frameworks/base/core/proto/android/view/display.pb.o
out/soong/.intermediates/frameworks/base/libplatformprotos/linux_glibc_x86_64_static/obj/.intermediates/frameworks/base/libplatformprotos/linux_glibc_x86_64_static/gen/proto/frameworks/base/core/proto/android/view/displaycutout.pb.o
out/soong/.intermediates/frameworks/base/libplatformprotos/linux_glibc_x86_64_static/obj/.intermediates/frameworks/base/libplatformprotos/linux_glibc_x86_64_static/gen/proto/frameworks/base/core/proto/android/view/displayinfo.pb.o
out/soong/.intermediates/frameworks/base/libplatformprotos/linux_glibc_x86_64_static/obj/.intermediates/frameworks/base/libplatformprotos/linux_glibc_x86_64_static/gen/proto/frameworks/base/core/proto/android/view/imefocuscontroller.pb.o
out/soong/.intermediates/frameworks/base/libplatformprotos/linux_glibc_x86_64_static/obj/.intermediates/frameworks/base/libplatformprotos/linux_glibc_x86_64_static/gen/proto/frameworks/base/core/proto/android/view/imeinsetssourceconsumer.pb.o
out/soong/.intermediates/frameworks/base/libplatformprotos/linux_glibc_x86_64_static/obj/.intermediates/frameworks/base/libplatformprotos/linux_glibc_x86_64_static/gen/proto/frameworks/base/core/proto/android/view/inputmethod/editorinfo.pb.o
out/soong/.intermediates/frameworks/base/libplatformprotos/linux_glibc_x86_64_static/obj/.intermediates/frameworks/base/libplatformprotos/linux_glibc_x86_64_static/gen/proto/frameworks/base/core/proto/android/view/inputmethod/inputconnection.pb.o
out/soong/.intermediates/frameworks/base/libplatformprotos/linux_glibc_x86_64_static/obj/.intermediates/frameworks/base/libplatformprotos/linux_glibc_x86_64_static/gen/proto/frameworks/base/core/proto/android/view/inputmethod/inputmethodeditortrace.pb.o
out/soong/.intermediates/frameworks/base/libplatformprotos/linux_glibc_x86_64_static/obj/.intermediates/frameworks/base/libplatformprotos/linux_glibc_x86_64_static/gen/proto/frameworks/base/core/proto/android/view/inputmethod/inputmethodmanager.pb.o
out/soong/.intermediates/frameworks/base/libplatformprotos/linux_glibc_x86_64_static/obj/.intermediates/frameworks/base/libplatformprotos/linux_glibc_x86_64_static/gen/proto/frameworks/base/core/proto/android/view/insetsanimationcontrolimpl.pb.o
out/soong/.intermediates/frameworks/base/libplatformprotos/linux_glibc_x86_64_static/obj/.intermediates/frameworks/base/libplatformprotos/linux_glibc_x86_64_static/gen/proto/frameworks/base/core/proto/android/view/insetscontroller.pb.o
out/soong/.intermediates/frameworks/base/libplatformprotos/linux_glibc_x86_64_static/obj/.intermediates/frameworks/base/libplatformprotos/linux_glibc_x86_64_static/gen/proto/frameworks/base/core/proto/android/view/insetssource.pb.o
out/soong/.intermediates/frameworks/base/libplatformprotos/linux_glibc_x86_64_static/obj/.intermediates/frameworks/base/libplatformprotos/linux_glibc_x86_64_static/gen/proto/frameworks/base/core/proto/android/view/insetssourceconsumer.pb.o
out/soong/.intermediates/frameworks/base/libplatformprotos/linux_glibc_x86_64_static/obj/.intermediates/frameworks/base/libplatformprotos/linux_glibc_x86_64_static/gen/proto/frameworks/base/core/proto/android/view/insetssourcecontrol.pb.o
out/soong/.intermediates/frameworks/base/libplatformprotos/linux_glibc_x86_64_static/obj/.intermediates/frameworks/base/libplatformprotos/linux_glibc_x86_64_static/gen/proto/frameworks/base/core/proto/android/view/insetsstate.pb.o
out/soong/.intermediates/frameworks/base/libplatformprotos/linux_glibc_x86_64_static/obj/.intermediates/frameworks/base/libplatformprotos/linux_glibc_x86_64_static/gen/proto/frameworks/base/core/proto/android/view/remote_animation_target.pb.o
out/soong/.intermediates/frameworks/base/libplatformprotos/linux_glibc_x86_64_static/obj/.intermediates/frameworks/base/libplatformprotos/linux_glibc_x86_64_static/gen/proto/frameworks/base/core/proto/android/view/surface.pb.o
out/soong/.intermediates/frameworks/base/libplatformprotos/linux_glibc_x86_64_static/obj/.intermediates/frameworks/base/libplatformprotos/linux_glibc_x86_64_static/gen/proto/frameworks/base/core/proto/android/view/surfacecontrol.pb.o
out/soong/.intermediates/frameworks/base/libplatformprotos/linux_glibc_x86_64_static/obj/.intermediates/frameworks/base/libplatformprotos/linux_glibc_x86_64_static/gen/proto/frameworks/base/core/proto/android/view/viewrootimpl.pb.o
out/soong/.intermediates/frameworks/base/libplatformprotos/linux_glibc_x86_64_static/obj/.intermediates/frameworks/base/libplatformprotos/linux_glibc_x86_64_static/gen/proto/frameworks/base/core/proto/android/view/windowlayoutparams.pb.o
out/soong/.intermediates/frameworks/base/libplatformprotos/linux_glibc_x86_64_static/obj/.intermediates/frameworks/base/libplatformprotos/linux_glibc_x86_64_static/gen/proto/frameworks/base/proto/src/ipconnectivity.pb.o
out/soong/.intermediates/frameworks/base/libplatformprotos/linux_glibc_x86_64_static/obj/.intermediates/frameworks/base/libplatformprotos/linux_glibc_x86_64_static/gen/proto/frameworks/proto_logging/stats/enums/app/enums.pb.o
out/soong/.intermediates/frameworks/base/libplatformprotos/linux_glibc_x86_64_static/obj/.intermediates/frameworks/base/libplatformprotos/linux_glibc_x86_64_static/gen/proto/frameworks/proto_logging/stats/enums/app/job/enums.pb.o
out/soong/.intermediates/frameworks/base/libplatformprotos/linux_glibc_x86_64_static/obj/.intermediates/frameworks/base/libplatformprotos/linux_glibc_x86_64_static/gen/proto/frameworks/proto_logging/stats/enums/app/media_output_enum.pb.o
out/soong/.intermediates/frameworks/base/libplatformprotos/linux_glibc_x86_64_static/obj/.intermediates/frameworks/base/libplatformprotos/linux_glibc_x86_64_static/gen/proto/frameworks/proto_logging/stats/enums/app/settings_enums.pb.o
out/soong/.intermediates/frameworks/base/libplatformprotos/linux_glibc_x86_64_static/obj/.intermediates/frameworks/base/libplatformprotos/linux_glibc_x86_64_static/gen/proto/frameworks/proto_logging/stats/enums/app/tvsettings_enums.pb.o
out/soong/.intermediates/frameworks/base/libplatformprotos/linux_glibc_x86_64_static/obj/.intermediates/frameworks/base/libplatformprotos/linux_glibc_x86_64_static/gen/proto/frameworks/proto_logging/stats/enums/bluetooth/a2dp/enums.pb.o
out/soong/.intermediates/frameworks/base/libplatformprotos/linux_glibc_x86_64_static/obj/.intermediates/frameworks/base/libplatformprotos/linux_glibc_x86_64_static/gen/proto/frameworks/proto_logging/stats/enums/bluetooth/enums.pb.o
out/soong/.intermediates/frameworks/base/libplatformprotos/linux_glibc_x86_64_static/obj/.intermediates/frameworks/base/libplatformprotos/linux_glibc_x86_64_static/gen/proto/frameworks/proto_logging/stats/enums/bluetooth/hci/enums.pb.o
out/soong/.intermediates/frameworks/base/libplatformprotos/linux_glibc_x86_64_static/obj/.intermediates/frameworks/base/libplatformprotos/linux_glibc_x86_64_static/gen/proto/frameworks/proto_logging/stats/enums/bluetooth/hfp/enums.pb.o
out/soong/.intermediates/frameworks/base/libplatformprotos/linux_glibc_x86_64_static/obj/.intermediates/frameworks/base/libplatformprotos/linux_glibc_x86_64_static/gen/proto/frameworks/proto_logging/stats/enums/bluetooth/smp/enums.pb.o
out/soong/.intermediates/frameworks/base/libplatformprotos/linux_glibc_x86_64_static/obj/.intermediates/frameworks/base/libplatformprotos/linux_glibc_x86_64_static/gen/proto/frameworks/proto_logging/stats/enums/debug/enums.pb.o
out/soong/.intermediates/frameworks/base/libplatformprotos/linux_glibc_x86_64_static/obj/.intermediates/frameworks/base/libplatformprotos/linux_glibc_x86_64_static/gen/proto/frameworks/proto_logging/stats/enums/hardware/biometrics/enums.pb.o
out/soong/.intermediates/frameworks/base/libplatformprotos/linux_glibc_x86_64_static/obj/.intermediates/frameworks/base/libplatformprotos/linux_glibc_x86_64_static/gen/proto/frameworks/proto_logging/stats/enums/hardware/sensor/assist/enums.pb.o
out/soong/.intermediates/frameworks/base/libplatformprotos/linux_glibc_x86_64_static/obj/.intermediates/frameworks/base/libplatformprotos/linux_glibc_x86_64_static/gen/proto/frameworks/proto_logging/stats/enums/net/enums.pb.o
out/soong/.intermediates/frameworks/base/libplatformprotos/linux_glibc_x86_64_static/obj/.intermediates/frameworks/base/libplatformprotos/linux_glibc_x86_64_static/gen/proto/frameworks/proto_logging/stats/enums/os/enums.pb.o
out/soong/.intermediates/frameworks/base/libplatformprotos/linux_glibc_x86_64_static/obj/.intermediates/frameworks/base/libplatformprotos/linux_glibc_x86_64_static/gen/proto/frameworks/proto_logging/stats/enums/server/connectivity/data_stall_event.pb.o
out/soong/.intermediates/frameworks/base/libplatformprotos/linux_glibc_x86_64_static/obj/.intermediates/frameworks/base/libplatformprotos/linux_glibc_x86_64_static/gen/proto/frameworks/proto_logging/stats/enums/server/enums.pb.o
out/soong/.intermediates/frameworks/base/libplatformprotos/linux_glibc_x86_64_static/obj/.intermediates/frameworks/base/libplatformprotos/linux_glibc_x86_64_static/gen/proto/frameworks/proto_logging/stats/enums/server/job/enums.pb.o
out/soong/.intermediates/frameworks/base/libplatformprotos/linux_glibc_x86_64_static/obj/.intermediates/frameworks/base/libplatformprotos/linux_glibc_x86_64_static/gen/proto/frameworks/proto_logging/stats/enums/server/location/enums.pb.o
out/soong/.intermediates/frameworks/base/libplatformprotos/linux_glibc_x86_64_static/obj/.intermediates/frameworks/base/libplatformprotos/linux_glibc_x86_64_static/gen/proto/frameworks/proto_logging/stats/enums/service/enums.pb.o
out/soong/.intermediates/frameworks/base/libplatformprotos/linux_glibc_x86_64_static/obj/.intermediates/frameworks/base/libplatformprotos/linux_glibc_x86_64_static/gen/proto/frameworks/proto_logging/stats/enums/service/procstats_enum.pb.o
out/soong/.intermediates/frameworks/base/libplatformprotos/linux_glibc_x86_64_static/obj/.intermediates/frameworks/base/libplatformprotos/linux_glibc_x86_64_static/gen/proto/frameworks/proto_logging/stats/enums/stats/accessibility/accessibility_enums.pb.o
out/soong/.intermediates/frameworks/base/libplatformprotos/linux_glibc_x86_64_static/obj/.intermediates/frameworks/base/libplatformprotos/linux_glibc_x86_64_static/gen/proto/frameworks/proto_logging/stats/enums/stats/connectivity/network_stack.pb.o
out/soong/.intermediates/frameworks/base/libplatformprotos/linux_glibc_x86_64_static/obj/.intermediates/frameworks/base/libplatformprotos/linux_glibc_x86_64_static/gen/proto/frameworks/proto_logging/stats/enums/stats/connectivity/tethering.pb.o
out/soong/.intermediates/frameworks/base/libplatformprotos/linux_glibc_x86_64_static/obj/.intermediates/frameworks/base/libplatformprotos/linux_glibc_x86_64_static/gen/proto/frameworks/proto_logging/stats/enums/stats/devicepolicy/device_policy.pb.o
out/soong/.intermediates/frameworks/base/libplatformprotos/linux_glibc_x86_64_static/obj/.intermediates/frameworks/base/libplatformprotos/linux_glibc_x86_64_static/gen/proto/frameworks/proto_logging/stats/enums/stats/devicepolicy/device_policy_enums.pb.o
out/soong/.intermediates/frameworks/base/libplatformprotos/linux_glibc_x86_64_static/obj/.intermediates/frameworks/base/libplatformprotos/linux_glibc_x86_64_static/gen/proto/frameworks/proto_logging/stats/enums/stats/dnsresolver/dns_resolver.pb.o
out/soong/.intermediates/frameworks/base/libplatformprotos/linux_glibc_x86_64_static/obj/.intermediates/frameworks/base/libplatformprotos/linux_glibc_x86_64_static/gen/proto/frameworks/proto_logging/stats/enums/stats/docsui/docsui_enums.pb.o
out/soong/.intermediates/frameworks/base/libplatformprotos/linux_glibc_x86_64_static/obj/.intermediates/frameworks/base/libplatformprotos/linux_glibc_x86_64_static/gen/proto/frameworks/proto_logging/stats/enums/stats/enums.pb.o
out/soong/.intermediates/frameworks/base/libplatformprotos/linux_glibc_x86_64_static/obj/.intermediates/frameworks/base/libplatformprotos/linux_glibc_x86_64_static/gen/proto/frameworks/proto_logging/stats/enums/stats/hdmi/enums.pb.o
out/soong/.intermediates/frameworks/base/libplatformprotos/linux_glibc_x86_64_static/obj/.intermediates/frameworks/base/libplatformprotos/linux_glibc_x86_64_static/gen/proto/frameworks/proto_logging/stats/enums/stats/intelligence/enums.pb.o
out/soong/.intermediates/frameworks/base/libplatformprotos/linux_glibc_x86_64_static/obj/.intermediates/frameworks/base/libplatformprotos/linux_glibc_x86_64_static/gen/proto/frameworks/proto_logging/stats/enums/stats/launcher/launcher.pb.o
out/soong/.intermediates/frameworks/base/libplatformprotos/linux_glibc_x86_64_static/obj/.intermediates/frameworks/base/libplatformprotos/linux_glibc_x86_64_static/gen/proto/frameworks/proto_logging/stats/enums/stats/location/location_enums.pb.o
out/soong/.intermediates/frameworks/base/libplatformprotos/linux_glibc_x86_64_static/obj/.intermediates/frameworks/base/libplatformprotos/linux_glibc_x86_64_static/gen/proto/frameworks/proto_logging/stats/enums/stats/mediametrics/mediametrics.pb.o
out/soong/.intermediates/frameworks/base/libplatformprotos/linux_glibc_x86_64_static/obj/.intermediates/frameworks/base/libplatformprotos/linux_glibc_x86_64_static/gen/proto/frameworks/proto_logging/stats/enums/stats/mediaprovider/mediaprovider_enums.pb.o
out/soong/.intermediates/frameworks/base/libplatformprotos/linux_glibc_x86_64_static/obj/.intermediates/frameworks/base/libplatformprotos/linux_glibc_x86_64_static/gen/proto/frameworks/proto_logging/stats/enums/stats/otaupdate/updateengine_enums.pb.o
out/soong/.intermediates/frameworks/base/libplatformprotos/linux_glibc_x86_64_static/obj/.intermediates/frameworks/base/libplatformprotos/linux_glibc_x86_64_static/gen/proto/frameworks/proto_logging/stats/enums/stats/storage/storage_enums.pb.o
out/soong/.intermediates/frameworks/base/libplatformprotos/linux_glibc_x86_64_static/obj/.intermediates/frameworks/base/libplatformprotos/linux_glibc_x86_64_static/gen/proto/frameworks/proto_logging/stats/enums/stats/style/style_enums.pb.o
out/soong/.intermediates/frameworks/base/libplatformprotos/linux_glibc_x86_64_static/obj/.intermediates/frameworks/base/libplatformprotos/linux_glibc_x86_64_static/gen/proto/frameworks/proto_logging/stats/enums/stats/sysui/notification_enums.pb.o
out/soong/.intermediates/frameworks/base/libplatformprotos/linux_glibc_x86_64_static/obj/.intermediates/frameworks/base/libplatformprotos/linux_glibc_x86_64_static/gen/proto/frameworks/proto_logging/stats/enums/stats/textclassifier/textclassifier_enums.pb.o
out/soong/.intermediates/frameworks/base/libplatformprotos/linux_glibc_x86_64_static/obj/.intermediates/frameworks/base/libplatformprotos/linux_glibc_x86_64_static/gen/proto/frameworks/proto_logging/stats/enums/stats/tls/enums.pb.o
out/soong/.intermediates/frameworks/base/libplatformprotos/linux_glibc_x86_64_static/obj/.intermediates/frameworks/base/libplatformprotos/linux_glibc_x86_64_static/gen/proto/frameworks/proto_logging/stats/enums/stats/tv/tif_enums.pb.o
out/soong/.intermediates/frameworks/base/libplatformprotos/linux_glibc_x86_64_static/obj/.intermediates/frameworks/base/libplatformprotos/linux_glibc_x86_64_static/gen/proto/frameworks/proto_logging/stats/enums/stats/wm/enums.pb.o
out/soong/.intermediates/frameworks/base/libplatformprotos/linux_glibc_x86_64_static/obj/.intermediates/frameworks/base/libplatformprotos/linux_glibc_x86_64_static/gen/proto/frameworks/proto_logging/stats/enums/system/security/keystore2/enums.pb.o
out/soong/.intermediates/frameworks/base/libplatformprotos/linux_glibc_x86_64_static/obj/.intermediates/frameworks/base/libplatformprotos/linux_glibc_x86_64_static/gen/proto/frameworks/proto_logging/stats/enums/telecomm/enums.pb.o
out/soong/.intermediates/frameworks/base/libplatformprotos/linux_glibc_x86_64_static/obj/.intermediates/frameworks/base/libplatformprotos/linux_glibc_x86_64_static/gen/proto/frameworks/proto_logging/stats/enums/telephony/enums.pb.o
out/soong/.intermediates/frameworks/base/libplatformprotos/linux_glibc_x86_64_static/obj/.intermediates/frameworks/base/libplatformprotos/linux_glibc_x86_64_static/gen/proto/frameworks/proto_logging/stats/enums/view/enums.pb.o
out/soong/.intermediates/frameworks/base/libplatformprotos/linux_glibc_x86_64_static/obj/.intermediates/frameworks/base/libplatformprotos/linux_glibc_x86_64_static/gen/proto/frameworks/proto_logging/stats/enums/wifi/enums.pb.o
out/soong/.intermediates/frameworks/base/libplatformprotos/linux_glibc_x86_64_static/obj/.intermediates/frameworks/base/libplatformprotos/linux_glibc_x86_64_static/gen/proto/frameworks/proto_logging/stats/message/mediametrics_message.pb.o
out/soong/.intermediates/frameworks/base/libplatformprotos/linux_glibc_x86_64_static/obj/.intermediates/frameworks/base/libplatformprotos/linux_glibc_x86_64_static/gen/proto/packages/modules/Permission/service/proto/com/android/role/roleservice.pb.o