out/soong/.intermediates/frameworks/native/services/powermanager/libpowermanager/android_x86_x86_64_shared/gen/aidl/android/os/BnCoolingDevice.h
out/soong/.intermediates/frameworks/native/services/powermanager/libpowermanager/android_x86_x86_64_shared/gen/aidl/android/os/BnHintManager.h
out/soong/.intermediates/frameworks/native/services/powermanager/libpowermanager/android_x86_x86_64_shared/gen/aidl/android/os/BnHintSession.h
out/soong/.intermediates/frameworks/native/services/powermanager/libpowermanager/android_x86_x86_64_shared/gen/aidl/android/os/BnPowerManager.h
out/soong/.intermediates/frameworks/native/services/powermanager/libpowermanager/android_x86_x86_64_shared/gen/aidl/android/os/BnTemperature.h
out/soong/.intermediates/frameworks/native/services/powermanager/libpowermanager/android_x86_x86_64_shared/gen/aidl/android/os/BnThermalEventListener.h
out/soong/.intermediates/frameworks/native/services/powermanager/libpowermanager/android_x86_x86_64_shared/gen/aidl/android/os/BnThermalService.h
out/soong/.intermediates/frameworks/native/services/powermanager/libpowermanager/android_x86_x86_64_shared/gen/aidl/android/os/BnThermalStatusListener.h
out/soong/.intermediates/frameworks/native/services/powermanager/libpowermanager/android_x86_x86_64_shared/gen/aidl/android/os/BpCoolingDevice.h
out/soong/.intermediates/frameworks/native/services/powermanager/libpowermanager/android_x86_x86_64_shared/gen/aidl/android/os/BpHintManager.h
out/soong/.intermediates/frameworks/native/services/powermanager/libpowermanager/android_x86_x86_64_shared/gen/aidl/android/os/BpHintSession.h
out/soong/.intermediates/frameworks/native/services/powermanager/libpowermanager/android_x86_x86_64_shared/gen/aidl/android/os/BpPowerManager.h
out/soong/.intermediates/frameworks/native/services/powermanager/libpowermanager/android_x86_x86_64_shared/gen/aidl/android/os/BpTemperature.h
out/soong/.intermediates/frameworks/native/services/powermanager/libpowermanager/android_x86_x86_64_shared/gen/aidl/android/os/BpThermalEventListener.h
out/soong/.intermediates/frameworks/native/services/powermanager/libpowermanager/android_x86_x86_64_shared/gen/aidl/android/os/BpThermalService.h
out/soong/.intermediates/frameworks/native/services/powermanager/libpowermanager/android_x86_x86_64_shared/gen/aidl/android/os/BpThermalStatusListener.h
out/soong/.intermediates/frameworks/native/services/powermanager/libpowermanager/android_x86_x86_64_shared/gen/aidl/android/os/CoolingDevice.h
out/soong/.intermediates/frameworks/native/services/powermanager/libpowermanager/android_x86_x86_64_shared/gen/aidl/android/os/IHintManager.h
out/soong/.intermediates/frameworks/native/services/powermanager/libpowermanager/android_x86_x86_64_shared/gen/aidl/android/os/IHintSession.h
out/soong/.intermediates/frameworks/native/services/powermanager/libpowermanager/android_x86_x86_64_shared/gen/aidl/android/os/IPowerManager.h
out/soong/.intermediates/frameworks/native/services/powermanager/libpowermanager/android_x86_x86_64_shared/gen/aidl/android/os/IThermalEventListener.h
out/soong/.intermediates/frameworks/native/services/powermanager/libpowermanager/android_x86_x86_64_shared/gen/aidl/android/os/IThermalService.h
out/soong/.intermediates/frameworks/native/services/powermanager/libpowermanager/android_x86_x86_64_shared/gen/aidl/android/os/IThermalStatusListener.h
out/soong/.intermediates/frameworks/native/services/powermanager/libpowermanager/android_x86_x86_64_shared/gen/aidl/android/os/Temperature.h
out/soong/.intermediates/frameworks/native/services/powermanager/libpowermanager/android_x86_x86_64_shared/libpowermanager.so
out/soong/.intermediates/frameworks/native/services/powermanager/libpowermanager/android_x86_x86_64_shared/libpowermanager.so.toc