out/soong/.intermediates/frameworks/av/media/libaudioclient/audiopolicy-aidl-cpp-source/gen/android/media/GetInputForAttrResponse.cpp
out/soong/.intermediates/frameworks/av/media/libaudioclient/audiopolicy-aidl-cpp-source/gen/android/media/GetOutputForAttrResponse.cpp
out/soong/.intermediates/frameworks/av/media/libaudioclient/audiopolicy-aidl-cpp-source/gen/android/media/IAudioPolicyService.cpp
out/soong/.intermediates/frameworks/av/media/libaudioclient/audiopolicy-aidl-cpp-source/gen/android/media/IAudioPolicyServiceClient.cpp
out/soong/.intermediates/frameworks/av/media/libaudioclient/audiopolicy-aidl-cpp-source/gen/android/media/Int.cpp
out/soong/.intermediates/frameworks/av/media/libaudioclient/audiopolicy-aidl-cpp-source/gen/android/media/RecordClientInfo.cpp
out/soong/.intermediates/frameworks/av/media/libaudioclient/audiopolicy-aidl-cpp-source/gen/include/android/media/BnAudioPolicyService.h
out/soong/.intermediates/frameworks/av/media/libaudioclient/audiopolicy-aidl-cpp-source/gen/include/android/media/BnAudioPolicyServiceClient.h
out/soong/.intermediates/frameworks/av/media/libaudioclient/audiopolicy-aidl-cpp-source/gen/include/android/media/BnGetInputForAttrResponse.h
out/soong/.intermediates/frameworks/av/media/libaudioclient/audiopolicy-aidl-cpp-source/gen/include/android/media/BnGetOutputForAttrResponse.h
out/soong/.intermediates/frameworks/av/media/libaudioclient/audiopolicy-aidl-cpp-source/gen/include/android/media/BnInt.h
out/soong/.intermediates/frameworks/av/media/libaudioclient/audiopolicy-aidl-cpp-source/gen/include/android/media/BnRecordClientInfo.h
out/soong/.intermediates/frameworks/av/media/libaudioclient/audiopolicy-aidl-cpp-source/gen/include/android/media/BpAudioPolicyService.h
out/soong/.intermediates/frameworks/av/media/libaudioclient/audiopolicy-aidl-cpp-source/gen/include/android/media/BpAudioPolicyServiceClient.h
out/soong/.intermediates/frameworks/av/media/libaudioclient/audiopolicy-aidl-cpp-source/gen/include/android/media/BpGetInputForAttrResponse.h
out/soong/.intermediates/frameworks/av/media/libaudioclient/audiopolicy-aidl-cpp-source/gen/include/android/media/BpGetOutputForAttrResponse.h
out/soong/.intermediates/frameworks/av/media/libaudioclient/audiopolicy-aidl-cpp-source/gen/include/android/media/BpInt.h
out/soong/.intermediates/frameworks/av/media/libaudioclient/audiopolicy-aidl-cpp-source/gen/include/android/media/BpRecordClientInfo.h
out/soong/.intermediates/frameworks/av/media/libaudioclient/audiopolicy-aidl-cpp-source/gen/include/android/media/GetInputForAttrResponse.h
out/soong/.intermediates/frameworks/av/media/libaudioclient/audiopolicy-aidl-cpp-source/gen/include/android/media/GetOutputForAttrResponse.h
out/soong/.intermediates/frameworks/av/media/libaudioclient/audiopolicy-aidl-cpp-source/gen/include/android/media/IAudioPolicyService.h
out/soong/.intermediates/frameworks/av/media/libaudioclient/audiopolicy-aidl-cpp-source/gen/include/android/media/IAudioPolicyServiceClient.h
out/soong/.intermediates/frameworks/av/media/libaudioclient/audiopolicy-aidl-cpp-source/gen/include/android/media/Int.h
out/soong/.intermediates/frameworks/av/media/libaudioclient/audiopolicy-aidl-cpp-source/gen/include/android/media/RecordClientInfo.h