out/soong/.intermediates/frameworks/av/media/libaudioclient/audioclient-types-aidl-cpp-source/gen/android/media/AudioAttributesInternal.cpp
out/soong/.intermediates/frameworks/av/media/libaudioclient/audioclient-types-aidl-cpp-source/gen/android/media/AudioClient.cpp
out/soong/.intermediates/frameworks/av/media/libaudioclient/audioclient-types-aidl-cpp-source/gen/android/media/AudioConfig.cpp
out/soong/.intermediates/frameworks/av/media/libaudioclient/audioclient-types-aidl-cpp-source/gen/android/media/AudioConfigBase.cpp
out/soong/.intermediates/frameworks/av/media/libaudioclient/audioclient-types-aidl-cpp-source/gen/android/media/AudioContentType.cpp
out/soong/.intermediates/frameworks/av/media/libaudioclient/audioclient-types-aidl-cpp-source/gen/android/media/AudioDevice.cpp
out/soong/.intermediates/frameworks/av/media/libaudioclient/audioclient-types-aidl-cpp-source/gen/android/media/AudioDualMonoMode.cpp
out/soong/.intermediates/frameworks/av/media/libaudioclient/audioclient-types-aidl-cpp-source/gen/android/media/AudioEncapsulationMetadataType.cpp
out/soong/.intermediates/frameworks/av/media/libaudioclient/audioclient-types-aidl-cpp-source/gen/android/media/AudioEncapsulationMode.cpp
out/soong/.intermediates/frameworks/av/media/libaudioclient/audioclient-types-aidl-cpp-source/gen/android/media/AudioEncapsulationType.cpp
out/soong/.intermediates/frameworks/av/media/libaudioclient/audioclient-types-aidl-cpp-source/gen/android/media/AudioFlag.cpp
out/soong/.intermediates/frameworks/av/media/libaudioclient/audioclient-types-aidl-cpp-source/gen/android/media/AudioGain.cpp
out/soong/.intermediates/frameworks/av/media/libaudioclient/audioclient-types-aidl-cpp-source/gen/android/media/AudioGainConfig.cpp
out/soong/.intermediates/frameworks/av/media/libaudioclient/audioclient-types-aidl-cpp-source/gen/android/media/AudioGainMode.cpp
out/soong/.intermediates/frameworks/av/media/libaudioclient/audioclient-types-aidl-cpp-source/gen/android/media/AudioInputFlags.cpp
out/soong/.intermediates/frameworks/av/media/libaudioclient/audioclient-types-aidl-cpp-source/gen/android/media/AudioIoConfigEvent.cpp
out/soong/.intermediates/frameworks/av/media/libaudioclient/audioclient-types-aidl-cpp-source/gen/android/media/AudioIoDescriptor.cpp
out/soong/.intermediates/frameworks/av/media/libaudioclient/audioclient-types-aidl-cpp-source/gen/android/media/AudioIoFlags.cpp
out/soong/.intermediates/frameworks/av/media/libaudioclient/audioclient-types-aidl-cpp-source/gen/android/media/AudioMixLatencyClass.cpp
out/soong/.intermediates/frameworks/av/media/libaudioclient/audioclient-types-aidl-cpp-source/gen/android/media/AudioMode.cpp
out/soong/.intermediates/frameworks/av/media/libaudioclient/audioclient-types-aidl-cpp-source/gen/android/media/AudioOffloadInfo.cpp
out/soong/.intermediates/frameworks/av/media/libaudioclient/audioclient-types-aidl-cpp-source/gen/android/media/AudioOutputFlags.cpp
out/soong/.intermediates/frameworks/av/media/libaudioclient/audioclient-types-aidl-cpp-source/gen/android/media/AudioPatch.cpp
out/soong/.intermediates/frameworks/av/media/libaudioclient/audioclient-types-aidl-cpp-source/gen/android/media/AudioPlaybackRate.cpp
out/soong/.intermediates/frameworks/av/media/libaudioclient/audioclient-types-aidl-cpp-source/gen/android/media/AudioPort.cpp
out/soong/.intermediates/frameworks/av/media/libaudioclient/audioclient-types-aidl-cpp-source/gen/android/media/AudioPortConfig.cpp
out/soong/.intermediates/frameworks/av/media/libaudioclient/audioclient-types-aidl-cpp-source/gen/android/media/AudioPortConfigDeviceExt.cpp
out/soong/.intermediates/frameworks/av/media/libaudioclient/audioclient-types-aidl-cpp-source/gen/android/media/AudioPortConfigExt.cpp
out/soong/.intermediates/frameworks/av/media/libaudioclient/audioclient-types-aidl-cpp-source/gen/android/media/AudioPortConfigMixExt.cpp
out/soong/.intermediates/frameworks/av/media/libaudioclient/audioclient-types-aidl-cpp-source/gen/android/media/AudioPortConfigMixExtUseCase.cpp
out/soong/.intermediates/frameworks/av/media/libaudioclient/audioclient-types-aidl-cpp-source/gen/android/media/AudioPortConfigSessionExt.cpp
out/soong/.intermediates/frameworks/av/media/libaudioclient/audioclient-types-aidl-cpp-source/gen/android/media/AudioPortConfigType.cpp
out/soong/.intermediates/frameworks/av/media/libaudioclient/audioclient-types-aidl-cpp-source/gen/android/media/AudioPortDeviceExt.cpp
out/soong/.intermediates/frameworks/av/media/libaudioclient/audioclient-types-aidl-cpp-source/gen/android/media/AudioPortExt.cpp
out/soong/.intermediates/frameworks/av/media/libaudioclient/audioclient-types-aidl-cpp-source/gen/android/media/AudioPortMixExt.cpp
out/soong/.intermediates/frameworks/av/media/libaudioclient/audioclient-types-aidl-cpp-source/gen/android/media/AudioPortRole.cpp
out/soong/.intermediates/frameworks/av/media/libaudioclient/audioclient-types-aidl-cpp-source/gen/android/media/AudioPortSessionExt.cpp
out/soong/.intermediates/frameworks/av/media/libaudioclient/audioclient-types-aidl-cpp-source/gen/android/media/AudioPortType.cpp
out/soong/.intermediates/frameworks/av/media/libaudioclient/audioclient-types-aidl-cpp-source/gen/android/media/AudioProfile.cpp
out/soong/.intermediates/frameworks/av/media/libaudioclient/audioclient-types-aidl-cpp-source/gen/android/media/AudioSourceType.cpp
out/soong/.intermediates/frameworks/av/media/libaudioclient/audioclient-types-aidl-cpp-source/gen/android/media/AudioStandard.cpp
out/soong/.intermediates/frameworks/av/media/libaudioclient/audioclient-types-aidl-cpp-source/gen/android/media/AudioStreamType.cpp
out/soong/.intermediates/frameworks/av/media/libaudioclient/audioclient-types-aidl-cpp-source/gen/android/media/AudioTimestampInternal.cpp
out/soong/.intermediates/frameworks/av/media/libaudioclient/audioclient-types-aidl-cpp-source/gen/android/media/AudioUniqueIdUse.cpp
out/soong/.intermediates/frameworks/av/media/libaudioclient/audioclient-types-aidl-cpp-source/gen/android/media/AudioUsage.cpp
out/soong/.intermediates/frameworks/av/media/libaudioclient/audioclient-types-aidl-cpp-source/gen/android/media/AudioUuid.cpp
out/soong/.intermediates/frameworks/av/media/libaudioclient/audioclient-types-aidl-cpp-source/gen/android/media/AudioVibratorInfo.cpp
out/soong/.intermediates/frameworks/av/media/libaudioclient/audioclient-types-aidl-cpp-source/gen/android/media/EffectDescriptor.cpp
out/soong/.intermediates/frameworks/av/media/libaudioclient/audioclient-types-aidl-cpp-source/gen/android/media/ExtraAudioDescriptor.cpp
out/soong/.intermediates/frameworks/av/media/libaudioclient/audioclient-types-aidl-cpp-source/gen/android/media/TrackSecondaryOutputInfo.cpp
out/soong/.intermediates/frameworks/av/media/libaudioclient/audioclient-types-aidl-cpp-source/gen/include/android/media/AudioAttributesInternal.h
out/soong/.intermediates/frameworks/av/media/libaudioclient/audioclient-types-aidl-cpp-source/gen/include/android/media/AudioClient.h
out/soong/.intermediates/frameworks/av/media/libaudioclient/audioclient-types-aidl-cpp-source/gen/include/android/media/AudioConfig.h
out/soong/.intermediates/frameworks/av/media/libaudioclient/audioclient-types-aidl-cpp-source/gen/include/android/media/AudioConfigBase.h
out/soong/.intermediates/frameworks/av/media/libaudioclient/audioclient-types-aidl-cpp-source/gen/include/android/media/AudioContentType.h
out/soong/.intermediates/frameworks/av/media/libaudioclient/audioclient-types-aidl-cpp-source/gen/include/android/media/AudioDevice.h
out/soong/.intermediates/frameworks/av/media/libaudioclient/audioclient-types-aidl-cpp-source/gen/include/android/media/AudioDualMonoMode.h
out/soong/.intermediates/frameworks/av/media/libaudioclient/audioclient-types-aidl-cpp-source/gen/include/android/media/AudioEncapsulationMetadataType.h
out/soong/.intermediates/frameworks/av/media/libaudioclient/audioclient-types-aidl-cpp-source/gen/include/android/media/AudioEncapsulationMode.h
out/soong/.intermediates/frameworks/av/media/libaudioclient/audioclient-types-aidl-cpp-source/gen/include/android/media/AudioEncapsulationType.h
out/soong/.intermediates/frameworks/av/media/libaudioclient/audioclient-types-aidl-cpp-source/gen/include/android/media/AudioFlag.h
out/soong/.intermediates/frameworks/av/media/libaudioclient/audioclient-types-aidl-cpp-source/gen/include/android/media/AudioGain.h
out/soong/.intermediates/frameworks/av/media/libaudioclient/audioclient-types-aidl-cpp-source/gen/include/android/media/AudioGainConfig.h
out/soong/.intermediates/frameworks/av/media/libaudioclient/audioclient-types-aidl-cpp-source/gen/include/android/media/AudioGainMode.h
out/soong/.intermediates/frameworks/av/media/libaudioclient/audioclient-types-aidl-cpp-source/gen/include/android/media/AudioInputFlags.h
out/soong/.intermediates/frameworks/av/media/libaudioclient/audioclient-types-aidl-cpp-source/gen/include/android/media/AudioIoConfigEvent.h
out/soong/.intermediates/frameworks/av/media/libaudioclient/audioclient-types-aidl-cpp-source/gen/include/android/media/AudioIoDescriptor.h
out/soong/.intermediates/frameworks/av/media/libaudioclient/audioclient-types-aidl-cpp-source/gen/include/android/media/AudioIoFlags.h
out/soong/.intermediates/frameworks/av/media/libaudioclient/audioclient-types-aidl-cpp-source/gen/include/android/media/AudioMixLatencyClass.h
out/soong/.intermediates/frameworks/av/media/libaudioclient/audioclient-types-aidl-cpp-source/gen/include/android/media/AudioMode.h
out/soong/.intermediates/frameworks/av/media/libaudioclient/audioclient-types-aidl-cpp-source/gen/include/android/media/AudioOffloadInfo.h
out/soong/.intermediates/frameworks/av/media/libaudioclient/audioclient-types-aidl-cpp-source/gen/include/android/media/AudioOutputFlags.h
out/soong/.intermediates/frameworks/av/media/libaudioclient/audioclient-types-aidl-cpp-source/gen/include/android/media/AudioPatch.h
out/soong/.intermediates/frameworks/av/media/libaudioclient/audioclient-types-aidl-cpp-source/gen/include/android/media/AudioPlaybackRate.h
out/soong/.intermediates/frameworks/av/media/libaudioclient/audioclient-types-aidl-cpp-source/gen/include/android/media/AudioPort.h
out/soong/.intermediates/frameworks/av/media/libaudioclient/audioclient-types-aidl-cpp-source/gen/include/android/media/AudioPortConfig.h
out/soong/.intermediates/frameworks/av/media/libaudioclient/audioclient-types-aidl-cpp-source/gen/include/android/media/AudioPortConfigDeviceExt.h
out/soong/.intermediates/frameworks/av/media/libaudioclient/audioclient-types-aidl-cpp-source/gen/include/android/media/AudioPortConfigExt.h
out/soong/.intermediates/frameworks/av/media/libaudioclient/audioclient-types-aidl-cpp-source/gen/include/android/media/AudioPortConfigMixExt.h
out/soong/.intermediates/frameworks/av/media/libaudioclient/audioclient-types-aidl-cpp-source/gen/include/android/media/AudioPortConfigMixExtUseCase.h
out/soong/.intermediates/frameworks/av/media/libaudioclient/audioclient-types-aidl-cpp-source/gen/include/android/media/AudioPortConfigSessionExt.h
out/soong/.intermediates/frameworks/av/media/libaudioclient/audioclient-types-aidl-cpp-source/gen/include/android/media/AudioPortConfigType.h
out/soong/.intermediates/frameworks/av/media/libaudioclient/audioclient-types-aidl-cpp-source/gen/include/android/media/AudioPortDeviceExt.h
out/soong/.intermediates/frameworks/av/media/libaudioclient/audioclient-types-aidl-cpp-source/gen/include/android/media/AudioPortExt.h
out/soong/.intermediates/frameworks/av/media/libaudioclient/audioclient-types-aidl-cpp-source/gen/include/android/media/AudioPortMixExt.h
out/soong/.intermediates/frameworks/av/media/libaudioclient/audioclient-types-aidl-cpp-source/gen/include/android/media/AudioPortRole.h
out/soong/.intermediates/frameworks/av/media/libaudioclient/audioclient-types-aidl-cpp-source/gen/include/android/media/AudioPortSessionExt.h
out/soong/.intermediates/frameworks/av/media/libaudioclient/audioclient-types-aidl-cpp-source/gen/include/android/media/AudioPortType.h
out/soong/.intermediates/frameworks/av/media/libaudioclient/audioclient-types-aidl-cpp-source/gen/include/android/media/AudioProfile.h
out/soong/.intermediates/frameworks/av/media/libaudioclient/audioclient-types-aidl-cpp-source/gen/include/android/media/AudioSourceType.h
out/soong/.intermediates/frameworks/av/media/libaudioclient/audioclient-types-aidl-cpp-source/gen/include/android/media/AudioStandard.h
out/soong/.intermediates/frameworks/av/media/libaudioclient/audioclient-types-aidl-cpp-source/gen/include/android/media/AudioStreamType.h
out/soong/.intermediates/frameworks/av/media/libaudioclient/audioclient-types-aidl-cpp-source/gen/include/android/media/AudioTimestampInternal.h
out/soong/.intermediates/frameworks/av/media/libaudioclient/audioclient-types-aidl-cpp-source/gen/include/android/media/AudioUniqueIdUse.h
out/soong/.intermediates/frameworks/av/media/libaudioclient/audioclient-types-aidl-cpp-source/gen/include/android/media/AudioUsage.h
out/soong/.intermediates/frameworks/av/media/libaudioclient/audioclient-types-aidl-cpp-source/gen/include/android/media/AudioUuid.h
out/soong/.intermediates/frameworks/av/media/libaudioclient/audioclient-types-aidl-cpp-source/gen/include/android/media/AudioVibratorInfo.h
out/soong/.intermediates/frameworks/av/media/libaudioclient/audioclient-types-aidl-cpp-source/gen/include/android/media/BnAudioAttributesInternal.h
out/soong/.intermediates/frameworks/av/media/libaudioclient/audioclient-types-aidl-cpp-source/gen/include/android/media/BnAudioClient.h
out/soong/.intermediates/frameworks/av/media/libaudioclient/audioclient-types-aidl-cpp-source/gen/include/android/media/BnAudioConfig.h
out/soong/.intermediates/frameworks/av/media/libaudioclient/audioclient-types-aidl-cpp-source/gen/include/android/media/BnAudioConfigBase.h
out/soong/.intermediates/frameworks/av/media/libaudioclient/audioclient-types-aidl-cpp-source/gen/include/android/media/BnAudioContentType.h
out/soong/.intermediates/frameworks/av/media/libaudioclient/audioclient-types-aidl-cpp-source/gen/include/android/media/BnAudioDevice.h
out/soong/.intermediates/frameworks/av/media/libaudioclient/audioclient-types-aidl-cpp-source/gen/include/android/media/BnAudioDualMonoMode.h
out/soong/.intermediates/frameworks/av/media/libaudioclient/audioclient-types-aidl-cpp-source/gen/include/android/media/BnAudioEncapsulationMetadataType.h
out/soong/.intermediates/frameworks/av/media/libaudioclient/audioclient-types-aidl-cpp-source/gen/include/android/media/BnAudioEncapsulationMode.h
out/soong/.intermediates/frameworks/av/media/libaudioclient/audioclient-types-aidl-cpp-source/gen/include/android/media/BnAudioEncapsulationType.h
out/soong/.intermediates/frameworks/av/media/libaudioclient/audioclient-types-aidl-cpp-source/gen/include/android/media/BnAudioFlag.h
out/soong/.intermediates/frameworks/av/media/libaudioclient/audioclient-types-aidl-cpp-source/gen/include/android/media/BnAudioGain.h
out/soong/.intermediates/frameworks/av/media/libaudioclient/audioclient-types-aidl-cpp-source/gen/include/android/media/BnAudioGainConfig.h
out/soong/.intermediates/frameworks/av/media/libaudioclient/audioclient-types-aidl-cpp-source/gen/include/android/media/BnAudioGainMode.h
out/soong/.intermediates/frameworks/av/media/libaudioclient/audioclient-types-aidl-cpp-source/gen/include/android/media/BnAudioInputFlags.h
out/soong/.intermediates/frameworks/av/media/libaudioclient/audioclient-types-aidl-cpp-source/gen/include/android/media/BnAudioIoConfigEvent.h
out/soong/.intermediates/frameworks/av/media/libaudioclient/audioclient-types-aidl-cpp-source/gen/include/android/media/BnAudioIoDescriptor.h
out/soong/.intermediates/frameworks/av/media/libaudioclient/audioclient-types-aidl-cpp-source/gen/include/android/media/BnAudioIoFlags.h
out/soong/.intermediates/frameworks/av/media/libaudioclient/audioclient-types-aidl-cpp-source/gen/include/android/media/BnAudioMixLatencyClass.h
out/soong/.intermediates/frameworks/av/media/libaudioclient/audioclient-types-aidl-cpp-source/gen/include/android/media/BnAudioMode.h
out/soong/.intermediates/frameworks/av/media/libaudioclient/audioclient-types-aidl-cpp-source/gen/include/android/media/BnAudioOffloadInfo.h
out/soong/.intermediates/frameworks/av/media/libaudioclient/audioclient-types-aidl-cpp-source/gen/include/android/media/BnAudioOutputFlags.h
out/soong/.intermediates/frameworks/av/media/libaudioclient/audioclient-types-aidl-cpp-source/gen/include/android/media/BnAudioPatch.h
out/soong/.intermediates/frameworks/av/media/libaudioclient/audioclient-types-aidl-cpp-source/gen/include/android/media/BnAudioPlaybackRate.h
out/soong/.intermediates/frameworks/av/media/libaudioclient/audioclient-types-aidl-cpp-source/gen/include/android/media/BnAudioPort.h
out/soong/.intermediates/frameworks/av/media/libaudioclient/audioclient-types-aidl-cpp-source/gen/include/android/media/BnAudioPortConfig.h
out/soong/.intermediates/frameworks/av/media/libaudioclient/audioclient-types-aidl-cpp-source/gen/include/android/media/BnAudioPortConfigDeviceExt.h
out/soong/.intermediates/frameworks/av/media/libaudioclient/audioclient-types-aidl-cpp-source/gen/include/android/media/BnAudioPortConfigExt.h
out/soong/.intermediates/frameworks/av/media/libaudioclient/audioclient-types-aidl-cpp-source/gen/include/android/media/BnAudioPortConfigMixExt.h
out/soong/.intermediates/frameworks/av/media/libaudioclient/audioclient-types-aidl-cpp-source/gen/include/android/media/BnAudioPortConfigMixExtUseCase.h
out/soong/.intermediates/frameworks/av/media/libaudioclient/audioclient-types-aidl-cpp-source/gen/include/android/media/BnAudioPortConfigSessionExt.h
out/soong/.intermediates/frameworks/av/media/libaudioclient/audioclient-types-aidl-cpp-source/gen/include/android/media/BnAudioPortConfigType.h
out/soong/.intermediates/frameworks/av/media/libaudioclient/audioclient-types-aidl-cpp-source/gen/include/android/media/BnAudioPortDeviceExt.h
out/soong/.intermediates/frameworks/av/media/libaudioclient/audioclient-types-aidl-cpp-source/gen/include/android/media/BnAudioPortExt.h
out/soong/.intermediates/frameworks/av/media/libaudioclient/audioclient-types-aidl-cpp-source/gen/include/android/media/BnAudioPortMixExt.h
out/soong/.intermediates/frameworks/av/media/libaudioclient/audioclient-types-aidl-cpp-source/gen/include/android/media/BnAudioPortRole.h
out/soong/.intermediates/frameworks/av/media/libaudioclient/audioclient-types-aidl-cpp-source/gen/include/android/media/BnAudioPortSessionExt.h
out/soong/.intermediates/frameworks/av/media/libaudioclient/audioclient-types-aidl-cpp-source/gen/include/android/media/BnAudioPortType.h
out/soong/.intermediates/frameworks/av/media/libaudioclient/audioclient-types-aidl-cpp-source/gen/include/android/media/BnAudioProfile.h
out/soong/.intermediates/frameworks/av/media/libaudioclient/audioclient-types-aidl-cpp-source/gen/include/android/media/BnAudioSourceType.h
out/soong/.intermediates/frameworks/av/media/libaudioclient/audioclient-types-aidl-cpp-source/gen/include/android/media/BnAudioStandard.h
out/soong/.intermediates/frameworks/av/media/libaudioclient/audioclient-types-aidl-cpp-source/gen/include/android/media/BnAudioStreamType.h
out/soong/.intermediates/frameworks/av/media/libaudioclient/audioclient-types-aidl-cpp-source/gen/include/android/media/BnAudioTimestampInternal.h
out/soong/.intermediates/frameworks/av/media/libaudioclient/audioclient-types-aidl-cpp-source/gen/include/android/media/BnAudioUniqueIdUse.h
out/soong/.intermediates/frameworks/av/media/libaudioclient/audioclient-types-aidl-cpp-source/gen/include/android/media/BnAudioUsage.h
out/soong/.intermediates/frameworks/av/media/libaudioclient/audioclient-types-aidl-cpp-source/gen/include/android/media/BnAudioUuid.h
out/soong/.intermediates/frameworks/av/media/libaudioclient/audioclient-types-aidl-cpp-source/gen/include/android/media/BnAudioVibratorInfo.h
out/soong/.intermediates/frameworks/av/media/libaudioclient/audioclient-types-aidl-cpp-source/gen/include/android/media/BnEffectDescriptor.h
out/soong/.intermediates/frameworks/av/media/libaudioclient/audioclient-types-aidl-cpp-source/gen/include/android/media/BnExtraAudioDescriptor.h
out/soong/.intermediates/frameworks/av/media/libaudioclient/audioclient-types-aidl-cpp-source/gen/include/android/media/BnTrackSecondaryOutputInfo.h
out/soong/.intermediates/frameworks/av/media/libaudioclient/audioclient-types-aidl-cpp-source/gen/include/android/media/BpAudioAttributesInternal.h
out/soong/.intermediates/frameworks/av/media/libaudioclient/audioclient-types-aidl-cpp-source/gen/include/android/media/BpAudioClient.h
out/soong/.intermediates/frameworks/av/media/libaudioclient/audioclient-types-aidl-cpp-source/gen/include/android/media/BpAudioConfig.h
out/soong/.intermediates/frameworks/av/media/libaudioclient/audioclient-types-aidl-cpp-source/gen/include/android/media/BpAudioConfigBase.h
out/soong/.intermediates/frameworks/av/media/libaudioclient/audioclient-types-aidl-cpp-source/gen/include/android/media/BpAudioContentType.h
out/soong/.intermediates/frameworks/av/media/libaudioclient/audioclient-types-aidl-cpp-source/gen/include/android/media/BpAudioDevice.h
out/soong/.intermediates/frameworks/av/media/libaudioclient/audioclient-types-aidl-cpp-source/gen/include/android/media/BpAudioDualMonoMode.h
out/soong/.intermediates/frameworks/av/media/libaudioclient/audioclient-types-aidl-cpp-source/gen/include/android/media/BpAudioEncapsulationMetadataType.h
out/soong/.intermediates/frameworks/av/media/libaudioclient/audioclient-types-aidl-cpp-source/gen/include/android/media/BpAudioEncapsulationMode.h
out/soong/.intermediates/frameworks/av/media/libaudioclient/audioclient-types-aidl-cpp-source/gen/include/android/media/BpAudioEncapsulationType.h
out/soong/.intermediates/frameworks/av/media/libaudioclient/audioclient-types-aidl-cpp-source/gen/include/android/media/BpAudioFlag.h
out/soong/.intermediates/frameworks/av/media/libaudioclient/audioclient-types-aidl-cpp-source/gen/include/android/media/BpAudioGain.h
out/soong/.intermediates/frameworks/av/media/libaudioclient/audioclient-types-aidl-cpp-source/gen/include/android/media/BpAudioGainConfig.h
out/soong/.intermediates/frameworks/av/media/libaudioclient/audioclient-types-aidl-cpp-source/gen/include/android/media/BpAudioGainMode.h
out/soong/.intermediates/frameworks/av/media/libaudioclient/audioclient-types-aidl-cpp-source/gen/include/android/media/BpAudioInputFlags.h
out/soong/.intermediates/frameworks/av/media/libaudioclient/audioclient-types-aidl-cpp-source/gen/include/android/media/BpAudioIoConfigEvent.h
out/soong/.intermediates/frameworks/av/media/libaudioclient/audioclient-types-aidl-cpp-source/gen/include/android/media/BpAudioIoDescriptor.h
out/soong/.intermediates/frameworks/av/media/libaudioclient/audioclient-types-aidl-cpp-source/gen/include/android/media/BpAudioIoFlags.h
out/soong/.intermediates/frameworks/av/media/libaudioclient/audioclient-types-aidl-cpp-source/gen/include/android/media/BpAudioMixLatencyClass.h
out/soong/.intermediates/frameworks/av/media/libaudioclient/audioclient-types-aidl-cpp-source/gen/include/android/media/BpAudioMode.h
out/soong/.intermediates/frameworks/av/media/libaudioclient/audioclient-types-aidl-cpp-source/gen/include/android/media/BpAudioOffloadInfo.h
out/soong/.intermediates/frameworks/av/media/libaudioclient/audioclient-types-aidl-cpp-source/gen/include/android/media/BpAudioOutputFlags.h
out/soong/.intermediates/frameworks/av/media/libaudioclient/audioclient-types-aidl-cpp-source/gen/include/android/media/BpAudioPatch.h
out/soong/.intermediates/frameworks/av/media/libaudioclient/audioclient-types-aidl-cpp-source/gen/include/android/media/BpAudioPlaybackRate.h
out/soong/.intermediates/frameworks/av/media/libaudioclient/audioclient-types-aidl-cpp-source/gen/include/android/media/BpAudioPort.h
out/soong/.intermediates/frameworks/av/media/libaudioclient/audioclient-types-aidl-cpp-source/gen/include/android/media/BpAudioPortConfig.h
out/soong/.intermediates/frameworks/av/media/libaudioclient/audioclient-types-aidl-cpp-source/gen/include/android/media/BpAudioPortConfigDeviceExt.h
out/soong/.intermediates/frameworks/av/media/libaudioclient/audioclient-types-aidl-cpp-source/gen/include/android/media/BpAudioPortConfigExt.h
out/soong/.intermediates/frameworks/av/media/libaudioclient/audioclient-types-aidl-cpp-source/gen/include/android/media/BpAudioPortConfigMixExt.h
out/soong/.intermediates/frameworks/av/media/libaudioclient/audioclient-types-aidl-cpp-source/gen/include/android/media/BpAudioPortConfigMixExtUseCase.h
out/soong/.intermediates/frameworks/av/media/libaudioclient/audioclient-types-aidl-cpp-source/gen/include/android/media/BpAudioPortConfigSessionExt.h
out/soong/.intermediates/frameworks/av/media/libaudioclient/audioclient-types-aidl-cpp-source/gen/include/android/media/BpAudioPortConfigType.h
out/soong/.intermediates/frameworks/av/media/libaudioclient/audioclient-types-aidl-cpp-source/gen/include/android/media/BpAudioPortDeviceExt.h
out/soong/.intermediates/frameworks/av/media/libaudioclient/audioclient-types-aidl-cpp-source/gen/include/android/media/BpAudioPortExt.h
out/soong/.intermediates/frameworks/av/media/libaudioclient/audioclient-types-aidl-cpp-source/gen/include/android/media/BpAudioPortMixExt.h
out/soong/.intermediates/frameworks/av/media/libaudioclient/audioclient-types-aidl-cpp-source/gen/include/android/media/BpAudioPortRole.h
out/soong/.intermediates/frameworks/av/media/libaudioclient/audioclient-types-aidl-cpp-source/gen/include/android/media/BpAudioPortSessionExt.h
out/soong/.intermediates/frameworks/av/media/libaudioclient/audioclient-types-aidl-cpp-source/gen/include/android/media/BpAudioPortType.h
out/soong/.intermediates/frameworks/av/media/libaudioclient/audioclient-types-aidl-cpp-source/gen/include/android/media/BpAudioProfile.h
out/soong/.intermediates/frameworks/av/media/libaudioclient/audioclient-types-aidl-cpp-source/gen/include/android/media/BpAudioSourceType.h
out/soong/.intermediates/frameworks/av/media/libaudioclient/audioclient-types-aidl-cpp-source/gen/include/android/media/BpAudioStandard.h
out/soong/.intermediates/frameworks/av/media/libaudioclient/audioclient-types-aidl-cpp-source/gen/include/android/media/BpAudioStreamType.h
out/soong/.intermediates/frameworks/av/media/libaudioclient/audioclient-types-aidl-cpp-source/gen/include/android/media/BpAudioTimestampInternal.h
out/soong/.intermediates/frameworks/av/media/libaudioclient/audioclient-types-aidl-cpp-source/gen/include/android/media/BpAudioUniqueIdUse.h
out/soong/.intermediates/frameworks/av/media/libaudioclient/audioclient-types-aidl-cpp-source/gen/include/android/media/BpAudioUsage.h
out/soong/.intermediates/frameworks/av/media/libaudioclient/audioclient-types-aidl-cpp-source/gen/include/android/media/BpAudioUuid.h
out/soong/.intermediates/frameworks/av/media/libaudioclient/audioclient-types-aidl-cpp-source/gen/include/android/media/BpAudioVibratorInfo.h
out/soong/.intermediates/frameworks/av/media/libaudioclient/audioclient-types-aidl-cpp-source/gen/include/android/media/BpEffectDescriptor.h
out/soong/.intermediates/frameworks/av/media/libaudioclient/audioclient-types-aidl-cpp-source/gen/include/android/media/BpExtraAudioDescriptor.h
out/soong/.intermediates/frameworks/av/media/libaudioclient/audioclient-types-aidl-cpp-source/gen/include/android/media/BpTrackSecondaryOutputInfo.h
out/soong/.intermediates/frameworks/av/media/libaudioclient/audioclient-types-aidl-cpp-source/gen/include/android/media/EffectDescriptor.h
out/soong/.intermediates/frameworks/av/media/libaudioclient/audioclient-types-aidl-cpp-source/gen/include/android/media/ExtraAudioDescriptor.h
out/soong/.intermediates/frameworks/av/media/libaudioclient/audioclient-types-aidl-cpp-source/gen/include/android/media/TrackSecondaryOutputInfo.h