out/soong/.intermediates/frameworks/av/media/libaudioclient/audioflinger-aidl-cpp-source/gen/android/media/CreateEffectRequest.cpp
out/soong/.intermediates/frameworks/av/media/libaudioclient/audioflinger-aidl-cpp-source/gen/android/media/CreateEffectResponse.cpp
out/soong/.intermediates/frameworks/av/media/libaudioclient/audioflinger-aidl-cpp-source/gen/android/media/CreateRecordRequest.cpp
out/soong/.intermediates/frameworks/av/media/libaudioclient/audioflinger-aidl-cpp-source/gen/android/media/CreateRecordResponse.cpp
out/soong/.intermediates/frameworks/av/media/libaudioclient/audioflinger-aidl-cpp-source/gen/android/media/CreateTrackRequest.cpp
out/soong/.intermediates/frameworks/av/media/libaudioclient/audioflinger-aidl-cpp-source/gen/android/media/CreateTrackResponse.cpp
out/soong/.intermediates/frameworks/av/media/libaudioclient/audioflinger-aidl-cpp-source/gen/android/media/IAudioFlingerClient.cpp
out/soong/.intermediates/frameworks/av/media/libaudioclient/audioflinger-aidl-cpp-source/gen/android/media/IAudioFlingerService.cpp
out/soong/.intermediates/frameworks/av/media/libaudioclient/audioflinger-aidl-cpp-source/gen/android/media/IAudioRecord.cpp
out/soong/.intermediates/frameworks/av/media/libaudioclient/audioflinger-aidl-cpp-source/gen/android/media/IAudioTrack.cpp
out/soong/.intermediates/frameworks/av/media/libaudioclient/audioflinger-aidl-cpp-source/gen/android/media/IAudioTrackCallback.cpp
out/soong/.intermediates/frameworks/av/media/libaudioclient/audioflinger-aidl-cpp-source/gen/android/media/OpenInputRequest.cpp
out/soong/.intermediates/frameworks/av/media/libaudioclient/audioflinger-aidl-cpp-source/gen/android/media/OpenInputResponse.cpp
out/soong/.intermediates/frameworks/av/media/libaudioclient/audioflinger-aidl-cpp-source/gen/android/media/OpenOutputRequest.cpp
out/soong/.intermediates/frameworks/av/media/libaudioclient/audioflinger-aidl-cpp-source/gen/android/media/OpenOutputResponse.cpp
out/soong/.intermediates/frameworks/av/media/libaudioclient/audioflinger-aidl-cpp-source/gen/android/media/RenderPosition.cpp
out/soong/.intermediates/frameworks/av/media/libaudioclient/audioflinger-aidl-cpp-source/gen/include/android/media/BnAudioFlingerClient.h
out/soong/.intermediates/frameworks/av/media/libaudioclient/audioflinger-aidl-cpp-source/gen/include/android/media/BnAudioFlingerService.h
out/soong/.intermediates/frameworks/av/media/libaudioclient/audioflinger-aidl-cpp-source/gen/include/android/media/BnAudioRecord.h
out/soong/.intermediates/frameworks/av/media/libaudioclient/audioflinger-aidl-cpp-source/gen/include/android/media/BnAudioTrack.h
out/soong/.intermediates/frameworks/av/media/libaudioclient/audioflinger-aidl-cpp-source/gen/include/android/media/BnAudioTrackCallback.h
out/soong/.intermediates/frameworks/av/media/libaudioclient/audioflinger-aidl-cpp-source/gen/include/android/media/BnCreateEffectRequest.h
out/soong/.intermediates/frameworks/av/media/libaudioclient/audioflinger-aidl-cpp-source/gen/include/android/media/BnCreateEffectResponse.h
out/soong/.intermediates/frameworks/av/media/libaudioclient/audioflinger-aidl-cpp-source/gen/include/android/media/BnCreateRecordRequest.h
out/soong/.intermediates/frameworks/av/media/libaudioclient/audioflinger-aidl-cpp-source/gen/include/android/media/BnCreateRecordResponse.h
out/soong/.intermediates/frameworks/av/media/libaudioclient/audioflinger-aidl-cpp-source/gen/include/android/media/BnCreateTrackRequest.h
out/soong/.intermediates/frameworks/av/media/libaudioclient/audioflinger-aidl-cpp-source/gen/include/android/media/BnCreateTrackResponse.h
out/soong/.intermediates/frameworks/av/media/libaudioclient/audioflinger-aidl-cpp-source/gen/include/android/media/BnOpenInputRequest.h
out/soong/.intermediates/frameworks/av/media/libaudioclient/audioflinger-aidl-cpp-source/gen/include/android/media/BnOpenInputResponse.h
out/soong/.intermediates/frameworks/av/media/libaudioclient/audioflinger-aidl-cpp-source/gen/include/android/media/BnOpenOutputRequest.h
out/soong/.intermediates/frameworks/av/media/libaudioclient/audioflinger-aidl-cpp-source/gen/include/android/media/BnOpenOutputResponse.h
out/soong/.intermediates/frameworks/av/media/libaudioclient/audioflinger-aidl-cpp-source/gen/include/android/media/BnRenderPosition.h
out/soong/.intermediates/frameworks/av/media/libaudioclient/audioflinger-aidl-cpp-source/gen/include/android/media/BpAudioFlingerClient.h
out/soong/.intermediates/frameworks/av/media/libaudioclient/audioflinger-aidl-cpp-source/gen/include/android/media/BpAudioFlingerService.h
out/soong/.intermediates/frameworks/av/media/libaudioclient/audioflinger-aidl-cpp-source/gen/include/android/media/BpAudioRecord.h
out/soong/.intermediates/frameworks/av/media/libaudioclient/audioflinger-aidl-cpp-source/gen/include/android/media/BpAudioTrack.h
out/soong/.intermediates/frameworks/av/media/libaudioclient/audioflinger-aidl-cpp-source/gen/include/android/media/BpAudioTrackCallback.h
out/soong/.intermediates/frameworks/av/media/libaudioclient/audioflinger-aidl-cpp-source/gen/include/android/media/BpCreateEffectRequest.h
out/soong/.intermediates/frameworks/av/media/libaudioclient/audioflinger-aidl-cpp-source/gen/include/android/media/BpCreateEffectResponse.h
out/soong/.intermediates/frameworks/av/media/libaudioclient/audioflinger-aidl-cpp-source/gen/include/android/media/BpCreateRecordRequest.h
out/soong/.intermediates/frameworks/av/media/libaudioclient/audioflinger-aidl-cpp-source/gen/include/android/media/BpCreateRecordResponse.h
out/soong/.intermediates/frameworks/av/media/libaudioclient/audioflinger-aidl-cpp-source/gen/include/android/media/BpCreateTrackRequest.h
out/soong/.intermediates/frameworks/av/media/libaudioclient/audioflinger-aidl-cpp-source/gen/include/android/media/BpCreateTrackResponse.h
out/soong/.intermediates/frameworks/av/media/libaudioclient/audioflinger-aidl-cpp-source/gen/include/android/media/BpOpenInputRequest.h
out/soong/.intermediates/frameworks/av/media/libaudioclient/audioflinger-aidl-cpp-source/gen/include/android/media/BpOpenInputResponse.h
out/soong/.intermediates/frameworks/av/media/libaudioclient/audioflinger-aidl-cpp-source/gen/include/android/media/BpOpenOutputRequest.h
out/soong/.intermediates/frameworks/av/media/libaudioclient/audioflinger-aidl-cpp-source/gen/include/android/media/BpOpenOutputResponse.h
out/soong/.intermediates/frameworks/av/media/libaudioclient/audioflinger-aidl-cpp-source/gen/include/android/media/BpRenderPosition.h
out/soong/.intermediates/frameworks/av/media/libaudioclient/audioflinger-aidl-cpp-source/gen/include/android/media/CreateEffectRequest.h
out/soong/.intermediates/frameworks/av/media/libaudioclient/audioflinger-aidl-cpp-source/gen/include/android/media/CreateEffectResponse.h
out/soong/.intermediates/frameworks/av/media/libaudioclient/audioflinger-aidl-cpp-source/gen/include/android/media/CreateRecordRequest.h
out/soong/.intermediates/frameworks/av/media/libaudioclient/audioflinger-aidl-cpp-source/gen/include/android/media/CreateRecordResponse.h
out/soong/.intermediates/frameworks/av/media/libaudioclient/audioflinger-aidl-cpp-source/gen/include/android/media/CreateTrackRequest.h
out/soong/.intermediates/frameworks/av/media/libaudioclient/audioflinger-aidl-cpp-source/gen/include/android/media/CreateTrackResponse.h
out/soong/.intermediates/frameworks/av/media/libaudioclient/audioflinger-aidl-cpp-source/gen/include/android/media/IAudioFlingerClient.h
out/soong/.intermediates/frameworks/av/media/libaudioclient/audioflinger-aidl-cpp-source/gen/include/android/media/IAudioFlingerService.h
out/soong/.intermediates/frameworks/av/media/libaudioclient/audioflinger-aidl-cpp-source/gen/include/android/media/IAudioRecord.h
out/soong/.intermediates/frameworks/av/media/libaudioclient/audioflinger-aidl-cpp-source/gen/include/android/media/IAudioTrack.h
out/soong/.intermediates/frameworks/av/media/libaudioclient/audioflinger-aidl-cpp-source/gen/include/android/media/IAudioTrackCallback.h
out/soong/.intermediates/frameworks/av/media/libaudioclient/audioflinger-aidl-cpp-source/gen/include/android/media/OpenInputRequest.h
out/soong/.intermediates/frameworks/av/media/libaudioclient/audioflinger-aidl-cpp-source/gen/include/android/media/OpenInputResponse.h
out/soong/.intermediates/frameworks/av/media/libaudioclient/audioflinger-aidl-cpp-source/gen/include/android/media/OpenOutputRequest.h
out/soong/.intermediates/frameworks/av/media/libaudioclient/audioflinger-aidl-cpp-source/gen/include/android/media/OpenOutputResponse.h
out/soong/.intermediates/frameworks/av/media/libaudioclient/audioflinger-aidl-cpp-source/gen/include/android/media/RenderPosition.h