out/soong/.intermediates/frameworks/av/media/libaudioclient/audiopolicy-types-aidl-cpp-source/gen/android/media/AudioAttributesEx.cpp
out/soong/.intermediates/frameworks/av/media/libaudioclient/audiopolicy-types-aidl-cpp-source/gen/android/media/AudioMix.cpp
out/soong/.intermediates/frameworks/av/media/libaudioclient/audiopolicy-types-aidl-cpp-source/gen/android/media/AudioMixCallbackFlag.cpp
out/soong/.intermediates/frameworks/av/media/libaudioclient/audiopolicy-types-aidl-cpp-source/gen/android/media/AudioMixMatchCriterion.cpp
out/soong/.intermediates/frameworks/av/media/libaudioclient/audiopolicy-types-aidl-cpp-source/gen/android/media/AudioMixMatchCriterionValue.cpp
out/soong/.intermediates/frameworks/av/media/libaudioclient/audiopolicy-types-aidl-cpp-source/gen/android/media/AudioMixRouteFlag.cpp
out/soong/.intermediates/frameworks/av/media/libaudioclient/audiopolicy-types-aidl-cpp-source/gen/android/media/AudioMixType.cpp
out/soong/.intermediates/frameworks/av/media/libaudioclient/audiopolicy-types-aidl-cpp-source/gen/android/media/AudioOffloadMode.cpp
out/soong/.intermediates/frameworks/av/media/libaudioclient/audiopolicy-types-aidl-cpp-source/gen/android/media/AudioPolicyDeviceState.cpp
out/soong/.intermediates/frameworks/av/media/libaudioclient/audiopolicy-types-aidl-cpp-source/gen/android/media/AudioPolicyForceUse.cpp
out/soong/.intermediates/frameworks/av/media/libaudioclient/audiopolicy-types-aidl-cpp-source/gen/android/media/AudioPolicyForcedConfig.cpp
out/soong/.intermediates/frameworks/av/media/libaudioclient/audiopolicy-types-aidl-cpp-source/gen/android/media/AudioProductStrategy.cpp
out/soong/.intermediates/frameworks/av/media/libaudioclient/audiopolicy-types-aidl-cpp-source/gen/android/media/AudioVolumeGroup.cpp
out/soong/.intermediates/frameworks/av/media/libaudioclient/audiopolicy-types-aidl-cpp-source/gen/android/media/DeviceRole.cpp
out/soong/.intermediates/frameworks/av/media/libaudioclient/audiopolicy-types-aidl-cpp-source/gen/android/media/SoundTriggerSession.cpp
out/soong/.intermediates/frameworks/av/media/libaudioclient/audiopolicy-types-aidl-cpp-source/gen/include/android/media/AudioAttributesEx.h
out/soong/.intermediates/frameworks/av/media/libaudioclient/audiopolicy-types-aidl-cpp-source/gen/include/android/media/AudioMix.h
out/soong/.intermediates/frameworks/av/media/libaudioclient/audiopolicy-types-aidl-cpp-source/gen/include/android/media/AudioMixCallbackFlag.h
out/soong/.intermediates/frameworks/av/media/libaudioclient/audiopolicy-types-aidl-cpp-source/gen/include/android/media/AudioMixMatchCriterion.h
out/soong/.intermediates/frameworks/av/media/libaudioclient/audiopolicy-types-aidl-cpp-source/gen/include/android/media/AudioMixMatchCriterionValue.h
out/soong/.intermediates/frameworks/av/media/libaudioclient/audiopolicy-types-aidl-cpp-source/gen/include/android/media/AudioMixRouteFlag.h
out/soong/.intermediates/frameworks/av/media/libaudioclient/audiopolicy-types-aidl-cpp-source/gen/include/android/media/AudioMixType.h
out/soong/.intermediates/frameworks/av/media/libaudioclient/audiopolicy-types-aidl-cpp-source/gen/include/android/media/AudioOffloadMode.h
out/soong/.intermediates/frameworks/av/media/libaudioclient/audiopolicy-types-aidl-cpp-source/gen/include/android/media/AudioPolicyDeviceState.h
out/soong/.intermediates/frameworks/av/media/libaudioclient/audiopolicy-types-aidl-cpp-source/gen/include/android/media/AudioPolicyForceUse.h
out/soong/.intermediates/frameworks/av/media/libaudioclient/audiopolicy-types-aidl-cpp-source/gen/include/android/media/AudioPolicyForcedConfig.h
out/soong/.intermediates/frameworks/av/media/libaudioclient/audiopolicy-types-aidl-cpp-source/gen/include/android/media/AudioProductStrategy.h
out/soong/.intermediates/frameworks/av/media/libaudioclient/audiopolicy-types-aidl-cpp-source/gen/include/android/media/AudioVolumeGroup.h
out/soong/.intermediates/frameworks/av/media/libaudioclient/audiopolicy-types-aidl-cpp-source/gen/include/android/media/BnAudioAttributesEx.h
out/soong/.intermediates/frameworks/av/media/libaudioclient/audiopolicy-types-aidl-cpp-source/gen/include/android/media/BnAudioMix.h
out/soong/.intermediates/frameworks/av/media/libaudioclient/audiopolicy-types-aidl-cpp-source/gen/include/android/media/BnAudioMixCallbackFlag.h
out/soong/.intermediates/frameworks/av/media/libaudioclient/audiopolicy-types-aidl-cpp-source/gen/include/android/media/BnAudioMixMatchCriterion.h
out/soong/.intermediates/frameworks/av/media/libaudioclient/audiopolicy-types-aidl-cpp-source/gen/include/android/media/BnAudioMixMatchCriterionValue.h
out/soong/.intermediates/frameworks/av/media/libaudioclient/audiopolicy-types-aidl-cpp-source/gen/include/android/media/BnAudioMixRouteFlag.h
out/soong/.intermediates/frameworks/av/media/libaudioclient/audiopolicy-types-aidl-cpp-source/gen/include/android/media/BnAudioMixType.h
out/soong/.intermediates/frameworks/av/media/libaudioclient/audiopolicy-types-aidl-cpp-source/gen/include/android/media/BnAudioOffloadMode.h
out/soong/.intermediates/frameworks/av/media/libaudioclient/audiopolicy-types-aidl-cpp-source/gen/include/android/media/BnAudioPolicyDeviceState.h
out/soong/.intermediates/frameworks/av/media/libaudioclient/audiopolicy-types-aidl-cpp-source/gen/include/android/media/BnAudioPolicyForceUse.h
out/soong/.intermediates/frameworks/av/media/libaudioclient/audiopolicy-types-aidl-cpp-source/gen/include/android/media/BnAudioPolicyForcedConfig.h
out/soong/.intermediates/frameworks/av/media/libaudioclient/audiopolicy-types-aidl-cpp-source/gen/include/android/media/BnAudioProductStrategy.h
out/soong/.intermediates/frameworks/av/media/libaudioclient/audiopolicy-types-aidl-cpp-source/gen/include/android/media/BnAudioVolumeGroup.h
out/soong/.intermediates/frameworks/av/media/libaudioclient/audiopolicy-types-aidl-cpp-source/gen/include/android/media/BnDeviceRole.h
out/soong/.intermediates/frameworks/av/media/libaudioclient/audiopolicy-types-aidl-cpp-source/gen/include/android/media/BnSoundTriggerSession.h
out/soong/.intermediates/frameworks/av/media/libaudioclient/audiopolicy-types-aidl-cpp-source/gen/include/android/media/BpAudioAttributesEx.h
out/soong/.intermediates/frameworks/av/media/libaudioclient/audiopolicy-types-aidl-cpp-source/gen/include/android/media/BpAudioMix.h
out/soong/.intermediates/frameworks/av/media/libaudioclient/audiopolicy-types-aidl-cpp-source/gen/include/android/media/BpAudioMixCallbackFlag.h
out/soong/.intermediates/frameworks/av/media/libaudioclient/audiopolicy-types-aidl-cpp-source/gen/include/android/media/BpAudioMixMatchCriterion.h
out/soong/.intermediates/frameworks/av/media/libaudioclient/audiopolicy-types-aidl-cpp-source/gen/include/android/media/BpAudioMixMatchCriterionValue.h
out/soong/.intermediates/frameworks/av/media/libaudioclient/audiopolicy-types-aidl-cpp-source/gen/include/android/media/BpAudioMixRouteFlag.h
out/soong/.intermediates/frameworks/av/media/libaudioclient/audiopolicy-types-aidl-cpp-source/gen/include/android/media/BpAudioMixType.h
out/soong/.intermediates/frameworks/av/media/libaudioclient/audiopolicy-types-aidl-cpp-source/gen/include/android/media/BpAudioOffloadMode.h
out/soong/.intermediates/frameworks/av/media/libaudioclient/audiopolicy-types-aidl-cpp-source/gen/include/android/media/BpAudioPolicyDeviceState.h
out/soong/.intermediates/frameworks/av/media/libaudioclient/audiopolicy-types-aidl-cpp-source/gen/include/android/media/BpAudioPolicyForceUse.h
out/soong/.intermediates/frameworks/av/media/libaudioclient/audiopolicy-types-aidl-cpp-source/gen/include/android/media/BpAudioPolicyForcedConfig.h
out/soong/.intermediates/frameworks/av/media/libaudioclient/audiopolicy-types-aidl-cpp-source/gen/include/android/media/BpAudioProductStrategy.h
out/soong/.intermediates/frameworks/av/media/libaudioclient/audiopolicy-types-aidl-cpp-source/gen/include/android/media/BpAudioVolumeGroup.h
out/soong/.intermediates/frameworks/av/media/libaudioclient/audiopolicy-types-aidl-cpp-source/gen/include/android/media/BpDeviceRole.h
out/soong/.intermediates/frameworks/av/media/libaudioclient/audiopolicy-types-aidl-cpp-source/gen/include/android/media/BpSoundTriggerSession.h
out/soong/.intermediates/frameworks/av/media/libaudioclient/audiopolicy-types-aidl-cpp-source/gen/include/android/media/DeviceRole.h
out/soong/.intermediates/frameworks/av/media/libaudioclient/audiopolicy-types-aidl-cpp-source/gen/include/android/media/SoundTriggerSession.h