out/soong/.intermediates/frameworks/av/av-types-aidl-cpp-source/gen/android/media/InterpolatorConfig.cpp
out/soong/.intermediates/frameworks/av/av-types-aidl-cpp-source/gen/android/media/InterpolatorType.cpp
out/soong/.intermediates/frameworks/av/av-types-aidl-cpp-source/gen/android/media/MicrophoneInfoData.cpp
out/soong/.intermediates/frameworks/av/av-types-aidl-cpp-source/gen/android/media/VolumeShaperConfiguration.cpp
out/soong/.intermediates/frameworks/av/av-types-aidl-cpp-source/gen/android/media/VolumeShaperConfigurationOptionFlag.cpp
out/soong/.intermediates/frameworks/av/av-types-aidl-cpp-source/gen/android/media/VolumeShaperConfigurationType.cpp
out/soong/.intermediates/frameworks/av/av-types-aidl-cpp-source/gen/android/media/VolumeShaperOperation.cpp
out/soong/.intermediates/frameworks/av/av-types-aidl-cpp-source/gen/android/media/VolumeShaperOperationFlag.cpp
out/soong/.intermediates/frameworks/av/av-types-aidl-cpp-source/gen/android/media/VolumeShaperState.cpp
out/soong/.intermediates/frameworks/av/av-types-aidl-cpp-source/gen/include/android/media/BnInterpolatorConfig.h
out/soong/.intermediates/frameworks/av/av-types-aidl-cpp-source/gen/include/android/media/BnInterpolatorType.h
out/soong/.intermediates/frameworks/av/av-types-aidl-cpp-source/gen/include/android/media/BnMicrophoneInfoData.h
out/soong/.intermediates/frameworks/av/av-types-aidl-cpp-source/gen/include/android/media/BnVolumeShaperConfiguration.h
out/soong/.intermediates/frameworks/av/av-types-aidl-cpp-source/gen/include/android/media/BnVolumeShaperConfigurationOptionFlag.h
out/soong/.intermediates/frameworks/av/av-types-aidl-cpp-source/gen/include/android/media/BnVolumeShaperConfigurationType.h
out/soong/.intermediates/frameworks/av/av-types-aidl-cpp-source/gen/include/android/media/BnVolumeShaperOperation.h
out/soong/.intermediates/frameworks/av/av-types-aidl-cpp-source/gen/include/android/media/BnVolumeShaperOperationFlag.h
out/soong/.intermediates/frameworks/av/av-types-aidl-cpp-source/gen/include/android/media/BnVolumeShaperState.h
out/soong/.intermediates/frameworks/av/av-types-aidl-cpp-source/gen/include/android/media/BpInterpolatorConfig.h
out/soong/.intermediates/frameworks/av/av-types-aidl-cpp-source/gen/include/android/media/BpInterpolatorType.h
out/soong/.intermediates/frameworks/av/av-types-aidl-cpp-source/gen/include/android/media/BpMicrophoneInfoData.h
out/soong/.intermediates/frameworks/av/av-types-aidl-cpp-source/gen/include/android/media/BpVolumeShaperConfiguration.h
out/soong/.intermediates/frameworks/av/av-types-aidl-cpp-source/gen/include/android/media/BpVolumeShaperConfigurationOptionFlag.h
out/soong/.intermediates/frameworks/av/av-types-aidl-cpp-source/gen/include/android/media/BpVolumeShaperConfigurationType.h
out/soong/.intermediates/frameworks/av/av-types-aidl-cpp-source/gen/include/android/media/BpVolumeShaperOperation.h
out/soong/.intermediates/frameworks/av/av-types-aidl-cpp-source/gen/include/android/media/BpVolumeShaperOperationFlag.h
out/soong/.intermediates/frameworks/av/av-types-aidl-cpp-source/gen/include/android/media/BpVolumeShaperState.h
out/soong/.intermediates/frameworks/av/av-types-aidl-cpp-source/gen/include/android/media/InterpolatorConfig.h
out/soong/.intermediates/frameworks/av/av-types-aidl-cpp-source/gen/include/android/media/InterpolatorType.h
out/soong/.intermediates/frameworks/av/av-types-aidl-cpp-source/gen/include/android/media/MicrophoneInfoData.h
out/soong/.intermediates/frameworks/av/av-types-aidl-cpp-source/gen/include/android/media/VolumeShaperConfiguration.h
out/soong/.intermediates/frameworks/av/av-types-aidl-cpp-source/gen/include/android/media/VolumeShaperConfigurationOptionFlag.h
out/soong/.intermediates/frameworks/av/av-types-aidl-cpp-source/gen/include/android/media/VolumeShaperConfigurationType.h
out/soong/.intermediates/frameworks/av/av-types-aidl-cpp-source/gen/include/android/media/VolumeShaperOperation.h
out/soong/.intermediates/frameworks/av/av-types-aidl-cpp-source/gen/include/android/media/VolumeShaperOperationFlag.h
out/soong/.intermediates/frameworks/av/av-types-aidl-cpp-source/gen/include/android/media/VolumeShaperState.h