out/soong/.intermediates/frameworks/av/media/libmediatranscoding/mediatranscoding_aidl_interface-ndk_platform-source/gen/android/media/IMediaTranscodingService.cpp
out/soong/.intermediates/frameworks/av/media/libmediatranscoding/mediatranscoding_aidl_interface-ndk_platform-source/gen/android/media/ITranscodingClient.cpp
out/soong/.intermediates/frameworks/av/media/libmediatranscoding/mediatranscoding_aidl_interface-ndk_platform-source/gen/android/media/ITranscodingClientCallback.cpp
out/soong/.intermediates/frameworks/av/media/libmediatranscoding/mediatranscoding_aidl_interface-ndk_platform-source/gen/android/media/TranscodingErrorCode.cpp
out/soong/.intermediates/frameworks/av/media/libmediatranscoding/mediatranscoding_aidl_interface-ndk_platform-source/gen/android/media/TranscodingRequestParcel.cpp
out/soong/.intermediates/frameworks/av/media/libmediatranscoding/mediatranscoding_aidl_interface-ndk_platform-source/gen/android/media/TranscodingResultParcel.cpp
out/soong/.intermediates/frameworks/av/media/libmediatranscoding/mediatranscoding_aidl_interface-ndk_platform-source/gen/android/media/TranscodingSessionParcel.cpp
out/soong/.intermediates/frameworks/av/media/libmediatranscoding/mediatranscoding_aidl_interface-ndk_platform-source/gen/android/media/TranscodingSessionPriority.cpp
out/soong/.intermediates/frameworks/av/media/libmediatranscoding/mediatranscoding_aidl_interface-ndk_platform-source/gen/android/media/TranscodingSessionStats.cpp
out/soong/.intermediates/frameworks/av/media/libmediatranscoding/mediatranscoding_aidl_interface-ndk_platform-source/gen/android/media/TranscodingTestConfig.cpp
out/soong/.intermediates/frameworks/av/media/libmediatranscoding/mediatranscoding_aidl_interface-ndk_platform-source/gen/android/media/TranscodingType.cpp
out/soong/.intermediates/frameworks/av/media/libmediatranscoding/mediatranscoding_aidl_interface-ndk_platform-source/gen/android/media/TranscodingVideoCodecType.cpp
out/soong/.intermediates/frameworks/av/media/libmediatranscoding/mediatranscoding_aidl_interface-ndk_platform-source/gen/android/media/TranscodingVideoTrackFormat.cpp
out/soong/.intermediates/frameworks/av/media/libmediatranscoding/mediatranscoding_aidl_interface-ndk_platform-source/gen/include/aidl/android/media/BnMediaTranscodingService.h
out/soong/.intermediates/frameworks/av/media/libmediatranscoding/mediatranscoding_aidl_interface-ndk_platform-source/gen/include/aidl/android/media/BnTranscodingClient.h
out/soong/.intermediates/frameworks/av/media/libmediatranscoding/mediatranscoding_aidl_interface-ndk_platform-source/gen/include/aidl/android/media/BnTranscodingClientCallback.h
out/soong/.intermediates/frameworks/av/media/libmediatranscoding/mediatranscoding_aidl_interface-ndk_platform-source/gen/include/aidl/android/media/BnTranscodingErrorCode.h
out/soong/.intermediates/frameworks/av/media/libmediatranscoding/mediatranscoding_aidl_interface-ndk_platform-source/gen/include/aidl/android/media/BnTranscodingRequestParcel.h
out/soong/.intermediates/frameworks/av/media/libmediatranscoding/mediatranscoding_aidl_interface-ndk_platform-source/gen/include/aidl/android/media/BnTranscodingResultParcel.h
out/soong/.intermediates/frameworks/av/media/libmediatranscoding/mediatranscoding_aidl_interface-ndk_platform-source/gen/include/aidl/android/media/BnTranscodingSessionParcel.h
out/soong/.intermediates/frameworks/av/media/libmediatranscoding/mediatranscoding_aidl_interface-ndk_platform-source/gen/include/aidl/android/media/BnTranscodingSessionPriority.h
out/soong/.intermediates/frameworks/av/media/libmediatranscoding/mediatranscoding_aidl_interface-ndk_platform-source/gen/include/aidl/android/media/BnTranscodingSessionStats.h
out/soong/.intermediates/frameworks/av/media/libmediatranscoding/mediatranscoding_aidl_interface-ndk_platform-source/gen/include/aidl/android/media/BnTranscodingTestConfig.h
out/soong/.intermediates/frameworks/av/media/libmediatranscoding/mediatranscoding_aidl_interface-ndk_platform-source/gen/include/aidl/android/media/BnTranscodingType.h
out/soong/.intermediates/frameworks/av/media/libmediatranscoding/mediatranscoding_aidl_interface-ndk_platform-source/gen/include/aidl/android/media/BnTranscodingVideoCodecType.h
out/soong/.intermediates/frameworks/av/media/libmediatranscoding/mediatranscoding_aidl_interface-ndk_platform-source/gen/include/aidl/android/media/BnTranscodingVideoTrackFormat.h
out/soong/.intermediates/frameworks/av/media/libmediatranscoding/mediatranscoding_aidl_interface-ndk_platform-source/gen/include/aidl/android/media/BpMediaTranscodingService.h
out/soong/.intermediates/frameworks/av/media/libmediatranscoding/mediatranscoding_aidl_interface-ndk_platform-source/gen/include/aidl/android/media/BpTranscodingClient.h
out/soong/.intermediates/frameworks/av/media/libmediatranscoding/mediatranscoding_aidl_interface-ndk_platform-source/gen/include/aidl/android/media/BpTranscodingClientCallback.h
out/soong/.intermediates/frameworks/av/media/libmediatranscoding/mediatranscoding_aidl_interface-ndk_platform-source/gen/include/aidl/android/media/BpTranscodingErrorCode.h
out/soong/.intermediates/frameworks/av/media/libmediatranscoding/mediatranscoding_aidl_interface-ndk_platform-source/gen/include/aidl/android/media/BpTranscodingRequestParcel.h
out/soong/.intermediates/frameworks/av/media/libmediatranscoding/mediatranscoding_aidl_interface-ndk_platform-source/gen/include/aidl/android/media/BpTranscodingResultParcel.h
out/soong/.intermediates/frameworks/av/media/libmediatranscoding/mediatranscoding_aidl_interface-ndk_platform-source/gen/include/aidl/android/media/BpTranscodingSessionParcel.h
out/soong/.intermediates/frameworks/av/media/libmediatranscoding/mediatranscoding_aidl_interface-ndk_platform-source/gen/include/aidl/android/media/BpTranscodingSessionPriority.h
out/soong/.intermediates/frameworks/av/media/libmediatranscoding/mediatranscoding_aidl_interface-ndk_platform-source/gen/include/aidl/android/media/BpTranscodingSessionStats.h
out/soong/.intermediates/frameworks/av/media/libmediatranscoding/mediatranscoding_aidl_interface-ndk_platform-source/gen/include/aidl/android/media/BpTranscodingTestConfig.h
out/soong/.intermediates/frameworks/av/media/libmediatranscoding/mediatranscoding_aidl_interface-ndk_platform-source/gen/include/aidl/android/media/BpTranscodingType.h
out/soong/.intermediates/frameworks/av/media/libmediatranscoding/mediatranscoding_aidl_interface-ndk_platform-source/gen/include/aidl/android/media/BpTranscodingVideoCodecType.h
out/soong/.intermediates/frameworks/av/media/libmediatranscoding/mediatranscoding_aidl_interface-ndk_platform-source/gen/include/aidl/android/media/BpTranscodingVideoTrackFormat.h
out/soong/.intermediates/frameworks/av/media/libmediatranscoding/mediatranscoding_aidl_interface-ndk_platform-source/gen/include/aidl/android/media/IMediaTranscodingService.h
out/soong/.intermediates/frameworks/av/media/libmediatranscoding/mediatranscoding_aidl_interface-ndk_platform-source/gen/include/aidl/android/media/ITranscodingClient.h
out/soong/.intermediates/frameworks/av/media/libmediatranscoding/mediatranscoding_aidl_interface-ndk_platform-source/gen/include/aidl/android/media/ITranscodingClientCallback.h
out/soong/.intermediates/frameworks/av/media/libmediatranscoding/mediatranscoding_aidl_interface-ndk_platform-source/gen/include/aidl/android/media/TranscodingErrorCode.h
out/soong/.intermediates/frameworks/av/media/libmediatranscoding/mediatranscoding_aidl_interface-ndk_platform-source/gen/include/aidl/android/media/TranscodingRequestParcel.h
out/soong/.intermediates/frameworks/av/media/libmediatranscoding/mediatranscoding_aidl_interface-ndk_platform-source/gen/include/aidl/android/media/TranscodingResultParcel.h
out/soong/.intermediates/frameworks/av/media/libmediatranscoding/mediatranscoding_aidl_interface-ndk_platform-source/gen/include/aidl/android/media/TranscodingSessionParcel.h
out/soong/.intermediates/frameworks/av/media/libmediatranscoding/mediatranscoding_aidl_interface-ndk_platform-source/gen/include/aidl/android/media/TranscodingSessionPriority.h
out/soong/.intermediates/frameworks/av/media/libmediatranscoding/mediatranscoding_aidl_interface-ndk_platform-source/gen/include/aidl/android/media/TranscodingSessionStats.h
out/soong/.intermediates/frameworks/av/media/libmediatranscoding/mediatranscoding_aidl_interface-ndk_platform-source/gen/include/aidl/android/media/TranscodingTestConfig.h
out/soong/.intermediates/frameworks/av/media/libmediatranscoding/mediatranscoding_aidl_interface-ndk_platform-source/gen/include/aidl/android/media/TranscodingType.h
out/soong/.intermediates/frameworks/av/media/libmediatranscoding/mediatranscoding_aidl_interface-ndk_platform-source/gen/include/aidl/android/media/TranscodingVideoCodecType.h
out/soong/.intermediates/frameworks/av/media/libmediatranscoding/mediatranscoding_aidl_interface-ndk_platform-source/gen/include/aidl/android/media/TranscodingVideoTrackFormat.h