out/soong/.intermediates/frameworks/av/services/mediaresourcemanager/resourcemanager_aidl_interface-ndk_platform-source/gen/android/media/IResourceManagerClient.cpp
out/soong/.intermediates/frameworks/av/services/mediaresourcemanager/resourcemanager_aidl_interface-ndk_platform-source/gen/android/media/IResourceManagerService.cpp
out/soong/.intermediates/frameworks/av/services/mediaresourcemanager/resourcemanager_aidl_interface-ndk_platform-source/gen/android/media/MediaResourceParcel.cpp
out/soong/.intermediates/frameworks/av/services/mediaresourcemanager/resourcemanager_aidl_interface-ndk_platform-source/gen/android/media/MediaResourcePolicyParcel.cpp
out/soong/.intermediates/frameworks/av/services/mediaresourcemanager/resourcemanager_aidl_interface-ndk_platform-source/gen/android/media/MediaResourceSubType.cpp
out/soong/.intermediates/frameworks/av/services/mediaresourcemanager/resourcemanager_aidl_interface-ndk_platform-source/gen/android/media/MediaResourceType.cpp
out/soong/.intermediates/frameworks/av/services/mediaresourcemanager/resourcemanager_aidl_interface-ndk_platform-source/gen/include/aidl/android/media/BnMediaResourceParcel.h
out/soong/.intermediates/frameworks/av/services/mediaresourcemanager/resourcemanager_aidl_interface-ndk_platform-source/gen/include/aidl/android/media/BnMediaResourcePolicyParcel.h
out/soong/.intermediates/frameworks/av/services/mediaresourcemanager/resourcemanager_aidl_interface-ndk_platform-source/gen/include/aidl/android/media/BnMediaResourceSubType.h
out/soong/.intermediates/frameworks/av/services/mediaresourcemanager/resourcemanager_aidl_interface-ndk_platform-source/gen/include/aidl/android/media/BnMediaResourceType.h
out/soong/.intermediates/frameworks/av/services/mediaresourcemanager/resourcemanager_aidl_interface-ndk_platform-source/gen/include/aidl/android/media/BnResourceManagerClient.h
out/soong/.intermediates/frameworks/av/services/mediaresourcemanager/resourcemanager_aidl_interface-ndk_platform-source/gen/include/aidl/android/media/BnResourceManagerService.h
out/soong/.intermediates/frameworks/av/services/mediaresourcemanager/resourcemanager_aidl_interface-ndk_platform-source/gen/include/aidl/android/media/BpMediaResourceParcel.h
out/soong/.intermediates/frameworks/av/services/mediaresourcemanager/resourcemanager_aidl_interface-ndk_platform-source/gen/include/aidl/android/media/BpMediaResourcePolicyParcel.h
out/soong/.intermediates/frameworks/av/services/mediaresourcemanager/resourcemanager_aidl_interface-ndk_platform-source/gen/include/aidl/android/media/BpMediaResourceSubType.h
out/soong/.intermediates/frameworks/av/services/mediaresourcemanager/resourcemanager_aidl_interface-ndk_platform-source/gen/include/aidl/android/media/BpMediaResourceType.h
out/soong/.intermediates/frameworks/av/services/mediaresourcemanager/resourcemanager_aidl_interface-ndk_platform-source/gen/include/aidl/android/media/BpResourceManagerClient.h
out/soong/.intermediates/frameworks/av/services/mediaresourcemanager/resourcemanager_aidl_interface-ndk_platform-source/gen/include/aidl/android/media/BpResourceManagerService.h
out/soong/.intermediates/frameworks/av/services/mediaresourcemanager/resourcemanager_aidl_interface-ndk_platform-source/gen/include/aidl/android/media/IResourceManagerClient.h
out/soong/.intermediates/frameworks/av/services/mediaresourcemanager/resourcemanager_aidl_interface-ndk_platform-source/gen/include/aidl/android/media/IResourceManagerService.h
out/soong/.intermediates/frameworks/av/services/mediaresourcemanager/resourcemanager_aidl_interface-ndk_platform-source/gen/include/aidl/android/media/MediaResourceParcel.h
out/soong/.intermediates/frameworks/av/services/mediaresourcemanager/resourcemanager_aidl_interface-ndk_platform-source/gen/include/aidl/android/media/MediaResourcePolicyParcel.h
out/soong/.intermediates/frameworks/av/services/mediaresourcemanager/resourcemanager_aidl_interface-ndk_platform-source/gen/include/aidl/android/media/MediaResourceSubType.h
out/soong/.intermediates/frameworks/av/services/mediaresourcemanager/resourcemanager_aidl_interface-ndk_platform-source/gen/include/aidl/android/media/MediaResourceType.h