out/soong/.intermediates/frameworks/av/services/mediaresourcemanager/resourceobserver_aidl_interface-V1-ndk_platform-source/gen/android/media/IResourceObserver.cpp
out/soong/.intermediates/frameworks/av/services/mediaresourcemanager/resourceobserver_aidl_interface-V1-ndk_platform-source/gen/android/media/IResourceObserverService.cpp
out/soong/.intermediates/frameworks/av/services/mediaresourcemanager/resourceobserver_aidl_interface-V1-ndk_platform-source/gen/android/media/MediaObservableEvent.cpp
out/soong/.intermediates/frameworks/av/services/mediaresourcemanager/resourceobserver_aidl_interface-V1-ndk_platform-source/gen/android/media/MediaObservableFilter.cpp
out/soong/.intermediates/frameworks/av/services/mediaresourcemanager/resourceobserver_aidl_interface-V1-ndk_platform-source/gen/android/media/MediaObservableParcel.cpp
out/soong/.intermediates/frameworks/av/services/mediaresourcemanager/resourceobserver_aidl_interface-V1-ndk_platform-source/gen/android/media/MediaObservableType.cpp
out/soong/.intermediates/frameworks/av/services/mediaresourcemanager/resourceobserver_aidl_interface-V1-ndk_platform-source/gen/include/aidl/android/media/BnMediaObservableEvent.h
out/soong/.intermediates/frameworks/av/services/mediaresourcemanager/resourceobserver_aidl_interface-V1-ndk_platform-source/gen/include/aidl/android/media/BnMediaObservableFilter.h
out/soong/.intermediates/frameworks/av/services/mediaresourcemanager/resourceobserver_aidl_interface-V1-ndk_platform-source/gen/include/aidl/android/media/BnMediaObservableParcel.h
out/soong/.intermediates/frameworks/av/services/mediaresourcemanager/resourceobserver_aidl_interface-V1-ndk_platform-source/gen/include/aidl/android/media/BnMediaObservableType.h
out/soong/.intermediates/frameworks/av/services/mediaresourcemanager/resourceobserver_aidl_interface-V1-ndk_platform-source/gen/include/aidl/android/media/BnResourceObserver.h
out/soong/.intermediates/frameworks/av/services/mediaresourcemanager/resourceobserver_aidl_interface-V1-ndk_platform-source/gen/include/aidl/android/media/BnResourceObserverService.h
out/soong/.intermediates/frameworks/av/services/mediaresourcemanager/resourceobserver_aidl_interface-V1-ndk_platform-source/gen/include/aidl/android/media/BpMediaObservableEvent.h
out/soong/.intermediates/frameworks/av/services/mediaresourcemanager/resourceobserver_aidl_interface-V1-ndk_platform-source/gen/include/aidl/android/media/BpMediaObservableFilter.h
out/soong/.intermediates/frameworks/av/services/mediaresourcemanager/resourceobserver_aidl_interface-V1-ndk_platform-source/gen/include/aidl/android/media/BpMediaObservableParcel.h
out/soong/.intermediates/frameworks/av/services/mediaresourcemanager/resourceobserver_aidl_interface-V1-ndk_platform-source/gen/include/aidl/android/media/BpMediaObservableType.h
out/soong/.intermediates/frameworks/av/services/mediaresourcemanager/resourceobserver_aidl_interface-V1-ndk_platform-source/gen/include/aidl/android/media/BpResourceObserver.h
out/soong/.intermediates/frameworks/av/services/mediaresourcemanager/resourceobserver_aidl_interface-V1-ndk_platform-source/gen/include/aidl/android/media/BpResourceObserverService.h
out/soong/.intermediates/frameworks/av/services/mediaresourcemanager/resourceobserver_aidl_interface-V1-ndk_platform-source/gen/include/aidl/android/media/IResourceObserver.h
out/soong/.intermediates/frameworks/av/services/mediaresourcemanager/resourceobserver_aidl_interface-V1-ndk_platform-source/gen/include/aidl/android/media/IResourceObserverService.h
out/soong/.intermediates/frameworks/av/services/mediaresourcemanager/resourceobserver_aidl_interface-V1-ndk_platform-source/gen/include/aidl/android/media/MediaObservableEvent.h
out/soong/.intermediates/frameworks/av/services/mediaresourcemanager/resourceobserver_aidl_interface-V1-ndk_platform-source/gen/include/aidl/android/media/MediaObservableFilter.h
out/soong/.intermediates/frameworks/av/services/mediaresourcemanager/resourceobserver_aidl_interface-V1-ndk_platform-source/gen/include/aidl/android/media/MediaObservableParcel.h
out/soong/.intermediates/frameworks/av/services/mediaresourcemanager/resourceobserver_aidl_interface-V1-ndk_platform-source/gen/include/aidl/android/media/MediaObservableType.h