out/soong/.intermediates/system/security/keystore2/aidl/android.security.metrics-rust-source/gen/android/security/metrics/Algorithm.rs
out/soong/.intermediates/system/security/keystore2/aidl/android.security.metrics-rust-source/gen/android/security/metrics/AtomID.rs
out/soong/.intermediates/system/security/keystore2/aidl/android.security.metrics-rust-source/gen/android/security/metrics/CrashStats.rs
out/soong/.intermediates/system/security/keystore2/aidl/android.security.metrics-rust-source/gen/android/security/metrics/EcCurve.rs
out/soong/.intermediates/system/security/keystore2/aidl/android.security.metrics-rust-source/gen/android/security/metrics/HardwareAuthenticatorType.rs
out/soong/.intermediates/system/security/keystore2/aidl/android.security.metrics-rust-source/gen/android/security/metrics/IKeystoreMetrics.rs
out/soong/.intermediates/system/security/keystore2/aidl/android.security.metrics-rust-source/gen/android/security/metrics/KeyCreationWithAuthInfo.rs
out/soong/.intermediates/system/security/keystore2/aidl/android.security.metrics-rust-source/gen/android/security/metrics/KeyCreationWithGeneralInfo.rs
out/soong/.intermediates/system/security/keystore2/aidl/android.security.metrics-rust-source/gen/android/security/metrics/KeyCreationWithPurposeAndModesInfo.rs
out/soong/.intermediates/system/security/keystore2/aidl/android.security.metrics-rust-source/gen/android/security/metrics/KeyOperationWithGeneralInfo.rs
out/soong/.intermediates/system/security/keystore2/aidl/android.security.metrics-rust-source/gen/android/security/metrics/KeyOperationWithPurposeAndModesInfo.rs
out/soong/.intermediates/system/security/keystore2/aidl/android.security.metrics-rust-source/gen/android/security/metrics/KeyOrigin.rs
out/soong/.intermediates/system/security/keystore2/aidl/android.security.metrics-rust-source/gen/android/security/metrics/Keystore2AtomWithOverflow.rs
out/soong/.intermediates/system/security/keystore2/aidl/android.security.metrics-rust-source/gen/android/security/metrics/KeystoreAtom.rs
out/soong/.intermediates/system/security/keystore2/aidl/android.security.metrics-rust-source/gen/android/security/metrics/KeystoreAtomPayload.rs
out/soong/.intermediates/system/security/keystore2/aidl/android.security.metrics-rust-source/gen/android/security/metrics/Outcome.rs
out/soong/.intermediates/system/security/keystore2/aidl/android.security.metrics-rust-source/gen/android/security/metrics/PoolStatus.rs
out/soong/.intermediates/system/security/keystore2/aidl/android.security.metrics-rust-source/gen/android/security/metrics/Purpose.rs
out/soong/.intermediates/system/security/keystore2/aidl/android.security.metrics-rust-source/gen/android/security/metrics/RkpError.rs
out/soong/.intermediates/system/security/keystore2/aidl/android.security.metrics-rust-source/gen/android/security/metrics/RkpErrorStats.rs
out/soong/.intermediates/system/security/keystore2/aidl/android.security.metrics-rust-source/gen/android/security/metrics/RkpPoolStats.rs
out/soong/.intermediates/system/security/keystore2/aidl/android.security.metrics-rust-source/gen/android/security/metrics/SecurityLevel.rs
out/soong/.intermediates/system/security/keystore2/aidl/android.security.metrics-rust-source/gen/android/security/metrics/Storage.rs
out/soong/.intermediates/system/security/keystore2/aidl/android.security.metrics-rust-source/gen/android/security/metrics/StorageStats.rs