out/soong/.intermediates/art/build/boot/art-bootclasspath-fragment/android_common_apex31/bootclasspath.pb
out/soong/.intermediates/art/build/boot/art-bootclasspath-fragment/android_common_apex31/hiddenapi-modular/encoded/apache-xml.jar
out/soong/.intermediates/art/build/boot/art-bootclasspath-fragment/android_common_apex31/hiddenapi-modular/encoded/bouncycastle.jar
out/soong/.intermediates/art/build/boot/art-bootclasspath-fragment/android_common_apex31/hiddenapi-modular/encoded/core-libart.jar
out/soong/.intermediates/art/build/boot/art-bootclasspath-fragment/android_common_apex31/hiddenapi-modular/encoded/core-oj.jar
out/soong/.intermediates/art/build/boot/art-bootclasspath-fragment/android_common_apex31/hiddenapi-modular/encoded/okhttp.jar
out/soong/vsoc_x86_64/dex_artjars/android/apex/art_boot_images/javalib/x86/boot-apache-xml.art
out/soong/vsoc_x86_64/dex_artjars/android/apex/art_boot_images/javalib/x86/boot-apache-xml.oat
out/soong/vsoc_x86_64/dex_artjars/android/apex/art_boot_images/javalib/x86/boot-apache-xml.vdex
out/soong/vsoc_x86_64/dex_artjars/android/apex/art_boot_images/javalib/x86/boot-bouncycastle.art
out/soong/vsoc_x86_64/dex_artjars/android/apex/art_boot_images/javalib/x86/boot-bouncycastle.oat
out/soong/vsoc_x86_64/dex_artjars/android/apex/art_boot_images/javalib/x86/boot-bouncycastle.vdex
out/soong/vsoc_x86_64/dex_artjars/android/apex/art_boot_images/javalib/x86/boot-core-libart.art
out/soong/vsoc_x86_64/dex_artjars/android/apex/art_boot_images/javalib/x86/boot-core-libart.oat
out/soong/vsoc_x86_64/dex_artjars/android/apex/art_boot_images/javalib/x86/boot-core-libart.vdex
out/soong/vsoc_x86_64/dex_artjars/android/apex/art_boot_images/javalib/x86/boot-okhttp.art
out/soong/vsoc_x86_64/dex_artjars/android/apex/art_boot_images/javalib/x86/boot-okhttp.oat
out/soong/vsoc_x86_64/dex_artjars/android/apex/art_boot_images/javalib/x86/boot-okhttp.vdex
out/soong/vsoc_x86_64/dex_artjars/android/apex/art_boot_images/javalib/x86/boot.art
out/soong/vsoc_x86_64/dex_artjars/android/apex/art_boot_images/javalib/x86/boot.oat
out/soong/vsoc_x86_64/dex_artjars/android/apex/art_boot_images/javalib/x86/boot.vdex
out/soong/vsoc_x86_64/dex_artjars/android/apex/art_boot_images/javalib/x86_64/boot-apache-xml.art
out/soong/vsoc_x86_64/dex_artjars/android/apex/art_boot_images/javalib/x86_64/boot-apache-xml.oat
out/soong/vsoc_x86_64/dex_artjars/android/apex/art_boot_images/javalib/x86_64/boot-apache-xml.vdex
out/soong/vsoc_x86_64/dex_artjars/android/apex/art_boot_images/javalib/x86_64/boot-bouncycastle.art
out/soong/vsoc_x86_64/dex_artjars/android/apex/art_boot_images/javalib/x86_64/boot-bouncycastle.oat
out/soong/vsoc_x86_64/dex_artjars/android/apex/art_boot_images/javalib/x86_64/boot-bouncycastle.vdex
out/soong/vsoc_x86_64/dex_artjars/android/apex/art_boot_images/javalib/x86_64/boot-core-libart.art
out/soong/vsoc_x86_64/dex_artjars/android/apex/art_boot_images/javalib/x86_64/boot-core-libart.oat
out/soong/vsoc_x86_64/dex_artjars/android/apex/art_boot_images/javalib/x86_64/boot-core-libart.vdex
out/soong/vsoc_x86_64/dex_artjars/android/apex/art_boot_images/javalib/x86_64/boot-okhttp.art
out/soong/vsoc_x86_64/dex_artjars/android/apex/art_boot_images/javalib/x86_64/boot-okhttp.oat
out/soong/vsoc_x86_64/dex_artjars/android/apex/art_boot_images/javalib/x86_64/boot-okhttp.vdex
out/soong/vsoc_x86_64/dex_artjars/android/apex/art_boot_images/javalib/x86_64/boot.art
out/soong/vsoc_x86_64/dex_artjars/android/apex/art_boot_images/javalib/x86_64/boot.oat
out/soong/vsoc_x86_64/dex_artjars/android/apex/art_boot_images/javalib/x86_64/boot.vdex
out/soong/vsoc_x86_64/dex_artjars_unstripped/android/apex/art_boot_images/javalib/x86/boot-apache-xml.oat
out/soong/vsoc_x86_64/dex_artjars_unstripped/android/apex/art_boot_images/javalib/x86/boot-bouncycastle.oat
out/soong/vsoc_x86_64/dex_artjars_unstripped/android/apex/art_boot_images/javalib/x86/boot-core-libart.oat
out/soong/vsoc_x86_64/dex_artjars_unstripped/android/apex/art_boot_images/javalib/x86/boot-okhttp.oat
out/soong/vsoc_x86_64/dex_artjars_unstripped/android/apex/art_boot_images/javalib/x86/boot.oat
out/soong/vsoc_x86_64/dex_artjars_unstripped/android/apex/art_boot_images/javalib/x86_64/boot-apache-xml.oat
out/soong/vsoc_x86_64/dex_artjars_unstripped/android/apex/art_boot_images/javalib/x86_64/boot-bouncycastle.oat
out/soong/vsoc_x86_64/dex_artjars_unstripped/android/apex/art_boot_images/javalib/x86_64/boot-core-libart.oat
out/soong/vsoc_x86_64/dex_artjars_unstripped/android/apex/art_boot_images/javalib/x86_64/boot-okhttp.oat
out/soong/vsoc_x86_64/dex_artjars_unstripped/android/apex/art_boot_images/javalib/x86_64/boot.oat