out/soong/.intermediates/hardware/interfaces/automotive/occupant_awareness/aidl/android.hardware.automotive.occupant_awareness-V1-ndk_platform-source/gen/android/hardware/automotive/occupant_awareness/ConfidenceLevel.cpp
out/soong/.intermediates/hardware/interfaces/automotive/occupant_awareness/aidl/android.hardware.automotive.occupant_awareness-V1-ndk_platform-source/gen/android/hardware/automotive/occupant_awareness/DriverMonitoringDetection.cpp
out/soong/.intermediates/hardware/interfaces/automotive/occupant_awareness/aidl/android.hardware.automotive.occupant_awareness-V1-ndk_platform-source/gen/android/hardware/automotive/occupant_awareness/GazeDetection.cpp
out/soong/.intermediates/hardware/interfaces/automotive/occupant_awareness/aidl/android.hardware.automotive.occupant_awareness-V1-ndk_platform-source/gen/android/hardware/automotive/occupant_awareness/IOccupantAwareness.cpp
out/soong/.intermediates/hardware/interfaces/automotive/occupant_awareness/aidl/android.hardware.automotive.occupant_awareness-V1-ndk_platform-source/gen/android/hardware/automotive/occupant_awareness/IOccupantAwarenessClientCallback.cpp
out/soong/.intermediates/hardware/interfaces/automotive/occupant_awareness/aidl/android.hardware.automotive.occupant_awareness-V1-ndk_platform-source/gen/android/hardware/automotive/occupant_awareness/OccupantAwarenessStatus.cpp
out/soong/.intermediates/hardware/interfaces/automotive/occupant_awareness/aidl/android.hardware.automotive.occupant_awareness-V1-ndk_platform-source/gen/android/hardware/automotive/occupant_awareness/OccupantDetection.cpp
out/soong/.intermediates/hardware/interfaces/automotive/occupant_awareness/aidl/android.hardware.automotive.occupant_awareness-V1-ndk_platform-source/gen/android/hardware/automotive/occupant_awareness/OccupantDetections.cpp
out/soong/.intermediates/hardware/interfaces/automotive/occupant_awareness/aidl/android.hardware.automotive.occupant_awareness-V1-ndk_platform-source/gen/android/hardware/automotive/occupant_awareness/PresenceDetection.cpp
out/soong/.intermediates/hardware/interfaces/automotive/occupant_awareness/aidl/android.hardware.automotive.occupant_awareness-V1-ndk_platform-source/gen/android/hardware/automotive/occupant_awareness/Role.cpp
out/soong/.intermediates/hardware/interfaces/automotive/occupant_awareness/aidl/android.hardware.automotive.occupant_awareness-V1-ndk_platform-source/gen/android/hardware/automotive/occupant_awareness/VehicleRegion.cpp
out/soong/.intermediates/hardware/interfaces/automotive/occupant_awareness/aidl/android.hardware.automotive.occupant_awareness-V1-ndk_platform-source/gen/include/aidl/android/hardware/automotive/occupant_awareness/BnConfidenceLevel.h
out/soong/.intermediates/hardware/interfaces/automotive/occupant_awareness/aidl/android.hardware.automotive.occupant_awareness-V1-ndk_platform-source/gen/include/aidl/android/hardware/automotive/occupant_awareness/BnDriverMonitoringDetection.h
out/soong/.intermediates/hardware/interfaces/automotive/occupant_awareness/aidl/android.hardware.automotive.occupant_awareness-V1-ndk_platform-source/gen/include/aidl/android/hardware/automotive/occupant_awareness/BnGazeDetection.h
out/soong/.intermediates/hardware/interfaces/automotive/occupant_awareness/aidl/android.hardware.automotive.occupant_awareness-V1-ndk_platform-source/gen/include/aidl/android/hardware/automotive/occupant_awareness/BnOccupantAwareness.h
out/soong/.intermediates/hardware/interfaces/automotive/occupant_awareness/aidl/android.hardware.automotive.occupant_awareness-V1-ndk_platform-source/gen/include/aidl/android/hardware/automotive/occupant_awareness/BnOccupantAwarenessClientCallback.h
out/soong/.intermediates/hardware/interfaces/automotive/occupant_awareness/aidl/android.hardware.automotive.occupant_awareness-V1-ndk_platform-source/gen/include/aidl/android/hardware/automotive/occupant_awareness/BnOccupantAwarenessStatus.h
out/soong/.intermediates/hardware/interfaces/automotive/occupant_awareness/aidl/android.hardware.automotive.occupant_awareness-V1-ndk_platform-source/gen/include/aidl/android/hardware/automotive/occupant_awareness/BnOccupantDetection.h
out/soong/.intermediates/hardware/interfaces/automotive/occupant_awareness/aidl/android.hardware.automotive.occupant_awareness-V1-ndk_platform-source/gen/include/aidl/android/hardware/automotive/occupant_awareness/BnOccupantDetections.h
out/soong/.intermediates/hardware/interfaces/automotive/occupant_awareness/aidl/android.hardware.automotive.occupant_awareness-V1-ndk_platform-source/gen/include/aidl/android/hardware/automotive/occupant_awareness/BnPresenceDetection.h
out/soong/.intermediates/hardware/interfaces/automotive/occupant_awareness/aidl/android.hardware.automotive.occupant_awareness-V1-ndk_platform-source/gen/include/aidl/android/hardware/automotive/occupant_awareness/BnRole.h
out/soong/.intermediates/hardware/interfaces/automotive/occupant_awareness/aidl/android.hardware.automotive.occupant_awareness-V1-ndk_platform-source/gen/include/aidl/android/hardware/automotive/occupant_awareness/BnVehicleRegion.h
out/soong/.intermediates/hardware/interfaces/automotive/occupant_awareness/aidl/android.hardware.automotive.occupant_awareness-V1-ndk_platform-source/gen/include/aidl/android/hardware/automotive/occupant_awareness/BpConfidenceLevel.h
out/soong/.intermediates/hardware/interfaces/automotive/occupant_awareness/aidl/android.hardware.automotive.occupant_awareness-V1-ndk_platform-source/gen/include/aidl/android/hardware/automotive/occupant_awareness/BpDriverMonitoringDetection.h
out/soong/.intermediates/hardware/interfaces/automotive/occupant_awareness/aidl/android.hardware.automotive.occupant_awareness-V1-ndk_platform-source/gen/include/aidl/android/hardware/automotive/occupant_awareness/BpGazeDetection.h
out/soong/.intermediates/hardware/interfaces/automotive/occupant_awareness/aidl/android.hardware.automotive.occupant_awareness-V1-ndk_platform-source/gen/include/aidl/android/hardware/automotive/occupant_awareness/BpOccupantAwareness.h
out/soong/.intermediates/hardware/interfaces/automotive/occupant_awareness/aidl/android.hardware.automotive.occupant_awareness-V1-ndk_platform-source/gen/include/aidl/android/hardware/automotive/occupant_awareness/BpOccupantAwarenessClientCallback.h
out/soong/.intermediates/hardware/interfaces/automotive/occupant_awareness/aidl/android.hardware.automotive.occupant_awareness-V1-ndk_platform-source/gen/include/aidl/android/hardware/automotive/occupant_awareness/BpOccupantAwarenessStatus.h
out/soong/.intermediates/hardware/interfaces/automotive/occupant_awareness/aidl/android.hardware.automotive.occupant_awareness-V1-ndk_platform-source/gen/include/aidl/android/hardware/automotive/occupant_awareness/BpOccupantDetection.h
out/soong/.intermediates/hardware/interfaces/automotive/occupant_awareness/aidl/android.hardware.automotive.occupant_awareness-V1-ndk_platform-source/gen/include/aidl/android/hardware/automotive/occupant_awareness/BpOccupantDetections.h
out/soong/.intermediates/hardware/interfaces/automotive/occupant_awareness/aidl/android.hardware.automotive.occupant_awareness-V1-ndk_platform-source/gen/include/aidl/android/hardware/automotive/occupant_awareness/BpPresenceDetection.h
out/soong/.intermediates/hardware/interfaces/automotive/occupant_awareness/aidl/android.hardware.automotive.occupant_awareness-V1-ndk_platform-source/gen/include/aidl/android/hardware/automotive/occupant_awareness/BpRole.h
out/soong/.intermediates/hardware/interfaces/automotive/occupant_awareness/aidl/android.hardware.automotive.occupant_awareness-V1-ndk_platform-source/gen/include/aidl/android/hardware/automotive/occupant_awareness/BpVehicleRegion.h
out/soong/.intermediates/hardware/interfaces/automotive/occupant_awareness/aidl/android.hardware.automotive.occupant_awareness-V1-ndk_platform-source/gen/include/aidl/android/hardware/automotive/occupant_awareness/ConfidenceLevel.h
out/soong/.intermediates/hardware/interfaces/automotive/occupant_awareness/aidl/android.hardware.automotive.occupant_awareness-V1-ndk_platform-source/gen/include/aidl/android/hardware/automotive/occupant_awareness/DriverMonitoringDetection.h
out/soong/.intermediates/hardware/interfaces/automotive/occupant_awareness/aidl/android.hardware.automotive.occupant_awareness-V1-ndk_platform-source/gen/include/aidl/android/hardware/automotive/occupant_awareness/GazeDetection.h
out/soong/.intermediates/hardware/interfaces/automotive/occupant_awareness/aidl/android.hardware.automotive.occupant_awareness-V1-ndk_platform-source/gen/include/aidl/android/hardware/automotive/occupant_awareness/IOccupantAwareness.h
out/soong/.intermediates/hardware/interfaces/automotive/occupant_awareness/aidl/android.hardware.automotive.occupant_awareness-V1-ndk_platform-source/gen/include/aidl/android/hardware/automotive/occupant_awareness/IOccupantAwarenessClientCallback.h
out/soong/.intermediates/hardware/interfaces/automotive/occupant_awareness/aidl/android.hardware.automotive.occupant_awareness-V1-ndk_platform-source/gen/include/aidl/android/hardware/automotive/occupant_awareness/OccupantAwarenessStatus.h
out/soong/.intermediates/hardware/interfaces/automotive/occupant_awareness/aidl/android.hardware.automotive.occupant_awareness-V1-ndk_platform-source/gen/include/aidl/android/hardware/automotive/occupant_awareness/OccupantDetection.h
out/soong/.intermediates/hardware/interfaces/automotive/occupant_awareness/aidl/android.hardware.automotive.occupant_awareness-V1-ndk_platform-source/gen/include/aidl/android/hardware/automotive/occupant_awareness/OccupantDetections.h
out/soong/.intermediates/hardware/interfaces/automotive/occupant_awareness/aidl/android.hardware.automotive.occupant_awareness-V1-ndk_platform-source/gen/include/aidl/android/hardware/automotive/occupant_awareness/PresenceDetection.h
out/soong/.intermediates/hardware/interfaces/automotive/occupant_awareness/aidl/android.hardware.automotive.occupant_awareness-V1-ndk_platform-source/gen/include/aidl/android/hardware/automotive/occupant_awareness/Role.h
out/soong/.intermediates/hardware/interfaces/automotive/occupant_awareness/aidl/android.hardware.automotive.occupant_awareness-V1-ndk_platform-source/gen/include/aidl/android/hardware/automotive/occupant_awareness/VehicleRegion.h