out/soong/.intermediates/hardware/interfaces/vibrator/aidl/android.hardware.vibrator-V2-ndk_platform-source/gen/android/hardware/vibrator/ActivePwle.cpp
out/soong/.intermediates/hardware/interfaces/vibrator/aidl/android.hardware.vibrator-V2-ndk_platform-source/gen/android/hardware/vibrator/Braking.cpp
out/soong/.intermediates/hardware/interfaces/vibrator/aidl/android.hardware.vibrator-V2-ndk_platform-source/gen/android/hardware/vibrator/BrakingPwle.cpp
out/soong/.intermediates/hardware/interfaces/vibrator/aidl/android.hardware.vibrator-V2-ndk_platform-source/gen/android/hardware/vibrator/CompositeEffect.cpp
out/soong/.intermediates/hardware/interfaces/vibrator/aidl/android.hardware.vibrator-V2-ndk_platform-source/gen/android/hardware/vibrator/CompositePrimitive.cpp
out/soong/.intermediates/hardware/interfaces/vibrator/aidl/android.hardware.vibrator-V2-ndk_platform-source/gen/android/hardware/vibrator/Effect.cpp
out/soong/.intermediates/hardware/interfaces/vibrator/aidl/android.hardware.vibrator-V2-ndk_platform-source/gen/android/hardware/vibrator/EffectStrength.cpp
out/soong/.intermediates/hardware/interfaces/vibrator/aidl/android.hardware.vibrator-V2-ndk_platform-source/gen/android/hardware/vibrator/IVibrator.cpp
out/soong/.intermediates/hardware/interfaces/vibrator/aidl/android.hardware.vibrator-V2-ndk_platform-source/gen/android/hardware/vibrator/IVibratorCallback.cpp
out/soong/.intermediates/hardware/interfaces/vibrator/aidl/android.hardware.vibrator-V2-ndk_platform-source/gen/android/hardware/vibrator/IVibratorManager.cpp
out/soong/.intermediates/hardware/interfaces/vibrator/aidl/android.hardware.vibrator-V2-ndk_platform-source/gen/android/hardware/vibrator/PrimitivePwle.cpp
out/soong/.intermediates/hardware/interfaces/vibrator/aidl/android.hardware.vibrator-V2-ndk_platform-source/gen/include/aidl/android/hardware/vibrator/ActivePwle.h
out/soong/.intermediates/hardware/interfaces/vibrator/aidl/android.hardware.vibrator-V2-ndk_platform-source/gen/include/aidl/android/hardware/vibrator/BnActivePwle.h
out/soong/.intermediates/hardware/interfaces/vibrator/aidl/android.hardware.vibrator-V2-ndk_platform-source/gen/include/aidl/android/hardware/vibrator/BnBraking.h
out/soong/.intermediates/hardware/interfaces/vibrator/aidl/android.hardware.vibrator-V2-ndk_platform-source/gen/include/aidl/android/hardware/vibrator/BnBrakingPwle.h
out/soong/.intermediates/hardware/interfaces/vibrator/aidl/android.hardware.vibrator-V2-ndk_platform-source/gen/include/aidl/android/hardware/vibrator/BnCompositeEffect.h
out/soong/.intermediates/hardware/interfaces/vibrator/aidl/android.hardware.vibrator-V2-ndk_platform-source/gen/include/aidl/android/hardware/vibrator/BnCompositePrimitive.h
out/soong/.intermediates/hardware/interfaces/vibrator/aidl/android.hardware.vibrator-V2-ndk_platform-source/gen/include/aidl/android/hardware/vibrator/BnEffect.h
out/soong/.intermediates/hardware/interfaces/vibrator/aidl/android.hardware.vibrator-V2-ndk_platform-source/gen/include/aidl/android/hardware/vibrator/BnEffectStrength.h
out/soong/.intermediates/hardware/interfaces/vibrator/aidl/android.hardware.vibrator-V2-ndk_platform-source/gen/include/aidl/android/hardware/vibrator/BnPrimitivePwle.h
out/soong/.intermediates/hardware/interfaces/vibrator/aidl/android.hardware.vibrator-V2-ndk_platform-source/gen/include/aidl/android/hardware/vibrator/BnVibrator.h
out/soong/.intermediates/hardware/interfaces/vibrator/aidl/android.hardware.vibrator-V2-ndk_platform-source/gen/include/aidl/android/hardware/vibrator/BnVibratorCallback.h
out/soong/.intermediates/hardware/interfaces/vibrator/aidl/android.hardware.vibrator-V2-ndk_platform-source/gen/include/aidl/android/hardware/vibrator/BnVibratorManager.h
out/soong/.intermediates/hardware/interfaces/vibrator/aidl/android.hardware.vibrator-V2-ndk_platform-source/gen/include/aidl/android/hardware/vibrator/BpActivePwle.h
out/soong/.intermediates/hardware/interfaces/vibrator/aidl/android.hardware.vibrator-V2-ndk_platform-source/gen/include/aidl/android/hardware/vibrator/BpBraking.h
out/soong/.intermediates/hardware/interfaces/vibrator/aidl/android.hardware.vibrator-V2-ndk_platform-source/gen/include/aidl/android/hardware/vibrator/BpBrakingPwle.h
out/soong/.intermediates/hardware/interfaces/vibrator/aidl/android.hardware.vibrator-V2-ndk_platform-source/gen/include/aidl/android/hardware/vibrator/BpCompositeEffect.h
out/soong/.intermediates/hardware/interfaces/vibrator/aidl/android.hardware.vibrator-V2-ndk_platform-source/gen/include/aidl/android/hardware/vibrator/BpCompositePrimitive.h
out/soong/.intermediates/hardware/interfaces/vibrator/aidl/android.hardware.vibrator-V2-ndk_platform-source/gen/include/aidl/android/hardware/vibrator/BpEffect.h
out/soong/.intermediates/hardware/interfaces/vibrator/aidl/android.hardware.vibrator-V2-ndk_platform-source/gen/include/aidl/android/hardware/vibrator/BpEffectStrength.h
out/soong/.intermediates/hardware/interfaces/vibrator/aidl/android.hardware.vibrator-V2-ndk_platform-source/gen/include/aidl/android/hardware/vibrator/BpPrimitivePwle.h
out/soong/.intermediates/hardware/interfaces/vibrator/aidl/android.hardware.vibrator-V2-ndk_platform-source/gen/include/aidl/android/hardware/vibrator/BpVibrator.h
out/soong/.intermediates/hardware/interfaces/vibrator/aidl/android.hardware.vibrator-V2-ndk_platform-source/gen/include/aidl/android/hardware/vibrator/BpVibratorCallback.h
out/soong/.intermediates/hardware/interfaces/vibrator/aidl/android.hardware.vibrator-V2-ndk_platform-source/gen/include/aidl/android/hardware/vibrator/BpVibratorManager.h
out/soong/.intermediates/hardware/interfaces/vibrator/aidl/android.hardware.vibrator-V2-ndk_platform-source/gen/include/aidl/android/hardware/vibrator/Braking.h
out/soong/.intermediates/hardware/interfaces/vibrator/aidl/android.hardware.vibrator-V2-ndk_platform-source/gen/include/aidl/android/hardware/vibrator/BrakingPwle.h
out/soong/.intermediates/hardware/interfaces/vibrator/aidl/android.hardware.vibrator-V2-ndk_platform-source/gen/include/aidl/android/hardware/vibrator/CompositeEffect.h
out/soong/.intermediates/hardware/interfaces/vibrator/aidl/android.hardware.vibrator-V2-ndk_platform-source/gen/include/aidl/android/hardware/vibrator/CompositePrimitive.h
out/soong/.intermediates/hardware/interfaces/vibrator/aidl/android.hardware.vibrator-V2-ndk_platform-source/gen/include/aidl/android/hardware/vibrator/Effect.h
out/soong/.intermediates/hardware/interfaces/vibrator/aidl/android.hardware.vibrator-V2-ndk_platform-source/gen/include/aidl/android/hardware/vibrator/EffectStrength.h
out/soong/.intermediates/hardware/interfaces/vibrator/aidl/android.hardware.vibrator-V2-ndk_platform-source/gen/include/aidl/android/hardware/vibrator/IVibrator.h
out/soong/.intermediates/hardware/interfaces/vibrator/aidl/android.hardware.vibrator-V2-ndk_platform-source/gen/include/aidl/android/hardware/vibrator/IVibratorCallback.h
out/soong/.intermediates/hardware/interfaces/vibrator/aidl/android.hardware.vibrator-V2-ndk_platform-source/gen/include/aidl/android/hardware/vibrator/IVibratorManager.h
out/soong/.intermediates/hardware/interfaces/vibrator/aidl/android.hardware.vibrator-V2-ndk_platform-source/gen/include/aidl/android/hardware/vibrator/PrimitivePwle.h