out/soong/.intermediates/hardware/interfaces/gnss/aidl/android.hardware.gnss-V1-ndk_platform-source/gen/android/hardware/gnss/BlocklistedSource.cpp
out/soong/.intermediates/hardware/interfaces/gnss/aidl/android.hardware.gnss-V1-ndk_platform-source/gen/android/hardware/gnss/CorrelationVector.cpp
out/soong/.intermediates/hardware/interfaces/gnss/aidl/android.hardware.gnss-V1-ndk_platform-source/gen/android/hardware/gnss/ElapsedRealtime.cpp
out/soong/.intermediates/hardware/interfaces/gnss/aidl/android.hardware.gnss-V1-ndk_platform-source/gen/android/hardware/gnss/GnssClock.cpp
out/soong/.intermediates/hardware/interfaces/gnss/aidl/android.hardware.gnss-V1-ndk_platform-source/gen/android/hardware/gnss/GnssConstellationType.cpp
out/soong/.intermediates/hardware/interfaces/gnss/aidl/android.hardware.gnss-V1-ndk_platform-source/gen/android/hardware/gnss/GnssData.cpp
out/soong/.intermediates/hardware/interfaces/gnss/aidl/android.hardware.gnss-V1-ndk_platform-source/gen/android/hardware/gnss/GnssMeasurement.cpp
out/soong/.intermediates/hardware/interfaces/gnss/aidl/android.hardware.gnss-V1-ndk_platform-source/gen/android/hardware/gnss/GnssMultipathIndicator.cpp
out/soong/.intermediates/hardware/interfaces/gnss/aidl/android.hardware.gnss-V1-ndk_platform-source/gen/android/hardware/gnss/GnssPowerStats.cpp
out/soong/.intermediates/hardware/interfaces/gnss/aidl/android.hardware.gnss-V1-ndk_platform-source/gen/android/hardware/gnss/GnssSignalType.cpp
out/soong/.intermediates/hardware/interfaces/gnss/aidl/android.hardware.gnss-V1-ndk_platform-source/gen/android/hardware/gnss/IGnss.cpp
out/soong/.intermediates/hardware/interfaces/gnss/aidl/android.hardware.gnss-V1-ndk_platform-source/gen/android/hardware/gnss/IGnssCallback.cpp
out/soong/.intermediates/hardware/interfaces/gnss/aidl/android.hardware.gnss-V1-ndk_platform-source/gen/android/hardware/gnss/IGnssConfiguration.cpp
out/soong/.intermediates/hardware/interfaces/gnss/aidl/android.hardware.gnss-V1-ndk_platform-source/gen/android/hardware/gnss/IGnssMeasurementCallback.cpp
out/soong/.intermediates/hardware/interfaces/gnss/aidl/android.hardware.gnss-V1-ndk_platform-source/gen/android/hardware/gnss/IGnssMeasurementInterface.cpp
out/soong/.intermediates/hardware/interfaces/gnss/aidl/android.hardware.gnss-V1-ndk_platform-source/gen/android/hardware/gnss/IGnssPowerIndication.cpp
out/soong/.intermediates/hardware/interfaces/gnss/aidl/android.hardware.gnss-V1-ndk_platform-source/gen/android/hardware/gnss/IGnssPowerIndicationCallback.cpp
out/soong/.intermediates/hardware/interfaces/gnss/aidl/android.hardware.gnss-V1-ndk_platform-source/gen/android/hardware/gnss/IGnssPsds.cpp
out/soong/.intermediates/hardware/interfaces/gnss/aidl/android.hardware.gnss-V1-ndk_platform-source/gen/android/hardware/gnss/IGnssPsdsCallback.cpp
out/soong/.intermediates/hardware/interfaces/gnss/aidl/android.hardware.gnss-V1-ndk_platform-source/gen/android/hardware/gnss/PsdsType.cpp
out/soong/.intermediates/hardware/interfaces/gnss/aidl/android.hardware.gnss-V1-ndk_platform-source/gen/android/hardware/gnss/SatelliteClockInfo.cpp
out/soong/.intermediates/hardware/interfaces/gnss/aidl/android.hardware.gnss-V1-ndk_platform-source/gen/android/hardware/gnss/SatellitePositionEcef.cpp
out/soong/.intermediates/hardware/interfaces/gnss/aidl/android.hardware.gnss-V1-ndk_platform-source/gen/android/hardware/gnss/SatellitePvt.cpp
out/soong/.intermediates/hardware/interfaces/gnss/aidl/android.hardware.gnss-V1-ndk_platform-source/gen/android/hardware/gnss/SatelliteVelocityEcef.cpp
out/soong/.intermediates/hardware/interfaces/gnss/aidl/android.hardware.gnss-V1-ndk_platform-source/gen/include/aidl/android/hardware/gnss/BlocklistedSource.h
out/soong/.intermediates/hardware/interfaces/gnss/aidl/android.hardware.gnss-V1-ndk_platform-source/gen/include/aidl/android/hardware/gnss/BnBlocklistedSource.h
out/soong/.intermediates/hardware/interfaces/gnss/aidl/android.hardware.gnss-V1-ndk_platform-source/gen/include/aidl/android/hardware/gnss/BnCorrelationVector.h
out/soong/.intermediates/hardware/interfaces/gnss/aidl/android.hardware.gnss-V1-ndk_platform-source/gen/include/aidl/android/hardware/gnss/BnElapsedRealtime.h
out/soong/.intermediates/hardware/interfaces/gnss/aidl/android.hardware.gnss-V1-ndk_platform-source/gen/include/aidl/android/hardware/gnss/BnGnss.h
out/soong/.intermediates/hardware/interfaces/gnss/aidl/android.hardware.gnss-V1-ndk_platform-source/gen/include/aidl/android/hardware/gnss/BnGnssCallback.h
out/soong/.intermediates/hardware/interfaces/gnss/aidl/android.hardware.gnss-V1-ndk_platform-source/gen/include/aidl/android/hardware/gnss/BnGnssClock.h
out/soong/.intermediates/hardware/interfaces/gnss/aidl/android.hardware.gnss-V1-ndk_platform-source/gen/include/aidl/android/hardware/gnss/BnGnssConfiguration.h
out/soong/.intermediates/hardware/interfaces/gnss/aidl/android.hardware.gnss-V1-ndk_platform-source/gen/include/aidl/android/hardware/gnss/BnGnssConstellationType.h
out/soong/.intermediates/hardware/interfaces/gnss/aidl/android.hardware.gnss-V1-ndk_platform-source/gen/include/aidl/android/hardware/gnss/BnGnssData.h
out/soong/.intermediates/hardware/interfaces/gnss/aidl/android.hardware.gnss-V1-ndk_platform-source/gen/include/aidl/android/hardware/gnss/BnGnssMeasurement.h
out/soong/.intermediates/hardware/interfaces/gnss/aidl/android.hardware.gnss-V1-ndk_platform-source/gen/include/aidl/android/hardware/gnss/BnGnssMeasurementCallback.h
out/soong/.intermediates/hardware/interfaces/gnss/aidl/android.hardware.gnss-V1-ndk_platform-source/gen/include/aidl/android/hardware/gnss/BnGnssMeasurementInterface.h
out/soong/.intermediates/hardware/interfaces/gnss/aidl/android.hardware.gnss-V1-ndk_platform-source/gen/include/aidl/android/hardware/gnss/BnGnssMultipathIndicator.h
out/soong/.intermediates/hardware/interfaces/gnss/aidl/android.hardware.gnss-V1-ndk_platform-source/gen/include/aidl/android/hardware/gnss/BnGnssPowerIndication.h
out/soong/.intermediates/hardware/interfaces/gnss/aidl/android.hardware.gnss-V1-ndk_platform-source/gen/include/aidl/android/hardware/gnss/BnGnssPowerIndicationCallback.h
out/soong/.intermediates/hardware/interfaces/gnss/aidl/android.hardware.gnss-V1-ndk_platform-source/gen/include/aidl/android/hardware/gnss/BnGnssPowerStats.h
out/soong/.intermediates/hardware/interfaces/gnss/aidl/android.hardware.gnss-V1-ndk_platform-source/gen/include/aidl/android/hardware/gnss/BnGnssPsds.h
out/soong/.intermediates/hardware/interfaces/gnss/aidl/android.hardware.gnss-V1-ndk_platform-source/gen/include/aidl/android/hardware/gnss/BnGnssPsdsCallback.h
out/soong/.intermediates/hardware/interfaces/gnss/aidl/android.hardware.gnss-V1-ndk_platform-source/gen/include/aidl/android/hardware/gnss/BnGnssSignalType.h
out/soong/.intermediates/hardware/interfaces/gnss/aidl/android.hardware.gnss-V1-ndk_platform-source/gen/include/aidl/android/hardware/gnss/BnPsdsType.h
out/soong/.intermediates/hardware/interfaces/gnss/aidl/android.hardware.gnss-V1-ndk_platform-source/gen/include/aidl/android/hardware/gnss/BnSatelliteClockInfo.h
out/soong/.intermediates/hardware/interfaces/gnss/aidl/android.hardware.gnss-V1-ndk_platform-source/gen/include/aidl/android/hardware/gnss/BnSatellitePositionEcef.h
out/soong/.intermediates/hardware/interfaces/gnss/aidl/android.hardware.gnss-V1-ndk_platform-source/gen/include/aidl/android/hardware/gnss/BnSatellitePvt.h
out/soong/.intermediates/hardware/interfaces/gnss/aidl/android.hardware.gnss-V1-ndk_platform-source/gen/include/aidl/android/hardware/gnss/BnSatelliteVelocityEcef.h
out/soong/.intermediates/hardware/interfaces/gnss/aidl/android.hardware.gnss-V1-ndk_platform-source/gen/include/aidl/android/hardware/gnss/BpBlocklistedSource.h
out/soong/.intermediates/hardware/interfaces/gnss/aidl/android.hardware.gnss-V1-ndk_platform-source/gen/include/aidl/android/hardware/gnss/BpCorrelationVector.h
out/soong/.intermediates/hardware/interfaces/gnss/aidl/android.hardware.gnss-V1-ndk_platform-source/gen/include/aidl/android/hardware/gnss/BpElapsedRealtime.h
out/soong/.intermediates/hardware/interfaces/gnss/aidl/android.hardware.gnss-V1-ndk_platform-source/gen/include/aidl/android/hardware/gnss/BpGnss.h
out/soong/.intermediates/hardware/interfaces/gnss/aidl/android.hardware.gnss-V1-ndk_platform-source/gen/include/aidl/android/hardware/gnss/BpGnssCallback.h
out/soong/.intermediates/hardware/interfaces/gnss/aidl/android.hardware.gnss-V1-ndk_platform-source/gen/include/aidl/android/hardware/gnss/BpGnssClock.h
out/soong/.intermediates/hardware/interfaces/gnss/aidl/android.hardware.gnss-V1-ndk_platform-source/gen/include/aidl/android/hardware/gnss/BpGnssConfiguration.h
out/soong/.intermediates/hardware/interfaces/gnss/aidl/android.hardware.gnss-V1-ndk_platform-source/gen/include/aidl/android/hardware/gnss/BpGnssConstellationType.h
out/soong/.intermediates/hardware/interfaces/gnss/aidl/android.hardware.gnss-V1-ndk_platform-source/gen/include/aidl/android/hardware/gnss/BpGnssData.h
out/soong/.intermediates/hardware/interfaces/gnss/aidl/android.hardware.gnss-V1-ndk_platform-source/gen/include/aidl/android/hardware/gnss/BpGnssMeasurement.h
out/soong/.intermediates/hardware/interfaces/gnss/aidl/android.hardware.gnss-V1-ndk_platform-source/gen/include/aidl/android/hardware/gnss/BpGnssMeasurementCallback.h
out/soong/.intermediates/hardware/interfaces/gnss/aidl/android.hardware.gnss-V1-ndk_platform-source/gen/include/aidl/android/hardware/gnss/BpGnssMeasurementInterface.h
out/soong/.intermediates/hardware/interfaces/gnss/aidl/android.hardware.gnss-V1-ndk_platform-source/gen/include/aidl/android/hardware/gnss/BpGnssMultipathIndicator.h
out/soong/.intermediates/hardware/interfaces/gnss/aidl/android.hardware.gnss-V1-ndk_platform-source/gen/include/aidl/android/hardware/gnss/BpGnssPowerIndication.h
out/soong/.intermediates/hardware/interfaces/gnss/aidl/android.hardware.gnss-V1-ndk_platform-source/gen/include/aidl/android/hardware/gnss/BpGnssPowerIndicationCallback.h
out/soong/.intermediates/hardware/interfaces/gnss/aidl/android.hardware.gnss-V1-ndk_platform-source/gen/include/aidl/android/hardware/gnss/BpGnssPowerStats.h
out/soong/.intermediates/hardware/interfaces/gnss/aidl/android.hardware.gnss-V1-ndk_platform-source/gen/include/aidl/android/hardware/gnss/BpGnssPsds.h
out/soong/.intermediates/hardware/interfaces/gnss/aidl/android.hardware.gnss-V1-ndk_platform-source/gen/include/aidl/android/hardware/gnss/BpGnssPsdsCallback.h
out/soong/.intermediates/hardware/interfaces/gnss/aidl/android.hardware.gnss-V1-ndk_platform-source/gen/include/aidl/android/hardware/gnss/BpGnssSignalType.h
out/soong/.intermediates/hardware/interfaces/gnss/aidl/android.hardware.gnss-V1-ndk_platform-source/gen/include/aidl/android/hardware/gnss/BpPsdsType.h
out/soong/.intermediates/hardware/interfaces/gnss/aidl/android.hardware.gnss-V1-ndk_platform-source/gen/include/aidl/android/hardware/gnss/BpSatelliteClockInfo.h
out/soong/.intermediates/hardware/interfaces/gnss/aidl/android.hardware.gnss-V1-ndk_platform-source/gen/include/aidl/android/hardware/gnss/BpSatellitePositionEcef.h
out/soong/.intermediates/hardware/interfaces/gnss/aidl/android.hardware.gnss-V1-ndk_platform-source/gen/include/aidl/android/hardware/gnss/BpSatellitePvt.h
out/soong/.intermediates/hardware/interfaces/gnss/aidl/android.hardware.gnss-V1-ndk_platform-source/gen/include/aidl/android/hardware/gnss/BpSatelliteVelocityEcef.h
out/soong/.intermediates/hardware/interfaces/gnss/aidl/android.hardware.gnss-V1-ndk_platform-source/gen/include/aidl/android/hardware/gnss/CorrelationVector.h
out/soong/.intermediates/hardware/interfaces/gnss/aidl/android.hardware.gnss-V1-ndk_platform-source/gen/include/aidl/android/hardware/gnss/ElapsedRealtime.h
out/soong/.intermediates/hardware/interfaces/gnss/aidl/android.hardware.gnss-V1-ndk_platform-source/gen/include/aidl/android/hardware/gnss/GnssClock.h
out/soong/.intermediates/hardware/interfaces/gnss/aidl/android.hardware.gnss-V1-ndk_platform-source/gen/include/aidl/android/hardware/gnss/GnssConstellationType.h
out/soong/.intermediates/hardware/interfaces/gnss/aidl/android.hardware.gnss-V1-ndk_platform-source/gen/include/aidl/android/hardware/gnss/GnssData.h
out/soong/.intermediates/hardware/interfaces/gnss/aidl/android.hardware.gnss-V1-ndk_platform-source/gen/include/aidl/android/hardware/gnss/GnssMeasurement.h
out/soong/.intermediates/hardware/interfaces/gnss/aidl/android.hardware.gnss-V1-ndk_platform-source/gen/include/aidl/android/hardware/gnss/GnssMultipathIndicator.h
out/soong/.intermediates/hardware/interfaces/gnss/aidl/android.hardware.gnss-V1-ndk_platform-source/gen/include/aidl/android/hardware/gnss/GnssPowerStats.h
out/soong/.intermediates/hardware/interfaces/gnss/aidl/android.hardware.gnss-V1-ndk_platform-source/gen/include/aidl/android/hardware/gnss/GnssSignalType.h
out/soong/.intermediates/hardware/interfaces/gnss/aidl/android.hardware.gnss-V1-ndk_platform-source/gen/include/aidl/android/hardware/gnss/IGnss.h
out/soong/.intermediates/hardware/interfaces/gnss/aidl/android.hardware.gnss-V1-ndk_platform-source/gen/include/aidl/android/hardware/gnss/IGnssCallback.h
out/soong/.intermediates/hardware/interfaces/gnss/aidl/android.hardware.gnss-V1-ndk_platform-source/gen/include/aidl/android/hardware/gnss/IGnssConfiguration.h
out/soong/.intermediates/hardware/interfaces/gnss/aidl/android.hardware.gnss-V1-ndk_platform-source/gen/include/aidl/android/hardware/gnss/IGnssMeasurementCallback.h
out/soong/.intermediates/hardware/interfaces/gnss/aidl/android.hardware.gnss-V1-ndk_platform-source/gen/include/aidl/android/hardware/gnss/IGnssMeasurementInterface.h
out/soong/.intermediates/hardware/interfaces/gnss/aidl/android.hardware.gnss-V1-ndk_platform-source/gen/include/aidl/android/hardware/gnss/IGnssPowerIndication.h
out/soong/.intermediates/hardware/interfaces/gnss/aidl/android.hardware.gnss-V1-ndk_platform-source/gen/include/aidl/android/hardware/gnss/IGnssPowerIndicationCallback.h
out/soong/.intermediates/hardware/interfaces/gnss/aidl/android.hardware.gnss-V1-ndk_platform-source/gen/include/aidl/android/hardware/gnss/IGnssPsds.h
out/soong/.intermediates/hardware/interfaces/gnss/aidl/android.hardware.gnss-V1-ndk_platform-source/gen/include/aidl/android/hardware/gnss/IGnssPsdsCallback.h
out/soong/.intermediates/hardware/interfaces/gnss/aidl/android.hardware.gnss-V1-ndk_platform-source/gen/include/aidl/android/hardware/gnss/PsdsType.h
out/soong/.intermediates/hardware/interfaces/gnss/aidl/android.hardware.gnss-V1-ndk_platform-source/gen/include/aidl/android/hardware/gnss/SatelliteClockInfo.h
out/soong/.intermediates/hardware/interfaces/gnss/aidl/android.hardware.gnss-V1-ndk_platform-source/gen/include/aidl/android/hardware/gnss/SatellitePositionEcef.h
out/soong/.intermediates/hardware/interfaces/gnss/aidl/android.hardware.gnss-V1-ndk_platform-source/gen/include/aidl/android/hardware/gnss/SatellitePvt.h
out/soong/.intermediates/hardware/interfaces/gnss/aidl/android.hardware.gnss-V1-ndk_platform-source/gen/include/aidl/android/hardware/gnss/SatelliteVelocityEcef.h