out/soong/.intermediates/hardware/interfaces/security/keymint/aidl/android.hardware.security.keymint-V1-java-source/gen/android/hardware/security/keymint/Algorithm.java
out/soong/.intermediates/hardware/interfaces/security/keymint/aidl/android.hardware.security.keymint-V1-java-source/gen/android/hardware/security/keymint/AttestationKey.java
out/soong/.intermediates/hardware/interfaces/security/keymint/aidl/android.hardware.security.keymint-V1-java-source/gen/android/hardware/security/keymint/BeginResult.java
out/soong/.intermediates/hardware/interfaces/security/keymint/aidl/android.hardware.security.keymint-V1-java-source/gen/android/hardware/security/keymint/BlockMode.java
out/soong/.intermediates/hardware/interfaces/security/keymint/aidl/android.hardware.security.keymint-V1-java-source/gen/android/hardware/security/keymint/Certificate.java
out/soong/.intermediates/hardware/interfaces/security/keymint/aidl/android.hardware.security.keymint-V1-java-source/gen/android/hardware/security/keymint/DeviceInfo.java
out/soong/.intermediates/hardware/interfaces/security/keymint/aidl/android.hardware.security.keymint-V1-java-source/gen/android/hardware/security/keymint/Digest.java
out/soong/.intermediates/hardware/interfaces/security/keymint/aidl/android.hardware.security.keymint-V1-java-source/gen/android/hardware/security/keymint/EcCurve.java
out/soong/.intermediates/hardware/interfaces/security/keymint/aidl/android.hardware.security.keymint-V1-java-source/gen/android/hardware/security/keymint/ErrorCode.java
out/soong/.intermediates/hardware/interfaces/security/keymint/aidl/android.hardware.security.keymint-V1-java-source/gen/android/hardware/security/keymint/HardwareAuthToken.java
out/soong/.intermediates/hardware/interfaces/security/keymint/aidl/android.hardware.security.keymint-V1-java-source/gen/android/hardware/security/keymint/HardwareAuthenticatorType.java
out/soong/.intermediates/hardware/interfaces/security/keymint/aidl/android.hardware.security.keymint-V1-java-source/gen/android/hardware/security/keymint/IKeyMintDevice.java
out/soong/.intermediates/hardware/interfaces/security/keymint/aidl/android.hardware.security.keymint-V1-java-source/gen/android/hardware/security/keymint/IKeyMintOperation.java
out/soong/.intermediates/hardware/interfaces/security/keymint/aidl/android.hardware.security.keymint-V1-java-source/gen/android/hardware/security/keymint/IRemotelyProvisionedComponent.java
out/soong/.intermediates/hardware/interfaces/security/keymint/aidl/android.hardware.security.keymint-V1-java-source/gen/android/hardware/security/keymint/KeyCharacteristics.java
out/soong/.intermediates/hardware/interfaces/security/keymint/aidl/android.hardware.security.keymint-V1-java-source/gen/android/hardware/security/keymint/KeyCreationResult.java
out/soong/.intermediates/hardware/interfaces/security/keymint/aidl/android.hardware.security.keymint-V1-java-source/gen/android/hardware/security/keymint/KeyFormat.java
out/soong/.intermediates/hardware/interfaces/security/keymint/aidl/android.hardware.security.keymint-V1-java-source/gen/android/hardware/security/keymint/KeyMintHardwareInfo.java
out/soong/.intermediates/hardware/interfaces/security/keymint/aidl/android.hardware.security.keymint-V1-java-source/gen/android/hardware/security/keymint/KeyOrigin.java
out/soong/.intermediates/hardware/interfaces/security/keymint/aidl/android.hardware.security.keymint-V1-java-source/gen/android/hardware/security/keymint/KeyParameter.java
out/soong/.intermediates/hardware/interfaces/security/keymint/aidl/android.hardware.security.keymint-V1-java-source/gen/android/hardware/security/keymint/KeyParameterValue.java
out/soong/.intermediates/hardware/interfaces/security/keymint/aidl/android.hardware.security.keymint-V1-java-source/gen/android/hardware/security/keymint/KeyPurpose.java
out/soong/.intermediates/hardware/interfaces/security/keymint/aidl/android.hardware.security.keymint-V1-java-source/gen/android/hardware/security/keymint/MacedPublicKey.java
out/soong/.intermediates/hardware/interfaces/security/keymint/aidl/android.hardware.security.keymint-V1-java-source/gen/android/hardware/security/keymint/PaddingMode.java
out/soong/.intermediates/hardware/interfaces/security/keymint/aidl/android.hardware.security.keymint-V1-java-source/gen/android/hardware/security/keymint/ProtectedData.java
out/soong/.intermediates/hardware/interfaces/security/keymint/aidl/android.hardware.security.keymint-V1-java-source/gen/android/hardware/security/keymint/RpcHardwareInfo.java
out/soong/.intermediates/hardware/interfaces/security/keymint/aidl/android.hardware.security.keymint-V1-java-source/gen/android/hardware/security/keymint/SecurityLevel.java
out/soong/.intermediates/hardware/interfaces/security/keymint/aidl/android.hardware.security.keymint-V1-java-source/gen/android/hardware/security/keymint/Tag.java
out/soong/.intermediates/hardware/interfaces/security/keymint/aidl/android.hardware.security.keymint-V1-java-source/gen/android/hardware/security/keymint/TagType.java