out/soong/.intermediates/bionic/libm/libm/android_x86_x86_64_static/libm.a
out/soong/.intermediates/bionic/libm/libm/android_x86_x86_64_static/obj/bionic/libm/builtins.o
out/soong/.intermediates/bionic/libm/libm/android_x86_x86_64_static/obj/bionic/libm/digittoint.o
out/soong/.intermediates/bionic/libm/libm/android_x86_x86_64_static/obj/bionic/libm/fake_long_double.o
out/soong/.intermediates/bionic/libm/libm/android_x86_x86_64_static/obj/bionic/libm/i387/fenv.o
out/soong/.intermediates/bionic/libm/libm/android_x86_x86_64_static/obj/bionic/libm/signbit.o
out/soong/.intermediates/bionic/libm/libm/android_x86_x86_64_static/obj/bionic/libm/significandl.o
out/soong/.intermediates/bionic/libm/libm/android_x86_x86_64_static/obj/bionic/libm/upstream-freebsd/lib/msun/bsdsrc/b_exp.o
out/soong/.intermediates/bionic/libm/libm/android_x86_x86_64_static/obj/bionic/libm/upstream-freebsd/lib/msun/bsdsrc/b_log.o
out/soong/.intermediates/bionic/libm/libm/android_x86_x86_64_static/obj/bionic/libm/upstream-freebsd/lib/msun/bsdsrc/b_tgamma.o
out/soong/.intermediates/bionic/libm/libm/android_x86_x86_64_static/obj/bionic/libm/upstream-freebsd/lib/msun/src/catrig.o
out/soong/.intermediates/bionic/libm/libm/android_x86_x86_64_static/obj/bionic/libm/upstream-freebsd/lib/msun/src/catrigf.o
out/soong/.intermediates/bionic/libm/libm/android_x86_x86_64_static/obj/bionic/libm/upstream-freebsd/lib/msun/src/e_acosf.o
out/soong/.intermediates/bionic/libm/libm/android_x86_x86_64_static/obj/bionic/libm/upstream-freebsd/lib/msun/src/e_acosh.o
out/soong/.intermediates/bionic/libm/libm/android_x86_x86_64_static/obj/bionic/libm/upstream-freebsd/lib/msun/src/e_acoshf.o
out/soong/.intermediates/bionic/libm/libm/android_x86_x86_64_static/obj/bionic/libm/upstream-freebsd/lib/msun/src/e_asinf.o
out/soong/.intermediates/bionic/libm/libm/android_x86_x86_64_static/obj/bionic/libm/upstream-freebsd/lib/msun/src/e_atan2f.o
out/soong/.intermediates/bionic/libm/libm/android_x86_x86_64_static/obj/bionic/libm/upstream-freebsd/lib/msun/src/e_atanh.o
out/soong/.intermediates/bionic/libm/libm/android_x86_x86_64_static/obj/bionic/libm/upstream-freebsd/lib/msun/src/e_atanhf.o
out/soong/.intermediates/bionic/libm/libm/android_x86_x86_64_static/obj/bionic/libm/upstream-freebsd/lib/msun/src/e_coshf.o
out/soong/.intermediates/bionic/libm/libm/android_x86_x86_64_static/obj/bionic/libm/upstream-freebsd/lib/msun/src/e_fmod.o
out/soong/.intermediates/bionic/libm/libm/android_x86_x86_64_static/obj/bionic/libm/upstream-freebsd/lib/msun/src/e_fmodf.o
out/soong/.intermediates/bionic/libm/libm/android_x86_x86_64_static/obj/bionic/libm/upstream-freebsd/lib/msun/src/e_gamma.o
out/soong/.intermediates/bionic/libm/libm/android_x86_x86_64_static/obj/bionic/libm/upstream-freebsd/lib/msun/src/e_gamma_r.o
out/soong/.intermediates/bionic/libm/libm/android_x86_x86_64_static/obj/bionic/libm/upstream-freebsd/lib/msun/src/e_gammaf.o
out/soong/.intermediates/bionic/libm/libm/android_x86_x86_64_static/obj/bionic/libm/upstream-freebsd/lib/msun/src/e_gammaf_r.o
out/soong/.intermediates/bionic/libm/libm/android_x86_x86_64_static/obj/bionic/libm/upstream-freebsd/lib/msun/src/e_hypotf.o
out/soong/.intermediates/bionic/libm/libm/android_x86_x86_64_static/obj/bionic/libm/upstream-freebsd/lib/msun/src/e_j0.o
out/soong/.intermediates/bionic/libm/libm/android_x86_x86_64_static/obj/bionic/libm/upstream-freebsd/lib/msun/src/e_j0f.o
out/soong/.intermediates/bionic/libm/libm/android_x86_x86_64_static/obj/bionic/libm/upstream-freebsd/lib/msun/src/e_j1.o
out/soong/.intermediates/bionic/libm/libm/android_x86_x86_64_static/obj/bionic/libm/upstream-freebsd/lib/msun/src/e_j1f.o
out/soong/.intermediates/bionic/libm/libm/android_x86_x86_64_static/obj/bionic/libm/upstream-freebsd/lib/msun/src/e_jn.o
out/soong/.intermediates/bionic/libm/libm/android_x86_x86_64_static/obj/bionic/libm/upstream-freebsd/lib/msun/src/e_jnf.o
out/soong/.intermediates/bionic/libm/libm/android_x86_x86_64_static/obj/bionic/libm/upstream-freebsd/lib/msun/src/e_lgamma.o
out/soong/.intermediates/bionic/libm/libm/android_x86_x86_64_static/obj/bionic/libm/upstream-freebsd/lib/msun/src/e_lgamma_r.o
out/soong/.intermediates/bionic/libm/libm/android_x86_x86_64_static/obj/bionic/libm/upstream-freebsd/lib/msun/src/e_lgammaf.o
out/soong/.intermediates/bionic/libm/libm/android_x86_x86_64_static/obj/bionic/libm/upstream-freebsd/lib/msun/src/e_lgammaf_r.o
out/soong/.intermediates/bionic/libm/libm/android_x86_x86_64_static/obj/bionic/libm/upstream-freebsd/lib/msun/src/e_log10f.o
out/soong/.intermediates/bionic/libm/libm/android_x86_x86_64_static/obj/bionic/libm/upstream-freebsd/lib/msun/src/e_rem_pio2.o
out/soong/.intermediates/bionic/libm/libm/android_x86_x86_64_static/obj/bionic/libm/upstream-freebsd/lib/msun/src/e_rem_pio2f.o
out/soong/.intermediates/bionic/libm/libm/android_x86_x86_64_static/obj/bionic/libm/upstream-freebsd/lib/msun/src/e_remainder.o
out/soong/.intermediates/bionic/libm/libm/android_x86_x86_64_static/obj/bionic/libm/upstream-freebsd/lib/msun/src/e_remainderf.o
out/soong/.intermediates/bionic/libm/libm/android_x86_x86_64_static/obj/bionic/libm/upstream-freebsd/lib/msun/src/e_scalb.o
out/soong/.intermediates/bionic/libm/libm/android_x86_x86_64_static/obj/bionic/libm/upstream-freebsd/lib/msun/src/e_scalbf.o
out/soong/.intermediates/bionic/libm/libm/android_x86_x86_64_static/obj/bionic/libm/upstream-freebsd/lib/msun/src/e_sinhf.o
out/soong/.intermediates/bionic/libm/libm/android_x86_x86_64_static/obj/bionic/libm/upstream-freebsd/lib/msun/src/k_cos.o
out/soong/.intermediates/bionic/libm/libm/android_x86_x86_64_static/obj/bionic/libm/upstream-freebsd/lib/msun/src/k_cosf.o
out/soong/.intermediates/bionic/libm/libm/android_x86_x86_64_static/obj/bionic/libm/upstream-freebsd/lib/msun/src/k_exp.o
out/soong/.intermediates/bionic/libm/libm/android_x86_x86_64_static/obj/bionic/libm/upstream-freebsd/lib/msun/src/k_expf.o
out/soong/.intermediates/bionic/libm/libm/android_x86_x86_64_static/obj/bionic/libm/upstream-freebsd/lib/msun/src/k_rem_pio2.o
out/soong/.intermediates/bionic/libm/libm/android_x86_x86_64_static/obj/bionic/libm/upstream-freebsd/lib/msun/src/k_sin.o
out/soong/.intermediates/bionic/libm/libm/android_x86_x86_64_static/obj/bionic/libm/upstream-freebsd/lib/msun/src/k_sinf.o
out/soong/.intermediates/bionic/libm/libm/android_x86_x86_64_static/obj/bionic/libm/upstream-freebsd/lib/msun/src/k_tan.o
out/soong/.intermediates/bionic/libm/libm/android_x86_x86_64_static/obj/bionic/libm/upstream-freebsd/lib/msun/src/k_tanf.o
out/soong/.intermediates/bionic/libm/libm/android_x86_x86_64_static/obj/bionic/libm/upstream-freebsd/lib/msun/src/s_asinh.o
out/soong/.intermediates/bionic/libm/libm/android_x86_x86_64_static/obj/bionic/libm/upstream-freebsd/lib/msun/src/s_asinhf.o
out/soong/.intermediates/bionic/libm/libm/android_x86_x86_64_static/obj/bionic/libm/upstream-freebsd/lib/msun/src/s_atanf.o
out/soong/.intermediates/bionic/libm/libm/android_x86_x86_64_static/obj/bionic/libm/upstream-freebsd/lib/msun/src/s_carg.o
out/soong/.intermediates/bionic/libm/libm/android_x86_x86_64_static/obj/bionic/libm/upstream-freebsd/lib/msun/src/s_cargf.o
out/soong/.intermediates/bionic/libm/libm/android_x86_x86_64_static/obj/bionic/libm/upstream-freebsd/lib/msun/src/s_cargl.o
out/soong/.intermediates/bionic/libm/libm/android_x86_x86_64_static/obj/bionic/libm/upstream-freebsd/lib/msun/src/s_cbrtf.o
out/soong/.intermediates/bionic/libm/libm/android_x86_x86_64_static/obj/bionic/libm/upstream-freebsd/lib/msun/src/s_ccosh.o
out/soong/.intermediates/bionic/libm/libm/android_x86_x86_64_static/obj/bionic/libm/upstream-freebsd/lib/msun/src/s_ccoshf.o
out/soong/.intermediates/bionic/libm/libm/android_x86_x86_64_static/obj/bionic/libm/upstream-freebsd/lib/msun/src/s_cexp.o
out/soong/.intermediates/bionic/libm/libm/android_x86_x86_64_static/obj/bionic/libm/upstream-freebsd/lib/msun/src/s_cexpf.o
out/soong/.intermediates/bionic/libm/libm/android_x86_x86_64_static/obj/bionic/libm/upstream-freebsd/lib/msun/src/s_cimag.o
out/soong/.intermediates/bionic/libm/libm/android_x86_x86_64_static/obj/bionic/libm/upstream-freebsd/lib/msun/src/s_cimagf.o
out/soong/.intermediates/bionic/libm/libm/android_x86_x86_64_static/obj/bionic/libm/upstream-freebsd/lib/msun/src/s_cimagl.o
out/soong/.intermediates/bionic/libm/libm/android_x86_x86_64_static/obj/bionic/libm/upstream-freebsd/lib/msun/src/s_clog.o
out/soong/.intermediates/bionic/libm/libm/android_x86_x86_64_static/obj/bionic/libm/upstream-freebsd/lib/msun/src/s_clogf.o
out/soong/.intermediates/bionic/libm/libm/android_x86_x86_64_static/obj/bionic/libm/upstream-freebsd/lib/msun/src/s_conj.o
out/soong/.intermediates/bionic/libm/libm/android_x86_x86_64_static/obj/bionic/libm/upstream-freebsd/lib/msun/src/s_conjf.o
out/soong/.intermediates/bionic/libm/libm/android_x86_x86_64_static/obj/bionic/libm/upstream-freebsd/lib/msun/src/s_conjl.o
out/soong/.intermediates/bionic/libm/libm/android_x86_x86_64_static/obj/bionic/libm/upstream-freebsd/lib/msun/src/s_copysign.o
out/soong/.intermediates/bionic/libm/libm/android_x86_x86_64_static/obj/bionic/libm/upstream-freebsd/lib/msun/src/s_copysignf.o
out/soong/.intermediates/bionic/libm/libm/android_x86_x86_64_static/obj/bionic/libm/upstream-freebsd/lib/msun/src/s_cpow.o
out/soong/.intermediates/bionic/libm/libm/android_x86_x86_64_static/obj/bionic/libm/upstream-freebsd/lib/msun/src/s_cpowf.o
out/soong/.intermediates/bionic/libm/libm/android_x86_x86_64_static/obj/bionic/libm/upstream-freebsd/lib/msun/src/s_cpowl.o
out/soong/.intermediates/bionic/libm/libm/android_x86_x86_64_static/obj/bionic/libm/upstream-freebsd/lib/msun/src/s_cproj.o
out/soong/.intermediates/bionic/libm/libm/android_x86_x86_64_static/obj/bionic/libm/upstream-freebsd/lib/msun/src/s_cprojf.o
out/soong/.intermediates/bionic/libm/libm/android_x86_x86_64_static/obj/bionic/libm/upstream-freebsd/lib/msun/src/s_cprojl.o
out/soong/.intermediates/bionic/libm/libm/android_x86_x86_64_static/obj/bionic/libm/upstream-freebsd/lib/msun/src/s_creal.o
out/soong/.intermediates/bionic/libm/libm/android_x86_x86_64_static/obj/bionic/libm/upstream-freebsd/lib/msun/src/s_crealf.o
out/soong/.intermediates/bionic/libm/libm/android_x86_x86_64_static/obj/bionic/libm/upstream-freebsd/lib/msun/src/s_creall.o
out/soong/.intermediates/bionic/libm/libm/android_x86_x86_64_static/obj/bionic/libm/upstream-freebsd/lib/msun/src/s_csinh.o
out/soong/.intermediates/bionic/libm/libm/android_x86_x86_64_static/obj/bionic/libm/upstream-freebsd/lib/msun/src/s_csinhf.o
out/soong/.intermediates/bionic/libm/libm/android_x86_x86_64_static/obj/bionic/libm/upstream-freebsd/lib/msun/src/s_csqrt.o
out/soong/.intermediates/bionic/libm/libm/android_x86_x86_64_static/obj/bionic/libm/upstream-freebsd/lib/msun/src/s_csqrtf.o
out/soong/.intermediates/bionic/libm/libm/android_x86_x86_64_static/obj/bionic/libm/upstream-freebsd/lib/msun/src/s_ctanh.o
out/soong/.intermediates/bionic/libm/libm/android_x86_x86_64_static/obj/bionic/libm/upstream-freebsd/lib/msun/src/s_ctanhf.o
out/soong/.intermediates/bionic/libm/libm/android_x86_x86_64_static/obj/bionic/libm/upstream-freebsd/lib/msun/src/s_erf.o
out/soong/.intermediates/bionic/libm/libm/android_x86_x86_64_static/obj/bionic/libm/upstream-freebsd/lib/msun/src/s_erff.o
out/soong/.intermediates/bionic/libm/libm/android_x86_x86_64_static/obj/bionic/libm/upstream-freebsd/lib/msun/src/s_expm1f.o
out/soong/.intermediates/bionic/libm/libm/android_x86_x86_64_static/obj/bionic/libm/upstream-freebsd/lib/msun/src/s_fdim.o
out/soong/.intermediates/bionic/libm/libm/android_x86_x86_64_static/obj/bionic/libm/upstream-freebsd/lib/msun/src/s_finite.o
out/soong/.intermediates/bionic/libm/libm/android_x86_x86_64_static/obj/bionic/libm/upstream-freebsd/lib/msun/src/s_finitef.o
out/soong/.intermediates/bionic/libm/libm/android_x86_x86_64_static/obj/bionic/libm/upstream-freebsd/lib/msun/src/s_fma.o
out/soong/.intermediates/bionic/libm/libm/android_x86_x86_64_static/obj/bionic/libm/upstream-freebsd/lib/msun/src/s_fmaf.o
out/soong/.intermediates/bionic/libm/libm/android_x86_x86_64_static/obj/bionic/libm/upstream-freebsd/lib/msun/src/s_fmax.o
out/soong/.intermediates/bionic/libm/libm/android_x86_x86_64_static/obj/bionic/libm/upstream-freebsd/lib/msun/src/s_fmaxf.o
out/soong/.intermediates/bionic/libm/libm/android_x86_x86_64_static/obj/bionic/libm/upstream-freebsd/lib/msun/src/s_fmin.o
out/soong/.intermediates/bionic/libm/libm/android_x86_x86_64_static/obj/bionic/libm/upstream-freebsd/lib/msun/src/s_fminf.o
out/soong/.intermediates/bionic/libm/libm/android_x86_x86_64_static/obj/bionic/libm/upstream-freebsd/lib/msun/src/s_frexp.o
out/soong/.intermediates/bionic/libm/libm/android_x86_x86_64_static/obj/bionic/libm/upstream-freebsd/lib/msun/src/s_frexpf.o
out/soong/.intermediates/bionic/libm/libm/android_x86_x86_64_static/obj/bionic/libm/upstream-freebsd/lib/msun/src/s_ilogb.o
out/soong/.intermediates/bionic/libm/libm/android_x86_x86_64_static/obj/bionic/libm/upstream-freebsd/lib/msun/src/s_ilogbf.o
out/soong/.intermediates/bionic/libm/libm/android_x86_x86_64_static/obj/bionic/libm/upstream-freebsd/lib/msun/src/s_llrint.o
out/soong/.intermediates/bionic/libm/libm/android_x86_x86_64_static/obj/bionic/libm/upstream-freebsd/lib/msun/src/s_llrintf.o
out/soong/.intermediates/bionic/libm/libm/android_x86_x86_64_static/obj/bionic/libm/upstream-freebsd/lib/msun/src/s_llround.o
out/soong/.intermediates/bionic/libm/libm/android_x86_x86_64_static/obj/bionic/libm/upstream-freebsd/lib/msun/src/s_llroundf.o
out/soong/.intermediates/bionic/libm/libm/android_x86_x86_64_static/obj/bionic/libm/upstream-freebsd/lib/msun/src/s_log1pf.o
out/soong/.intermediates/bionic/libm/libm/android_x86_x86_64_static/obj/bionic/libm/upstream-freebsd/lib/msun/src/s_logb.o
out/soong/.intermediates/bionic/libm/libm/android_x86_x86_64_static/obj/bionic/libm/upstream-freebsd/lib/msun/src/s_logbf.o
out/soong/.intermediates/bionic/libm/libm/android_x86_x86_64_static/obj/bionic/libm/upstream-freebsd/lib/msun/src/s_lround.o
out/soong/.intermediates/bionic/libm/libm/android_x86_x86_64_static/obj/bionic/libm/upstream-freebsd/lib/msun/src/s_lroundf.o
out/soong/.intermediates/bionic/libm/libm/android_x86_x86_64_static/obj/bionic/libm/upstream-freebsd/lib/msun/src/s_modf.o
out/soong/.intermediates/bionic/libm/libm/android_x86_x86_64_static/obj/bionic/libm/upstream-freebsd/lib/msun/src/s_modff.o
out/soong/.intermediates/bionic/libm/libm/android_x86_x86_64_static/obj/bionic/libm/upstream-freebsd/lib/msun/src/s_nan.o
out/soong/.intermediates/bionic/libm/libm/android_x86_x86_64_static/obj/bionic/libm/upstream-freebsd/lib/msun/src/s_nearbyint.o
out/soong/.intermediates/bionic/libm/libm/android_x86_x86_64_static/obj/bionic/libm/upstream-freebsd/lib/msun/src/s_nextafter.o
out/soong/.intermediates/bionic/libm/libm/android_x86_x86_64_static/obj/bionic/libm/upstream-freebsd/lib/msun/src/s_nextafterf.o
out/soong/.intermediates/bionic/libm/libm/android_x86_x86_64_static/obj/bionic/libm/upstream-freebsd/lib/msun/src/s_remquo.o
out/soong/.intermediates/bionic/libm/libm/android_x86_x86_64_static/obj/bionic/libm/upstream-freebsd/lib/msun/src/s_remquof.o
out/soong/.intermediates/bionic/libm/libm/android_x86_x86_64_static/obj/bionic/libm/upstream-freebsd/lib/msun/src/s_round.o
out/soong/.intermediates/bionic/libm/libm/android_x86_x86_64_static/obj/bionic/libm/upstream-freebsd/lib/msun/src/s_roundf.o
out/soong/.intermediates/bionic/libm/libm/android_x86_x86_64_static/obj/bionic/libm/upstream-freebsd/lib/msun/src/s_scalbln.o
out/soong/.intermediates/bionic/libm/libm/android_x86_x86_64_static/obj/bionic/libm/upstream-freebsd/lib/msun/src/s_scalbn.o
out/soong/.intermediates/bionic/libm/libm/android_x86_x86_64_static/obj/bionic/libm/upstream-freebsd/lib/msun/src/s_scalbnf.o
out/soong/.intermediates/bionic/libm/libm/android_x86_x86_64_static/obj/bionic/libm/upstream-freebsd/lib/msun/src/s_signgam.o
out/soong/.intermediates/bionic/libm/libm/android_x86_x86_64_static/obj/bionic/libm/upstream-freebsd/lib/msun/src/s_significand.o
out/soong/.intermediates/bionic/libm/libm/android_x86_x86_64_static/obj/bionic/libm/upstream-freebsd/lib/msun/src/s_significandf.o
out/soong/.intermediates/bionic/libm/libm/android_x86_x86_64_static/obj/bionic/libm/upstream-freebsd/lib/msun/src/s_sincos.o
out/soong/.intermediates/bionic/libm/libm/android_x86_x86_64_static/obj/bionic/libm/upstream-freebsd/lib/msun/src/s_tanf.o
out/soong/.intermediates/bionic/libm/libm/android_x86_x86_64_static/obj/bionic/libm/upstream-freebsd/lib/msun/src/s_tanhf.o
out/soong/.intermediates/bionic/libm/libm/android_x86_x86_64_static/obj/bionic/libm/upstream-freebsd/lib/msun/src/s_tgammaf.o
out/soong/.intermediates/bionic/libm/libm/android_x86_x86_64_static/obj/bionic/libm/upstream-freebsd/lib/msun/src/w_cabs.o
out/soong/.intermediates/bionic/libm/libm/android_x86_x86_64_static/obj/bionic/libm/upstream-freebsd/lib/msun/src/w_cabsf.o
out/soong/.intermediates/bionic/libm/libm/android_x86_x86_64_static/obj/bionic/libm/upstream-freebsd/lib/msun/src/w_cabsl.o
out/soong/.intermediates/bionic/libm/libm/android_x86_x86_64_static/obj/bionic/libm/upstream-freebsd/lib/msun/src/w_drem.o
out/soong/.intermediates/bionic/libm/libm/android_x86_x86_64_static/obj/bionic/libm/upstream-freebsd/lib/msun/src/w_dremf.o
out/soong/.intermediates/bionic/libm/libm/android_x86_x86_64_static/obj/bionic/libm/upstream-netbsd/lib/libm/complex/ccoshl.o
out/soong/.intermediates/bionic/libm/libm/android_x86_x86_64_static/obj/bionic/libm/upstream-netbsd/lib/libm/complex/ccosl.o
out/soong/.intermediates/bionic/libm/libm/android_x86_x86_64_static/obj/bionic/libm/upstream-netbsd/lib/libm/complex/cephes_subrl.o
out/soong/.intermediates/bionic/libm/libm/android_x86_x86_64_static/obj/bionic/libm/upstream-netbsd/lib/libm/complex/cexpl.o
out/soong/.intermediates/bionic/libm/libm/android_x86_x86_64_static/obj/bionic/libm/upstream-netbsd/lib/libm/complex/csinhl.o
out/soong/.intermediates/bionic/libm/libm/android_x86_x86_64_static/obj/bionic/libm/upstream-netbsd/lib/libm/complex/csinl.o
out/soong/.intermediates/bionic/libm/libm/android_x86_x86_64_static/obj/bionic/libm/upstream-netbsd/lib/libm/complex/ctanhl.o
out/soong/.intermediates/bionic/libm/libm/android_x86_x86_64_static/obj/bionic/libm/upstream-netbsd/lib/libm/complex/ctanl.o
out/soong/.intermediates/bionic/libm/libm/android_x86_x86_64_static/obj/bionic/libm/x86/ceil.o
out/soong/.intermediates/bionic/libm/libm/android_x86_x86_64_static/obj/bionic/libm/x86/ceilf.o
out/soong/.intermediates/bionic/libm/libm/android_x86_x86_64_static/obj/bionic/libm/x86/e_acos.o
out/soong/.intermediates/bionic/libm/libm/android_x86_x86_64_static/obj/bionic/libm/x86/e_asin.o
out/soong/.intermediates/bionic/libm/libm/android_x86_x86_64_static/obj/bionic/libm/x86/e_atan2.o
out/soong/.intermediates/bionic/libm/libm/android_x86_x86_64_static/obj/bionic/libm/x86/e_cosh.o
out/soong/.intermediates/bionic/libm/libm/android_x86_x86_64_static/obj/bionic/libm/x86/e_hypot.o
out/soong/.intermediates/bionic/libm/libm/android_x86_x86_64_static/obj/bionic/libm/x86/e_log10.o
out/soong/.intermediates/bionic/libm/libm/android_x86_x86_64_static/obj/bionic/libm/x86/e_sinh.o
out/soong/.intermediates/bionic/libm/libm/android_x86_x86_64_static/obj/bionic/libm/x86/floor.o
out/soong/.intermediates/bionic/libm/libm/android_x86_x86_64_static/obj/bionic/libm/x86/floorf.o
out/soong/.intermediates/bionic/libm/libm/android_x86_x86_64_static/obj/bionic/libm/x86/libm_reduce_pi04l.o
out/soong/.intermediates/bionic/libm/libm/android_x86_x86_64_static/obj/bionic/libm/x86/libm_sincos_huge.o
out/soong/.intermediates/bionic/libm/libm/android_x86_x86_64_static/obj/bionic/libm/x86/libm_tancot_huge.o
out/soong/.intermediates/bionic/libm/libm/android_x86_x86_64_static/obj/bionic/libm/x86/lrint.o
out/soong/.intermediates/bionic/libm/libm/android_x86_x86_64_static/obj/bionic/libm/x86/lrintf.o
out/soong/.intermediates/bionic/libm/libm/android_x86_x86_64_static/obj/bionic/libm/x86/rint.o
out/soong/.intermediates/bionic/libm/libm/android_x86_x86_64_static/obj/bionic/libm/x86/rintf.o
out/soong/.intermediates/bionic/libm/libm/android_x86_x86_64_static/obj/bionic/libm/x86/s_atan.o
out/soong/.intermediates/bionic/libm/libm/android_x86_x86_64_static/obj/bionic/libm/x86/s_cbrt.o
out/soong/.intermediates/bionic/libm/libm/android_x86_x86_64_static/obj/bionic/libm/x86/s_cos.o
out/soong/.intermediates/bionic/libm/libm/android_x86_x86_64_static/obj/bionic/libm/x86/s_expm1.o
out/soong/.intermediates/bionic/libm/libm/android_x86_x86_64_static/obj/bionic/libm/x86/s_log1p.o
out/soong/.intermediates/bionic/libm/libm/android_x86_x86_64_static/obj/bionic/libm/x86/s_sin.o
out/soong/.intermediates/bionic/libm/libm/android_x86_x86_64_static/obj/bionic/libm/x86/s_tan.o
out/soong/.intermediates/bionic/libm/libm/android_x86_x86_64_static/obj/bionic/libm/x86/s_tanh.o
out/soong/.intermediates/bionic/libm/libm/android_x86_x86_64_static/obj/bionic/libm/x86/sqrt.o
out/soong/.intermediates/bionic/libm/libm/android_x86_x86_64_static/obj/bionic/libm/x86/sqrtf.o
out/soong/.intermediates/bionic/libm/libm/android_x86_x86_64_static/obj/bionic/libm/x86/trunc.o
out/soong/.intermediates/bionic/libm/libm/android_x86_x86_64_static/obj/bionic/libm/x86/truncf.o
out/soong/ndk/sysroot/usr/lib/i686-linux-android/libm.a