out/soong/.intermediates/bionic/libc/libc_bionic_ndk/android_x86_x86_64_static_apex10000/obj/bionic/libc/bionic/NetdClientDispatch.o
out/soong/.intermediates/bionic/libc/libc_bionic_ndk/android_x86_x86_64_static_apex10000/obj/bionic/libc/bionic/__bionic_get_shell_path.o
out/soong/.intermediates/bionic/libc/libc_bionic_ndk/android_x86_x86_64_static_apex10000/obj/bionic/libc/bionic/__cmsg_nxthdr.o
out/soong/.intermediates/bionic/libc/libc_bionic_ndk/android_x86_x86_64_static_apex10000/obj/bionic/libc/bionic/__errno.o
out/soong/.intermediates/bionic/libc/libc_bionic_ndk/android_x86_x86_64_static_apex10000/obj/bionic/libc/bionic/__gnu_basename.o
out/soong/.intermediates/bionic/libc/libc_bionic_ndk/android_x86_x86_64_static_apex10000/obj/bionic/libc/bionic/__libc_current_sigrtmax.o
out/soong/.intermediates/bionic/libc/libc_bionic_ndk/android_x86_x86_64_static_apex10000/obj/bionic/libc/bionic/__libc_current_sigrtmin.o
out/soong/.intermediates/bionic/libc/libc_bionic_ndk/android_x86_x86_64_static_apex10000/obj/bionic/libc/bionic/abort.o
out/soong/.intermediates/bionic/libc/libc_bionic_ndk/android_x86_x86_64_static_apex10000/obj/bionic/libc/bionic/accept.o
out/soong/.intermediates/bionic/libc/libc_bionic_ndk/android_x86_x86_64_static_apex10000/obj/bionic/libc/bionic/access.o
out/soong/.intermediates/bionic/libc/libc_bionic_ndk/android_x86_x86_64_static_apex10000/obj/bionic/libc/bionic/arpa_inet.o
out/soong/.intermediates/bionic/libc/libc_bionic_ndk/android_x86_x86_64_static_apex10000/obj/bionic/libc/bionic/assert.o
out/soong/.intermediates/bionic/libc/libc_bionic_ndk/android_x86_x86_64_static_apex10000/obj/bionic/libc/bionic/atof.o
out/soong/.intermediates/bionic/libc/libc_bionic_ndk/android_x86_x86_64_static_apex10000/obj/bionic/libc/bionic/bionic_allocator.o
out/soong/.intermediates/bionic/libc/libc_bionic_ndk/android_x86_x86_64_static_apex10000/obj/bionic/libc/bionic/bionic_arc4random.o
out/soong/.intermediates/bionic/libc/libc_bionic_ndk/android_x86_x86_64_static_apex10000/obj/bionic/libc/bionic/bionic_futex.o
out/soong/.intermediates/bionic/libc/libc_bionic_ndk/android_x86_x86_64_static_apex10000/obj/bionic/libc/bionic/bionic_netlink.o
out/soong/.intermediates/bionic/libc/libc_bionic_ndk/android_x86_x86_64_static_apex10000/obj/bionic/libc/bionic/bionic_time_conversions.o
out/soong/.intermediates/bionic/libc/libc_bionic_ndk/android_x86_x86_64_static_apex10000/obj/bionic/libc/bionic/brk.o
out/soong/.intermediates/bionic/libc/libc_bionic_ndk/android_x86_x86_64_static_apex10000/obj/bionic/libc/bionic/c16rtomb.o
out/soong/.intermediates/bionic/libc/libc_bionic_ndk/android_x86_x86_64_static_apex10000/obj/bionic/libc/bionic/c32rtomb.o
out/soong/.intermediates/bionic/libc/libc_bionic_ndk/android_x86_x86_64_static_apex10000/obj/bionic/libc/bionic/chmod.o
out/soong/.intermediates/bionic/libc/libc_bionic_ndk/android_x86_x86_64_static_apex10000/obj/bionic/libc/bionic/chown.o
out/soong/.intermediates/bionic/libc/libc_bionic_ndk/android_x86_x86_64_static_apex10000/obj/bionic/libc/bionic/clearenv.o
out/soong/.intermediates/bionic/libc/libc_bionic_ndk/android_x86_x86_64_static_apex10000/obj/bionic/libc/bionic/clock.o
out/soong/.intermediates/bionic/libc/libc_bionic_ndk/android_x86_x86_64_static_apex10000/obj/bionic/libc/bionic/clock_getcpuclockid.o
out/soong/.intermediates/bionic/libc/libc_bionic_ndk/android_x86_x86_64_static_apex10000/obj/bionic/libc/bionic/clock_nanosleep.o
out/soong/.intermediates/bionic/libc/libc_bionic_ndk/android_x86_x86_64_static_apex10000/obj/bionic/libc/bionic/clone.o
out/soong/.intermediates/bionic/libc/libc_bionic_ndk/android_x86_x86_64_static_apex10000/obj/bionic/libc/bionic/ctype.o
out/soong/.intermediates/bionic/libc/libc_bionic_ndk/android_x86_x86_64_static_apex10000/obj/bionic/libc/bionic/dirent.o
out/soong/.intermediates/bionic/libc/libc_bionic_ndk/android_x86_x86_64_static_apex10000/obj/bionic/libc/bionic/dup.o
out/soong/.intermediates/bionic/libc/libc_bionic_ndk/android_x86_x86_64_static_apex10000/obj/bionic/libc/bionic/environ.o
out/soong/.intermediates/bionic/libc/libc_bionic_ndk/android_x86_x86_64_static_apex10000/obj/bionic/libc/bionic/error.o
out/soong/.intermediates/bionic/libc/libc_bionic_ndk/android_x86_x86_64_static_apex10000/obj/bionic/libc/bionic/eventfd.o
out/soong/.intermediates/bionic/libc/libc_bionic_ndk/android_x86_x86_64_static_apex10000/obj/bionic/libc/bionic/exec.o
out/soong/.intermediates/bionic/libc/libc_bionic_ndk/android_x86_x86_64_static_apex10000/obj/bionic/libc/bionic/faccessat.o
out/soong/.intermediates/bionic/libc/libc_bionic_ndk/android_x86_x86_64_static_apex10000/obj/bionic/libc/bionic/fchmod.o
out/soong/.intermediates/bionic/libc/libc_bionic_ndk/android_x86_x86_64_static_apex10000/obj/bionic/libc/bionic/fchmodat.o
out/soong/.intermediates/bionic/libc/libc_bionic_ndk/android_x86_x86_64_static_apex10000/obj/bionic/libc/bionic/fcntl.o
out/soong/.intermediates/bionic/libc/libc_bionic_ndk/android_x86_x86_64_static_apex10000/obj/bionic/libc/bionic/fdsan.o
out/soong/.intermediates/bionic/libc/libc_bionic_ndk/android_x86_x86_64_static_apex10000/obj/bionic/libc/bionic/fdtrack.o
out/soong/.intermediates/bionic/libc/libc_bionic_ndk/android_x86_x86_64_static_apex10000/obj/bionic/libc/bionic/ffs.o
out/soong/.intermediates/bionic/libc/libc_bionic_ndk/android_x86_x86_64_static_apex10000/obj/bionic/libc/bionic/fgetxattr.o
out/soong/.intermediates/bionic/libc/libc_bionic_ndk/android_x86_x86_64_static_apex10000/obj/bionic/libc/bionic/flistxattr.o
out/soong/.intermediates/bionic/libc/libc_bionic_ndk/android_x86_x86_64_static_apex10000/obj/bionic/libc/bionic/flockfile.o
out/soong/.intermediates/bionic/libc/libc_bionic_ndk/android_x86_x86_64_static_apex10000/obj/bionic/libc/bionic/fpclassify.o
out/soong/.intermediates/bionic/libc/libc_bionic_ndk/android_x86_x86_64_static_apex10000/obj/bionic/libc/bionic/fsetxattr.o
out/soong/.intermediates/bionic/libc/libc_bionic_ndk/android_x86_x86_64_static_apex10000/obj/bionic/libc/bionic/ftruncate.o
out/soong/.intermediates/bionic/libc/libc_bionic_ndk/android_x86_x86_64_static_apex10000/obj/bionic/libc/bionic/ftw.o
out/soong/.intermediates/bionic/libc/libc_bionic_ndk/android_x86_x86_64_static_apex10000/obj/bionic/libc/bionic/futimens.o
out/soong/.intermediates/bionic/libc/libc_bionic_ndk/android_x86_x86_64_static_apex10000/obj/bionic/libc/bionic/get_device_api_level.o
out/soong/.intermediates/bionic/libc/libc_bionic_ndk/android_x86_x86_64_static_apex10000/obj/bionic/libc/bionic/getcwd.o
out/soong/.intermediates/bionic/libc/libc_bionic_ndk/android_x86_x86_64_static_apex10000/obj/bionic/libc/bionic/getdomainname.o
out/soong/.intermediates/bionic/libc/libc_bionic_ndk/android_x86_x86_64_static_apex10000/obj/bionic/libc/bionic/getentropy.o
out/soong/.intermediates/bionic/libc/libc_bionic_ndk/android_x86_x86_64_static_apex10000/obj/bionic/libc/bionic/gethostname.o
out/soong/.intermediates/bionic/libc/libc_bionic_ndk/android_x86_x86_64_static_apex10000/obj/bionic/libc/bionic/getloadavg.o
out/soong/.intermediates/bionic/libc/libc_bionic_ndk/android_x86_x86_64_static_apex10000/obj/bionic/libc/bionic/getpagesize.o
out/soong/.intermediates/bionic/libc/libc_bionic_ndk/android_x86_x86_64_static_apex10000/obj/bionic/libc/bionic/getpgrp.o
out/soong/.intermediates/bionic/libc/libc_bionic_ndk/android_x86_x86_64_static_apex10000/obj/bionic/libc/bionic/getpid.o
out/soong/.intermediates/bionic/libc/libc_bionic_ndk/android_x86_x86_64_static_apex10000/obj/bionic/libc/bionic/getpriority.o
out/soong/.intermediates/bionic/libc/libc_bionic_ndk/android_x86_x86_64_static_apex10000/obj/bionic/libc/bionic/gettid.o
out/soong/.intermediates/bionic/libc/libc_bionic_ndk/android_x86_x86_64_static_apex10000/obj/bionic/libc/bionic/grp_pwd.o
out/soong/.intermediates/bionic/libc/libc_bionic_ndk/android_x86_x86_64_static_apex10000/obj/bionic/libc/bionic/grp_pwd_file.o
out/soong/.intermediates/bionic/libc/libc_bionic_ndk/android_x86_x86_64_static_apex10000/obj/bionic/libc/bionic/heap_zero_init.o
out/soong/.intermediates/bionic/libc/libc_bionic_ndk/android_x86_x86_64_static_apex10000/obj/bionic/libc/bionic/iconv.o
out/soong/.intermediates/bionic/libc/libc_bionic_ndk/android_x86_x86_64_static_apex10000/obj/bionic/libc/bionic/icu_static.o
out/soong/.intermediates/bionic/libc/libc_bionic_ndk/android_x86_x86_64_static_apex10000/obj/bionic/libc/bionic/icu_wrappers.o
out/soong/.intermediates/bionic/libc/libc_bionic_ndk/android_x86_x86_64_static_apex10000/obj/bionic/libc/bionic/ifaddrs.o
out/soong/.intermediates/bionic/libc/libc_bionic_ndk/android_x86_x86_64_static_apex10000/obj/bionic/libc/bionic/inotify_init.o
out/soong/.intermediates/bionic/libc/libc_bionic_ndk/android_x86_x86_64_static_apex10000/obj/bionic/libc/bionic/ioctl.o
out/soong/.intermediates/bionic/libc/libc_bionic_ndk/android_x86_x86_64_static_apex10000/obj/bionic/libc/bionic/killpg.o
out/soong/.intermediates/bionic/libc/libc_bionic_ndk/android_x86_x86_64_static_apex10000/obj/bionic/libc/bionic/langinfo.o
out/soong/.intermediates/bionic/libc/libc_bionic_ndk/android_x86_x86_64_static_apex10000/obj/bionic/libc/bionic/lchown.o
out/soong/.intermediates/bionic/libc/libc_bionic_ndk/android_x86_x86_64_static_apex10000/obj/bionic/libc/bionic/lfs64_support.o
out/soong/.intermediates/bionic/libc/libc_bionic_ndk/android_x86_x86_64_static_apex10000/obj/bionic/libc/bionic/libc_init_common.o
out/soong/.intermediates/bionic/libc/libc_bionic_ndk/android_x86_x86_64_static_apex10000/obj/bionic/libc/bionic/libgen.o
out/soong/.intermediates/bionic/libc/libc_bionic_ndk/android_x86_x86_64_static_apex10000/obj/bionic/libc/bionic/link.o
out/soong/.intermediates/bionic/libc/libc_bionic_ndk/android_x86_x86_64_static_apex10000/obj/bionic/libc/bionic/locale.o
out/soong/.intermediates/bionic/libc/libc_bionic_ndk/android_x86_x86_64_static_apex10000/obj/bionic/libc/bionic/lockf.o
out/soong/.intermediates/bionic/libc/libc_bionic_ndk/android_x86_x86_64_static_apex10000/obj/bionic/libc/bionic/lstat.o
out/soong/.intermediates/bionic/libc/libc_bionic_ndk/android_x86_x86_64_static_apex10000/obj/bionic/libc/bionic/mblen.o
out/soong/.intermediates/bionic/libc/libc_bionic_ndk/android_x86_x86_64_static_apex10000/obj/bionic/libc/bionic/mbrtoc16.o
out/soong/.intermediates/bionic/libc/libc_bionic_ndk/android_x86_x86_64_static_apex10000/obj/bionic/libc/bionic/mbrtoc32.o
out/soong/.intermediates/bionic/libc/libc_bionic_ndk/android_x86_x86_64_static_apex10000/obj/bionic/libc/bionic/mempcpy.o
out/soong/.intermediates/bionic/libc/libc_bionic_ndk/android_x86_x86_64_static_apex10000/obj/bionic/libc/bionic/mkdir.o
out/soong/.intermediates/bionic/libc/libc_bionic_ndk/android_x86_x86_64_static_apex10000/obj/bionic/libc/bionic/mkfifo.o
out/soong/.intermediates/bionic/libc/libc_bionic_ndk/android_x86_x86_64_static_apex10000/obj/bionic/libc/bionic/mknod.o
out/soong/.intermediates/bionic/libc/libc_bionic_ndk/android_x86_x86_64_static_apex10000/obj/bionic/libc/bionic/mmap.o
out/soong/.intermediates/bionic/libc/libc_bionic_ndk/android_x86_x86_64_static_apex10000/obj/bionic/libc/bionic/mntent.o
out/soong/.intermediates/bionic/libc/libc_bionic_ndk/android_x86_x86_64_static_apex10000/obj/bionic/libc/bionic/mremap.o
out/soong/.intermediates/bionic/libc/libc_bionic_ndk/android_x86_x86_64_static_apex10000/obj/bionic/libc/bionic/net_if.o
out/soong/.intermediates/bionic/libc/libc_bionic_ndk/android_x86_x86_64_static_apex10000/obj/bionic/libc/bionic/netdb.o
out/soong/.intermediates/bionic/libc/libc_bionic_ndk/android_x86_x86_64_static_apex10000/obj/bionic/libc/bionic/netinet_in.o
out/soong/.intermediates/bionic/libc/libc_bionic_ndk/android_x86_x86_64_static_apex10000/obj/bionic/libc/bionic/nl_types.o
out/soong/.intermediates/bionic/libc/libc_bionic_ndk/android_x86_x86_64_static_apex10000/obj/bionic/libc/bionic/open.o
out/soong/.intermediates/bionic/libc/libc_bionic_ndk/android_x86_x86_64_static_apex10000/obj/bionic/libc/bionic/pathconf.o
out/soong/.intermediates/bionic/libc/libc_bionic_ndk/android_x86_x86_64_static_apex10000/obj/bionic/libc/bionic/pause.o
out/soong/.intermediates/bionic/libc/libc_bionic_ndk/android_x86_x86_64_static_apex10000/obj/bionic/libc/bionic/pidfd.o
out/soong/.intermediates/bionic/libc/libc_bionic_ndk/android_x86_x86_64_static_apex10000/obj/bionic/libc/bionic/pipe.o
out/soong/.intermediates/bionic/libc/libc_bionic_ndk/android_x86_x86_64_static_apex10000/obj/bionic/libc/bionic/poll.o
out/soong/.intermediates/bionic/libc/libc_bionic_ndk/android_x86_x86_64_static_apex10000/obj/bionic/libc/bionic/posix_fadvise.o
out/soong/.intermediates/bionic/libc/libc_bionic_ndk/android_x86_x86_64_static_apex10000/obj/bionic/libc/bionic/posix_fallocate.o
out/soong/.intermediates/bionic/libc/libc_bionic_ndk/android_x86_x86_64_static_apex10000/obj/bionic/libc/bionic/posix_madvise.o
out/soong/.intermediates/bionic/libc/libc_bionic_ndk/android_x86_x86_64_static_apex10000/obj/bionic/libc/bionic/posix_timers.o
out/soong/.intermediates/bionic/libc/libc_bionic_ndk/android_x86_x86_64_static_apex10000/obj/bionic/libc/bionic/ptrace.o
out/soong/.intermediates/bionic/libc/libc_bionic_ndk/android_x86_x86_64_static_apex10000/obj/bionic/libc/bionic/pty.o
out/soong/.intermediates/bionic/libc/libc_bionic_ndk/android_x86_x86_64_static_apex10000/obj/bionic/libc/bionic/raise.o
out/soong/.intermediates/bionic/libc/libc_bionic_ndk/android_x86_x86_64_static_apex10000/obj/bionic/libc/bionic/rand.o
out/soong/.intermediates/bionic/libc/libc_bionic_ndk/android_x86_x86_64_static_apex10000/obj/bionic/libc/bionic/readlink.o
out/soong/.intermediates/bionic/libc/libc_bionic_ndk/android_x86_x86_64_static_apex10000/obj/bionic/libc/bionic/realpath.o
out/soong/.intermediates/bionic/libc/libc_bionic_ndk/android_x86_x86_64_static_apex10000/obj/bionic/libc/bionic/reboot.o
out/soong/.intermediates/bionic/libc/libc_bionic_ndk/android_x86_x86_64_static_apex10000/obj/bionic/libc/bionic/recv.o
out/soong/.intermediates/bionic/libc/libc_bionic_ndk/android_x86_x86_64_static_apex10000/obj/bionic/libc/bionic/recvmsg.o
out/soong/.intermediates/bionic/libc/libc_bionic_ndk/android_x86_x86_64_static_apex10000/obj/bionic/libc/bionic/rename.o
out/soong/.intermediates/bionic/libc/libc_bionic_ndk/android_x86_x86_64_static_apex10000/obj/bionic/libc/bionic/rmdir.o
out/soong/.intermediates/bionic/libc/libc_bionic_ndk/android_x86_x86_64_static_apex10000/obj/bionic/libc/bionic/scandir.o
out/soong/.intermediates/bionic/libc/libc_bionic_ndk/android_x86_x86_64_static_apex10000/obj/bionic/libc/bionic/sched_getaffinity.o
out/soong/.intermediates/bionic/libc/libc_bionic_ndk/android_x86_x86_64_static_apex10000/obj/bionic/libc/bionic/sched_getcpu.o
out/soong/.intermediates/bionic/libc/libc_bionic_ndk/android_x86_x86_64_static_apex10000/obj/bionic/libc/bionic/semaphore.o
out/soong/.intermediates/bionic/libc/libc_bionic_ndk/android_x86_x86_64_static_apex10000/obj/bionic/libc/bionic/send.o
out/soong/.intermediates/bionic/libc/libc_bionic_ndk/android_x86_x86_64_static_apex10000/obj/bionic/libc/bionic/setegid.o
out/soong/.intermediates/bionic/libc/libc_bionic_ndk/android_x86_x86_64_static_apex10000/obj/bionic/libc/bionic/seteuid.o
out/soong/.intermediates/bionic/libc/libc_bionic_ndk/android_x86_x86_64_static_apex10000/obj/bionic/libc/bionic/setpgrp.o
out/soong/.intermediates/bionic/libc/libc_bionic_ndk/android_x86_x86_64_static_apex10000/obj/bionic/libc/bionic/sigaction.o
out/soong/.intermediates/bionic/libc/libc_bionic_ndk/android_x86_x86_64_static_apex10000/obj/bionic/libc/bionic/signal.o
out/soong/.intermediates/bionic/libc/libc_bionic_ndk/android_x86_x86_64_static_apex10000/obj/bionic/libc/bionic/sigprocmask.o
out/soong/.intermediates/bionic/libc/libc_bionic_ndk/android_x86_x86_64_static_apex10000/obj/bionic/libc/bionic/sleep.o
out/soong/.intermediates/bionic/libc/libc_bionic_ndk/android_x86_x86_64_static_apex10000/obj/bionic/libc/bionic/socketpair.o
out/soong/.intermediates/bionic/libc/libc_bionic_ndk/android_x86_x86_64_static_apex10000/obj/bionic/libc/bionic/spawn.o
out/soong/.intermediates/bionic/libc/libc_bionic_ndk/android_x86_x86_64_static_apex10000/obj/bionic/libc/bionic/stat.o
out/soong/.intermediates/bionic/libc/libc_bionic_ndk/android_x86_x86_64_static_apex10000/obj/bionic/libc/bionic/stdlib_l.o
out/soong/.intermediates/bionic/libc/libc_bionic_ndk/android_x86_x86_64_static_apex10000/obj/bionic/libc/bionic/strerror.o
out/soong/.intermediates/bionic/libc/libc_bionic_ndk/android_x86_x86_64_static_apex10000/obj/bionic/libc/bionic/string_l.o
out/soong/.intermediates/bionic/libc/libc_bionic_ndk/android_x86_x86_64_static_apex10000/obj/bionic/libc/bionic/strings_l.o
out/soong/.intermediates/bionic/libc/libc_bionic_ndk/android_x86_x86_64_static_apex10000/obj/bionic/libc/bionic/strsignal.o
out/soong/.intermediates/bionic/libc/libc_bionic_ndk/android_x86_x86_64_static_apex10000/obj/bionic/libc/bionic/strtol.o
out/soong/.intermediates/bionic/libc/libc_bionic_ndk/android_x86_x86_64_static_apex10000/obj/bionic/libc/bionic/strtold.o
out/soong/.intermediates/bionic/libc/libc_bionic_ndk/android_x86_x86_64_static_apex10000/obj/bionic/libc/bionic/swab.o
out/soong/.intermediates/bionic/libc/libc_bionic_ndk/android_x86_x86_64_static_apex10000/obj/bionic/libc/bionic/symlink.o
out/soong/.intermediates/bionic/libc/libc_bionic_ndk/android_x86_x86_64_static_apex10000/obj/bionic/libc/bionic/sync_file_range.o
out/soong/.intermediates/bionic/libc/libc_bionic_ndk/android_x86_x86_64_static_apex10000/obj/bionic/libc/bionic/sys_epoll.o
out/soong/.intermediates/bionic/libc/libc_bionic_ndk/android_x86_x86_64_static_apex10000/obj/bionic/libc/bionic/sys_msg.o
out/soong/.intermediates/bionic/libc/libc_bionic_ndk/android_x86_x86_64_static_apex10000/obj/bionic/libc/bionic/sys_sem.o
out/soong/.intermediates/bionic/libc/libc_bionic_ndk/android_x86_x86_64_static_apex10000/obj/bionic/libc/bionic/sys_shm.o
out/soong/.intermediates/bionic/libc/libc_bionic_ndk/android_x86_x86_64_static_apex10000/obj/bionic/libc/bionic/sys_signalfd.o
out/soong/.intermediates/bionic/libc/libc_bionic_ndk/android_x86_x86_64_static_apex10000/obj/bionic/libc/bionic/sys_statfs.o
out/soong/.intermediates/bionic/libc/libc_bionic_ndk/android_x86_x86_64_static_apex10000/obj/bionic/libc/bionic/sys_statvfs.o
out/soong/.intermediates/bionic/libc/libc_bionic_ndk/android_x86_x86_64_static_apex10000/obj/bionic/libc/bionic/sys_time.o
out/soong/.intermediates/bionic/libc/libc_bionic_ndk/android_x86_x86_64_static_apex10000/obj/bionic/libc/bionic/sysinfo.o
out/soong/.intermediates/bionic/libc/libc_bionic_ndk/android_x86_x86_64_static_apex10000/obj/bionic/libc/bionic/syslog.o
out/soong/.intermediates/bionic/libc/libc_bionic_ndk/android_x86_x86_64_static_apex10000/obj/bionic/libc/bionic/system.o
out/soong/.intermediates/bionic/libc/libc_bionic_ndk/android_x86_x86_64_static_apex10000/obj/bionic/libc/bionic/system_property_api.o
out/soong/.intermediates/bionic/libc/libc_bionic_ndk/android_x86_x86_64_static_apex10000/obj/bionic/libc/bionic/system_property_set.o
out/soong/.intermediates/bionic/libc/libc_bionic_ndk/android_x86_x86_64_static_apex10000/obj/bionic/libc/bionic/tdestroy.o
out/soong/.intermediates/bionic/libc/libc_bionic_ndk/android_x86_x86_64_static_apex10000/obj/bionic/libc/bionic/termios.o
out/soong/.intermediates/bionic/libc/libc_bionic_ndk/android_x86_x86_64_static_apex10000/obj/bionic/libc/bionic/thread_private.o
out/soong/.intermediates/bionic/libc/libc_bionic_ndk/android_x86_x86_64_static_apex10000/obj/bionic/libc/bionic/threads.o
out/soong/.intermediates/bionic/libc/libc_bionic_ndk/android_x86_x86_64_static_apex10000/obj/bionic/libc/bionic/timespec_get.o
out/soong/.intermediates/bionic/libc/libc_bionic_ndk/android_x86_x86_64_static_apex10000/obj/bionic/libc/bionic/tmpfile.o
out/soong/.intermediates/bionic/libc/libc_bionic_ndk/android_x86_x86_64_static_apex10000/obj/bionic/libc/bionic/umount.o
out/soong/.intermediates/bionic/libc/libc_bionic_ndk/android_x86_x86_64_static_apex10000/obj/bionic/libc/bionic/unlink.o
out/soong/.intermediates/bionic/libc/libc_bionic_ndk/android_x86_x86_64_static_apex10000/obj/bionic/libc/bionic/usleep.o
out/soong/.intermediates/bionic/libc/libc_bionic_ndk/android_x86_x86_64_static_apex10000/obj/bionic/libc/bionic/utmp.o
out/soong/.intermediates/bionic/libc/libc_bionic_ndk/android_x86_x86_64_static_apex10000/obj/bionic/libc/bionic/wait.o
out/soong/.intermediates/bionic/libc/libc_bionic_ndk/android_x86_x86_64_static_apex10000/obj/bionic/libc/bionic/wchar.o
out/soong/.intermediates/bionic/libc/libc_bionic_ndk/android_x86_x86_64_static_apex10000/obj/bionic/libc/bionic/wchar_l.o
out/soong/.intermediates/bionic/libc/libc_bionic_ndk/android_x86_x86_64_static_apex10000/obj/bionic/libc/bionic/wcstod.o
out/soong/.intermediates/bionic/libc/libc_bionic_ndk/android_x86_x86_64_static_apex10000/obj/bionic/libc/bionic/wctype.o
out/soong/.intermediates/bionic/libc/libc_bionic_ndk/android_x86_x86_64_static_apex10000/obj/bionic/libc/bionic/wcwidth.o
out/soong/.intermediates/bionic/libc/libc_bionic_ndk/android_x86_x86_64_static_apex10000/obj/bionic/libc/bionic/wmempcpy.o