out/target/product/vsoc_x86_64/apex/art_boot_images/javalib/x86/boot.art
out/target/product/vsoc_x86_64/apex/art_boot_images/javalib/x86_64/boot.art
out/target/product/vsoc_x86_64/odm/etc/fs_config_dirs
out/target/product/vsoc_x86_64/odm/etc/fs_config_files
out/target/product/vsoc_x86_64/odm_dlkm/etc/fs_config_dirs
out/target/product/vsoc_x86_64/odm_dlkm/etc/fs_config_files
out/target/product/vsoc_x86_64/product/etc/fs_config_dirs
out/target/product/vsoc_x86_64/product/etc/fs_config_files
out/target/product/vsoc_x86_64/recovery/root/system/etc/security/otacerts.zip
out/target/product/vsoc_x86_64/system/etc/fs_config_dirs
out/target/product/vsoc_x86_64/system/etc/fs_config_files
out/target/product/vsoc_x86_64/system/etc/security/otacerts.zip
out/target/product/vsoc_x86_64/system/framework/x86/boot-framework.art
out/target/product/vsoc_x86_64/system/framework/x86_64/boot-framework.art
out/target/product/vsoc_x86_64/system_ext/etc/fs_config_dirs
out/target/product/vsoc_x86_64/system_ext/etc/fs_config_files
out/target/product/vsoc_x86_64/vendor/etc/fs_config_dirs
out/target/product/vsoc_x86_64/vendor/etc/fs_config_files
out/target/product/vsoc_x86_64/vendor/etc/vintf/manifest.xml
out/target/product/vsoc_x86_64/vendor/overlay/SettingsProvider__auto_generated_rro_vendor.apk
out/target/product/vsoc_x86_64/vendor/overlay/framework-res__auto_generated_rro_vendor.apk
out/target/product/vsoc_x86_64/vendor_dlkm/etc/fs_config_dirs
out/target/product/vsoc_x86_64/vendor_dlkm/etc/fs_config_files
