out/target/product/vsoc_x86_64/apex/art_boot_images/javalib/boot-apache-xml.vdex
out/target/product/vsoc_x86_64/apex/art_boot_images/javalib/boot-bouncycastle.vdex
out/target/product/vsoc_x86_64/apex/art_boot_images/javalib/boot-core-libart.vdex
out/target/product/vsoc_x86_64/apex/art_boot_images/javalib/boot-okhttp.vdex
out/target/product/vsoc_x86_64/apex/art_boot_images/javalib/boot.vdex
out/target/product/vsoc_x86_64/apex/art_boot_images/javalib/x86/boot-apache-xml.art
out/target/product/vsoc_x86_64/apex/art_boot_images/javalib/x86/boot-apache-xml.oat
out/target/product/vsoc_x86_64/apex/art_boot_images/javalib/x86/boot-apache-xml.vdex
out/target/product/vsoc_x86_64/apex/art_boot_images/javalib/x86/boot-bouncycastle.art
out/target/product/vsoc_x86_64/apex/art_boot_images/javalib/x86/boot-bouncycastle.oat
out/target/product/vsoc_x86_64/apex/art_boot_images/javalib/x86/boot-bouncycastle.vdex
out/target/product/vsoc_x86_64/apex/art_boot_images/javalib/x86/boot-core-libart.art
out/target/product/vsoc_x86_64/apex/art_boot_images/javalib/x86/boot-core-libart.oat
out/target/product/vsoc_x86_64/apex/art_boot_images/javalib/x86/boot-core-libart.vdex
out/target/product/vsoc_x86_64/apex/art_boot_images/javalib/x86/boot-okhttp.art
out/target/product/vsoc_x86_64/apex/art_boot_images/javalib/x86/boot-okhttp.oat
out/target/product/vsoc_x86_64/apex/art_boot_images/javalib/x86/boot-okhttp.vdex
out/target/product/vsoc_x86_64/apex/art_boot_images/javalib/x86/boot.oat
out/target/product/vsoc_x86_64/apex/art_boot_images/javalib/x86/boot.vdex
out/target/product/vsoc_x86_64/apex/art_boot_images/javalib/x86_64/boot-apache-xml.art
out/target/product/vsoc_x86_64/apex/art_boot_images/javalib/x86_64/boot-apache-xml.oat
out/target/product/vsoc_x86_64/apex/art_boot_images/javalib/x86_64/boot-apache-xml.vdex
out/target/product/vsoc_x86_64/apex/art_boot_images/javalib/x86_64/boot-bouncycastle.art
out/target/product/vsoc_x86_64/apex/art_boot_images/javalib/x86_64/boot-bouncycastle.oat
out/target/product/vsoc_x86_64/apex/art_boot_images/javalib/x86_64/boot-bouncycastle.vdex
out/target/product/vsoc_x86_64/apex/art_boot_images/javalib/x86_64/boot-core-libart.art
out/target/product/vsoc_x86_64/apex/art_boot_images/javalib/x86_64/boot-core-libart.oat
out/target/product/vsoc_x86_64/apex/art_boot_images/javalib/x86_64/boot-core-libart.vdex
out/target/product/vsoc_x86_64/apex/art_boot_images/javalib/x86_64/boot-okhttp.art
out/target/product/vsoc_x86_64/apex/art_boot_images/javalib/x86_64/boot-okhttp.oat
out/target/product/vsoc_x86_64/apex/art_boot_images/javalib/x86_64/boot-okhttp.vdex
out/target/product/vsoc_x86_64/apex/art_boot_images/javalib/x86_64/boot.oat
out/target/product/vsoc_x86_64/apex/art_boot_images/javalib/x86_64/boot.vdex
out/target/product/vsoc_x86_64/symbols/apex/art_boot_images/javalib/x86/boot-apache-xml.oat
out/target/product/vsoc_x86_64/symbols/apex/art_boot_images/javalib/x86/boot-bouncycastle.oat
out/target/product/vsoc_x86_64/symbols/apex/art_boot_images/javalib/x86/boot-core-libart.oat
out/target/product/vsoc_x86_64/symbols/apex/art_boot_images/javalib/x86/boot-okhttp.oat
out/target/product/vsoc_x86_64/symbols/apex/art_boot_images/javalib/x86/boot.oat
out/target/product/vsoc_x86_64/symbols/apex/art_boot_images/javalib/x86_64/boot-apache-xml.oat
out/target/product/vsoc_x86_64/symbols/apex/art_boot_images/javalib/x86_64/boot-bouncycastle.oat
out/target/product/vsoc_x86_64/symbols/apex/art_boot_images/javalib/x86_64/boot-core-libart.oat
out/target/product/vsoc_x86_64/symbols/apex/art_boot_images/javalib/x86_64/boot-okhttp.oat
out/target/product/vsoc_x86_64/symbols/apex/art_boot_images/javalib/x86_64/boot.oat
out/target/product/vsoc_x86_64/symbols/system/framework/x86/boot-core-icu4j.oat
out/target/product/vsoc_x86_64/symbols/system/framework/x86/boot-ext.oat
out/target/product/vsoc_x86_64/symbols/system/framework/x86/boot-framework-graphics.oat
out/target/product/vsoc_x86_64/symbols/system/framework/x86/boot-framework.oat
out/target/product/vsoc_x86_64/symbols/system/framework/x86/boot-ims-common.oat
out/target/product/vsoc_x86_64/symbols/system/framework/x86/boot-telephony-common.oat
out/target/product/vsoc_x86_64/symbols/system/framework/x86/boot-voip-common.oat
out/target/product/vsoc_x86_64/symbols/system/framework/x86_64/boot-core-icu4j.oat
out/target/product/vsoc_x86_64/symbols/system/framework/x86_64/boot-ext.oat
out/target/product/vsoc_x86_64/symbols/system/framework/x86_64/boot-framework-graphics.oat
out/target/product/vsoc_x86_64/symbols/system/framework/x86_64/boot-framework.oat
out/target/product/vsoc_x86_64/symbols/system/framework/x86_64/boot-ims-common.oat
out/target/product/vsoc_x86_64/symbols/system/framework/x86_64/boot-telephony-common.oat
out/target/product/vsoc_x86_64/symbols/system/framework/x86_64/boot-voip-common.oat
out/target/product/vsoc_x86_64/system/framework/boot-core-icu4j.vdex
out/target/product/vsoc_x86_64/system/framework/boot-ext.vdex
out/target/product/vsoc_x86_64/system/framework/boot-framework-graphics.vdex
out/target/product/vsoc_x86_64/system/framework/boot-framework.vdex
out/target/product/vsoc_x86_64/system/framework/boot-ims-common.vdex
out/target/product/vsoc_x86_64/system/framework/boot-telephony-common.vdex
out/target/product/vsoc_x86_64/system/framework/boot-voip-common.vdex
out/target/product/vsoc_x86_64/system/framework/x86/boot-core-icu4j.art
out/target/product/vsoc_x86_64/system/framework/x86/boot-core-icu4j.oat
out/target/product/vsoc_x86_64/system/framework/x86/boot-core-icu4j.vdex
out/target/product/vsoc_x86_64/system/framework/x86/boot-ext.art
out/target/product/vsoc_x86_64/system/framework/x86/boot-ext.oat
out/target/product/vsoc_x86_64/system/framework/x86/boot-ext.vdex
out/target/product/vsoc_x86_64/system/framework/x86/boot-framework-graphics.art
out/target/product/vsoc_x86_64/system/framework/x86/boot-framework-graphics.oat
out/target/product/vsoc_x86_64/system/framework/x86/boot-framework-graphics.vdex
out/target/product/vsoc_x86_64/system/framework/x86/boot-framework.oat
out/target/product/vsoc_x86_64/system/framework/x86/boot-framework.vdex
out/target/product/vsoc_x86_64/system/framework/x86/boot-ims-common.art
out/target/product/vsoc_x86_64/system/framework/x86/boot-ims-common.oat
out/target/product/vsoc_x86_64/system/framework/x86/boot-ims-common.vdex
out/target/product/vsoc_x86_64/system/framework/x86/boot-telephony-common.art
out/target/product/vsoc_x86_64/system/framework/x86/boot-telephony-common.oat
out/target/product/vsoc_x86_64/system/framework/x86/boot-telephony-common.vdex
out/target/product/vsoc_x86_64/system/framework/x86/boot-voip-common.art
out/target/product/vsoc_x86_64/system/framework/x86/boot-voip-common.oat
out/target/product/vsoc_x86_64/system/framework/x86/boot-voip-common.vdex
out/target/product/vsoc_x86_64/system/framework/x86_64/boot-core-icu4j.art
out/target/product/vsoc_x86_64/system/framework/x86_64/boot-core-icu4j.oat
out/target/product/vsoc_x86_64/system/framework/x86_64/boot-core-icu4j.vdex
out/target/product/vsoc_x86_64/system/framework/x86_64/boot-ext.art
out/target/product/vsoc_x86_64/system/framework/x86_64/boot-ext.oat
out/target/product/vsoc_x86_64/system/framework/x86_64/boot-ext.vdex
out/target/product/vsoc_x86_64/system/framework/x86_64/boot-framework-graphics.art
out/target/product/vsoc_x86_64/system/framework/x86_64/boot-framework-graphics.oat
out/target/product/vsoc_x86_64/system/framework/x86_64/boot-framework-graphics.vdex
out/target/product/vsoc_x86_64/system/framework/x86_64/boot-framework.oat
out/target/product/vsoc_x86_64/system/framework/x86_64/boot-framework.vdex
out/target/product/vsoc_x86_64/system/framework/x86_64/boot-ims-common.art
out/target/product/vsoc_x86_64/system/framework/x86_64/boot-ims-common.oat
out/target/product/vsoc_x86_64/system/framework/x86_64/boot-ims-common.vdex
out/target/product/vsoc_x86_64/system/framework/x86_64/boot-telephony-common.art
out/target/product/vsoc_x86_64/system/framework/x86_64/boot-telephony-common.oat
out/target/product/vsoc_x86_64/system/framework/x86_64/boot-telephony-common.vdex
out/target/product/vsoc_x86_64/system/framework/x86_64/boot-voip-common.art
out/target/product/vsoc_x86_64/system/framework/x86_64/boot-voip-common.oat
out/target/product/vsoc_x86_64/system/framework/x86_64/boot-voip-common.vdex
