out/target/product/vsoc_x86_64/odm/etc/NOTICE.xml.gz
out/target/product/vsoc_x86_64/odm/lib/modules
out/target/product/vsoc_x86_64/odm_dlkm/etc/NOTICE.xml.gz
out/target/product/vsoc_x86_64/product/etc/NOTICE.xml.gz
out/target/product/vsoc_x86_64/product/etc/apns-conf.xml
out/target/product/vsoc_x86_64/product/etc/init/init.rc
out/target/product/vsoc_x86_64/product/etc/security/avb/system_other.avbpubkey
out/target/product/vsoc_x86_64/product/media/audio/alarms/Alarm_Beep_01.ogg
out/target/product/vsoc_x86_64/product/media/audio/alarms/Alarm_Beep_02.ogg
out/target/product/vsoc_x86_64/product/media/audio/alarms/Alarm_Beep_03.ogg
out/target/product/vsoc_x86_64/product/media/audio/alarms/Alarm_Buzzer.ogg
out/target/product/vsoc_x86_64/product/media/audio/alarms/Alarm_Classic.ogg
out/target/product/vsoc_x86_64/product/media/audio/alarms/Alarm_Rooster_02.ogg
out/target/product/vsoc_x86_64/product/media/audio/alarms/Argon.ogg
out/target/product/vsoc_x86_64/product/media/audio/alarms/Barium.ogg
out/target/product/vsoc_x86_64/product/media/audio/alarms/Carbon.ogg
out/target/product/vsoc_x86_64/product/media/audio/alarms/Cesium.ogg
out/target/product/vsoc_x86_64/product/media/audio/alarms/Fermium.ogg
out/target/product/vsoc_x86_64/product/media/audio/alarms/Hassium.ogg
out/target/product/vsoc_x86_64/product/media/audio/alarms/Helium.ogg
out/target/product/vsoc_x86_64/product/media/audio/alarms/Krypton.ogg
out/target/product/vsoc_x86_64/product/media/audio/alarms/Neon.ogg
out/target/product/vsoc_x86_64/product/media/audio/alarms/Neptunium.ogg
out/target/product/vsoc_x86_64/product/media/audio/alarms/Nobelium.ogg
out/target/product/vsoc_x86_64/product/media/audio/alarms/Osmium.ogg
out/target/product/vsoc_x86_64/product/media/audio/alarms/Oxygen.ogg
out/target/product/vsoc_x86_64/product/media/audio/alarms/Platinum.ogg
out/target/product/vsoc_x86_64/product/media/audio/alarms/Plutonium.ogg
out/target/product/vsoc_x86_64/product/media/audio/alarms/Promethium.ogg
out/target/product/vsoc_x86_64/product/media/audio/alarms/Scandium.ogg
out/target/product/vsoc_x86_64/product/media/audio/notifications/Adara.ogg
out/target/product/vsoc_x86_64/product/media/audio/notifications/Aldebaran.ogg
out/target/product/vsoc_x86_64/product/media/audio/notifications/Altair.ogg
out/target/product/vsoc_x86_64/product/media/audio/notifications/Alya.ogg
out/target/product/vsoc_x86_64/product/media/audio/notifications/Antares.ogg
out/target/product/vsoc_x86_64/product/media/audio/notifications/Antimony.ogg
out/target/product/vsoc_x86_64/product/media/audio/notifications/Arcturus.ogg
out/target/product/vsoc_x86_64/product/media/audio/notifications/Argon.ogg
out/target/product/vsoc_x86_64/product/media/audio/notifications/Beat_Box_Android.ogg
out/target/product/vsoc_x86_64/product/media/audio/notifications/Bellatrix.ogg
out/target/product/vsoc_x86_64/product/media/audio/notifications/Beryllium.ogg
out/target/product/vsoc_x86_64/product/media/audio/notifications/Betelgeuse.ogg
out/target/product/vsoc_x86_64/product/media/audio/notifications/CaffeineSnake.ogg
out/target/product/vsoc_x86_64/product/media/audio/notifications/Canopus.ogg
out/target/product/vsoc_x86_64/product/media/audio/notifications/Capella.ogg
out/target/product/vsoc_x86_64/product/media/audio/notifications/Castor.ogg
out/target/product/vsoc_x86_64/product/media/audio/notifications/CetiAlpha.ogg
out/target/product/vsoc_x86_64/product/media/audio/notifications/Cobalt.ogg
out/target/product/vsoc_x86_64/product/media/audio/notifications/Cricket.ogg
out/target/product/vsoc_x86_64/product/media/audio/notifications/DearDeer.ogg
out/target/product/vsoc_x86_64/product/media/audio/notifications/Deneb.ogg
out/target/product/vsoc_x86_64/product/media/audio/notifications/Doink.ogg
out/target/product/vsoc_x86_64/product/media/audio/notifications/DontPanic.ogg
out/target/product/vsoc_x86_64/product/media/audio/notifications/Drip.ogg
out/target/product/vsoc_x86_64/product/media/audio/notifications/Electra.ogg
out/target/product/vsoc_x86_64/product/media/audio/notifications/F1_MissedCall.ogg
out/target/product/vsoc_x86_64/product/media/audio/notifications/F1_New_MMS.ogg
out/target/product/vsoc_x86_64/product/media/audio/notifications/F1_New_SMS.ogg
out/target/product/vsoc_x86_64/product/media/audio/notifications/Fluorine.ogg
out/target/product/vsoc_x86_64/product/media/audio/notifications/Fomalhaut.ogg
out/target/product/vsoc_x86_64/product/media/audio/notifications/Gallium.ogg
out/target/product/vsoc_x86_64/product/media/audio/notifications/Heaven.ogg
out/target/product/vsoc_x86_64/product/media/audio/notifications/Helium.ogg
out/target/product/vsoc_x86_64/product/media/audio/notifications/Highwire.ogg
out/target/product/vsoc_x86_64/product/media/audio/notifications/Hojus.ogg
out/target/product/vsoc_x86_64/product/media/audio/notifications/Iridium.ogg
out/target/product/vsoc_x86_64/product/media/audio/notifications/Krypton.ogg
out/target/product/vsoc_x86_64/product/media/audio/notifications/KzurbSonar.ogg
out/target/product/vsoc_x86_64/product/media/audio/notifications/Lalande.ogg
out/target/product/vsoc_x86_64/product/media/audio/notifications/Merope.ogg
out/target/product/vsoc_x86_64/product/media/audio/notifications/Mira.ogg
out/target/product/vsoc_x86_64/product/media/audio/notifications/OnTheHunt.ogg
out/target/product/vsoc_x86_64/product/media/audio/notifications/Palladium.ogg
out/target/product/vsoc_x86_64/product/media/audio/notifications/Plastic_Pipe.ogg
out/target/product/vsoc_x86_64/product/media/audio/notifications/Polaris.ogg
out/target/product/vsoc_x86_64/product/media/audio/notifications/Pollux.ogg
out/target/product/vsoc_x86_64/product/media/audio/notifications/Procyon.ogg
out/target/product/vsoc_x86_64/product/media/audio/notifications/Proxima.ogg
out/target/product/vsoc_x86_64/product/media/audio/notifications/Radon.ogg
out/target/product/vsoc_x86_64/product/media/audio/notifications/Rubidium.ogg
out/target/product/vsoc_x86_64/product/media/audio/notifications/Selenium.ogg
out/target/product/vsoc_x86_64/product/media/audio/notifications/Shaula.ogg
out/target/product/vsoc_x86_64/product/media/audio/notifications/Sirrah.ogg
out/target/product/vsoc_x86_64/product/media/audio/notifications/SpaceSeed.ogg
out/target/product/vsoc_x86_64/product/media/audio/notifications/Spica.ogg
out/target/product/vsoc_x86_64/product/media/audio/notifications/Strontium.ogg
out/target/product/vsoc_x86_64/product/media/audio/notifications/Syrma.ogg
out/target/product/vsoc_x86_64/product/media/audio/notifications/TaDa.ogg
out/target/product/vsoc_x86_64/product/media/audio/notifications/Talitha.ogg
out/target/product/vsoc_x86_64/product/media/audio/notifications/Tejat.ogg
out/target/product/vsoc_x86_64/product/media/audio/notifications/Thallium.ogg
out/target/product/vsoc_x86_64/product/media/audio/notifications/Tinkerbell.ogg
out/target/product/vsoc_x86_64/product/media/audio/notifications/Upsilon.ogg
out/target/product/vsoc_x86_64/product/media/audio/notifications/Vega.ogg
out/target/product/vsoc_x86_64/product/media/audio/notifications/Voila.ogg
out/target/product/vsoc_x86_64/product/media/audio/notifications/Xenon.ogg
out/target/product/vsoc_x86_64/product/media/audio/notifications/Zirconium.ogg
out/target/product/vsoc_x86_64/product/media/audio/notifications/arcturus.ogg
out/target/product/vsoc_x86_64/product/media/audio/notifications/moonbeam.ogg
out/target/product/vsoc_x86_64/product/media/audio/notifications/pixiedust.ogg
out/target/product/vsoc_x86_64/product/media/audio/notifications/pizzicato.ogg
out/target/product/vsoc_x86_64/product/media/audio/notifications/regulus.ogg
out/target/product/vsoc_x86_64/product/media/audio/notifications/sirius.ogg
out/target/product/vsoc_x86_64/product/media/audio/notifications/tweeters.ogg
out/target/product/vsoc_x86_64/product/media/audio/notifications/vega.ogg
out/target/product/vsoc_x86_64/product/media/audio/ringtones/ANDROMEDA.ogg
out/target/product/vsoc_x86_64/product/media/audio/ringtones/Andromeda.ogg
out/target/product/vsoc_x86_64/product/media/audio/ringtones/Aquila.ogg
out/target/product/vsoc_x86_64/product/media/audio/ringtones/ArgoNavis.ogg
out/target/product/vsoc_x86_64/product/media/audio/ringtones/Atria.ogg
out/target/product/vsoc_x86_64/product/media/audio/ringtones/BOOTES.ogg
out/target/product/vsoc_x86_64/product/media/audio/ringtones/Backroad.ogg
out/target/product/vsoc_x86_64/product/media/audio/ringtones/BeatPlucker.ogg
out/target/product/vsoc_x86_64/product/media/audio/ringtones/BentleyDubs.ogg
out/target/product/vsoc_x86_64/product/media/audio/ringtones/Big_Easy.ogg
out/target/product/vsoc_x86_64/product/media/audio/ringtones/BirdLoop.ogg
out/target/product/vsoc_x86_64/product/media/audio/ringtones/Bollywood.ogg
out/target/product/vsoc_x86_64/product/media/audio/ringtones/BussaMove.ogg
out/target/product/vsoc_x86_64/product/media/audio/ringtones/CANISMAJOR.ogg
out/target/product/vsoc_x86_64/product/media/audio/ringtones/CASSIOPEIA.ogg
out/target/product/vsoc_x86_64/product/media/audio/ringtones/Cairo.ogg
out/target/product/vsoc_x86_64/product/media/audio/ringtones/Calypso_Steel.ogg
out/target/product/vsoc_x86_64/product/media/audio/ringtones/CanisMajor.ogg
out/target/product/vsoc_x86_64/product/media/audio/ringtones/CaribbeanIce.ogg
out/target/product/vsoc_x86_64/product/media/audio/ringtones/Carina.ogg
out/target/product/vsoc_x86_64/product/media/audio/ringtones/Centaurus.ogg
out/target/product/vsoc_x86_64/product/media/audio/ringtones/Champagne_Edition.ogg
out/target/product/vsoc_x86_64/product/media/audio/ringtones/Club_Cubano.ogg
out/target/product/vsoc_x86_64/product/media/audio/ringtones/CrayonRock.ogg
out/target/product/vsoc_x86_64/product/media/audio/ringtones/CrazyDream.ogg
out/target/product/vsoc_x86_64/product/media/audio/ringtones/CurveBall.ogg
out/target/product/vsoc_x86_64/product/media/audio/ringtones/Cygnus.ogg
out/target/product/vsoc_x86_64/product/media/audio/ringtones/DancinFool.ogg
out/target/product/vsoc_x86_64/product/media/audio/ringtones/Ding.ogg
out/target/product/vsoc_x86_64/product/media/audio/ringtones/DonMessWivIt.ogg
out/target/product/vsoc_x86_64/product/media/audio/ringtones/Draco.ogg
out/target/product/vsoc_x86_64/product/media/audio/ringtones/DreamTheme.ogg
out/target/product/vsoc_x86_64/product/media/audio/ringtones/Eastern_Sky.ogg
out/target/product/vsoc_x86_64/product/media/audio/ringtones/Enter_the_Nexus.ogg
out/target/product/vsoc_x86_64/product/media/audio/ringtones/Eridani.ogg
out/target/product/vsoc_x86_64/product/media/audio/ringtones/EtherShake.ogg
out/target/product/vsoc_x86_64/product/media/audio/ringtones/FreeFlight.ogg
out/target/product/vsoc_x86_64/product/media/audio/ringtones/FriendlyGhost.ogg
out/target/product/vsoc_x86_64/product/media/audio/ringtones/Funk_Yall.ogg
out/target/product/vsoc_x86_64/product/media/audio/ringtones/GameOverGuitar.ogg
out/target/product/vsoc_x86_64/product/media/audio/ringtones/Gimme_Mo_Town.ogg
out/target/product/vsoc_x86_64/product/media/audio/ringtones/Girtab.ogg
out/target/product/vsoc_x86_64/product/media/audio/ringtones/Glacial_Groove.ogg
out/target/product/vsoc_x86_64/product/media/audio/ringtones/Growl.ogg
out/target/product/vsoc_x86_64/product/media/audio/ringtones/HalfwayHome.ogg
out/target/product/vsoc_x86_64/product/media/audio/ringtones/Hydra.ogg
out/target/product/vsoc_x86_64/product/media/audio/ringtones/InsertCoin.ogg
out/target/product/vsoc_x86_64/product/media/audio/ringtones/Kuma.ogg
out/target/product/vsoc_x86_64/product/media/audio/ringtones/LoopyLounge.ogg
out/target/product/vsoc_x86_64/product/media/audio/ringtones/LoveFlute.ogg
out/target/product/vsoc_x86_64/product/media/audio/ringtones/Lyra.ogg
out/target/product/vsoc_x86_64/product/media/audio/ringtones/Machina.ogg
out/target/product/vsoc_x86_64/product/media/audio/ringtones/MidEvilJaunt.ogg
out/target/product/vsoc_x86_64/product/media/audio/ringtones/MildlyAlarming.ogg
out/target/product/vsoc_x86_64/product/media/audio/ringtones/Nairobi.ogg
out/target/product/vsoc_x86_64/product/media/audio/ringtones/Nassau.ogg
out/target/product/vsoc_x86_64/product/media/audio/ringtones/NewPlayer.ogg
out/target/product/vsoc_x86_64/product/media/audio/ringtones/No_Limits.ogg
out/target/product/vsoc_x86_64/product/media/audio/ringtones/Noises1.ogg
out/target/product/vsoc_x86_64/product/media/audio/ringtones/Noises2.ogg
out/target/product/vsoc_x86_64/product/media/audio/ringtones/Noises3.ogg
out/target/product/vsoc_x86_64/product/media/audio/ringtones/OrganDub.ogg
out/target/product/vsoc_x86_64/product/media/audio/ringtones/Orion.ogg
out/target/product/vsoc_x86_64/product/media/audio/ringtones/PERSEUS.ogg
out/target/product/vsoc_x86_64/product/media/audio/ringtones/Paradise_Island.ogg
out/target/product/vsoc_x86_64/product/media/audio/ringtones/Pegasus.ogg
out/target/product/vsoc_x86_64/product/media/audio/ringtones/Perseus.ogg
out/target/product/vsoc_x86_64/product/media/audio/ringtones/Playa.ogg
out/target/product/vsoc_x86_64/product/media/audio/ringtones/Pyxis.ogg
out/target/product/vsoc_x86_64/product/media/audio/ringtones/Rasalas.ogg
out/target/product/vsoc_x86_64/product/media/audio/ringtones/Revelation.ogg
out/target/product/vsoc_x86_64/product/media/audio/ringtones/Rigel.ogg
out/target/product/vsoc_x86_64/product/media/audio/ringtones/Ring_Classic_02.ogg
out/target/product/vsoc_x86_64/product/media/audio/ringtones/Ring_Digital_02.ogg
out/target/product/vsoc_x86_64/product/media/audio/ringtones/Ring_Synth_02.ogg
out/target/product/vsoc_x86_64/product/media/audio/ringtones/Ring_Synth_04.ogg
out/target/product/vsoc_x86_64/product/media/audio/ringtones/Road_Trip.ogg
out/target/product/vsoc_x86_64/product/media/audio/ringtones/RomancingTheTone.ogg
out/target/product/vsoc_x86_64/product/media/audio/ringtones/Safari.ogg
out/target/product/vsoc_x86_64/product/media/audio/ringtones/Savannah.ogg
out/target/product/vsoc_x86_64/product/media/audio/ringtones/Scarabaeus.ogg
out/target/product/vsoc_x86_64/product/media/audio/ringtones/Sceptrum.ogg
out/target/product/vsoc_x86_64/product/media/audio/ringtones/Seville.ogg
out/target/product/vsoc_x86_64/product/media/audio/ringtones/Shes_All_That.ogg
out/target/product/vsoc_x86_64/product/media/audio/ringtones/SilkyWay.ogg
out/target/product/vsoc_x86_64/product/media/audio/ringtones/SitarVsSitar.ogg
out/target/product/vsoc_x86_64/product/media/audio/ringtones/Solarium.ogg
out/target/product/vsoc_x86_64/product/media/audio/ringtones/SpringyJalopy.ogg
out/target/product/vsoc_x86_64/product/media/audio/ringtones/Steppin_Out.ogg
out/target/product/vsoc_x86_64/product/media/audio/ringtones/Terminated.ogg
out/target/product/vsoc_x86_64/product/media/audio/ringtones/Testudo.ogg
out/target/product/vsoc_x86_64/product/media/audio/ringtones/Themos.ogg
out/target/product/vsoc_x86_64/product/media/audio/ringtones/Third_Eye.ogg
out/target/product/vsoc_x86_64/product/media/audio/ringtones/Thunderfoot.ogg
out/target/product/vsoc_x86_64/product/media/audio/ringtones/TwirlAway.ogg
out/target/product/vsoc_x86_64/product/media/audio/ringtones/URSAMINOR.ogg
out/target/product/vsoc_x86_64/product/media/audio/ringtones/UrsaMinor.ogg
out/target/product/vsoc_x86_64/product/media/audio/ringtones/VeryAlarmed.ogg
out/target/product/vsoc_x86_64/product/media/audio/ringtones/Vespa.ogg
out/target/product/vsoc_x86_64/product/media/audio/ringtones/World.ogg
out/target/product/vsoc_x86_64/product/media/audio/ringtones/Zeta.ogg
out/target/product/vsoc_x86_64/product/media/audio/ringtones/hydra.ogg
out/target/product/vsoc_x86_64/product/media/audio/ui/ChargingStarted.ogg
out/target/product/vsoc_x86_64/product/media/audio/ui/Dock.ogg
out/target/product/vsoc_x86_64/product/media/audio/ui/Effect_Tick.ogg
out/target/product/vsoc_x86_64/product/media/audio/ui/InCallNotification.ogg
out/target/product/vsoc_x86_64/product/media/audio/ui/KeypressDelete.ogg
out/target/product/vsoc_x86_64/product/media/audio/ui/KeypressInvalid.ogg
out/target/product/vsoc_x86_64/product/media/audio/ui/KeypressReturn.ogg
out/target/product/vsoc_x86_64/product/media/audio/ui/KeypressSpacebar.ogg
out/target/product/vsoc_x86_64/product/media/audio/ui/KeypressStandard.ogg
out/target/product/vsoc_x86_64/product/media/audio/ui/Lock.ogg
out/target/product/vsoc_x86_64/product/media/audio/ui/LowBattery.ogg
out/target/product/vsoc_x86_64/product/media/audio/ui/NFCFailure.ogg
out/target/product/vsoc_x86_64/product/media/audio/ui/NFCInitiated.ogg
out/target/product/vsoc_x86_64/product/media/audio/ui/NFCSuccess.ogg
out/target/product/vsoc_x86_64/product/media/audio/ui/NFCTransferComplete.ogg
out/target/product/vsoc_x86_64/product/media/audio/ui/NFCTransferInitiated.ogg
out/target/product/vsoc_x86_64/product/media/audio/ui/Trusted.ogg
out/target/product/vsoc_x86_64/product/media/audio/ui/Undock.ogg
out/target/product/vsoc_x86_64/product/media/audio/ui/Unlock.ogg
out/target/product/vsoc_x86_64/product/media/audio/ui/VideoRecord.ogg
out/target/product/vsoc_x86_64/product/media/audio/ui/VideoStop.ogg
out/target/product/vsoc_x86_64/product/media/audio/ui/WirelessChargingStarted.ogg
out/target/product/vsoc_x86_64/product/media/audio/ui/camera_click.ogg
out/target/product/vsoc_x86_64/product/media/audio/ui/camera_focus.ogg
out/target/product/vsoc_x86_64/system/etc/NOTICE.xml.gz
out/target/product/vsoc_x86_64/system/etc/audio_effects.conf
out/target/product/vsoc_x86_64/system/etc/dirty-image-objects
out/target/product/vsoc_x86_64/system/etc/event-log-tags
out/target/product/vsoc_x86_64/system/etc/hosts
out/target/product/vsoc_x86_64/system/etc/init/hw/init.usb.configfs.rc
out/target/product/vsoc_x86_64/system/etc/init/hw/init.usb.rc
out/target/product/vsoc_x86_64/system/etc/init/hw/init.zygote32.rc
out/target/product/vsoc_x86_64/system/etc/init/hw/init.zygote64.rc
out/target/product/vsoc_x86_64/system/etc/init/hw/init.zygote64_32.rc
out/target/product/vsoc_x86_64/system/etc/linker.config.pb
out/target/product/vsoc_x86_64/system/etc/permissions/android.software.webview.xml
out/target/product/vsoc_x86_64/system/etc/preloaded-classes
out/target/product/vsoc_x86_64/system/etc/public.libraries.txt
out/target/product/vsoc_x86_64/system/product
out/target/product/vsoc_x86_64/system/system_ext
out/target/product/vsoc_x86_64/system/usr/idc/AVRCP.idc
out/target/product/vsoc_x86_64/system/usr/idc/Vendor_054c_Product_05c4.idc
out/target/product/vsoc_x86_64/system/usr/idc/Vendor_054c_Product_09cc.idc
out/target/product/vsoc_x86_64/system/usr/idc/Vendor_0957_Product_0001.idc
out/target/product/vsoc_x86_64/system/usr/idc/Vendor_248a_Product_8266.idc
out/target/product/vsoc_x86_64/system/usr/idc/qwerty.idc
out/target/product/vsoc_x86_64/system/usr/idc/qwerty2.idc
out/target/product/vsoc_x86_64/system/usr/keychars/Generic.kcm
out/target/product/vsoc_x86_64/system/usr/keychars/Vendor_18d1_Product_0200.kcm
out/target/product/vsoc_x86_64/system/usr/keychars/Vendor_18d1_Product_5018.kcm
out/target/product/vsoc_x86_64/system/usr/keychars/Virtual.kcm
out/target/product/vsoc_x86_64/system/usr/keychars/qwerty.kcm
out/target/product/vsoc_x86_64/system/usr/keychars/qwerty2.kcm
out/target/product/vsoc_x86_64/system/usr/keylayout/AVRCP.kl
out/target/product/vsoc_x86_64/system/usr/keylayout/Generic.kl
out/target/product/vsoc_x86_64/system/usr/keylayout/Vendor_0079_Product_0011.kl
out/target/product/vsoc_x86_64/system/usr/keylayout/Vendor_0079_Product_18d4.kl
out/target/product/vsoc_x86_64/system/usr/keylayout/Vendor_044f_Product_b326.kl
out/target/product/vsoc_x86_64/system/usr/keylayout/Vendor_045e_Product_028e.kl
out/target/product/vsoc_x86_64/system/usr/keylayout/Vendor_045e_Product_028f.kl
out/target/product/vsoc_x86_64/system/usr/keylayout/Vendor_045e_Product_02a1.kl
out/target/product/vsoc_x86_64/system/usr/keylayout/Vendor_045e_Product_02d1.kl
out/target/product/vsoc_x86_64/system/usr/keylayout/Vendor_045e_Product_02dd.kl
out/target/product/vsoc_x86_64/system/usr/keylayout/Vendor_045e_Product_02e0.kl
out/target/product/vsoc_x86_64/system/usr/keylayout/Vendor_045e_Product_02e3.kl
out/target/product/vsoc_x86_64/system/usr/keylayout/Vendor_045e_Product_02ea.kl
out/target/product/vsoc_x86_64/system/usr/keylayout/Vendor_045e_Product_02fd.kl
out/target/product/vsoc_x86_64/system/usr/keylayout/Vendor_045e_Product_0b12.kl
out/target/product/vsoc_x86_64/system/usr/keylayout/Vendor_046d_Product_b501.kl
out/target/product/vsoc_x86_64/system/usr/keylayout/Vendor_046d_Product_c216.kl
out/target/product/vsoc_x86_64/system/usr/keylayout/Vendor_046d_Product_c219.kl
out/target/product/vsoc_x86_64/system/usr/keylayout/Vendor_046d_Product_c21d.kl
out/target/product/vsoc_x86_64/system/usr/keylayout/Vendor_046d_Product_c21e.kl
out/target/product/vsoc_x86_64/system/usr/keylayout/Vendor_046d_Product_c21f.kl
out/target/product/vsoc_x86_64/system/usr/keylayout/Vendor_046d_Product_c242.kl
out/target/product/vsoc_x86_64/system/usr/keylayout/Vendor_046d_Product_c294.kl
out/target/product/vsoc_x86_64/system/usr/keylayout/Vendor_046d_Product_c299.kl
out/target/product/vsoc_x86_64/system/usr/keylayout/Vendor_046d_Product_c532.kl
out/target/product/vsoc_x86_64/system/usr/keylayout/Vendor_054c_Product_0268.kl
out/target/product/vsoc_x86_64/system/usr/keylayout/Vendor_054c_Product_0268_Version_8000.kl
out/target/product/vsoc_x86_64/system/usr/keylayout/Vendor_054c_Product_0268_Version_8100.kl
out/target/product/vsoc_x86_64/system/usr/keylayout/Vendor_054c_Product_0268_Version_8111.kl
out/target/product/vsoc_x86_64/system/usr/keylayout/Vendor_054c_Product_05c4.kl
out/target/product/vsoc_x86_64/system/usr/keylayout/Vendor_054c_Product_05c4_Version_8000.kl
out/target/product/vsoc_x86_64/system/usr/keylayout/Vendor_054c_Product_05c4_Version_8100.kl
out/target/product/vsoc_x86_64/system/usr/keylayout/Vendor_054c_Product_05c4_Version_8111.kl
out/target/product/vsoc_x86_64/system/usr/keylayout/Vendor_054c_Product_09cc.kl
out/target/product/vsoc_x86_64/system/usr/keylayout/Vendor_054c_Product_09cc_Version_8000.kl
out/target/product/vsoc_x86_64/system/usr/keylayout/Vendor_054c_Product_09cc_Version_8100.kl
out/target/product/vsoc_x86_64/system/usr/keylayout/Vendor_054c_Product_09cc_Version_8111.kl
out/target/product/vsoc_x86_64/system/usr/keylayout/Vendor_054c_Product_0ba0.kl
out/target/product/vsoc_x86_64/system/usr/keylayout/Vendor_054c_Product_0ba0_Version_8111.kl
out/target/product/vsoc_x86_64/system/usr/keylayout/Vendor_054c_Product_0ce6.kl
out/target/product/vsoc_x86_64/system/usr/keylayout/Vendor_056e_Product_2004.kl
out/target/product/vsoc_x86_64/system/usr/keylayout/Vendor_056e_Product_2010.kl
out/target/product/vsoc_x86_64/system/usr/keylayout/Vendor_056e_Product_2013.kl
out/target/product/vsoc_x86_64/system/usr/keylayout/Vendor_057e_Product_2009.kl
out/target/product/vsoc_x86_64/system/usr/keylayout/Vendor_0583_Product_2060.kl
out/target/product/vsoc_x86_64/system/usr/keylayout/Vendor_05ac_Product_0239.kl
out/target/product/vsoc_x86_64/system/usr/keylayout/Vendor_06a3_Product_f51a.kl
out/target/product/vsoc_x86_64/system/usr/keylayout/Vendor_0738_Product_4716.kl
out/target/product/vsoc_x86_64/system/usr/keylayout/Vendor_0738_Product_4718.kl
out/target/product/vsoc_x86_64/system/usr/keylayout/Vendor_0738_Product_4726.kl
out/target/product/vsoc_x86_64/system/usr/keylayout/Vendor_0738_Product_4736.kl
out/target/product/vsoc_x86_64/system/usr/keylayout/Vendor_0738_Product_4740.kl
out/target/product/vsoc_x86_64/system/usr/keylayout/Vendor_0738_Product_9871.kl
out/target/product/vsoc_x86_64/system/usr/keylayout/Vendor_0738_Product_b726.kl
out/target/product/vsoc_x86_64/system/usr/keylayout/Vendor_0738_Product_beef.kl
out/target/product/vsoc_x86_64/system/usr/keylayout/Vendor_0738_Product_cb02.kl
out/target/product/vsoc_x86_64/system/usr/keylayout/Vendor_0738_Product_cb03.kl
out/target/product/vsoc_x86_64/system/usr/keylayout/Vendor_0738_Product_cb29.kl
out/target/product/vsoc_x86_64/system/usr/keylayout/Vendor_0738_Product_f738.kl
out/target/product/vsoc_x86_64/system/usr/keylayout/Vendor_07ff_Product_ffff.kl
out/target/product/vsoc_x86_64/system/usr/keylayout/Vendor_0957_Product_0001.kl
out/target/product/vsoc_x86_64/system/usr/keylayout/Vendor_0b05_Product_4500.kl
out/target/product/vsoc_x86_64/system/usr/keylayout/Vendor_0e6f_Product_0113.kl
out/target/product/vsoc_x86_64/system/usr/keylayout/Vendor_0e6f_Product_011f.kl
out/target/product/vsoc_x86_64/system/usr/keylayout/Vendor_0e6f_Product_0131.kl
out/target/product/vsoc_x86_64/system/usr/keylayout/Vendor_0e6f_Product_0133.kl
out/target/product/vsoc_x86_64/system/usr/keylayout/Vendor_0e6f_Product_0139.kl
out/target/product/vsoc_x86_64/system/usr/keylayout/Vendor_0e6f_Product_013a.kl
out/target/product/vsoc_x86_64/system/usr/keylayout/Vendor_0e6f_Product_0146.kl
out/target/product/vsoc_x86_64/system/usr/keylayout/Vendor_0e6f_Product_0147.kl
out/target/product/vsoc_x86_64/system/usr/keylayout/Vendor_0e6f_Product_0161.kl
out/target/product/vsoc_x86_64/system/usr/keylayout/Vendor_0e6f_Product_0162.kl
out/target/product/vsoc_x86_64/system/usr/keylayout/Vendor_0e6f_Product_0163.kl
out/target/product/vsoc_x86_64/system/usr/keylayout/Vendor_0e6f_Product_0164.kl
out/target/product/vsoc_x86_64/system/usr/keylayout/Vendor_0e6f_Product_0165.kl
out/target/product/vsoc_x86_64/system/usr/keylayout/Vendor_0e6f_Product_0201.kl
out/target/product/vsoc_x86_64/system/usr/keylayout/Vendor_0e6f_Product_0213.kl
out/target/product/vsoc_x86_64/system/usr/keylayout/Vendor_0e6f_Product_021f.kl
out/target/product/vsoc_x86_64/system/usr/keylayout/Vendor_0e6f_Product_0246.kl
out/target/product/vsoc_x86_64/system/usr/keylayout/Vendor_0e6f_Product_02a4.kl
out/target/product/vsoc_x86_64/system/usr/keylayout/Vendor_0e6f_Product_02a6.kl
out/target/product/vsoc_x86_64/system/usr/keylayout/Vendor_0e6f_Product_02ab.kl
out/target/product/vsoc_x86_64/system/usr/keylayout/Vendor_0e6f_Product_0301.kl
out/target/product/vsoc_x86_64/system/usr/keylayout/Vendor_0e6f_Product_0346.kl
out/target/product/vsoc_x86_64/system/usr/keylayout/Vendor_0e6f_Product_0401.kl
out/target/product/vsoc_x86_64/system/usr/keylayout/Vendor_0e6f_Product_0413.kl
out/target/product/vsoc_x86_64/system/usr/keylayout/Vendor_0e6f_Product_0501.kl
out/target/product/vsoc_x86_64/system/usr/keylayout/Vendor_0e6f_Product_f900.kl
out/target/product/vsoc_x86_64/system/usr/keylayout/Vendor_0f0d_Product_000a.kl
out/target/product/vsoc_x86_64/system/usr/keylayout/Vendor_0f0d_Product_000c.kl
out/target/product/vsoc_x86_64/system/usr/keylayout/Vendor_0f0d_Product_0067.kl
out/target/product/vsoc_x86_64/system/usr/keylayout/Vendor_0f0d_Product_00c1.kl
out/target/product/vsoc_x86_64/system/usr/keylayout/Vendor_1038_Product_1412.kl
out/target/product/vsoc_x86_64/system/usr/keylayout/Vendor_1038_Product_1430.kl
out/target/product/vsoc_x86_64/system/usr/keylayout/Vendor_1038_Product_1431.kl
out/target/product/vsoc_x86_64/system/usr/keylayout/Vendor_11c9_Product_55f0.kl
out/target/product/vsoc_x86_64/system/usr/keylayout/Vendor_12ab_Product_0301.kl
out/target/product/vsoc_x86_64/system/usr/keylayout/Vendor_12bd_Product_d015.kl
out/target/product/vsoc_x86_64/system/usr/keylayout/Vendor_1430_Product_4748.kl
out/target/product/vsoc_x86_64/system/usr/keylayout/Vendor_1430_Product_f801.kl
out/target/product/vsoc_x86_64/system/usr/keylayout/Vendor_146b_Product_0601.kl
out/target/product/vsoc_x86_64/system/usr/keylayout/Vendor_1532_Product_0037.kl
out/target/product/vsoc_x86_64/system/usr/keylayout/Vendor_1532_Product_0705.kl
out/target/product/vsoc_x86_64/system/usr/keylayout/Vendor_1532_Product_0707.kl
out/target/product/vsoc_x86_64/system/usr/keylayout/Vendor_1532_Product_0709.kl
out/target/product/vsoc_x86_64/system/usr/keylayout/Vendor_1532_Product_0900.kl
out/target/product/vsoc_x86_64/system/usr/keylayout/Vendor_1532_Product_0a03.kl
out/target/product/vsoc_x86_64/system/usr/keylayout/Vendor_1532_Product_1004.kl
out/target/product/vsoc_x86_64/system/usr/keylayout/Vendor_1532_Product_1007.kl
out/target/product/vsoc_x86_64/system/usr/keylayout/Vendor_1532_Product_1009.kl
out/target/product/vsoc_x86_64/system/usr/keylayout/Vendor_1532_Product_100a.kl
out/target/product/vsoc_x86_64/system/usr/keylayout/Vendor_15e4_Product_3f00.kl
out/target/product/vsoc_x86_64/system/usr/keylayout/Vendor_15e4_Product_3f0a.kl
out/target/product/vsoc_x86_64/system/usr/keylayout/Vendor_15e4_Product_3f10.kl
out/target/product/vsoc_x86_64/system/usr/keylayout/Vendor_162e_Product_beef.kl
out/target/product/vsoc_x86_64/system/usr/keylayout/Vendor_1689_Product_fd00.kl
out/target/product/vsoc_x86_64/system/usr/keylayout/Vendor_1689_Product_fd01.kl
out/target/product/vsoc_x86_64/system/usr/keylayout/Vendor_1689_Product_fe00.kl
out/target/product/vsoc_x86_64/system/usr/keylayout/Vendor_18d1_Product_0200.kl
out/target/product/vsoc_x86_64/system/usr/keylayout/Vendor_18d1_Product_2c40.kl
out/target/product/vsoc_x86_64/system/usr/keylayout/Vendor_18d1_Product_5018.kl
out/target/product/vsoc_x86_64/system/usr/keylayout/Vendor_1949_Product_0401.kl
out/target/product/vsoc_x86_64/system/usr/keylayout/Vendor_1bad_Product_0002.kl
out/target/product/vsoc_x86_64/system/usr/keylayout/Vendor_1bad_Product_f016.kl
out/target/product/vsoc_x86_64/system/usr/keylayout/Vendor_1bad_Product_f021.kl
out/target/product/vsoc_x86_64/system/usr/keylayout/Vendor_1bad_Product_f023.kl
out/target/product/vsoc_x86_64/system/usr/keylayout/Vendor_1bad_Product_f025.kl
out/target/product/vsoc_x86_64/system/usr/keylayout/Vendor_1bad_Product_f027.kl
out/target/product/vsoc_x86_64/system/usr/keylayout/Vendor_1bad_Product_f028.kl
out/target/product/vsoc_x86_64/system/usr/keylayout/Vendor_1bad_Product_f036.kl
out/target/product/vsoc_x86_64/system/usr/keylayout/Vendor_1bad_Product_f038.kl
out/target/product/vsoc_x86_64/system/usr/keylayout/Vendor_1bad_Product_f501.kl
out/target/product/vsoc_x86_64/system/usr/keylayout/Vendor_1bad_Product_f506.kl
out/target/product/vsoc_x86_64/system/usr/keylayout/Vendor_1bad_Product_f900.kl
out/target/product/vsoc_x86_64/system/usr/keylayout/Vendor_1bad_Product_f901.kl
out/target/product/vsoc_x86_64/system/usr/keylayout/Vendor_1bad_Product_f903.kl
out/target/product/vsoc_x86_64/system/usr/keylayout/Vendor_1bad_Product_f904.kl
out/target/product/vsoc_x86_64/system/usr/keylayout/Vendor_1bad_Product_fa01.kl
out/target/product/vsoc_x86_64/system/usr/keylayout/Vendor_1bad_Product_fd00.kl
out/target/product/vsoc_x86_64/system/usr/keylayout/Vendor_1bad_Product_fd01.kl
out/target/product/vsoc_x86_64/system/usr/keylayout/Vendor_1d79_Product_0009.kl
out/target/product/vsoc_x86_64/system/usr/keylayout/Vendor_22b8_Product_093d.kl
out/target/product/vsoc_x86_64/system/usr/keylayout/Vendor_2378_Product_1008.kl
out/target/product/vsoc_x86_64/system/usr/keylayout/Vendor_2378_Product_100a.kl
out/target/product/vsoc_x86_64/system/usr/keylayout/Vendor_24c6_Product_5300.kl
out/target/product/vsoc_x86_64/system/usr/keylayout/Vendor_24c6_Product_5303.kl
out/target/product/vsoc_x86_64/system/usr/keylayout/Vendor_24c6_Product_530a.kl
out/target/product/vsoc_x86_64/system/usr/keylayout/Vendor_24c6_Product_531a.kl
out/target/product/vsoc_x86_64/system/usr/keylayout/Vendor_24c6_Product_5397.kl
out/target/product/vsoc_x86_64/system/usr/keylayout/Vendor_24c6_Product_541a.kl
out/target/product/vsoc_x86_64/system/usr/keylayout/Vendor_24c6_Product_542a.kl
out/target/product/vsoc_x86_64/system/usr/keylayout/Vendor_24c6_Product_543a.kl
out/target/product/vsoc_x86_64/system/usr/keylayout/Vendor_24c6_Product_5500.kl
out/target/product/vsoc_x86_64/system/usr/keylayout/Vendor_24c6_Product_5501.kl
out/target/product/vsoc_x86_64/system/usr/keylayout/Vendor_24c6_Product_5506.kl
out/target/product/vsoc_x86_64/system/usr/keylayout/Vendor_24c6_Product_550d.kl
out/target/product/vsoc_x86_64/system/usr/keylayout/Vendor_24c6_Product_551a.kl
out/target/product/vsoc_x86_64/system/usr/keylayout/Vendor_24c6_Product_561a.kl
out/target/product/vsoc_x86_64/system/usr/keylayout/Vendor_24c6_Product_5b02.kl
out/target/product/vsoc_x86_64/system/usr/keylayout/Vendor_24c6_Product_5d04.kl
out/target/product/vsoc_x86_64/system/usr/keylayout/Vendor_24c6_Product_fafe.kl
out/target/product/vsoc_x86_64/system/usr/keylayout/Vendor_27f8_Product_0bbe.kl
out/target/product/vsoc_x86_64/system/usr/keylayout/Vendor_27f8_Product_0bbf.kl
out/target/product/vsoc_x86_64/system/usr/keylayout/Vendor_28de_Product_1102.kl
out/target/product/vsoc_x86_64/system/usr/keylayout/Vendor_2dc8_Product_6101.kl
out/target/product/vsoc_x86_64/system/usr/keylayout/Vendor_2e95_Product_7725.kl
out/target/product/vsoc_x86_64/system/usr/keylayout/idroid_con.kl
out/target/product/vsoc_x86_64/system/usr/keylayout/qwerty.kl
out/target/product/vsoc_x86_64/system/vendor
out/target/product/vsoc_x86_64/system_ext/etc/NOTICE.xml.gz
out/target/product/vsoc_x86_64/system_other/system-other-odex-marker
out/target/product/vsoc_x86_64/vendor/bin/init.insmod.sh
out/target/product/vsoc_x86_64/vendor/etc/NOTICE.xml.gz
out/target/product/vsoc_x86_64/vendor/etc/audio_effects.xml
out/target/product/vsoc_x86_64/vendor/etc/audio_policy_configuration.xml
out/target/product/vsoc_x86_64/vendor/etc/audio_policy_volumes.xml
out/target/product/vsoc_x86_64/vendor/etc/bluetooth/controller_properties.json
out/target/product/vsoc_x86_64/vendor/etc/config/emu_camera_back.json
out/target/product/vsoc_x86_64/vendor/etc/config/emu_camera_depth.json
out/target/product/vsoc_x86_64/vendor/etc/config/emu_camera_front.json
out/target/product/vsoc_x86_64/vendor/etc/default_volume_tables.xml
out/target/product/vsoc_x86_64/vendor/etc/fstab.ext4
out/target/product/vsoc_x86_64/vendor/etc/fstab.f2fs
out/target/product/vsoc_x86_64/vendor/etc/init/hw/init.cutf_cvm.rc
out/target/product/vsoc_x86_64/vendor/etc/media_codecs.xml
out/target/product/vsoc_x86_64/vendor/etc/media_codecs_google_audio.xml
out/target/product/vsoc_x86_64/vendor/etc/media_codecs_google_telephony.xml
out/target/product/vsoc_x86_64/vendor/etc/media_codecs_google_video.xml
out/target/product/vsoc_x86_64/vendor/etc/media_codecs_performance.xml
out/target/product/vsoc_x86_64/vendor/etc/media_profiles_V1_0.xml
out/target/product/vsoc_x86_64/vendor/etc/permissions/android.hardware.audio.low_latency.xml
out/target/product/vsoc_x86_64/vendor/etc/permissions/android.hardware.biometrics.face.xml
out/target/product/vsoc_x86_64/vendor/etc/permissions/android.hardware.bluetooth.xml
out/target/product/vsoc_x86_64/vendor/etc/permissions/android.hardware.bluetooth_le.xml
out/target/product/vsoc_x86_64/vendor/etc/permissions/android.hardware.camera.concurrent.xml
out/target/product/vsoc_x86_64/vendor/etc/permissions/android.hardware.camera.flash-autofocus.xml
out/target/product/vsoc_x86_64/vendor/etc/permissions/android.hardware.camera.front.xml
out/target/product/vsoc_x86_64/vendor/etc/permissions/android.hardware.camera.full.xml
out/target/product/vsoc_x86_64/vendor/etc/permissions/android.hardware.camera.raw.xml
out/target/product/vsoc_x86_64/vendor/etc/permissions/android.hardware.ethernet.xml
out/target/product/vsoc_x86_64/vendor/etc/permissions/android.hardware.faketouch.xml
out/target/product/vsoc_x86_64/vendor/etc/permissions/android.hardware.fingerprint.xml
out/target/product/vsoc_x86_64/vendor/etc/permissions/android.hardware.location.gps.xml
out/target/product/vsoc_x86_64/vendor/etc/permissions/android.hardware.reboot_escrow.xml
out/target/product/vsoc_x86_64/vendor/etc/permissions/android.hardware.sensor.ambient_temperature.xml
out/target/product/vsoc_x86_64/vendor/etc/permissions/android.hardware.sensor.barometer.xml
out/target/product/vsoc_x86_64/vendor/etc/permissions/android.hardware.sensor.gyroscope.xml
out/target/product/vsoc_x86_64/vendor/etc/permissions/android.hardware.sensor.hinge_angle.xml
out/target/product/vsoc_x86_64/vendor/etc/permissions/android.hardware.sensor.light.xml
out/target/product/vsoc_x86_64/vendor/etc/permissions/android.hardware.sensor.proximity.xml
out/target/product/vsoc_x86_64/vendor/etc/permissions/android.hardware.sensor.relative_humidity.xml
out/target/product/vsoc_x86_64/vendor/etc/permissions/android.hardware.telephony.gsm.xml
out/target/product/vsoc_x86_64/vendor/etc/permissions/android.hardware.telephony.ims.xml
out/target/product/vsoc_x86_64/vendor/etc/permissions/android.hardware.usb.accessory.xml
out/target/product/vsoc_x86_64/vendor/etc/permissions/android.hardware.usb.host.xml
out/target/product/vsoc_x86_64/vendor/etc/permissions/android.hardware.vulkan.level.xml
out/target/product/vsoc_x86_64/vendor/etc/permissions/android.hardware.vulkan.version.xml
out/target/product/vsoc_x86_64/vendor/etc/permissions/android.hardware.wifi.passpoint.xml
out/target/product/vsoc_x86_64/vendor/etc/permissions/android.hardware.wifi.xml
out/target/product/vsoc_x86_64/vendor/etc/permissions/android.software.device_id_attestation.xml
out/target/product/vsoc_x86_64/vendor/etc/permissions/android.software.ipsec_tunnels.xml
out/target/product/vsoc_x86_64/vendor/etc/permissions/android.software.opengles.deqp.level.xml
out/target/product/vsoc_x86_64/vendor/etc/permissions/android.software.sip.voip.xml
out/target/product/vsoc_x86_64/vendor/etc/permissions/android.software.verified_boot.xml
out/target/product/vsoc_x86_64/vendor/etc/permissions/android.software.vulkan.deqp.level.xml
out/target/product/vsoc_x86_64/vendor/etc/permissions/aosp_excluded_hardware.xml
out/target/product/vsoc_x86_64/vendor/etc/permissions/cuttlefish_excluded_hardware.xml
out/target/product/vsoc_x86_64/vendor/etc/permissions/handheld_core_hardware.xml
out/target/product/vsoc_x86_64/vendor/etc/permissions/privapp-permissions-cuttlefish.xml
out/target/product/vsoc_x86_64/vendor/etc/primary_audio_policy_configuration.xml
out/target/product/vsoc_x86_64/vendor/etc/r_submix_audio_policy_configuration.xml
out/target/product/vsoc_x86_64/vendor/etc/surround_sound_configuration_5_0.xml
out/target/product/vsoc_x86_64/vendor/etc/task_profiles.json
out/target/product/vsoc_x86_64/vendor/etc/wifi/wpa_supplicant.conf
out/target/product/vsoc_x86_64/vendor/etc/wifi/wpa_supplicant_overlay.conf
out/target/product/vsoc_x86_64/vendor/lib/modules
out/target/product/vsoc_x86_64/vendor/odm
out/target/product/vsoc_x86_64/vendor/ueventd.rc
out/target/product/vsoc_x86_64/vendor/usr/idc/Crosvm_Virtio_Multitouch_Touchscreen.idc
out/target/product/vsoc_x86_64/vendor_dlkm/etc/NOTICE.xml.gz
