out/soong/.intermediates/frameworks/av/media/libaudioclient/audioflinger-aidl-cpp/android_x86_64_static/obj/.intermediates/frameworks/av/media/libaudioclient/audioflinger-aidl-cpp-source/gen/android/media/CreateEffectRequest.o
out/soong/.intermediates/frameworks/av/media/libaudioclient/audioflinger-aidl-cpp/android_x86_64_static/obj/.intermediates/frameworks/av/media/libaudioclient/audioflinger-aidl-cpp-source/gen/android/media/CreateEffectRequest.tidy
out/soong/.intermediates/frameworks/av/media/libaudioclient/audioflinger-aidl-cpp/android_x86_64_static/obj/.intermediates/frameworks/av/media/libaudioclient/audioflinger-aidl-cpp-source/gen/android/media/CreateEffectResponse.o
out/soong/.intermediates/frameworks/av/media/libaudioclient/audioflinger-aidl-cpp/android_x86_64_static/obj/.intermediates/frameworks/av/media/libaudioclient/audioflinger-aidl-cpp-source/gen/android/media/CreateEffectResponse.tidy
out/soong/.intermediates/frameworks/av/media/libaudioclient/audioflinger-aidl-cpp/android_x86_64_static/obj/.intermediates/frameworks/av/media/libaudioclient/audioflinger-aidl-cpp-source/gen/android/media/CreateRecordRequest.o
out/soong/.intermediates/frameworks/av/media/libaudioclient/audioflinger-aidl-cpp/android_x86_64_static/obj/.intermediates/frameworks/av/media/libaudioclient/audioflinger-aidl-cpp-source/gen/android/media/CreateRecordRequest.tidy
out/soong/.intermediates/frameworks/av/media/libaudioclient/audioflinger-aidl-cpp/android_x86_64_static/obj/.intermediates/frameworks/av/media/libaudioclient/audioflinger-aidl-cpp-source/gen/android/media/CreateRecordResponse.o
out/soong/.intermediates/frameworks/av/media/libaudioclient/audioflinger-aidl-cpp/android_x86_64_static/obj/.intermediates/frameworks/av/media/libaudioclient/audioflinger-aidl-cpp-source/gen/android/media/CreateRecordResponse.tidy
out/soong/.intermediates/frameworks/av/media/libaudioclient/audioflinger-aidl-cpp/android_x86_64_static/obj/.intermediates/frameworks/av/media/libaudioclient/audioflinger-aidl-cpp-source/gen/android/media/CreateTrackRequest.o
out/soong/.intermediates/frameworks/av/media/libaudioclient/audioflinger-aidl-cpp/android_x86_64_static/obj/.intermediates/frameworks/av/media/libaudioclient/audioflinger-aidl-cpp-source/gen/android/media/CreateTrackRequest.tidy
out/soong/.intermediates/frameworks/av/media/libaudioclient/audioflinger-aidl-cpp/android_x86_64_static/obj/.intermediates/frameworks/av/media/libaudioclient/audioflinger-aidl-cpp-source/gen/android/media/CreateTrackResponse.o
out/soong/.intermediates/frameworks/av/media/libaudioclient/audioflinger-aidl-cpp/android_x86_64_static/obj/.intermediates/frameworks/av/media/libaudioclient/audioflinger-aidl-cpp-source/gen/android/media/CreateTrackResponse.tidy
out/soong/.intermediates/frameworks/av/media/libaudioclient/audioflinger-aidl-cpp/android_x86_64_static/obj/.intermediates/frameworks/av/media/libaudioclient/audioflinger-aidl-cpp-source/gen/android/media/IAudioFlingerClient.o
out/soong/.intermediates/frameworks/av/media/libaudioclient/audioflinger-aidl-cpp/android_x86_64_static/obj/.intermediates/frameworks/av/media/libaudioclient/audioflinger-aidl-cpp-source/gen/android/media/IAudioFlingerClient.tidy
out/soong/.intermediates/frameworks/av/media/libaudioclient/audioflinger-aidl-cpp/android_x86_64_static/obj/.intermediates/frameworks/av/media/libaudioclient/audioflinger-aidl-cpp-source/gen/android/media/IAudioFlingerService.o
out/soong/.intermediates/frameworks/av/media/libaudioclient/audioflinger-aidl-cpp/android_x86_64_static/obj/.intermediates/frameworks/av/media/libaudioclient/audioflinger-aidl-cpp-source/gen/android/media/IAudioFlingerService.tidy
out/soong/.intermediates/frameworks/av/media/libaudioclient/audioflinger-aidl-cpp/android_x86_64_static/obj/.intermediates/frameworks/av/media/libaudioclient/audioflinger-aidl-cpp-source/gen/android/media/IAudioRecord.o
out/soong/.intermediates/frameworks/av/media/libaudioclient/audioflinger-aidl-cpp/android_x86_64_static/obj/.intermediates/frameworks/av/media/libaudioclient/audioflinger-aidl-cpp-source/gen/android/media/IAudioRecord.tidy
out/soong/.intermediates/frameworks/av/media/libaudioclient/audioflinger-aidl-cpp/android_x86_64_static/obj/.intermediates/frameworks/av/media/libaudioclient/audioflinger-aidl-cpp-source/gen/android/media/IAudioTrack.o
out/soong/.intermediates/frameworks/av/media/libaudioclient/audioflinger-aidl-cpp/android_x86_64_static/obj/.intermediates/frameworks/av/media/libaudioclient/audioflinger-aidl-cpp-source/gen/android/media/IAudioTrack.tidy
out/soong/.intermediates/frameworks/av/media/libaudioclient/audioflinger-aidl-cpp/android_x86_64_static/obj/.intermediates/frameworks/av/media/libaudioclient/audioflinger-aidl-cpp-source/gen/android/media/IAudioTrackCallback.o
out/soong/.intermediates/frameworks/av/media/libaudioclient/audioflinger-aidl-cpp/android_x86_64_static/obj/.intermediates/frameworks/av/media/libaudioclient/audioflinger-aidl-cpp-source/gen/android/media/IAudioTrackCallback.tidy
out/soong/.intermediates/frameworks/av/media/libaudioclient/audioflinger-aidl-cpp/android_x86_64_static/obj/.intermediates/frameworks/av/media/libaudioclient/audioflinger-aidl-cpp-source/gen/android/media/OpenInputRequest.o
out/soong/.intermediates/frameworks/av/media/libaudioclient/audioflinger-aidl-cpp/android_x86_64_static/obj/.intermediates/frameworks/av/media/libaudioclient/audioflinger-aidl-cpp-source/gen/android/media/OpenInputRequest.tidy
out/soong/.intermediates/frameworks/av/media/libaudioclient/audioflinger-aidl-cpp/android_x86_64_static/obj/.intermediates/frameworks/av/media/libaudioclient/audioflinger-aidl-cpp-source/gen/android/media/OpenInputResponse.o
out/soong/.intermediates/frameworks/av/media/libaudioclient/audioflinger-aidl-cpp/android_x86_64_static/obj/.intermediates/frameworks/av/media/libaudioclient/audioflinger-aidl-cpp-source/gen/android/media/OpenInputResponse.tidy
out/soong/.intermediates/frameworks/av/media/libaudioclient/audioflinger-aidl-cpp/android_x86_64_static/obj/.intermediates/frameworks/av/media/libaudioclient/audioflinger-aidl-cpp-source/gen/android/media/OpenOutputRequest.o
out/soong/.intermediates/frameworks/av/media/libaudioclient/audioflinger-aidl-cpp/android_x86_64_static/obj/.intermediates/frameworks/av/media/libaudioclient/audioflinger-aidl-cpp-source/gen/android/media/OpenOutputRequest.tidy
out/soong/.intermediates/frameworks/av/media/libaudioclient/audioflinger-aidl-cpp/android_x86_64_static/obj/.intermediates/frameworks/av/media/libaudioclient/audioflinger-aidl-cpp-source/gen/android/media/OpenOutputResponse.o
out/soong/.intermediates/frameworks/av/media/libaudioclient/audioflinger-aidl-cpp/android_x86_64_static/obj/.intermediates/frameworks/av/media/libaudioclient/audioflinger-aidl-cpp-source/gen/android/media/OpenOutputResponse.tidy
out/soong/.intermediates/frameworks/av/media/libaudioclient/audioflinger-aidl-cpp/android_x86_64_static/obj/.intermediates/frameworks/av/media/libaudioclient/audioflinger-aidl-cpp-source/gen/android/media/RenderPosition.o
out/soong/.intermediates/frameworks/av/media/libaudioclient/audioflinger-aidl-cpp/android_x86_64_static/obj/.intermediates/frameworks/av/media/libaudioclient/audioflinger-aidl-cpp-source/gen/android/media/RenderPosition.tidy