out/soong/.intermediates/frameworks/av/media/libaudioclient/audiopolicy-types-aidl-cpp/android_x86_x86_64_static/obj/.intermediates/frameworks/av/media/libaudioclient/audiopolicy-types-aidl-cpp-source/gen/android/media/AudioAttributesEx.o
out/soong/.intermediates/frameworks/av/media/libaudioclient/audiopolicy-types-aidl-cpp/android_x86_x86_64_static/obj/.intermediates/frameworks/av/media/libaudioclient/audiopolicy-types-aidl-cpp-source/gen/android/media/AudioAttributesEx.tidy
out/soong/.intermediates/frameworks/av/media/libaudioclient/audiopolicy-types-aidl-cpp/android_x86_x86_64_static/obj/.intermediates/frameworks/av/media/libaudioclient/audiopolicy-types-aidl-cpp-source/gen/android/media/AudioMix.o
out/soong/.intermediates/frameworks/av/media/libaudioclient/audiopolicy-types-aidl-cpp/android_x86_x86_64_static/obj/.intermediates/frameworks/av/media/libaudioclient/audiopolicy-types-aidl-cpp-source/gen/android/media/AudioMix.tidy
out/soong/.intermediates/frameworks/av/media/libaudioclient/audiopolicy-types-aidl-cpp/android_x86_x86_64_static/obj/.intermediates/frameworks/av/media/libaudioclient/audiopolicy-types-aidl-cpp-source/gen/android/media/AudioMixCallbackFlag.o
out/soong/.intermediates/frameworks/av/media/libaudioclient/audiopolicy-types-aidl-cpp/android_x86_x86_64_static/obj/.intermediates/frameworks/av/media/libaudioclient/audiopolicy-types-aidl-cpp-source/gen/android/media/AudioMixCallbackFlag.tidy
out/soong/.intermediates/frameworks/av/media/libaudioclient/audiopolicy-types-aidl-cpp/android_x86_x86_64_static/obj/.intermediates/frameworks/av/media/libaudioclient/audiopolicy-types-aidl-cpp-source/gen/android/media/AudioMixMatchCriterion.o
out/soong/.intermediates/frameworks/av/media/libaudioclient/audiopolicy-types-aidl-cpp/android_x86_x86_64_static/obj/.intermediates/frameworks/av/media/libaudioclient/audiopolicy-types-aidl-cpp-source/gen/android/media/AudioMixMatchCriterion.tidy
out/soong/.intermediates/frameworks/av/media/libaudioclient/audiopolicy-types-aidl-cpp/android_x86_x86_64_static/obj/.intermediates/frameworks/av/media/libaudioclient/audiopolicy-types-aidl-cpp-source/gen/android/media/AudioMixMatchCriterionValue.o
out/soong/.intermediates/frameworks/av/media/libaudioclient/audiopolicy-types-aidl-cpp/android_x86_x86_64_static/obj/.intermediates/frameworks/av/media/libaudioclient/audiopolicy-types-aidl-cpp-source/gen/android/media/AudioMixMatchCriterionValue.tidy
out/soong/.intermediates/frameworks/av/media/libaudioclient/audiopolicy-types-aidl-cpp/android_x86_x86_64_static/obj/.intermediates/frameworks/av/media/libaudioclient/audiopolicy-types-aidl-cpp-source/gen/android/media/AudioMixRouteFlag.o
out/soong/.intermediates/frameworks/av/media/libaudioclient/audiopolicy-types-aidl-cpp/android_x86_x86_64_static/obj/.intermediates/frameworks/av/media/libaudioclient/audiopolicy-types-aidl-cpp-source/gen/android/media/AudioMixRouteFlag.tidy
out/soong/.intermediates/frameworks/av/media/libaudioclient/audiopolicy-types-aidl-cpp/android_x86_x86_64_static/obj/.intermediates/frameworks/av/media/libaudioclient/audiopolicy-types-aidl-cpp-source/gen/android/media/AudioMixType.o
out/soong/.intermediates/frameworks/av/media/libaudioclient/audiopolicy-types-aidl-cpp/android_x86_x86_64_static/obj/.intermediates/frameworks/av/media/libaudioclient/audiopolicy-types-aidl-cpp-source/gen/android/media/AudioMixType.tidy
out/soong/.intermediates/frameworks/av/media/libaudioclient/audiopolicy-types-aidl-cpp/android_x86_x86_64_static/obj/.intermediates/frameworks/av/media/libaudioclient/audiopolicy-types-aidl-cpp-source/gen/android/media/AudioOffloadMode.o
out/soong/.intermediates/frameworks/av/media/libaudioclient/audiopolicy-types-aidl-cpp/android_x86_x86_64_static/obj/.intermediates/frameworks/av/media/libaudioclient/audiopolicy-types-aidl-cpp-source/gen/android/media/AudioOffloadMode.tidy
out/soong/.intermediates/frameworks/av/media/libaudioclient/audiopolicy-types-aidl-cpp/android_x86_x86_64_static/obj/.intermediates/frameworks/av/media/libaudioclient/audiopolicy-types-aidl-cpp-source/gen/android/media/AudioPolicyDeviceState.o
out/soong/.intermediates/frameworks/av/media/libaudioclient/audiopolicy-types-aidl-cpp/android_x86_x86_64_static/obj/.intermediates/frameworks/av/media/libaudioclient/audiopolicy-types-aidl-cpp-source/gen/android/media/AudioPolicyDeviceState.tidy
out/soong/.intermediates/frameworks/av/media/libaudioclient/audiopolicy-types-aidl-cpp/android_x86_x86_64_static/obj/.intermediates/frameworks/av/media/libaudioclient/audiopolicy-types-aidl-cpp-source/gen/android/media/AudioPolicyForceUse.o
out/soong/.intermediates/frameworks/av/media/libaudioclient/audiopolicy-types-aidl-cpp/android_x86_x86_64_static/obj/.intermediates/frameworks/av/media/libaudioclient/audiopolicy-types-aidl-cpp-source/gen/android/media/AudioPolicyForceUse.tidy
out/soong/.intermediates/frameworks/av/media/libaudioclient/audiopolicy-types-aidl-cpp/android_x86_x86_64_static/obj/.intermediates/frameworks/av/media/libaudioclient/audiopolicy-types-aidl-cpp-source/gen/android/media/AudioPolicyForcedConfig.o
out/soong/.intermediates/frameworks/av/media/libaudioclient/audiopolicy-types-aidl-cpp/android_x86_x86_64_static/obj/.intermediates/frameworks/av/media/libaudioclient/audiopolicy-types-aidl-cpp-source/gen/android/media/AudioPolicyForcedConfig.tidy
out/soong/.intermediates/frameworks/av/media/libaudioclient/audiopolicy-types-aidl-cpp/android_x86_x86_64_static/obj/.intermediates/frameworks/av/media/libaudioclient/audiopolicy-types-aidl-cpp-source/gen/android/media/AudioProductStrategy.o
out/soong/.intermediates/frameworks/av/media/libaudioclient/audiopolicy-types-aidl-cpp/android_x86_x86_64_static/obj/.intermediates/frameworks/av/media/libaudioclient/audiopolicy-types-aidl-cpp-source/gen/android/media/AudioProductStrategy.tidy
out/soong/.intermediates/frameworks/av/media/libaudioclient/audiopolicy-types-aidl-cpp/android_x86_x86_64_static/obj/.intermediates/frameworks/av/media/libaudioclient/audiopolicy-types-aidl-cpp-source/gen/android/media/AudioVolumeGroup.o
out/soong/.intermediates/frameworks/av/media/libaudioclient/audiopolicy-types-aidl-cpp/android_x86_x86_64_static/obj/.intermediates/frameworks/av/media/libaudioclient/audiopolicy-types-aidl-cpp-source/gen/android/media/AudioVolumeGroup.tidy
out/soong/.intermediates/frameworks/av/media/libaudioclient/audiopolicy-types-aidl-cpp/android_x86_x86_64_static/obj/.intermediates/frameworks/av/media/libaudioclient/audiopolicy-types-aidl-cpp-source/gen/android/media/DeviceRole.o
out/soong/.intermediates/frameworks/av/media/libaudioclient/audiopolicy-types-aidl-cpp/android_x86_x86_64_static/obj/.intermediates/frameworks/av/media/libaudioclient/audiopolicy-types-aidl-cpp-source/gen/android/media/DeviceRole.tidy
out/soong/.intermediates/frameworks/av/media/libaudioclient/audiopolicy-types-aidl-cpp/android_x86_x86_64_static/obj/.intermediates/frameworks/av/media/libaudioclient/audiopolicy-types-aidl-cpp-source/gen/android/media/SoundTriggerSession.o
out/soong/.intermediates/frameworks/av/media/libaudioclient/audiopolicy-types-aidl-cpp/android_x86_x86_64_static/obj/.intermediates/frameworks/av/media/libaudioclient/audiopolicy-types-aidl-cpp-source/gen/android/media/SoundTriggerSession.tidy