out/soong/.intermediates/frameworks/av/services/mediametrics/libmediametricsservice/android_x86_64_static/obj/frameworks/av/services/mediametrics/AudioAnalytics.o
out/soong/.intermediates/frameworks/av/services/mediametrics/libmediametricsservice/android_x86_64_static/obj/frameworks/av/services/mediametrics/AudioAnalytics.tidy
out/soong/.intermediates/frameworks/av/services/mediametrics/libmediametricsservice/android_x86_64_static/obj/frameworks/av/services/mediametrics/AudioPowerUsage.o
out/soong/.intermediates/frameworks/av/services/mediametrics/libmediametricsservice/android_x86_64_static/obj/frameworks/av/services/mediametrics/AudioPowerUsage.tidy
out/soong/.intermediates/frameworks/av/services/mediametrics/libmediametricsservice/android_x86_64_static/obj/frameworks/av/services/mediametrics/AudioTypes.o
out/soong/.intermediates/frameworks/av/services/mediametrics/libmediametricsservice/android_x86_64_static/obj/frameworks/av/services/mediametrics/AudioTypes.tidy
out/soong/.intermediates/frameworks/av/services/mediametrics/libmediametricsservice/android_x86_64_static/obj/frameworks/av/services/mediametrics/MediaMetricsService.o
out/soong/.intermediates/frameworks/av/services/mediametrics/libmediametricsservice/android_x86_64_static/obj/frameworks/av/services/mediametrics/MediaMetricsService.tidy
out/soong/.intermediates/frameworks/av/services/mediametrics/libmediametricsservice/android_x86_64_static/obj/frameworks/av/services/mediametrics/StringUtils.o
out/soong/.intermediates/frameworks/av/services/mediametrics/libmediametricsservice/android_x86_64_static/obj/frameworks/av/services/mediametrics/StringUtils.tidy
out/soong/.intermediates/frameworks/av/services/mediametrics/libmediametricsservice/android_x86_64_static/obj/frameworks/av/services/mediametrics/cleaner.o
out/soong/.intermediates/frameworks/av/services/mediametrics/libmediametricsservice/android_x86_64_static/obj/frameworks/av/services/mediametrics/cleaner.tidy
out/soong/.intermediates/frameworks/av/services/mediametrics/libmediametricsservice/android_x86_64_static/obj/frameworks/av/services/mediametrics/iface_statsd.o
out/soong/.intermediates/frameworks/av/services/mediametrics/libmediametricsservice/android_x86_64_static/obj/frameworks/av/services/mediametrics/iface_statsd.tidy
out/soong/.intermediates/frameworks/av/services/mediametrics/libmediametricsservice/android_x86_64_static/obj/frameworks/av/services/mediametrics/statsd_audiopolicy.o
out/soong/.intermediates/frameworks/av/services/mediametrics/libmediametricsservice/android_x86_64_static/obj/frameworks/av/services/mediametrics/statsd_audiopolicy.tidy
out/soong/.intermediates/frameworks/av/services/mediametrics/libmediametricsservice/android_x86_64_static/obj/frameworks/av/services/mediametrics/statsd_audiorecord.o
out/soong/.intermediates/frameworks/av/services/mediametrics/libmediametricsservice/android_x86_64_static/obj/frameworks/av/services/mediametrics/statsd_audiorecord.tidy
out/soong/.intermediates/frameworks/av/services/mediametrics/libmediametricsservice/android_x86_64_static/obj/frameworks/av/services/mediametrics/statsd_audiothread.o
out/soong/.intermediates/frameworks/av/services/mediametrics/libmediametricsservice/android_x86_64_static/obj/frameworks/av/services/mediametrics/statsd_audiothread.tidy
out/soong/.intermediates/frameworks/av/services/mediametrics/libmediametricsservice/android_x86_64_static/obj/frameworks/av/services/mediametrics/statsd_audiotrack.o
out/soong/.intermediates/frameworks/av/services/mediametrics/libmediametricsservice/android_x86_64_static/obj/frameworks/av/services/mediametrics/statsd_audiotrack.tidy
out/soong/.intermediates/frameworks/av/services/mediametrics/libmediametricsservice/android_x86_64_static/obj/frameworks/av/services/mediametrics/statsd_codec.o
out/soong/.intermediates/frameworks/av/services/mediametrics/libmediametricsservice/android_x86_64_static/obj/frameworks/av/services/mediametrics/statsd_codec.tidy
out/soong/.intermediates/frameworks/av/services/mediametrics/libmediametricsservice/android_x86_64_static/obj/frameworks/av/services/mediametrics/statsd_drm.o
out/soong/.intermediates/frameworks/av/services/mediametrics/libmediametricsservice/android_x86_64_static/obj/frameworks/av/services/mediametrics/statsd_drm.tidy
out/soong/.intermediates/frameworks/av/services/mediametrics/libmediametricsservice/android_x86_64_static/obj/frameworks/av/services/mediametrics/statsd_extractor.o
out/soong/.intermediates/frameworks/av/services/mediametrics/libmediametricsservice/android_x86_64_static/obj/frameworks/av/services/mediametrics/statsd_extractor.tidy
out/soong/.intermediates/frameworks/av/services/mediametrics/libmediametricsservice/android_x86_64_static/obj/frameworks/av/services/mediametrics/statsd_mediaparser.o
out/soong/.intermediates/frameworks/av/services/mediametrics/libmediametricsservice/android_x86_64_static/obj/frameworks/av/services/mediametrics/statsd_mediaparser.tidy
out/soong/.intermediates/frameworks/av/services/mediametrics/libmediametricsservice/android_x86_64_static/obj/frameworks/av/services/mediametrics/statsd_nuplayer.o
out/soong/.intermediates/frameworks/av/services/mediametrics/libmediametricsservice/android_x86_64_static/obj/frameworks/av/services/mediametrics/statsd_nuplayer.tidy
out/soong/.intermediates/frameworks/av/services/mediametrics/libmediametricsservice/android_x86_64_static/obj/frameworks/av/services/mediametrics/statsd_recorder.o
out/soong/.intermediates/frameworks/av/services/mediametrics/libmediametricsservice/android_x86_64_static/obj/frameworks/av/services/mediametrics/statsd_recorder.tidy