out/soong/.intermediates/system/libsysprop/srcs/libPlatformProperties/android_x86_64_static_apex31/gen/sysprop/include/android/sysprop/AdbProperties.sysprop.h
out/soong/.intermediates/system/libsysprop/srcs/libPlatformProperties/android_x86_64_static_apex31/gen/sysprop/include/android/sysprop/ApkVerityProperties.sysprop.h
out/soong/.intermediates/system/libsysprop/srcs/libPlatformProperties/android_x86_64_static_apex31/gen/sysprop/include/android/sysprop/CarProperties.sysprop.h
out/soong/.intermediates/system/libsysprop/srcs/libPlatformProperties/android_x86_64_static_apex31/gen/sysprop/include/android/sysprop/ContactsProperties.sysprop.h
out/soong/.intermediates/system/libsysprop/srcs/libPlatformProperties/android_x86_64_static_apex31/gen/sysprop/include/android/sysprop/CryptoProperties.sysprop.h
out/soong/.intermediates/system/libsysprop/srcs/libPlatformProperties/android_x86_64_static_apex31/gen/sysprop/include/android/sysprop/DeviceProperties.sysprop.h
out/soong/.intermediates/system/libsysprop/srcs/libPlatformProperties/android_x86_64_static_apex31/gen/sysprop/include/android/sysprop/DisplayProperties.sysprop.h
out/soong/.intermediates/system/libsysprop/srcs/libPlatformProperties/android_x86_64_static_apex31/gen/sysprop/include/android/sysprop/HdmiProperties.sysprop.h
out/soong/.intermediates/system/libsysprop/srcs/libPlatformProperties/android_x86_64_static_apex31/gen/sysprop/include/android/sysprop/MediaProperties.sysprop.h
out/soong/.intermediates/system/libsysprop/srcs/libPlatformProperties/android_x86_64_static_apex31/gen/sysprop/include/android/sysprop/NetworkProperties.sysprop.h
out/soong/.intermediates/system/libsysprop/srcs/libPlatformProperties/android_x86_64_static_apex31/gen/sysprop/include/android/sysprop/OtaProperties.sysprop.h
out/soong/.intermediates/system/libsysprop/srcs/libPlatformProperties/android_x86_64_static_apex31/gen/sysprop/include/android/sysprop/PowerProperties.sysprop.h
out/soong/.intermediates/system/libsysprop/srcs/libPlatformProperties/android_x86_64_static_apex31/gen/sysprop/include/android/sysprop/SetupWizardProperties.sysprop.h
out/soong/.intermediates/system/libsysprop/srcs/libPlatformProperties/android_x86_64_static_apex31/gen/sysprop/include/android/sysprop/SocProperties.sysprop.h
out/soong/.intermediates/system/libsysprop/srcs/libPlatformProperties/android_x86_64_static_apex31/gen/sysprop/include/android/sysprop/TelephonyProperties.sysprop.h
out/soong/.intermediates/system/libsysprop/srcs/libPlatformProperties/android_x86_64_static_apex31/gen/sysprop/include/android/sysprop/TraceProperties.sysprop.h
out/soong/.intermediates/system/libsysprop/srcs/libPlatformProperties/android_x86_64_static_apex31/gen/sysprop/include/android/sysprop/VndkProperties.sysprop.h
out/soong/.intermediates/system/libsysprop/srcs/libPlatformProperties/android_x86_64_static_apex31/gen/sysprop/include/android/sysprop/VoldProperties.sysprop.h
out/soong/.intermediates/system/libsysprop/srcs/libPlatformProperties/android_x86_64_static_apex31/gen/sysprop/include/android/sysprop/WifiProperties.sysprop.h
out/soong/.intermediates/system/libsysprop/srcs/libPlatformProperties/android_x86_64_static_apex31/gen/sysprop/public/include/android/sysprop/AdbProperties.sysprop.h
out/soong/.intermediates/system/libsysprop/srcs/libPlatformProperties/android_x86_64_static_apex31/gen/sysprop/public/include/android/sysprop/ApkVerityProperties.sysprop.h
out/soong/.intermediates/system/libsysprop/srcs/libPlatformProperties/android_x86_64_static_apex31/gen/sysprop/public/include/android/sysprop/CarProperties.sysprop.h
out/soong/.intermediates/system/libsysprop/srcs/libPlatformProperties/android_x86_64_static_apex31/gen/sysprop/public/include/android/sysprop/ContactsProperties.sysprop.h
out/soong/.intermediates/system/libsysprop/srcs/libPlatformProperties/android_x86_64_static_apex31/gen/sysprop/public/include/android/sysprop/CryptoProperties.sysprop.h
out/soong/.intermediates/system/libsysprop/srcs/libPlatformProperties/android_x86_64_static_apex31/gen/sysprop/public/include/android/sysprop/DeviceProperties.sysprop.h
out/soong/.intermediates/system/libsysprop/srcs/libPlatformProperties/android_x86_64_static_apex31/gen/sysprop/public/include/android/sysprop/DisplayProperties.sysprop.h
out/soong/.intermediates/system/libsysprop/srcs/libPlatformProperties/android_x86_64_static_apex31/gen/sysprop/public/include/android/sysprop/HdmiProperties.sysprop.h
out/soong/.intermediates/system/libsysprop/srcs/libPlatformProperties/android_x86_64_static_apex31/gen/sysprop/public/include/android/sysprop/MediaProperties.sysprop.h
out/soong/.intermediates/system/libsysprop/srcs/libPlatformProperties/android_x86_64_static_apex31/gen/sysprop/public/include/android/sysprop/NetworkProperties.sysprop.h
out/soong/.intermediates/system/libsysprop/srcs/libPlatformProperties/android_x86_64_static_apex31/gen/sysprop/public/include/android/sysprop/OtaProperties.sysprop.h
out/soong/.intermediates/system/libsysprop/srcs/libPlatformProperties/android_x86_64_static_apex31/gen/sysprop/public/include/android/sysprop/PowerProperties.sysprop.h
out/soong/.intermediates/system/libsysprop/srcs/libPlatformProperties/android_x86_64_static_apex31/gen/sysprop/public/include/android/sysprop/SetupWizardProperties.sysprop.h
out/soong/.intermediates/system/libsysprop/srcs/libPlatformProperties/android_x86_64_static_apex31/gen/sysprop/public/include/android/sysprop/SocProperties.sysprop.h
out/soong/.intermediates/system/libsysprop/srcs/libPlatformProperties/android_x86_64_static_apex31/gen/sysprop/public/include/android/sysprop/TelephonyProperties.sysprop.h
out/soong/.intermediates/system/libsysprop/srcs/libPlatformProperties/android_x86_64_static_apex31/gen/sysprop/public/include/android/sysprop/TraceProperties.sysprop.h
out/soong/.intermediates/system/libsysprop/srcs/libPlatformProperties/android_x86_64_static_apex31/gen/sysprop/public/include/android/sysprop/VndkProperties.sysprop.h
out/soong/.intermediates/system/libsysprop/srcs/libPlatformProperties/android_x86_64_static_apex31/gen/sysprop/public/include/android/sysprop/VoldProperties.sysprop.h
out/soong/.intermediates/system/libsysprop/srcs/libPlatformProperties/android_x86_64_static_apex31/gen/sysprop/public/include/android/sysprop/WifiProperties.sysprop.h
out/soong/.intermediates/system/libsysprop/srcs/libPlatformProperties/android_x86_64_static_apex31/libPlatformProperties.a