out/soong/.intermediates/frameworks/proto_logging/stats/libstats_proto_host/linux_glibc_x86_64_shared/gen/proto/frameworks/proto_logging/stats/atom_field_options.pb.h
out/soong/.intermediates/frameworks/proto_logging/stats/libstats_proto_host/linux_glibc_x86_64_shared/gen/proto/frameworks/proto_logging/stats/atoms.pb.h
out/soong/.intermediates/frameworks/proto_logging/stats/libstats_proto_host/linux_glibc_x86_64_shared/gen/proto/frameworks/proto_logging/stats/enums/app/enums.pb.h
out/soong/.intermediates/frameworks/proto_logging/stats/libstats_proto_host/linux_glibc_x86_64_shared/gen/proto/frameworks/proto_logging/stats/enums/app/job/enums.pb.h
out/soong/.intermediates/frameworks/proto_logging/stats/libstats_proto_host/linux_glibc_x86_64_shared/gen/proto/frameworks/proto_logging/stats/enums/app/media_output_enum.pb.h
out/soong/.intermediates/frameworks/proto_logging/stats/libstats_proto_host/linux_glibc_x86_64_shared/gen/proto/frameworks/proto_logging/stats/enums/app/settings_enums.pb.h
out/soong/.intermediates/frameworks/proto_logging/stats/libstats_proto_host/linux_glibc_x86_64_shared/gen/proto/frameworks/proto_logging/stats/enums/app/tvsettings_enums.pb.h
out/soong/.intermediates/frameworks/proto_logging/stats/libstats_proto_host/linux_glibc_x86_64_shared/gen/proto/frameworks/proto_logging/stats/enums/bluetooth/a2dp/enums.pb.h
out/soong/.intermediates/frameworks/proto_logging/stats/libstats_proto_host/linux_glibc_x86_64_shared/gen/proto/frameworks/proto_logging/stats/enums/bluetooth/enums.pb.h
out/soong/.intermediates/frameworks/proto_logging/stats/libstats_proto_host/linux_glibc_x86_64_shared/gen/proto/frameworks/proto_logging/stats/enums/bluetooth/hci/enums.pb.h
out/soong/.intermediates/frameworks/proto_logging/stats/libstats_proto_host/linux_glibc_x86_64_shared/gen/proto/frameworks/proto_logging/stats/enums/bluetooth/hfp/enums.pb.h
out/soong/.intermediates/frameworks/proto_logging/stats/libstats_proto_host/linux_glibc_x86_64_shared/gen/proto/frameworks/proto_logging/stats/enums/bluetooth/smp/enums.pb.h
out/soong/.intermediates/frameworks/proto_logging/stats/libstats_proto_host/linux_glibc_x86_64_shared/gen/proto/frameworks/proto_logging/stats/enums/debug/enums.pb.h
out/soong/.intermediates/frameworks/proto_logging/stats/libstats_proto_host/linux_glibc_x86_64_shared/gen/proto/frameworks/proto_logging/stats/enums/hardware/biometrics/enums.pb.h
out/soong/.intermediates/frameworks/proto_logging/stats/libstats_proto_host/linux_glibc_x86_64_shared/gen/proto/frameworks/proto_logging/stats/enums/hardware/sensor/assist/enums.pb.h
out/soong/.intermediates/frameworks/proto_logging/stats/libstats_proto_host/linux_glibc_x86_64_shared/gen/proto/frameworks/proto_logging/stats/enums/net/enums.pb.h
out/soong/.intermediates/frameworks/proto_logging/stats/libstats_proto_host/linux_glibc_x86_64_shared/gen/proto/frameworks/proto_logging/stats/enums/os/enums.pb.h
out/soong/.intermediates/frameworks/proto_logging/stats/libstats_proto_host/linux_glibc_x86_64_shared/gen/proto/frameworks/proto_logging/stats/enums/server/connectivity/data_stall_event.pb.h
out/soong/.intermediates/frameworks/proto_logging/stats/libstats_proto_host/linux_glibc_x86_64_shared/gen/proto/frameworks/proto_logging/stats/enums/server/enums.pb.h
out/soong/.intermediates/frameworks/proto_logging/stats/libstats_proto_host/linux_glibc_x86_64_shared/gen/proto/frameworks/proto_logging/stats/enums/server/job/enums.pb.h
out/soong/.intermediates/frameworks/proto_logging/stats/libstats_proto_host/linux_glibc_x86_64_shared/gen/proto/frameworks/proto_logging/stats/enums/server/location/enums.pb.h
out/soong/.intermediates/frameworks/proto_logging/stats/libstats_proto_host/linux_glibc_x86_64_shared/gen/proto/frameworks/proto_logging/stats/enums/service/enums.pb.h
out/soong/.intermediates/frameworks/proto_logging/stats/libstats_proto_host/linux_glibc_x86_64_shared/gen/proto/frameworks/proto_logging/stats/enums/service/procstats_enum.pb.h
out/soong/.intermediates/frameworks/proto_logging/stats/libstats_proto_host/linux_glibc_x86_64_shared/gen/proto/frameworks/proto_logging/stats/enums/stats/accessibility/accessibility_enums.pb.h
out/soong/.intermediates/frameworks/proto_logging/stats/libstats_proto_host/linux_glibc_x86_64_shared/gen/proto/frameworks/proto_logging/stats/enums/stats/connectivity/network_stack.pb.h
out/soong/.intermediates/frameworks/proto_logging/stats/libstats_proto_host/linux_glibc_x86_64_shared/gen/proto/frameworks/proto_logging/stats/enums/stats/connectivity/tethering.pb.h
out/soong/.intermediates/frameworks/proto_logging/stats/libstats_proto_host/linux_glibc_x86_64_shared/gen/proto/frameworks/proto_logging/stats/enums/stats/devicepolicy/device_policy.pb.h
out/soong/.intermediates/frameworks/proto_logging/stats/libstats_proto_host/linux_glibc_x86_64_shared/gen/proto/frameworks/proto_logging/stats/enums/stats/devicepolicy/device_policy_enums.pb.h
out/soong/.intermediates/frameworks/proto_logging/stats/libstats_proto_host/linux_glibc_x86_64_shared/gen/proto/frameworks/proto_logging/stats/enums/stats/dnsresolver/dns_resolver.pb.h
out/soong/.intermediates/frameworks/proto_logging/stats/libstats_proto_host/linux_glibc_x86_64_shared/gen/proto/frameworks/proto_logging/stats/enums/stats/docsui/docsui_enums.pb.h
out/soong/.intermediates/frameworks/proto_logging/stats/libstats_proto_host/linux_glibc_x86_64_shared/gen/proto/frameworks/proto_logging/stats/enums/stats/enums.pb.h
out/soong/.intermediates/frameworks/proto_logging/stats/libstats_proto_host/linux_glibc_x86_64_shared/gen/proto/frameworks/proto_logging/stats/enums/stats/hdmi/enums.pb.h
out/soong/.intermediates/frameworks/proto_logging/stats/libstats_proto_host/linux_glibc_x86_64_shared/gen/proto/frameworks/proto_logging/stats/enums/stats/intelligence/enums.pb.h
out/soong/.intermediates/frameworks/proto_logging/stats/libstats_proto_host/linux_glibc_x86_64_shared/gen/proto/frameworks/proto_logging/stats/enums/stats/launcher/launcher.pb.h
out/soong/.intermediates/frameworks/proto_logging/stats/libstats_proto_host/linux_glibc_x86_64_shared/gen/proto/frameworks/proto_logging/stats/enums/stats/location/location_enums.pb.h
out/soong/.intermediates/frameworks/proto_logging/stats/libstats_proto_host/linux_glibc_x86_64_shared/gen/proto/frameworks/proto_logging/stats/enums/stats/mediametrics/mediametrics.pb.h
out/soong/.intermediates/frameworks/proto_logging/stats/libstats_proto_host/linux_glibc_x86_64_shared/gen/proto/frameworks/proto_logging/stats/enums/stats/mediaprovider/mediaprovider_enums.pb.h
out/soong/.intermediates/frameworks/proto_logging/stats/libstats_proto_host/linux_glibc_x86_64_shared/gen/proto/frameworks/proto_logging/stats/enums/stats/otaupdate/updateengine_enums.pb.h
out/soong/.intermediates/frameworks/proto_logging/stats/libstats_proto_host/linux_glibc_x86_64_shared/gen/proto/frameworks/proto_logging/stats/enums/stats/storage/storage_enums.pb.h
out/soong/.intermediates/frameworks/proto_logging/stats/libstats_proto_host/linux_glibc_x86_64_shared/gen/proto/frameworks/proto_logging/stats/enums/stats/style/style_enums.pb.h
out/soong/.intermediates/frameworks/proto_logging/stats/libstats_proto_host/linux_glibc_x86_64_shared/gen/proto/frameworks/proto_logging/stats/enums/stats/sysui/notification_enums.pb.h
out/soong/.intermediates/frameworks/proto_logging/stats/libstats_proto_host/linux_glibc_x86_64_shared/gen/proto/frameworks/proto_logging/stats/enums/stats/textclassifier/textclassifier_enums.pb.h
out/soong/.intermediates/frameworks/proto_logging/stats/libstats_proto_host/linux_glibc_x86_64_shared/gen/proto/frameworks/proto_logging/stats/enums/stats/tls/enums.pb.h
out/soong/.intermediates/frameworks/proto_logging/stats/libstats_proto_host/linux_glibc_x86_64_shared/gen/proto/frameworks/proto_logging/stats/enums/stats/tv/tif_enums.pb.h
out/soong/.intermediates/frameworks/proto_logging/stats/libstats_proto_host/linux_glibc_x86_64_shared/gen/proto/frameworks/proto_logging/stats/enums/stats/wm/enums.pb.h
out/soong/.intermediates/frameworks/proto_logging/stats/libstats_proto_host/linux_glibc_x86_64_shared/gen/proto/frameworks/proto_logging/stats/enums/system/security/keystore2/enums.pb.h
out/soong/.intermediates/frameworks/proto_logging/stats/libstats_proto_host/linux_glibc_x86_64_shared/gen/proto/frameworks/proto_logging/stats/enums/telecomm/enums.pb.h
out/soong/.intermediates/frameworks/proto_logging/stats/libstats_proto_host/linux_glibc_x86_64_shared/gen/proto/frameworks/proto_logging/stats/enums/telephony/enums.pb.h
out/soong/.intermediates/frameworks/proto_logging/stats/libstats_proto_host/linux_glibc_x86_64_shared/gen/proto/frameworks/proto_logging/stats/enums/view/enums.pb.h
out/soong/.intermediates/frameworks/proto_logging/stats/libstats_proto_host/linux_glibc_x86_64_shared/gen/proto/frameworks/proto_logging/stats/enums/wifi/enums.pb.h
out/soong/.intermediates/frameworks/proto_logging/stats/libstats_proto_host/linux_glibc_x86_64_shared/gen/proto/frameworks/proto_logging/stats/message/mediametrics_message.pb.h
out/soong/.intermediates/frameworks/proto_logging/stats/libstats_proto_host/linux_glibc_x86_64_shared/libstats_proto_host.so
out/soong/.intermediates/frameworks/proto_logging/stats/libstats_proto_host/linux_glibc_x86_64_shared/libstats_proto_host.so.toc