out/soong/.intermediates/system/core/libutils/libutils/android_x86_64_static_apex30/libutils.a
out/soong/.intermediates/system/core/libutils/libutils/android_x86_64_static_apex30/obj/system/core/libutils/Errors.sdump
out/soong/.intermediates/system/core/libutils/libutils/android_x86_64_static_apex30/obj/system/core/libutils/FileMap.sdump
out/soong/.intermediates/system/core/libutils/libutils/android_x86_64_static_apex30/obj/system/core/libutils/JenkinsHash.sdump
out/soong/.intermediates/system/core/libutils/libutils/android_x86_64_static_apex30/obj/system/core/libutils/LightRefBase.sdump
out/soong/.intermediates/system/core/libutils/libutils/android_x86_64_static_apex30/obj/system/core/libutils/Looper.sdump
out/soong/.intermediates/system/core/libutils/libutils/android_x86_64_static_apex30/obj/system/core/libutils/NativeHandle.sdump
out/soong/.intermediates/system/core/libutils/libutils/android_x86_64_static_apex30/obj/system/core/libutils/Printer.sdump
out/soong/.intermediates/system/core/libutils/libutils/android_x86_64_static_apex30/obj/system/core/libutils/RefBase.sdump
out/soong/.intermediates/system/core/libutils/libutils/android_x86_64_static_apex30/obj/system/core/libutils/SharedBuffer.sdump
out/soong/.intermediates/system/core/libutils/libutils/android_x86_64_static_apex30/obj/system/core/libutils/StopWatch.sdump
out/soong/.intermediates/system/core/libutils/libutils/android_x86_64_static_apex30/obj/system/core/libutils/String16.sdump
out/soong/.intermediates/system/core/libutils/libutils/android_x86_64_static_apex30/obj/system/core/libutils/String8.sdump
out/soong/.intermediates/system/core/libutils/libutils/android_x86_64_static_apex30/obj/system/core/libutils/StrongPointer.sdump
out/soong/.intermediates/system/core/libutils/libutils/android_x86_64_static_apex30/obj/system/core/libutils/SystemClock.sdump
out/soong/.intermediates/system/core/libutils/libutils/android_x86_64_static_apex30/obj/system/core/libutils/Threads.sdump
out/soong/.intermediates/system/core/libutils/libutils/android_x86_64_static_apex30/obj/system/core/libutils/Timers.sdump
out/soong/.intermediates/system/core/libutils/libutils/android_x86_64_static_apex30/obj/system/core/libutils/Tokenizer.sdump
out/soong/.intermediates/system/core/libutils/libutils/android_x86_64_static_apex30/obj/system/core/libutils/Trace.sdump
out/soong/.intermediates/system/core/libutils/libutils/android_x86_64_static_apex30/obj/system/core/libutils/Unicode.sdump
out/soong/.intermediates/system/core/libutils/libutils/android_x86_64_static_apex30/obj/system/core/libutils/VectorImpl.sdump
out/soong/.intermediates/system/core/libutils/libutils/android_x86_64_static_apex30/obj/system/core/libutils/misc.sdump