out/soong/.intermediates/art/runtime/art_operator_srcs/gen
out/soong/.intermediates/art/runtime/art_operator_srcs/gen/gensrcs/art/runtime/base/callee_save_type.operator_out.cc
out/soong/.intermediates/art/runtime/art_operator_srcs/gen/gensrcs/art/runtime/base/locks.operator_out.cc
out/soong/.intermediates/art/runtime/art_operator_srcs/gen/gensrcs/art/runtime/class_status.operator_out.cc
out/soong/.intermediates/art/runtime/art_operator_srcs/gen/gensrcs/art/runtime/compilation_kind.operator_out.cc
out/soong/.intermediates/art/runtime/art_operator_srcs/gen/gensrcs/art/runtime/gc/allocator/rosalloc.operator_out.cc
out/soong/.intermediates/art/runtime/art_operator_srcs/gen/gensrcs/art/runtime/gc/allocator_type.operator_out.cc
out/soong/.intermediates/art/runtime/art_operator_srcs/gen/gensrcs/art/runtime/gc/collector/gc_type.operator_out.cc
out/soong/.intermediates/art/runtime/art_operator_srcs/gen/gensrcs/art/runtime/gc/collector_type.operator_out.cc
out/soong/.intermediates/art/runtime/art_operator_srcs/gen/gensrcs/art/runtime/gc/space/region_space.operator_out.cc
out/soong/.intermediates/art/runtime/art_operator_srcs/gen/gensrcs/art/runtime/gc/space/space.operator_out.cc
out/soong/.intermediates/art/runtime/art_operator_srcs/gen/gensrcs/art/runtime/gc/weak_root_state.operator_out.cc
out/soong/.intermediates/art/runtime/art_operator_srcs/gen/gensrcs/art/runtime/gc_root.operator_out.cc
out/soong/.intermediates/art/runtime/art_operator_srcs/gen/gensrcs/art/runtime/image.operator_out.cc
out/soong/.intermediates/art/runtime/art_operator_srcs/gen/gensrcs/art/runtime/indirect_reference_table.operator_out.cc
out/soong/.intermediates/art/runtime/art_operator_srcs/gen/gensrcs/art/runtime/instrumentation.operator_out.cc
out/soong/.intermediates/art/runtime/art_operator_srcs/gen/gensrcs/art/runtime/jdwp_provider.operator_out.cc
out/soong/.intermediates/art/runtime/art_operator_srcs/gen/gensrcs/art/runtime/jni_id_type.operator_out.cc
out/soong/.intermediates/art/runtime/art_operator_srcs/gen/gensrcs/art/runtime/lock_word.operator_out.cc
out/soong/.intermediates/art/runtime/art_operator_srcs/gen/gensrcs/art/runtime/oat_file.operator_out.cc
out/soong/.intermediates/art/runtime/art_operator_srcs/gen/gensrcs/art/runtime/process_state.operator_out.cc
out/soong/.intermediates/art/runtime/art_operator_srcs/gen/gensrcs/art/runtime/reflective_value_visitor.operator_out.cc
out/soong/.intermediates/art/runtime/art_operator_srcs/gen/gensrcs/art/runtime/stack.operator_out.cc
out/soong/.intermediates/art/runtime/art_operator_srcs/gen/gensrcs/art/runtime/suspend_reason.operator_out.cc
out/soong/.intermediates/art/runtime/art_operator_srcs/gen/gensrcs/art/runtime/thread.operator_out.cc
out/soong/.intermediates/art/runtime/art_operator_srcs/gen/gensrcs/art/runtime/thread_state.operator_out.cc
out/soong/.intermediates/art/runtime/art_operator_srcs/gen/gensrcs/art/runtime/trace.operator_out.cc
out/soong/.intermediates/art/runtime/art_operator_srcs/gen/gensrcs/art/runtime/verifier/verifier_enums.operator_out.cc