out/soong/.intermediates/system/hardware/interfaces/keystore2/aidl/android.system.keystore2-V1-ndk_platform-source/gen/android/system/keystore2/AuthenticatorSpec.cpp
out/soong/.intermediates/system/hardware/interfaces/keystore2/aidl/android.system.keystore2-V1-ndk_platform-source/gen/android/system/keystore2/Authorization.cpp
out/soong/.intermediates/system/hardware/interfaces/keystore2/aidl/android.system.keystore2-V1-ndk_platform-source/gen/android/system/keystore2/CreateOperationResponse.cpp
out/soong/.intermediates/system/hardware/interfaces/keystore2/aidl/android.system.keystore2-V1-ndk_platform-source/gen/android/system/keystore2/Domain.cpp
out/soong/.intermediates/system/hardware/interfaces/keystore2/aidl/android.system.keystore2-V1-ndk_platform-source/gen/android/system/keystore2/EphemeralStorageKeyResponse.cpp
out/soong/.intermediates/system/hardware/interfaces/keystore2/aidl/android.system.keystore2-V1-ndk_platform-source/gen/android/system/keystore2/IKeystoreOperation.cpp
out/soong/.intermediates/system/hardware/interfaces/keystore2/aidl/android.system.keystore2-V1-ndk_platform-source/gen/android/system/keystore2/IKeystoreSecurityLevel.cpp
out/soong/.intermediates/system/hardware/interfaces/keystore2/aidl/android.system.keystore2-V1-ndk_platform-source/gen/android/system/keystore2/IKeystoreService.cpp
out/soong/.intermediates/system/hardware/interfaces/keystore2/aidl/android.system.keystore2-V1-ndk_platform-source/gen/android/system/keystore2/KeyDescriptor.cpp
out/soong/.intermediates/system/hardware/interfaces/keystore2/aidl/android.system.keystore2-V1-ndk_platform-source/gen/android/system/keystore2/KeyEntryResponse.cpp
out/soong/.intermediates/system/hardware/interfaces/keystore2/aidl/android.system.keystore2-V1-ndk_platform-source/gen/android/system/keystore2/KeyMetadata.cpp
out/soong/.intermediates/system/hardware/interfaces/keystore2/aidl/android.system.keystore2-V1-ndk_platform-source/gen/android/system/keystore2/KeyParameters.cpp
out/soong/.intermediates/system/hardware/interfaces/keystore2/aidl/android.system.keystore2-V1-ndk_platform-source/gen/android/system/keystore2/KeyPermission.cpp
out/soong/.intermediates/system/hardware/interfaces/keystore2/aidl/android.system.keystore2-V1-ndk_platform-source/gen/android/system/keystore2/OperationChallenge.cpp
out/soong/.intermediates/system/hardware/interfaces/keystore2/aidl/android.system.keystore2-V1-ndk_platform-source/gen/android/system/keystore2/ResponseCode.cpp
out/soong/.intermediates/system/hardware/interfaces/keystore2/aidl/android.system.keystore2-V1-ndk_platform-source/gen/include/aidl/android/system/keystore2/AuthenticatorSpec.h
out/soong/.intermediates/system/hardware/interfaces/keystore2/aidl/android.system.keystore2-V1-ndk_platform-source/gen/include/aidl/android/system/keystore2/Authorization.h
out/soong/.intermediates/system/hardware/interfaces/keystore2/aidl/android.system.keystore2-V1-ndk_platform-source/gen/include/aidl/android/system/keystore2/BnAuthenticatorSpec.h
out/soong/.intermediates/system/hardware/interfaces/keystore2/aidl/android.system.keystore2-V1-ndk_platform-source/gen/include/aidl/android/system/keystore2/BnAuthorization.h
out/soong/.intermediates/system/hardware/interfaces/keystore2/aidl/android.system.keystore2-V1-ndk_platform-source/gen/include/aidl/android/system/keystore2/BnCreateOperationResponse.h
out/soong/.intermediates/system/hardware/interfaces/keystore2/aidl/android.system.keystore2-V1-ndk_platform-source/gen/include/aidl/android/system/keystore2/BnDomain.h
out/soong/.intermediates/system/hardware/interfaces/keystore2/aidl/android.system.keystore2-V1-ndk_platform-source/gen/include/aidl/android/system/keystore2/BnEphemeralStorageKeyResponse.h
out/soong/.intermediates/system/hardware/interfaces/keystore2/aidl/android.system.keystore2-V1-ndk_platform-source/gen/include/aidl/android/system/keystore2/BnKeyDescriptor.h
out/soong/.intermediates/system/hardware/interfaces/keystore2/aidl/android.system.keystore2-V1-ndk_platform-source/gen/include/aidl/android/system/keystore2/BnKeyEntryResponse.h
out/soong/.intermediates/system/hardware/interfaces/keystore2/aidl/android.system.keystore2-V1-ndk_platform-source/gen/include/aidl/android/system/keystore2/BnKeyMetadata.h
out/soong/.intermediates/system/hardware/interfaces/keystore2/aidl/android.system.keystore2-V1-ndk_platform-source/gen/include/aidl/android/system/keystore2/BnKeyParameters.h
out/soong/.intermediates/system/hardware/interfaces/keystore2/aidl/android.system.keystore2-V1-ndk_platform-source/gen/include/aidl/android/system/keystore2/BnKeyPermission.h
out/soong/.intermediates/system/hardware/interfaces/keystore2/aidl/android.system.keystore2-V1-ndk_platform-source/gen/include/aidl/android/system/keystore2/BnKeystoreOperation.h
out/soong/.intermediates/system/hardware/interfaces/keystore2/aidl/android.system.keystore2-V1-ndk_platform-source/gen/include/aidl/android/system/keystore2/BnKeystoreSecurityLevel.h
out/soong/.intermediates/system/hardware/interfaces/keystore2/aidl/android.system.keystore2-V1-ndk_platform-source/gen/include/aidl/android/system/keystore2/BnKeystoreService.h
out/soong/.intermediates/system/hardware/interfaces/keystore2/aidl/android.system.keystore2-V1-ndk_platform-source/gen/include/aidl/android/system/keystore2/BnOperationChallenge.h
out/soong/.intermediates/system/hardware/interfaces/keystore2/aidl/android.system.keystore2-V1-ndk_platform-source/gen/include/aidl/android/system/keystore2/BnResponseCode.h
out/soong/.intermediates/system/hardware/interfaces/keystore2/aidl/android.system.keystore2-V1-ndk_platform-source/gen/include/aidl/android/system/keystore2/BpAuthenticatorSpec.h
out/soong/.intermediates/system/hardware/interfaces/keystore2/aidl/android.system.keystore2-V1-ndk_platform-source/gen/include/aidl/android/system/keystore2/BpAuthorization.h
out/soong/.intermediates/system/hardware/interfaces/keystore2/aidl/android.system.keystore2-V1-ndk_platform-source/gen/include/aidl/android/system/keystore2/BpCreateOperationResponse.h
out/soong/.intermediates/system/hardware/interfaces/keystore2/aidl/android.system.keystore2-V1-ndk_platform-source/gen/include/aidl/android/system/keystore2/BpDomain.h
out/soong/.intermediates/system/hardware/interfaces/keystore2/aidl/android.system.keystore2-V1-ndk_platform-source/gen/include/aidl/android/system/keystore2/BpEphemeralStorageKeyResponse.h
out/soong/.intermediates/system/hardware/interfaces/keystore2/aidl/android.system.keystore2-V1-ndk_platform-source/gen/include/aidl/android/system/keystore2/BpKeyDescriptor.h
out/soong/.intermediates/system/hardware/interfaces/keystore2/aidl/android.system.keystore2-V1-ndk_platform-source/gen/include/aidl/android/system/keystore2/BpKeyEntryResponse.h
out/soong/.intermediates/system/hardware/interfaces/keystore2/aidl/android.system.keystore2-V1-ndk_platform-source/gen/include/aidl/android/system/keystore2/BpKeyMetadata.h
out/soong/.intermediates/system/hardware/interfaces/keystore2/aidl/android.system.keystore2-V1-ndk_platform-source/gen/include/aidl/android/system/keystore2/BpKeyParameters.h
out/soong/.intermediates/system/hardware/interfaces/keystore2/aidl/android.system.keystore2-V1-ndk_platform-source/gen/include/aidl/android/system/keystore2/BpKeyPermission.h
out/soong/.intermediates/system/hardware/interfaces/keystore2/aidl/android.system.keystore2-V1-ndk_platform-source/gen/include/aidl/android/system/keystore2/BpKeystoreOperation.h
out/soong/.intermediates/system/hardware/interfaces/keystore2/aidl/android.system.keystore2-V1-ndk_platform-source/gen/include/aidl/android/system/keystore2/BpKeystoreSecurityLevel.h
out/soong/.intermediates/system/hardware/interfaces/keystore2/aidl/android.system.keystore2-V1-ndk_platform-source/gen/include/aidl/android/system/keystore2/BpKeystoreService.h
out/soong/.intermediates/system/hardware/interfaces/keystore2/aidl/android.system.keystore2-V1-ndk_platform-source/gen/include/aidl/android/system/keystore2/BpOperationChallenge.h
out/soong/.intermediates/system/hardware/interfaces/keystore2/aidl/android.system.keystore2-V1-ndk_platform-source/gen/include/aidl/android/system/keystore2/BpResponseCode.h
out/soong/.intermediates/system/hardware/interfaces/keystore2/aidl/android.system.keystore2-V1-ndk_platform-source/gen/include/aidl/android/system/keystore2/CreateOperationResponse.h
out/soong/.intermediates/system/hardware/interfaces/keystore2/aidl/android.system.keystore2-V1-ndk_platform-source/gen/include/aidl/android/system/keystore2/Domain.h
out/soong/.intermediates/system/hardware/interfaces/keystore2/aidl/android.system.keystore2-V1-ndk_platform-source/gen/include/aidl/android/system/keystore2/EphemeralStorageKeyResponse.h
out/soong/.intermediates/system/hardware/interfaces/keystore2/aidl/android.system.keystore2-V1-ndk_platform-source/gen/include/aidl/android/system/keystore2/IKeystoreOperation.h
out/soong/.intermediates/system/hardware/interfaces/keystore2/aidl/android.system.keystore2-V1-ndk_platform-source/gen/include/aidl/android/system/keystore2/IKeystoreSecurityLevel.h
out/soong/.intermediates/system/hardware/interfaces/keystore2/aidl/android.system.keystore2-V1-ndk_platform-source/gen/include/aidl/android/system/keystore2/IKeystoreService.h
out/soong/.intermediates/system/hardware/interfaces/keystore2/aidl/android.system.keystore2-V1-ndk_platform-source/gen/include/aidl/android/system/keystore2/KeyDescriptor.h
out/soong/.intermediates/system/hardware/interfaces/keystore2/aidl/android.system.keystore2-V1-ndk_platform-source/gen/include/aidl/android/system/keystore2/KeyEntryResponse.h
out/soong/.intermediates/system/hardware/interfaces/keystore2/aidl/android.system.keystore2-V1-ndk_platform-source/gen/include/aidl/android/system/keystore2/KeyMetadata.h
out/soong/.intermediates/system/hardware/interfaces/keystore2/aidl/android.system.keystore2-V1-ndk_platform-source/gen/include/aidl/android/system/keystore2/KeyParameters.h
out/soong/.intermediates/system/hardware/interfaces/keystore2/aidl/android.system.keystore2-V1-ndk_platform-source/gen/include/aidl/android/system/keystore2/KeyPermission.h
out/soong/.intermediates/system/hardware/interfaces/keystore2/aidl/android.system.keystore2-V1-ndk_platform-source/gen/include/aidl/android/system/keystore2/OperationChallenge.h
out/soong/.intermediates/system/hardware/interfaces/keystore2/aidl/android.system.keystore2-V1-ndk_platform-source/gen/include/aidl/android/system/keystore2/ResponseCode.h